time to deal
16
time to dealSend
0
time to dealReceive
21065
time to agree
2886
time to send multicast complaint
116
# complaints received in multicast
2560
time to receive multicast complaint
590
adjust time to finish multicast
3592
time to wait after receiving all multicast complaints
8408
time to verify multicast complaint
2
time to broadcast complaint
1
time to broadcastReceive
20405
time to receive relayed complaints from blockchain
29998
# complaints received in broadcast
780
time to verify complaints from blockchain
76
time to compute pk, sk share and pk share
1
total time:
72084
total idle cost:
8408
protocol cost:
63676
total communication cost:
60689
total computation cost:
2981
generateKeys,1;deal,16;verifyMulticast,2;verifyBroadcast,76;agree,2886;
total data:
968580
883922
256
total send:
296289
268605
127
total receive:
672291
615317
129
