time to deal
15
time to dealSend
0
time to dealReceive
21039
time to agree
2807
time to send multicast complaint
118
# complaints received in multicast
2560
time to receive multicast complaint
646
adjust time to finish multicast
3571
time to wait after receiving all multicast complaints
8429
time to verify multicast complaint
2
time to broadcast complaint
1
time to broadcastReceive
20395
time to receive relayed complaints from blockchain
29998
# complaints received in broadcast
780
time to verify complaints from blockchain
82
time to compute pk, sk share and pk share
1
total time:
72092
total idle cost:
8429
protocol cost:
63663
total communication cost:
60749
total computation cost:
2907
generateKeys,1;deal,15;verifyMulticast,2;verifyBroadcast,82;agree,2807;
total data:
969210
884552
256
total send:
296924
269240
127
total receive:
672286
615312
129
