time to deal
20
time to dealSend
0
time to dealReceive
20844
time to agree
3140
time to send multicast complaint
90
# complaints received in multicast
2560
time to receive multicast complaint
414
adjust time to finish multicast
3644
time to wait after receiving all multicast complaints
8356
time to verify multicast complaint
2
# complaints send in broadcast
20
time to broadcast complaint
3
time to broadcastReceive
20319
time to receive relayed complaints from blockchain
29998
# complaints received in broadcast
780
time to verify complaints from blockchain
93
time to compute pk, sk share and pk share
2
total time:
72100
total idle cost:
8356
protocol cost:
63744
total communication cost:
60485
total computation cost:
3257
generateKeys,2;deal,20;verifyMulticast,2;verifyBroadcast,93;agree,3140;
total data:
971475
886582
257
total send:
299187
271268
128
total receive:
672288
615314
129
