time to deal
14
time to dealSend
0
time to dealReceive
21060
time to agree
2851
time to send multicast complaint
69
# complaints received in multicast
2560
time to receive multicast complaint
674
adjust time to finish multicast
3594
time to wait after receiving all multicast complaints
8406
time to verify multicast complaint
2
time to broadcast complaint
1
time to broadcastReceive
20401
time to receive relayed complaints from blockchain
29999
# complaints received in broadcast
780
time to verify complaints from blockchain
91
time to compute pk, sk share and pk share
1
total time:
72098
total idle cost:
8406
protocol cost:
63692
total communication cost:
60729
total computation cost:
2959
generateKeys,1;deal,14;verifyMulticast,2;verifyBroadcast,91;agree,2851;
total data:
969336
884678
256
total send:
297051
269367
127
total receive:
672285
615311
129
