time to deal
19
time to dealSend
0
time to dealReceive
21031
time to agree
3146
time to send multicast complaint
51
# complaints received in multicast
2560
time to receive multicast complaint
507
adjust time to finish multicast
3704
time to wait after receiving all multicast complaints
8296
time to verify multicast complaint
2
time to broadcast complaint
1
time to broadcastReceive
20392
time to receive relayed complaints from blockchain
29998
# complaints received in broadcast
780
time to verify complaints from blockchain
80
time to compute pk, sk share and pk share
2
total time:
72088
total idle cost:
8296
protocol cost:
63792
total communication cost:
60538
total computation cost:
3249
generateKeys,2;deal,19;verifyMulticast,2;verifyBroadcast,80;agree,3146;
total data:
968958
884300
256
total send:
296670
268986
127
total receive:
672288
615314
129
