time to deal
23
time to dealSend
0
time to dealReceive
20911
time to agree
3003
time to send multicast complaint
126
# complaints received in multicast
2560
time to receive multicast complaint
498
adjust time to finish multicast
3627
time to wait after receiving all multicast complaints
8373
time to verify multicast complaint
2
time to broadcast complaint
2
time to broadcastReceive
20347
time to receive relayed complaints from blockchain
29998
# complaints received in broadcast
780
time to verify complaints from blockchain
101
time to compute pk, sk share and pk share
2
total time:
72117
total idle cost:
8373
protocol cost:
63744
total communication cost:
60601
total computation cost:
3131
generateKeys,2;deal,23;verifyMulticast,2;verifyBroadcast,101;agree,3003;
total data:
968958
884300
256
total send:
296670
268986
127
total receive:
672288
615314
129
