time to deal
256
time to dealSend
3
time to dealReceive
20852
time to agree
2671
time to send multicast complaint
39
# complaints received in multicast
2560
time to receive multicast complaint
839
adjust time to finish multicast
3549
time to wait after receiving all multicast complaints
8451
time to verify multicast complaint
2
time to broadcast complaint
1
time to broadcastReceive
20335
time to receive relayed complaints from blockchain
29999
# complaints received in broadcast
780
time to verify complaints from blockchain
91
time to compute pk, sk share and pk share
1
total time:
72099
total idle cost:
8451
protocol cost:
63648
total communication cost:
60622
total computation cost:
3021
generateKeys,1;deal,256;verifyMulticast,2;verifyBroadcast,91;agree,2671;
total data:
978439
893230
257
total send:
306153
277918
128
total receive:
672286
615312
129
