time to deal
260
time to dealSend
1
time to dealReceive
20665
time to agree
2791
time to send multicast complaint
72
# complaints received in multicast
2560
time to receive multicast complaint
706
adjust time to finish multicast
3569
time to wait after receiving all multicast complaints
8431
time to verify multicast complaint
3
time to broadcast complaint
2
time to broadcastReceive
20342
time to receive relayed complaints from blockchain
29998
# complaints received in broadcast
780
time to verify complaints from blockchain
96
time to compute pk, sk share and pk share
1
total time:
72104
total idle cost:
8431
protocol cost:
63673
total communication cost:
60518
total computation cost:
3151
generateKeys,1;deal,260;verifyMulticast,3;verifyBroadcast,96;agree,2791;
total data:
978181
892972
257
total send:
305893
277658
128
total receive:
672288
615314
129
