time to deal
15
time to dealSend
0
time to dealReceive
21460
time to agree
2794
time to send multicast complaint
62
# complaints received in multicast
2560
time to receive multicast complaint
740
adjust time to finish multicast
3596
time to wait after receiving all multicast complaints
8404
time to verify multicast complaint
2
# complaints send in broadcast
20
time to broadcast complaint
6
time to broadcastReceive
20394
time to receive relayed complaints from blockchain
29998
# complaints received in broadcast
780
time to verify complaints from blockchain
103
time to compute pk, sk share and pk share
1
total time:
72111
total idle cost:
8404
protocol cost:
63707
total communication cost:
60791
total computation cost:
2915
generateKeys,1;deal,15;verifyMulticast,2;verifyBroadcast,103;agree,2794;
total data:
971983
887090
257
total send:
299699
271780
128
total receive:
672284
615310
129
