time to deal
259
time to dealSend
1
time to dealReceive
20892
time to agree
2790
time to send multicast complaint
71
# complaints received in multicast
2560
time to receive multicast complaint
698
adjust time to finish multicast
3559
time to wait after receiving all multicast complaints
8441
time to verify multicast complaint
2
time to broadcast complaint
1
time to broadcastReceive
20358
time to receive relayed complaints from blockchain
29998
# complaints received in broadcast
780
time to verify complaints from blockchain
76
time to compute pk, sk share and pk share
1
total time:
72084
total idle cost:
8441
protocol cost:
63643
total communication cost:
60510
total computation cost:
3128
generateKeys,1;deal,259;verifyMulticast,2;verifyBroadcast,76;agree,2790;
total data:
974403
889194
257
total send:
302117
273882
128
total receive:
672286
615312
129
