time to deal
359
time to dealSend
4
time to dealReceive
20614
time to agree
2906
time to send multicast complaint
97
# complaints received in multicast
2560
time to receive multicast complaint
545
adjust time to finish multicast
3548
time to wait after receiving all multicast complaints
8452
time to verify multicast complaint
2
time to broadcast complaint
1
time to broadcastReceive
20476
time to receive relayed complaints from blockchain
29998
# complaints received in broadcast
780
time to verify complaints from blockchain
75
time to compute pk, sk share and pk share
1
total time:
72084
total idle cost:
8452
protocol cost:
63632
total communication cost:
60283
total computation cost:
3343
generateKeys,1;deal,359;verifyMulticast,2;verifyBroadcast,75;agree,2906;
total data:
974402
889193
257
total send:
302116
273881
128
total receive:
672286
615312
129
