time to deal
15
time to dealSend
0
time to dealReceive
21404
time to agree
3062
time to send multicast complaint
106
# complaints received in multicast
2560
time to receive multicast complaint
479
adjust time to finish multicast
3647
time to wait after receiving all multicast complaints
8353
time to verify multicast complaint
2
# complaints send in broadcast
20
time to broadcast complaint
3
time to broadcastReceive
20386
time to receive relayed complaints from blockchain
29998
# complaints received in broadcast
780
time to verify complaints from blockchain
78
time to compute pk, sk share and pk share
1
total time:
72085
total idle cost:
8353
protocol cost:
63732
total communication cost:
60571
total computation cost:
3158
generateKeys,1;deal,15;verifyMulticast,2;verifyBroadcast,78;agree,3062;
total data:
971601
886708
257
total send:
299314
271395
128
total receive:
672287
615313
129
