time to deal
16
time to dealSend
0
time to dealReceive
20981
time to agree
2902
time to send multicast complaint
76
# complaints received in multicast
2560
time to receive multicast complaint
586
adjust time to finish multicast
3564
time to wait after receiving all multicast complaints
8436
time to verify multicast complaint
2
time to broadcast complaint
1
time to broadcastReceive
20379
time to receive relayed complaints from blockchain
29998
# complaints received in broadcast
780
time to verify complaints from blockchain
84
time to compute pk, sk share and pk share
1
total time:
72091
total idle cost:
8436
protocol cost:
63655
total communication cost:
60645
total computation cost:
3005
generateKeys,1;deal,16;verifyMulticast,2;verifyBroadcast,84;agree,2902;
total data:
968832
884174
256
total send:
296543
268859
127
total receive:
672289
615315
129
