time to deal
16
time to dealSend
0
time to dealReceive
20798
time to agree
2865
time to send multicast complaint
47
# complaints received in multicast
2560
time to receive multicast complaint
620
adjust time to finish multicast
3532
time to wait after receiving all multicast complaints
8468
time to verify multicast complaint
2
# complaints send in broadcast
20
time to broadcast complaint
3
time to broadcastReceive
20310
time to receive relayed complaints from blockchain
29999
# complaints received in broadcast
780
time to verify complaints from blockchain
97
time to compute pk, sk share and pk share
1
total time:
72104
total idle cost:
8468
protocol cost:
63636
total communication cost:
60653
total computation cost:
2981
generateKeys,1;deal,16;verifyMulticast,2;verifyBroadcast,97;agree,2865;
total data:
971475
886582
257
total send:
299187
271268
128
total receive:
672288
615314
129
