time to deal
16
time to dealSend
0
time to dealReceive
21359
time to agree
2942
time to send multicast complaint
41
# complaints received in multicast
2560
time to receive multicast complaint
601
adjust time to finish multicast
3584
time to wait after receiving all multicast complaints
8416
time to verify multicast complaint
2
time to broadcast complaint
1
time to broadcastReceive
20375
time to receive relayed complaints from blockchain
29998
# complaints received in broadcast
780
time to verify complaints from blockchain
63
time to compute pk, sk share and pk share
1
total time:
72070
total idle cost:
8416
protocol cost:
63654
total communication cost:
60626
total computation cost:
3024
generateKeys,1;deal,16;verifyMulticast,2;verifyBroadcast,63;agree,2942;
total data:
969336
884678
256
total send:
297051
269367
127
total receive:
672285
615311
129
