time to deal
23
time to dealSend
0
time to dealReceive
20819
time to agree
2968
time to send multicast complaint
115
# complaints received in multicast
2560
time to receive multicast complaint
467
adjust time to finish multicast
3550
time to wait after receiving all multicast complaints
8450
time to verify multicast complaint
3
# complaints send in broadcast
20
time to broadcast complaint
5
time to broadcastReceive
20310
time to receive relayed complaints from blockchain
29997
# complaints received in broadcast
780
time to verify complaints from blockchain
89
time to compute pk, sk share and pk share
1
total time:
72096
total idle cost:
8450
protocol cost:
63646
total communication cost:
60561
total computation cost:
3084
generateKeys,1;deal,23;verifyMulticast,3;verifyBroadcast,89;agree,2968;
total data:
971855
886962
257
total send:
299570
271651
128
total receive:
672285
615311
129
