time to deal
19
time to dealSend
0
time to dealReceive
20951
time to agree
2919
time to send multicast complaint
43
# complaints received in multicast
2560
time to receive multicast complaint
597
adjust time to finish multicast
3559
time to wait after receiving all multicast complaints
8441
time to verify multicast complaint
2
# complaints send in broadcast
20
time to broadcast complaint
3
time to broadcastReceive
20372
time to receive relayed complaints from blockchain
29999
# complaints received in broadcast
780
time to verify complaints from blockchain
76
time to compute pk, sk share and pk share
1
total time:
72083
total idle cost:
8441
protocol cost:
63642
total communication cost:
60623
total computation cost:
3017
generateKeys,1;deal,19;verifyMulticast,2;verifyBroadcast,76;agree,2919;
total data:
971856
886963
257
total send:
299571
271652
128
total receive:
672285
615311
129
