time to deal
23
time to dealSend
0
time to dealReceive
21005
time to agree
2970
time to send multicast complaint
41
# complaints received in multicast
2560
time to receive multicast complaint
572
adjust time to finish multicast
3583
time to wait after receiving all multicast complaints
8417
time to verify multicast complaint
3
time to broadcast complaint
2
time to broadcastReceive
20346
time to receive relayed complaints from blockchain
29997
# complaints received in broadcast
780
time to verify complaints from blockchain
84
time to compute pk, sk share and pk share
1
total time:
72090
total idle cost:
8417
protocol cost:
63673
total communication cost:
60589
total computation cost:
3081
generateKeys,1;deal,23;verifyMulticast,3;verifyBroadcast,84;agree,2970;
total data:
969966
885308
256
total send:
297686
270002
127
total receive:
672280
615306
129
