time to deal
284
time to dealSend
3
time to dealReceive
20533
time to agree
2800
time to send multicast complaint
41
# complaints received in multicast
2560
time to receive multicast complaint
718
adjust time to finish multicast
3559
time to wait after receiving all multicast complaints
8441
time to verify multicast complaint
2
time to broadcast complaint
1
time to broadcastReceive
20310
time to receive relayed complaints from blockchain
29998
# complaints received in broadcast
780
time to verify complaints from blockchain
89
time to compute pk, sk share and pk share
2
total time:
72097
total idle cost:
8441
protocol cost:
63656
total communication cost:
60474
total computation cost:
3177
generateKeys,2;deal,284;verifyMulticast,2;verifyBroadcast,89;agree,2800;
total data:
978048
892839
257
total send:
305759
277524
128
total receive:
672289
615315
129
