time to deal
86
time to dealSend
4
time to dealReceive
20040
time to agree
176
time to send multicast complaint
16
# complaints received in multicast
48
time to receive multicast complaint
194
adjust time to finish multicast
386
time to wait after receiving all multicast complaints
11614
time to verify multicast complaint
0
# complaints send in broadcast
3
time to broadcast complaint
4
time to broadcastReceive
20122
time to receive relayed complaints from blockchain
30000
# complaints received in broadcast
30
time to verify complaints from blockchain
18
time to compute pk, sk share and pk share
1
total time:
72026
total idle cost:
11614
protocol cost:
60412
total communication cost:
60129
total computation cost:
281
generateKeys,1;deal,86;verifyMulticast,0;verifyBroadcast,18;agree,176;
total data:
27876
25090
34
total send:
7520
6636
17
total receive:
20356
18454
17
