time to deal
172
time to dealSend
1
time to dealReceive
20442
time to agree
1516
time to send multicast complaint
66
# complaints received in multicast
1344
time to receive multicast complaint
464
adjust time to finish multicast
2046
time to wait after receiving all multicast complaints
9954
time to verify multicast complaint
1
# complaints send in broadcast
21
time to broadcast complaint
3
time to broadcastReceive
20323
time to receive relayed complaints from blockchain
29999
# complaints received in broadcast
672
time to verify complaints from blockchain
61
time to compute pk, sk share and pk share
2
total time:
72070
total idle cost:
9954
protocol cost:
62116
total communication cost:
60361
total computation cost:
1752
generateKeys,2;deal,172;verifyMulticast,1;verifyBroadcast,61;agree,1516;
total data:
540290
492916
130
total send:
160120
145220
65
total receive:
380170
347696
65
