time to deal
170
time to dealSend
5
time to dealReceive
20538
time to agree
1577
time to send multicast complaint
58
# complaints received in multicast
1344
time to receive multicast complaint
447
adjust time to finish multicast
2082
time to wait after receiving all multicast complaints
9918
time to verify multicast complaint
1
# complaints send in broadcast
21
time to broadcast complaint
6
time to broadcastReceive
20167
time to receive relayed complaints from blockchain
29999
# complaints received in broadcast
672
time to verify complaints from blockchain
59
time to compute pk, sk share and pk share
1
total time:
72069
total idle cost:
9918
protocol cost:
62151
total communication cost:
60340
total computation cost:
1808
generateKeys,1;deal,170;verifyMulticast,1;verifyBroadcast,59;agree,1577;
total data:
540482
493108
130
total send:
160315
145415
65
total receive:
380167
347693
65
