time to deal
249
time to dealSend
5
time to dealReceive
20526
time to agree
1514
time to send multicast complaint
62
# complaints received in multicast
1344
time to receive multicast complaint
441
adjust time to finish multicast
2017
time to wait after receiving all multicast complaints
9983
time to verify multicast complaint
1
time to broadcast complaint
1
time to broadcastReceive
20314
time to receive relayed complaints from blockchain
29999
# complaints received in broadcast
672
time to verify complaints from blockchain
71
time to compute pk, sk share and pk share
2
total time:
72080
total idle cost:
9983
protocol cost:
62097
total communication cost:
60254
total computation cost:
1837
generateKeys,2;deal,249;verifyMulticast,1;verifyBroadcast,71;agree,1514;
total data:
537844
490714
129
total send:
157677
143021
64
total receive:
380167
347693
65
