time to deal
12
time to dealSend
0
time to dealReceive
22412
time to agree
5375
time to send multicast complaint
0
# complaints received in multicast
0
time to receive multicast complaint
10070
adjust time to finish multicast
15445
time to wait after receiving all multicast complaints
-3445
time to verify multicast complaint
0
time to broadcast complaint
0
time to broadcastReceive
16677
time to receive relayed complaints from blockchain
30000
# complaints received in broadcast
0
time to verify complaints from blockchain
0
time to compute pk, sk share and pk share
1
total time:
75451
total idle cost:
0
protocol cost:
75451
total communication cost:
70058
total computation cost:
5388
generateKeys,1;deal,12;verifyMulticast,0;verifyBroadcast,0;agree,5375;
total data:
688110
648328
2
total send:
0
0
0
total receive:
688110
648328
2
