time to deal
12
time to dealSend
0
time to dealReceive
21667
time to agree
5560
time to send multicast complaint
0
# complaints received in multicast
0
time to receive multicast complaint
10072
adjust time to finish multicast
15632
time to wait after receiving all multicast complaints
-3632
time to verify multicast complaint
0
time to broadcast complaint
1
time to broadcastReceive
16489
time to receive relayed complaints from blockchain
30000
# complaints received in broadcast
0
time to verify complaints from blockchain
0
time to compute pk, sk share and pk share
2
total time:
75640
total idle cost:
0
protocol cost:
75640
total communication cost:
70061
total computation cost:
5574
generateKeys,2;deal,12;verifyMulticast,0;verifyBroadcast,0;agree,5560;
total data:
688114
648328
2
total send:
0
0
0
total receive:
688114
648328
2
