time to deal
399
time to dealSend
4
time to dealReceive
21717
time to agree
5414
time to send multicast complaint
0
# complaints received in multicast
0
time to receive multicast complaint
10074
adjust time to finish multicast
15488
time to wait after receiving all multicast complaints
-3488
time to verify multicast complaint
0
time to broadcast complaint
0
time to broadcastReceive
16653
time to receive relayed complaints from blockchain
30000
# complaints received in broadcast
0
time to verify complaints from blockchain
0
time to compute pk, sk share and pk share
1
total time:
75495
total idle cost:
0
protocol cost:
75495
total communication cost:
69676
total computation cost:
5814
generateKeys,1;deal,399;verifyMulticast,0;verifyBroadcast,0;agree,5414;
total data:
706246
665396
3
total send:
18132
17068
1
total receive:
688114
648328
2
