time to deal
429
time to dealSend
11
time to dealReceive
20923
time to agree
5594
time to send multicast complaint
0
# complaints received in multicast
0
time to receive multicast complaint
10102
adjust time to finish multicast
15696
time to wait after receiving all multicast complaints
-3696
time to verify multicast complaint
0
time to broadcast complaint
1
time to broadcastReceive
16412
time to receive relayed complaints from blockchain
30000
# complaints received in broadcast
0
time to verify complaints from blockchain
0
time to compute pk, sk share and pk share
2
total time:
75702
total idle cost:
0
protocol cost:
75702
total communication cost:
69674
total computation cost:
6025
generateKeys,2;deal,429;verifyMulticast,0;verifyBroadcast,0;agree,5594;
total data:
706231
665381
3
total send:
18117
17053
1
total receive:
688114
648328
2
