time to deal
21
time to dealSend
0
time to dealReceive
21811
time to agree
6077
time to send multicast complaint
0
# complaints received in multicast
0
time to receive multicast complaint
10079
adjust time to finish multicast
16156
time to wait after receiving all multicast complaints
-4156
time to verify multicast complaint
0
# complaints send in broadcast
0
time to broadcast complaint
1
time to broadcastReceive
15972
time to receive relayed complaints from blockchain
30000
# complaints received in broadcast
0
time to verify complaints from blockchain
0
time to compute pk, sk share and pk share
1
total time:
76161
total idle cost:
0
protocol cost:
76161
total communication cost:
70059
total computation cost:
6099
generateKeys,1;deal,21;verifyMulticast,0;verifyBroadcast,0;agree,6077;
total data:
688116
648328
2
total send:
0
0
0
total receive:
688116
648328
2
