time to deal
22
time to dealSend
0
time to dealReceive
21401
time to agree
5868
time to send multicast complaint
0
# complaints received in multicast
0
time to receive multicast complaint
10095
adjust time to finish multicast
15963
time to wait after receiving all multicast complaints
-3963
time to verify multicast complaint
0
time to broadcast complaint
1
time to broadcastReceive
16158
time to receive relayed complaints from blockchain
30000
# complaints received in broadcast
0
time to verify complaints from blockchain
0
time to compute pk, sk share and pk share
1
total time:
75968
total idle cost:
0
protocol cost:
75968
total communication cost:
70074
total computation cost:
5891
generateKeys,1;deal,22;verifyMulticast,0;verifyBroadcast,0;agree,5868;
total data:
688116
648328
2
total send:
0
0
0
total receive:
688116
648328
2
