time to deal
19
time to dealSend
0
time to dealReceive
22050
time to agree
6056
time to send multicast complaint
0
# complaints received in multicast
0
time to receive multicast complaint
10074
adjust time to finish multicast
16130
time to wait after receiving all multicast complaints
-4130
time to verify multicast complaint
0
time to broadcast complaint
1
time to broadcastReceive
16005
time to receive relayed complaints from blockchain
30001
# complaints received in broadcast
0
time to verify complaints from blockchain
0
time to compute pk, sk share and pk share
1
total time:
76136
total idle cost:
0
protocol cost:
76136
total communication cost:
70057
total computation cost:
6076
generateKeys,1;deal,19;verifyMulticast,0;verifyBroadcast,0;agree,6056;
total data:
688116
648328
2
total send:
0
0
0
total receive:
688116
648328
2
