time to deal
16
time to dealSend
0
time to dealReceive
22664
time to agree
6148
time to send multicast complaint
0
# complaints received in multicast
0
time to receive multicast complaint
10090
adjust time to finish multicast
16238
time to wait after receiving all multicast complaints
-4238
time to verify multicast complaint
0
time to broadcast complaint
1
time to broadcastReceive
15895
time to receive relayed complaints from blockchain
30000
# complaints received in broadcast
0
time to verify complaints from blockchain
0
time to compute pk, sk share and pk share
1
total time:
76244
total idle cost:
0
protocol cost:
76244
total communication cost:
70075
total computation cost:
6165
generateKeys,1;deal,16;verifyMulticast,0;verifyBroadcast,0;agree,6148;
total data:
688114
648328
2
total send:
0
0
0
total receive:
688114
648328
2
