time to deal
31
time to dealSend
0
time to dealReceive
21946
time to agree
5695
time to send multicast complaint
0
# complaints received in multicast
0
time to receive multicast complaint
10094
adjust time to finish multicast
15789
time to wait after receiving all multicast complaints
-3789
time to verify multicast complaint
0
# complaints send in broadcast
0
time to broadcast complaint
1
time to broadcastReceive
16328
time to receive relayed complaints from blockchain
30000
# complaints received in broadcast
0
time to verify complaints from blockchain
0
time to compute pk, sk share and pk share
2
total time:
75795
total idle cost:
0
protocol cost:
75795
total communication cost:
70064
total computation cost:
5728
generateKeys,2;deal,31;verifyMulticast,0;verifyBroadcast,0;agree,5695;
total data:
688116
648328
2
total send:
0
0
0
total receive:
688116
648328
2
