time to deal
16
time to dealSend
0
time to dealReceive
21868
time to agree
5722
time to send multicast complaint
0
# complaints received in multicast
0
time to receive multicast complaint
10080
adjust time to finish multicast
15802
time to wait after receiving all multicast complaints
-3802
time to verify multicast complaint
0
# complaints send in broadcast
0
time to broadcast complaint
1
time to broadcastReceive
16361
time to receive relayed complaints from blockchain
30000
# complaints received in broadcast
0
time to verify complaints from blockchain
0
time to compute pk, sk share and pk share
1
total time:
75807
total idle cost:
0
protocol cost:
75807
total communication cost:
70066
total computation cost:
5739
generateKeys,1;deal,16;verifyMulticast,0;verifyBroadcast,0;agree,5722;
total data:
688114
648328
2
total send:
0
0
0
total receive:
688114
648328
2
