time to deal
15
time to dealSend
0
time to dealReceive
21513
time to agree
5785
time to send multicast complaint
0
# complaints received in multicast
0
time to receive multicast complaint
10088
adjust time to finish multicast
15873
time to wait after receiving all multicast complaints
-3873
time to verify multicast complaint
0
time to broadcast complaint
1
time to broadcastReceive
16240
time to receive relayed complaints from blockchain
30000
# complaints received in broadcast
0
time to verify complaints from blockchain
0
time to compute pk, sk share and pk share
2
total time:
75879
total idle cost:
0
protocol cost:
75879
total communication cost:
70074
total computation cost:
5802
generateKeys,2;deal,15;verifyMulticast,0;verifyBroadcast,0;agree,5785;
total data:
688116
648328
2
total send:
0
0
0
total receive:
688116
648328
2
