time to deal
523
time to dealSend
2
time to dealReceive
21354
time to agree
5778
time to send multicast complaint
0
# complaints received in multicast
0
time to receive multicast complaint
10070
adjust time to finish multicast
15848
time to wait after receiving all multicast complaints
-3848
time to verify multicast complaint
0
time to broadcast complaint
0
time to broadcastReceive
16276
time to receive relayed complaints from blockchain
30000
# complaints received in broadcast
0
time to verify complaints from blockchain
0
time to compute pk, sk share and pk share
1
total time:
75853
total idle cost:
0
protocol cost:
75853
total communication cost:
69547
total computation cost:
6302
generateKeys,1;deal,523;verifyMulticast,0;verifyBroadcast,0;agree,5778;
total data:
706261
665408
3
total send:
18145
17080
1
total receive:
688116
648328
2
