time to deal
18
time to dealSend
0
time to dealReceive
22061
time to agree
5757
time to send multicast complaint
0
# complaints received in multicast
0
time to receive multicast complaint
10069
adjust time to finish multicast
15826
time to wait after receiving all multicast complaints
-3826
time to verify multicast complaint
0
time to broadcast complaint
0
time to broadcastReceive
16310
time to receive relayed complaints from blockchain
30000
# complaints received in broadcast
0
time to verify complaints from blockchain
0
time to compute pk, sk share and pk share
2
total time:
75833
total idle cost:
0
protocol cost:
75833
total communication cost:
70052
total computation cost:
5777
generateKeys,2;deal,18;verifyMulticast,0;verifyBroadcast,0;agree,5757;
total data:
688116
648328
2
total send:
0
0
0
total receive:
688116
648328
2
