time to deal
15
time to dealSend
0
time to dealReceive
22377
time to agree
5696
time to send multicast complaint
0
# complaints received in multicast
0
time to receive multicast complaint
10072
adjust time to finish multicast
15768
time to wait after receiving all multicast complaints
-3768
time to verify multicast complaint
0
time to broadcast complaint
0
time to broadcastReceive
16407
time to receive relayed complaints from blockchain
30000
# complaints received in broadcast
0
time to verify complaints from blockchain
0
time to compute pk, sk share and pk share
1
total time:
75774
total idle cost:
0
protocol cost:
75774
total communication cost:
70058
total computation cost:
5712
generateKeys,1;deal,15;verifyMulticast,0;verifyBroadcast,0;agree,5696;
total data:
688116
648328
2
total send:
0
0
0
total receive:
688116
648328
2
