time to deal
13
time to dealSend
0
time to dealReceive
22166
time to agree
5676
time to send multicast complaint
0
# complaints received in multicast
0
time to receive multicast complaint
10067
adjust time to finish multicast
15743
time to wait after receiving all multicast complaints
-3743
time to verify multicast complaint
0
# complaints send in broadcast
0
time to broadcast complaint
1
time to broadcastReceive
16432
time to receive relayed complaints from blockchain
30000
# complaints received in broadcast
0
time to verify complaints from blockchain
0
time to compute pk, sk share and pk share
1
total time:
75749
total idle cost:
0
protocol cost:
75749
total communication cost:
70055
total computation cost:
5690
generateKeys,1;deal,13;verifyMulticast,0;verifyBroadcast,0;agree,5676;
total data:
688116
648328
2
total send:
0
0
0
total receive:
688116
648328
2
