time to deal
364
time to dealSend
2
time to dealReceive
21892
time to agree
5651
time to send multicast complaint
0
# complaints received in multicast
0
time to receive multicast complaint
10077
adjust time to finish multicast
15728
time to wait after receiving all multicast complaints
-3728
time to verify multicast complaint
0
time to broadcast complaint
0
time to broadcastReceive
16429
time to receive relayed complaints from blockchain
30000
# complaints received in broadcast
0
time to verify complaints from blockchain
0
time to compute pk, sk share and pk share
1
total time:
75736
total idle cost:
0
protocol cost:
75736
total communication cost:
69714
total computation cost:
6016
generateKeys,1;deal,364;verifyMulticast,0;verifyBroadcast,0;agree,5651;
total data:
706243
665390
3
total send:
18127
17062
1
total receive:
688116
648328
2
