time to deal
15
time to dealSend
0
time to dealReceive
21803
time to agree
6038
time to send multicast complaint
0
# complaints received in multicast
0
time to receive multicast complaint
10069
adjust time to finish multicast
16107
time to wait after receiving all multicast complaints
-4107
time to verify multicast complaint
0
time to broadcast complaint
0
time to broadcastReceive
16017
time to receive relayed complaints from blockchain
30001
# complaints received in broadcast
0
time to verify complaints from blockchain
0
time to compute pk, sk share and pk share
1
total time:
76113
total idle cost:
0
protocol cost:
76113
total communication cost:
70055
total computation cost:
6054
generateKeys,1;deal,15;verifyMulticast,0;verifyBroadcast,0;agree,6038;
total data:
688116
648328
2
total send:
0
0
0
total receive:
688116
648328
2
