time to deal
14
time to dealSend
0
time to dealReceive
21331
time to agree
5682
time to send multicast complaint
0
# complaints received in multicast
0
time to receive multicast complaint
10081
adjust time to finish multicast
15763
time to wait after receiving all multicast complaints
-3763
time to verify multicast complaint
0
time to broadcast complaint
0
time to broadcastReceive
16360
time to receive relayed complaints from blockchain
30000
# complaints received in broadcast
0
time to verify complaints from blockchain
0
time to compute pk, sk share and pk share
2
total time:
75770
total idle cost:
0
protocol cost:
75770
total communication cost:
70068
total computation cost:
5698
generateKeys,2;deal,14;verifyMulticast,0;verifyBroadcast,0;agree,5682;
total data:
688116
648328
2
total send:
0
0
0
total receive:
688116
648328
2
