time to deal
378
time to dealSend
2
time to dealReceive
21085
time to agree
5679
time to send multicast complaint
0
# complaints received in multicast
0
time to receive multicast complaint
10074
adjust time to finish multicast
15753
time to wait after receiving all multicast complaints
-3753
time to verify multicast complaint
0
# complaints send in broadcast
0
time to broadcast complaint
1
time to broadcastReceive
16367
time to receive relayed complaints from blockchain
30000
# complaints received in broadcast
0
time to verify complaints from blockchain
0
time to compute pk, sk share and pk share
1
total time:
75760
total idle cost:
0
protocol cost:
75760
total communication cost:
69697
total computation cost:
6058
generateKeys,1;deal,378;verifyMulticast,0;verifyBroadcast,0;agree,5679;
total data:
706236
665383
3
total send:
18120
17055
1
total receive:
688116
648328
2
