time to deal
14
time to dealSend
0
time to dealReceive
21813
time to agree
5703
time to send multicast complaint
0
# complaints received in multicast
0
time to receive multicast complaint
10073
adjust time to finish multicast
15776
time to wait after receiving all multicast complaints
-3776
time to verify multicast complaint
0
time to broadcast complaint
1
time to broadcastReceive
16379
time to receive relayed complaints from blockchain
30000
# complaints received in broadcast
0
time to verify complaints from blockchain
0
time to compute pk, sk share and pk share
1
total time:
75782
total idle cost:
0
protocol cost:
75782
total communication cost:
70060
total computation cost:
5718
generateKeys,1;deal,14;verifyMulticast,0;verifyBroadcast,0;agree,5703;
total data:
688114
648328
2
total send:
0
0
0
total receive:
688114
648328
2
