time to deal
13
time to dealSend
0
time to dealReceive
22088
time to agree
5613
time to send multicast complaint
0
# complaints received in multicast
0
time to receive multicast complaint
10076
adjust time to finish multicast
15689
time to wait after receiving all multicast complaints
-3689
time to verify multicast complaint
0
time to broadcast complaint
1
time to broadcastReceive
16449
time to receive relayed complaints from blockchain
30000
# complaints received in broadcast
0
time to verify complaints from blockchain
0
time to compute pk, sk share and pk share
1
total time:
75696
total idle cost:
0
protocol cost:
75696
total communication cost:
70064
total computation cost:
5627
generateKeys,1;deal,13;verifyMulticast,0;verifyBroadcast,0;agree,5613;
total data:
688114
648328
2
total send:
0
0
0
total receive:
688114
648328
2
