time to deal
26
time to dealSend
0
time to dealReceive
21589
time to agree
5776
time to send multicast complaint
0
# complaints received in multicast
0
time to receive multicast complaint
10082
adjust time to finish multicast
15858
time to wait after receiving all multicast complaints
-3858
time to verify multicast complaint
0
time to broadcast complaint
0
time to broadcastReceive
16268
time to receive relayed complaints from blockchain
30000
# complaints received in broadcast
0
time to verify complaints from blockchain
0
time to compute pk, sk share and pk share
1
total time:
75864
total idle cost:
0
protocol cost:
75864
total communication cost:
70056
total computation cost:
5803
generateKeys,1;deal,26;verifyMulticast,0;verifyBroadcast,0;agree,5776;
total data:
688114
648328
2
total send:
0
0
0
total receive:
688114
648328
2
