time to deal
13
time to dealSend
0
time to dealReceive
21965
time to agree
5482
time to send multicast complaint
0
# complaints received in multicast
0
time to receive multicast complaint
10074
adjust time to finish multicast
15556
time to wait after receiving all multicast complaints
-3556
time to verify multicast complaint
0
# complaints send in broadcast
0
time to broadcast complaint
1
time to broadcastReceive
16618
time to receive relayed complaints from blockchain
30000
# complaints received in broadcast
0
time to verify complaints from blockchain
0
time to compute pk, sk share and pk share
3
total time:
75562
total idle cost:
0
protocol cost:
75562
total communication cost:
70062
total computation cost:
5498
generateKeys,3;deal,13;verifyMulticast,0;verifyBroadcast,0;agree,5482;
total data:
688114
648328
2
total send:
0
0
0
total receive:
688114
648328
2
