time to deal
14
time to dealSend
0
time to dealReceive
22087
time to agree
5398
time to send multicast complaint
0
# complaints received in multicast
0
time to receive multicast complaint
10087
adjust time to finish multicast
15485
time to wait after receiving all multicast complaints
-3485
time to verify multicast complaint
0
time to broadcast complaint
0
time to broadcastReceive
16653
time to receive relayed complaints from blockchain
30000
# complaints received in broadcast
0
time to verify complaints from blockchain
0
time to compute pk, sk share and pk share
2
total time:
75492
total idle cost:
0
protocol cost:
75492
total communication cost:
70073
total computation cost:
5414
generateKeys,2;deal,14;verifyMulticast,0;verifyBroadcast,0;agree,5398;
total data:
688114
648328
2
total send:
0
0
0
total receive:
688114
648328
2
