time to deal
16
time to dealSend
0
time to dealReceive
22316
time to agree
6088
time to send multicast complaint
0
# complaints received in multicast
0
time to receive multicast complaint
10093
adjust time to finish multicast
16181
time to wait after receiving all multicast complaints
-4181
time to verify multicast complaint
0
time to broadcast complaint
1
time to broadcastReceive
15988
time to receive relayed complaints from blockchain
30000
# complaints received in broadcast
0
time to verify complaints from blockchain
0
time to compute pk, sk share and pk share
1
total time:
76186
total idle cost:
0
protocol cost:
76186
total communication cost:
70078
total computation cost:
6105
generateKeys,1;deal,16;verifyMulticast,0;verifyBroadcast,0;agree,6088;
total data:
688114
648328
2
total send:
0
0
0
total receive:
688114
648328
2
