time to deal
22
time to dealSend
0
time to dealReceive
21748
time to agree
5561
time to send multicast complaint
0
# complaints received in multicast
0
time to receive multicast complaint
10078
adjust time to finish multicast
15639
time to wait after receiving all multicast complaints
-3639
time to verify multicast complaint
0
# complaints send in broadcast
0
time to broadcast complaint
1
time to broadcastReceive
16507
time to receive relayed complaints from blockchain
30000
# complaints received in broadcast
0
time to verify complaints from blockchain
0
time to compute pk, sk share and pk share
2
total time:
75644
total idle cost:
0
protocol cost:
75644
total communication cost:
70057
total computation cost:
5585
generateKeys,2;deal,22;verifyMulticast,0;verifyBroadcast,0;agree,5561;
total data:
688114
648328
2
total send:
0
0
0
total receive:
688114
648328
2
