time to deal
17
time to dealSend
0
time to dealReceive
20870
time to agree
1560
time to send multicast complaint
0
# complaints received in multicast
0
time to receive multicast complaint
10048
adjust time to finish multicast
11608
time to wait after receiving all multicast complaints
392
time to verify multicast complaint
0
# complaints send in broadcast
0
time to broadcast complaint
1
time to broadcastReceive
20113
time to receive relayed complaints from blockchain
30001
# complaints received in broadcast
0
time to verify complaints from blockchain
0
time to compute pk, sk share and pk share
1
total time:
72009
total idle cost:
392
protocol cost:
71617
total communication cost:
70034
total computation cost:
1578
generateKeys,1;deal,17;verifyMulticast,0;verifyBroadcast,0;agree,1560;
total data:
185595
174717
2
total send:
0
0
0
total receive:
185595
174717
2
