time to deal
182
time to dealSend
8
time to dealReceive
20823
time to agree
1453
time to send multicast complaint
0
# complaints received in multicast
0
time to receive multicast complaint
10039
adjust time to finish multicast
11492
time to wait after receiving all multicast complaints
508
time to verify multicast complaint
0
# complaints send in broadcast
0
time to broadcast complaint
1
time to broadcastReceive
20120
time to receive relayed complaints from blockchain
30000
# complaints received in broadcast
0
time to verify complaints from blockchain
0
time to compute pk, sk share and pk share
1
total time:
72006
total idle cost:
508
protocol cost:
71498
total communication cost:
69859
total computation cost:
1636
generateKeys,1;deal,182;verifyMulticast,0;verifyBroadcast,0;agree,1453;
total data:
190370
179198
3
total send:
4775
4481
1
total receive:
185595
174717
2
