time to deal
186
time to dealSend
3
time to dealReceive
20840
time to agree
1559
time to send multicast complaint
0
# complaints received in multicast
0
time to receive multicast complaint
10038
adjust time to finish multicast
11597
time to wait after receiving all multicast complaints
403
time to verify multicast complaint
0
# complaints send in broadcast
0
time to broadcast complaint
1
time to broadcastReceive
20121
time to receive relayed complaints from blockchain
30000
# complaints received in broadcast
0
time to verify complaints from blockchain
0
time to compute pk, sk share and pk share
2
total time:
72005
total idle cost:
403
protocol cost:
71602
total communication cost:
69853
total computation cost:
1747
generateKeys,2;deal,186;verifyMulticast,0;verifyBroadcast,0;agree,1559;
total data:
190371
179199
3
total send:
4776
4482
1
total receive:
185595
174717
2
