time to deal
16
time to dealSend
0
time to dealReceive
20834
time to agree
1624
time to send multicast complaint
0
# complaints received in multicast
0
time to receive multicast complaint
10059
adjust time to finish multicast
11683
time to wait after receiving all multicast complaints
317
time to verify multicast complaint
0
time to broadcast complaint
1
time to broadcastReceive
20116
time to receive relayed complaints from blockchain
30000
# complaints received in broadcast
0
time to verify complaints from blockchain
0
time to compute pk, sk share and pk share
1
total time:
72006
total idle cost:
317
protocol cost:
71689
total communication cost:
70045
total computation cost:
1641
generateKeys,1;deal,16;verifyMulticast,0;verifyBroadcast,0;agree,1624;
total data:
185595
174717
2
total send:
0
0
0
total receive:
185595
174717
2
