time to deal
179
time to dealSend
3
time to dealReceive
20706
time to agree
1503
time to send multicast complaint
0
# complaints received in multicast
0
time to receive multicast complaint
10034
adjust time to finish multicast
11537
time to wait after receiving all multicast complaints
463
time to verify multicast complaint
0
# complaints send in broadcast
0
time to broadcast complaint
1
time to broadcastReceive
20120
time to receive relayed complaints from blockchain
30001
# complaints received in broadcast
0
time to verify complaints from blockchain
0
time to compute pk, sk share and pk share
1
total time:
72006
total idle cost:
463
protocol cost:
71543
total communication cost:
69857
total computation cost:
1683
generateKeys,1;deal,179;verifyMulticast,0;verifyBroadcast,0;agree,1503;
total data:
190363
179191
3
total send:
4768
4474
1
total receive:
185595
174717
2
