blockchain took # ms to receive the first packet dealBlockchainRelay
262
time to capture dealBlockchain
20018
time to send dealBlockchain
183
time to relay in blockchain
20202
time to sync with multicast + agree
blockchain took # ms to receive the first packet broadcastBlockchainRelay
20000
time to capture broadcastBlockchainRelay
20000
time to send broadcastBlockchainRelay
12
time to relay broadcast complaints from blockchain
20013
total time:
72004
total data:
12064257
11356605
167
total send:
11878076
11181888
128
total receive:
186181
174717
39
