time to deal
142
time to dealSend
3
time to dealReceive
20023
time to agree
557
time to send multicast complaint
0
# complaints received in multicast
0
time to receive multicast complaint
10022
adjust time to finish multicast
10579
time to wait after receiving all multicast complaints
1421
time to verify multicast complaint
0
time to broadcast complaint
1
time to broadcastReceive
20102
time to receive relayed complaints from blockchain
30000
# complaints received in broadcast
0
time to verify complaints from blockchain
0
time to compute pk, sk share and pk share
1
total time:
72008
total idle cost:
1421
protocol cost:
70587
total communication cost:
69882
total computation cost:
700
generateKeys,1;deal,142;verifyMulticast,0;verifyBroadcast,0;agree,557;
total data:
63393
59591
3
total send:
2552
2386
1
total receive:
60841
57205
2
