time to deal
130
time to dealSend
2
time to dealReceive
20049
time to agree
622
time to send multicast complaint
0
# complaints received in multicast
0
time to receive multicast complaint
10028
adjust time to finish multicast
10650
time to wait after receiving all multicast complaints
1350
time to verify multicast complaint
0
time to broadcast complaint
1
time to broadcastReceive
20111
time to receive relayed complaints from blockchain
30001
# complaints received in broadcast
0
time to verify complaints from blockchain
0
time to compute pk, sk share and pk share
1
total time:
72009
total idle cost:
1350
protocol cost:
70659
total communication cost:
69900
total computation cost:
753
generateKeys,1;deal,130;verifyMulticast,0;verifyBroadcast,0;agree,622;
total data:
63393
59591
3
total send:
2552
2386
1
total receive:
60841
57205
2
