time to deal
16
time to dealSend
0
time to dealReceive
20128
time to agree
659
time to send multicast complaint
0
# complaints received in multicast
0
time to receive multicast complaint
10022
adjust time to finish multicast
10681
time to wait after receiving all multicast complaints
1319
time to verify multicast complaint
0
# complaints send in broadcast
0
time to broadcast complaint
1
time to broadcastReceive
20106
time to receive relayed complaints from blockchain
30000
# complaints received in broadcast
0
time to verify complaints from blockchain
0
time to compute pk, sk share and pk share
2
total time:
72006
total idle cost:
1319
protocol cost:
70687
total communication cost:
70007
total computation cost:
677
generateKeys,2;deal,16;verifyMulticast,0;verifyBroadcast,0;agree,659;
total data:
60841
57205
2
total send:
0
0
0
total receive:
60841
57205
2
