time to deal
24
time to dealSend
0
time to dealReceive
20122
time to agree
653
time to send multicast complaint
0
# complaints received in multicast
0
time to receive multicast complaint
10024
adjust time to finish multicast
10677
time to wait after receiving all multicast complaints
1323
time to verify multicast complaint
0
# complaints send in broadcast
0
time to broadcast complaint
2
time to broadcastReceive
20103
time to receive relayed complaints from blockchain
30000
# complaints received in broadcast
0
time to verify complaints from blockchain
0
time to compute pk, sk share and pk share
1
total time:
72006
total idle cost:
1323
protocol cost:
70683
total communication cost:
70002
total computation cost:
678
generateKeys,1;deal,24;verifyMulticast,0;verifyBroadcast,0;agree,653;
total data:
60841
57205
2
total send:
0
0
0
total receive:
60841
57205
2
