time to deal
119
time to dealSend
3
time to dealReceive
20063
time to agree
479
time to send multicast complaint
54
# complaints received in multicast
320
time to receive multicast complaint
354
adjust time to finish multicast
887
time to wait after receiving all multicast complaints
11113
time to verify multicast complaint
0
time to broadcast complaint
1
time to broadcastReceive
20130
time to receive relayed complaints from blockchain
30000
# complaints received in broadcast
150
time to verify complaints from blockchain
45
time to compute pk, sk share and pk share
3
total time:
72056
total idle cost:
11113
protocol cost:
60943
total communication cost:
60291
total computation cost:
646
generateKeys,3;deal,119;verifyMulticast,0;verifyBroadcast,45;agree,479;
total data:
129563
117607
65
total send:
38091
34269
32
total receive:
91472
83338
33
