time to deal
127
time to dealSend
3
time to dealReceive
20059
time to agree
508
time to send multicast complaint
14
# complaints received in multicast
320
time to receive multicast complaint
366
adjust time to finish multicast
888
time to wait after receiving all multicast complaints
11112
time to verify multicast complaint
0
time to broadcast complaint
1
time to broadcastReceive
20132
time to receive relayed complaints from blockchain
30000
# complaints received in broadcast
150
time to verify complaints from blockchain
26
time to compute pk, sk share and pk share
1
total time:
72033
total idle cost:
11112
protocol cost:
60921
total communication cost:
60254
total computation cost:
662
generateKeys,1;deal,127;verifyMulticast,0;verifyBroadcast,26;agree,508;
total data:
130603
118647
65
total send:
39132
35310
32
total receive:
91471
83337
33
