time to deal
141
time to dealSend
3
time to dealReceive
20026
time to agree
493
time to send multicast complaint
26
# complaints received in multicast
320
time to receive multicast complaint
358
adjust time to finish multicast
877
time to wait after receiving all multicast complaints
11123
time to verify multicast complaint
0
time to broadcast complaint
1
time to broadcastReceive
20128
time to receive relayed complaints from blockchain
30000
# complaints received in broadcast
150
time to verify complaints from blockchain
28
time to compute pk, sk share and pk share
1
total time:
72038
total idle cost:
11123
protocol cost:
60915
total communication cost:
60245
total computation cost:
663
generateKeys,1;deal,141;verifyMulticast,0;verifyBroadcast,28;agree,493;
total data:
129503
117547
65
total send:
38029
34207
32
total receive:
91474
83340
33
