time to deal
196
time to dealSend
6
time to dealReceive
20445
time to agree
1586
time to send multicast complaint
56
# complaints received in multicast
1344
time to receive multicast complaint
437
adjust time to finish multicast
2079
time to wait after receiving all multicast complaints
9921
time to verify multicast complaint
1
# complaints send in broadcast
21
time to broadcast complaint
4
time to broadcastReceive
20324
time to receive relayed complaints from blockchain
29999
# complaints received in broadcast
672
time to verify complaints from blockchain
62
time to compute pk, sk share and pk share
1
total time:
72074
total idle cost:
9921
protocol cost:
62153
total communication cost:
60300
total computation cost:
1846
generateKeys,1;deal,196;verifyMulticast,1;verifyBroadcast,62;agree,1586;
total data:
535409
488313
130
total send:
159930
145030
65
total receive:
375479
343283
65
