time to deal
14
time to dealSend
0
time to dealReceive
20647
time to agree
1578
time to send multicast complaint
66
# complaints received in multicast
1344
time to receive multicast complaint
432
adjust time to finish multicast
2076
time to wait after receiving all multicast complaints
9924
time to verify multicast complaint
1
time to broadcast complaint
1
time to broadcastReceive
20331
time to receive relayed complaints from blockchain
30000
# complaints received in broadcast
672
time to verify complaints from blockchain
63
time to compute pk, sk share and pk share
1
total time:
72073
total idle cost:
9924
protocol cost:
62149
total communication cost:
60486
total computation cost:
1657
generateKeys,1;deal,14;verifyMulticast,1;verifyBroadcast,63;agree,1578;
total data:
529954
483396
128
total send:
154474
140112
63
total receive:
375480
343284
65
