time to deal
16
time to dealSend
0
time to dealReceive
20664
time to agree
1737
time to send multicast complaint
61
# complaints received in multicast
1344
time to receive multicast complaint
411
adjust time to finish multicast
2209
time to wait after receiving all multicast complaints
9791
time to verify multicast complaint
1
time to broadcast complaint
1
time to broadcastReceive
20349
time to receive relayed complaints from blockchain
29999
# complaints received in broadcast
672
time to verify complaints from blockchain
62
time to compute pk, sk share and pk share
2
total time:
72071
total idle cost:
9791
protocol cost:
62280
total communication cost:
60456
total computation cost:
1818
generateKeys,2;deal,16;verifyMulticast,1;verifyBroadcast,62;agree,1737;
total data:
530078
483520
128
total send:
154600
140238
63
total receive:
375478
343282
65
