time to deal
188
time to dealSend
3
time to dealReceive
20416
time to agree
1485
time to send multicast complaint
56
# complaints received in multicast
1344
time to receive multicast complaint
529
adjust time to finish multicast
2070
time to wait after receiving all multicast complaints
9930
time to verify multicast complaint
1
# complaints send in broadcast
21
time to broadcast complaint
2
time to broadcastReceive
20125
time to receive relayed complaints from blockchain
29999
# complaints received in broadcast
672
time to verify complaints from blockchain
56
time to compute pk, sk share and pk share
2
total time:
72065
total idle cost:
9930
protocol cost:
62135
total communication cost:
60399
total computation cost:
1732
generateKeys,2;deal,188;verifyMulticast,1;verifyBroadcast,56;agree,1485;
total data:
535473
488377
130
total send:
159995
145095
65
total receive:
375478
343282
65
