time to deal
15
time to dealSend
0
time to dealReceive
20840
time to agree
1602
time to send multicast complaint
72
# complaints received in multicast
1344
time to receive multicast complaint
418
adjust time to finish multicast
2092
time to wait after receiving all multicast complaints
9908
time to verify multicast complaint
1
# complaints send in broadcast
21
time to broadcast complaint
3
time to broadcastReceive
20329
time to receive relayed complaints from blockchain
29999
# complaints received in broadcast
672
time to verify complaints from blockchain
57
time to compute pk, sk share and pk share
1
total time:
72065
total idle cost:
9908
protocol cost:
62157
total communication cost:
60477
total computation cost:
1676
generateKeys,1;deal,15;verifyMulticast,1;verifyBroadcast,57;agree,1602;
total data:
532651
485849
129
total send:
157172
142566
64
total receive:
375479
343283
65
