time to deal
15
time to dealSend
0
time to dealReceive
20655
time to agree
1642
time to send multicast complaint
30
# complaints received in multicast
1344
time to receive multicast complaint
445
adjust time to finish multicast
2117
time to wait after receiving all multicast complaints
9883
time to verify multicast complaint
1
# complaints send in broadcast
21
time to broadcast complaint
3
time to broadcastReceive
20334
time to receive relayed complaints from blockchain
29999
# complaints received in broadcast
672
time to verify complaints from blockchain
63
time to compute pk, sk share and pk share
1
total time:
72070
total idle cost:
9883
protocol cost:
62187
total communication cost:
60463
total computation cost:
1722
generateKeys,1;deal,15;verifyMulticast,1;verifyBroadcast,63;agree,1642;
total data:
532774
485972
129
total send:
157297
142691
64
total receive:
375477
343281
65
