time to deal
21
time to dealSend
0
time to dealReceive
20548
time to agree
1643
time to send multicast complaint
63
# complaints received in multicast
1344
time to receive multicast complaint
422
adjust time to finish multicast
2128
time to wait after receiving all multicast complaints
9872
time to verify multicast complaint
1
time to broadcast complaint
1
time to broadcastReceive
20319
time to receive relayed complaints from blockchain
29999
# complaints received in broadcast
672
time to verify complaints from blockchain
69
time to compute pk, sk share and pk share
1
total time:
72075
total idle cost:
9872
protocol cost:
62203
total communication cost:
60464
total computation cost:
1735
generateKeys,1;deal,21;verifyMulticast,1;verifyBroadcast,69;agree,1643;
total data:
530016
483458
128
total send:
154537
140175
63
total receive:
375479
343283
65
