time to deal
16
time to dealSend
0
time to dealReceive
20683
time to agree
1648
time to send multicast complaint
21
# complaints received in multicast
1344
time to receive multicast complaint
459
adjust time to finish multicast
2128
time to wait after receiving all multicast complaints
9872
time to verify multicast complaint
1
# complaints send in broadcast
21
time to broadcast complaint
7
time to broadcastReceive
20345
time to receive relayed complaints from blockchain
29999
# complaints received in broadcast
672
time to verify complaints from blockchain
61
time to compute pk, sk share and pk share
1
total time:
72068
total idle cost:
9872
protocol cost:
62196
total communication cost:
60470
total computation cost:
1727
generateKeys,1;deal,16;verifyMulticast,1;verifyBroadcast,61;agree,1648;
total data:
532963
486161
129
total send:
157489
142883
64
total receive:
375474
343278
65
