time to deal
206
time to dealSend
3
time to dealReceive
20348
time to agree
1499
time to send multicast complaint
25
# complaints received in multicast
1344
time to receive multicast complaint
527
adjust time to finish multicast
2051
time to wait after receiving all multicast complaints
9949
time to verify multicast complaint
2
time to broadcast complaint
1
time to broadcastReceive
20308
time to receive relayed complaints from blockchain
29998
# complaints received in broadcast
672
time to verify complaints from blockchain
59
time to compute pk, sk share and pk share
2
total time:
72069
total idle cost:
9949
protocol cost:
62120
total communication cost:
60346
total computation cost:
1768
generateKeys,2;deal,206;verifyMulticast,2;verifyBroadcast,59;agree,1499;
total data:
532837
485985
129
total send:
157359
142703
64
total receive:
375478
343282
65
