time to deal
192
time to dealSend
5
time to dealReceive
20559
time to agree
1488
time to send multicast complaint
31
# complaints received in multicast
1344
time to receive multicast complaint
527
adjust time to finish multicast
2046
time to wait after receiving all multicast complaints
9954
time to verify multicast complaint
1
time to broadcast complaint
1
time to broadcastReceive
20312
time to receive relayed complaints from blockchain
29999
# complaints received in broadcast
672
time to verify complaints from blockchain
63
time to compute pk, sk share and pk share
2
total time:
72072
total idle cost:
9954
protocol cost:
62118
total communication cost:
60367
total computation cost:
1746
generateKeys,2;deal,192;verifyMulticast,1;verifyBroadcast,63;agree,1488;
total data:
534982
488130
129
total send:
159506
144850
64
total receive:
375476
343280
65
