time to deal
20
time to dealSend
0
time to dealReceive
20571
time to agree
1652
time to send multicast complaint
68
# complaints received in multicast
1344
time to receive multicast complaint
417
adjust time to finish multicast
2137
time to wait after receiving all multicast complaints
9863
time to verify multicast complaint
1
time to broadcast complaint
1
time to broadcastReceive
20321
time to receive relayed complaints from blockchain
30000
# complaints received in broadcast
672
time to verify complaints from blockchain
66
time to compute pk, sk share and pk share
4
total time:
72077
total idle cost:
9863
protocol cost:
62214
total communication cost:
60466
total computation cost:
1743
generateKeys,4;deal,20;verifyMulticast,1;verifyBroadcast,66;agree,1652;
total data:
530264
483706
128
total send:
154789
140427
63
total receive:
375475
343279
65
