time to deal
175
time to dealSend
2
time to dealReceive
20714
time to agree
1527
time to send multicast complaint
100
# complaints received in multicast
1344
time to receive multicast complaint
487
adjust time to finish multicast
2114
time to wait after receiving all multicast complaints
9886
time to verify multicast complaint
1
time to broadcast complaint
1
time to broadcastReceive
20351
time to receive relayed complaints from blockchain
29999
# complaints received in broadcast
672
time to verify complaints from blockchain
63
time to compute pk, sk share and pk share
2
total time:
72071
total idle cost:
9886
protocol cost:
62185
total communication cost:
60412
total computation cost:
1768
generateKeys,2;deal,175;verifyMulticast,1;verifyBroadcast,63;agree,1527;
total data:
532715
485863
129
total send:
157235
142579
64
total receive:
375480
343284
65
