time to deal
12
time to dealSend
0
time to dealReceive
21159
time to agree
5347
time to send multicast complaint
104
# complaints received in multicast
6144
time to receive multicast complaint
984
adjust time to finish multicast
6435
time to wait after receiving all multicast complaints
5565
time to verify multicast complaint
5
time to broadcast complaint
1
time to broadcastReceive
20115
time to receive relayed complaints from blockchain
29995
# complaints received in broadcast
648
time to verify complaints from blockchain
74
time to compute pk, sk share and pk share
1
total time:
72081
total idle cost:
5565
protocol cost:
66516
total communication cost:
61072
total computation cost:
5439
generateKeys,1;deal,12;verifyMulticast,5;verifyBroadcast,74;agree,5347;
total data:
2021829
1842251
512
total send:
715401
649485
255
total receive:
1306428
1192766
257
