time to deal
14
time to dealSend
0
time to dealReceive
21547
time to agree
5219
time to send multicast complaint
92
# complaints received in multicast
6144
time to receive multicast complaint
1125
adjust time to finish multicast
6436
time to wait after receiving all multicast complaints
5564
time to verify multicast complaint
5
time to broadcast complaint
1
time to broadcastReceive
20118
time to receive relayed complaints from blockchain
29996
# complaints received in broadcast
648
time to verify complaints from blockchain
60
time to compute pk, sk share and pk share
2
total time:
72069
total idle cost:
5564
protocol cost:
66505
total communication cost:
61200
total computation cost:
5300
generateKeys,2;deal,14;verifyMulticast,5;verifyBroadcast,60;agree,5219;
total data:
2020305
1840727
512
total send:
713871
647955
255
total receive:
1306434
1192772
257
