time to deal
14
time to dealSend
0
time to dealReceive
22050
time to agree
5327
time to send multicast complaint
92
# complaints received in multicast
6144
time to receive multicast complaint
1098
adjust time to finish multicast
6517
time to wait after receiving all multicast complaints
5483
time to verify multicast complaint
5
time to broadcast complaint
1
time to broadcastReceive
20243
time to receive relayed complaints from blockchain
29995
# complaints received in broadcast
648
time to verify complaints from blockchain
66
time to compute pk, sk share and pk share
1
total time:
72072
total idle cost:
5483
protocol cost:
66589
total communication cost:
61172
total computation cost:
5413
generateKeys,1;deal,14;verifyMulticast,5;verifyBroadcast,66;agree,5327;
total data:
2020813
1841235
512
total send:
714381
648465
255
total receive:
1306432
1192770
257
