time to deal
14
time to dealSend
0
time to dealReceive
21883
time to agree
5131
time to send multicast complaint
96
# complaints received in multicast
6144
time to receive multicast complaint
1300
adjust time to finish multicast
6527
time to wait after receiving all multicast complaints
5473
time to verify multicast complaint
6
time to broadcast complaint
1
time to broadcastReceive
20257
time to receive relayed complaints from blockchain
29994
# complaints received in broadcast
648
time to verify complaints from blockchain
63
time to compute pk, sk share and pk share
1
total time:
72070
total idle cost:
5473
protocol cost:
66597
total communication cost:
61377
total computation cost:
5215
generateKeys,1;deal,14;verifyMulticast,6;verifyBroadcast,63;agree,5131;
total data:
2022337
1842759
512
total send:
715911
649995
255
total receive:
1306426
1192764
257
