time to deal
21
time to dealSend
0
time to dealReceive
21614
time to agree
5122
time to send multicast complaint
130
# complaints received in multicast
6144
time to receive multicast complaint
1259
adjust time to finish multicast
6511
time to wait after receiving all multicast complaints
5489
time to verify multicast complaint
4
time to broadcast complaint
1
time to broadcastReceive
20167
time to receive relayed complaints from blockchain
29996
# complaints received in broadcast
648
time to verify complaints from blockchain
62
time to compute pk, sk share and pk share
1
total time:
72069
total idle cost:
5489
protocol cost:
66580
total communication cost:
61365
total computation cost:
5210
generateKeys,1;deal,21;verifyMulticast,4;verifyBroadcast,62;agree,5122;
total data:
2022593
1842505
512
total send:
715910
649740
255
total receive:
1306683
1192765
257
