time to deal
21
time to dealSend
0
time to dealReceive
21719
time to agree
5168
time to send multicast complaint
56
# complaints received in multicast
6144
time to receive multicast complaint
1307
adjust time to finish multicast
6531
time to wait after receiving all multicast complaints
5469
time to verify multicast complaint
5
time to broadcast complaint
1
time to broadcastReceive
20267
time to receive relayed complaints from blockchain
29995
# complaints received in broadcast
648
time to verify complaints from blockchain
64
time to compute pk, sk share and pk share
2
total time:
72072
total idle cost:
5469
protocol cost:
66603
total communication cost:
61338
total computation cost:
5260
generateKeys,2;deal,21;verifyMulticast,5;verifyBroadcast,64;agree,5168;
total data:
2021577
1841489
512
total send:
714890
648720
255
total receive:
1306687
1192769
257
