time to deal
17
time to dealSend
0
time to dealReceive
21455
time to agree
5161
time to send multicast complaint
85
# complaints received in multicast
6144
time to receive multicast complaint
1270
adjust time to finish multicast
6516
time to wait after receiving all multicast complaints
5484
time to verify multicast complaint
5
time to broadcast complaint
1
time to broadcastReceive
20171
time to receive relayed complaints from blockchain
29995
# complaints received in broadcast
648
time to verify complaints from blockchain
68
time to compute pk, sk share and pk share
1
total time:
72077
total idle cost:
5484
protocol cost:
66593
total communication cost:
61334
total computation cost:
5252
generateKeys,1;deal,17;verifyMulticast,5;verifyBroadcast,68;agree,5161;
total data:
2022085
1841997
512
total send:
715400
649230
255
total receive:
1306685
1192767
257
