time to deal
405
time to dealSend
3
time to dealReceive
20892
time to agree
5285
time to send multicast complaint
85
# complaints received in multicast
6144
time to receive multicast complaint
1107
adjust time to finish multicast
6477
time to wait after receiving all multicast complaints
5523
time to verify multicast complaint
5
time to broadcast complaint
2
time to broadcastReceive
20138
time to receive relayed complaints from blockchain
29995
# complaints received in broadcast
648
time to verify complaints from blockchain
58
time to compute pk, sk share and pk share
1
total time:
72067
total idle cost:
5523
protocol cost:
66544
total communication cost:
60784
total computation cost:
5754
generateKeys,1;deal,405;verifyMulticast,5;verifyBroadcast,58;agree,5285;
total data:
2031887
1851246
513
total send:
725459
658480
256
total receive:
1306428
1192766
257
