time to deal
448
time to dealSend
5
time to dealReceive
21632
time to agree
4673
time to send multicast complaint
52
# complaints received in multicast
6144
time to receive multicast complaint
1744
adjust time to finish multicast
6469
time to wait after receiving all multicast complaints
5531
time to verify multicast complaint
5
time to broadcast complaint
1
time to broadcastReceive
20255
time to receive relayed complaints from blockchain
29995
# complaints received in broadcast
648
time to verify complaints from blockchain
63
time to compute pk, sk share and pk share
1
total time:
72075
total idle cost:
5531
protocol cost:
66544
total communication cost:
61344
total computation cost:
5190
generateKeys,1;deal,448;verifyMulticast,5;verifyBroadcast,63;agree,4673;
total data:
2039697
1858544
513
total send:
733010
665775
256
total receive:
1306687
1192769
257
