time to deal
14
time to dealSend
0
time to dealReceive
21560
time to agree
5315
time to send multicast complaint
68
# complaints received in multicast
6144
time to receive multicast complaint
1131
adjust time to finish multicast
6514
time to wait after receiving all multicast complaints
5486
time to verify multicast complaint
5
time to broadcast complaint
1
time to broadcastReceive
20204
time to receive relayed complaints from blockchain
29996
# complaints received in broadcast
648
time to verify complaints from blockchain
75
time to compute pk, sk share and pk share
2
total time:
72084
total idle cost:
5486
protocol cost:
66598
total communication cost:
61182
total computation cost:
5411
generateKeys,2;deal,14;verifyMulticast,5;verifyBroadcast,75;agree,5315;
total data:
2021831
1841743
512
total send:
715145
648975
255
total receive:
1306686
1192768
257
