time to deal
13
time to dealSend
0
time to dealReceive
21995
time to agree
4932
time to send multicast complaint
93
# complaints received in multicast
6144
time to receive multicast complaint
1485
adjust time to finish multicast
6510
time to wait after receiving all multicast complaints
5490
time to verify multicast complaint
5
time to broadcast complaint
1
time to broadcastReceive
20221
time to receive relayed complaints from blockchain
29995
# complaints received in broadcast
648
time to verify complaints from blockchain
53
time to compute pk, sk share and pk share
2
total time:
72060
total idle cost:
5490
protocol cost:
66570
total communication cost:
61561
total computation cost:
5005
generateKeys,2;deal,13;verifyMulticast,5;verifyBroadcast,53;agree,4932;
total data:
2021831
1841743
512
total send:
715145
648975
255
total receive:
1306686
1192768
257
