time to deal
16
time to dealSend
0
time to dealReceive
21226
time to agree
5174
time to send multicast complaint
60
# complaints received in multicast
6144
time to receive multicast complaint
1265
adjust time to finish multicast
6499
time to wait after receiving all multicast complaints
5501
time to verify multicast complaint
6
time to broadcast complaint
1
time to broadcastReceive
20128
time to receive relayed complaints from blockchain
29994
# complaints received in broadcast
648
time to verify complaints from blockchain
62
time to compute pk, sk share and pk share
2
total time:
72069
total idle cost:
5501
protocol cost:
66568
total communication cost:
61304
total computation cost:
5260
generateKeys,2;deal,16;verifyMulticast,6;verifyBroadcast,62;agree,5174;
total data:
2022085
1841997
512
total send:
715400
649230
255
total receive:
1306685
1192767
257
