time to deal
18
time to dealSend
0
time to dealReceive
21520
time to agree
5063
time to send multicast complaint
68
# complaints received in multicast
6144
time to receive multicast complaint
1376
adjust time to finish multicast
6507
time to wait after receiving all multicast complaints
5493
time to verify multicast complaint
5
time to broadcast complaint
1
time to broadcastReceive
20175
time to receive relayed complaints from blockchain
29995
# complaints received in broadcast
648
time to verify complaints from blockchain
68
time to compute pk, sk share and pk share
2
total time:
72076
total idle cost:
5493
protocol cost:
66583
total communication cost:
61423
total computation cost:
5156
generateKeys,2;deal,18;verifyMulticast,5;verifyBroadcast,68;agree,5063;
total data:
2021069
1840981
512
total send:
714380
648210
255
total receive:
1306689
1192771
257
