blockchain took # ms to receive the first packet dealBlockchainRelay
490
time to capture dealBlockchain
20017
time to send dealBlockchain
796
time to relay in blockchain
20814
time to sync with multicast + agree
blockchain took # ms to receive the first packet broadcastBlockchainRelay
111
time to capture broadcastBlockchainRelay
20010
time to send broadcastBlockchainRelay
172
time to relay broadcast complaints from blockchain
20183
total time:
72001
total data:
152299886
140027735
578
total send:
151706108
139482880
512
total receive:
593778
544855
66
