time to deal
22
time to dealSend
0
time to dealReceive
21486
time to agree
5351
time to send multicast complaint
165
# complaints received in multicast
6144
time to receive multicast complaint
967
adjust time to finish multicast
6483
time to wait after receiving all multicast complaints
5517
time to verify multicast complaint
5
time to broadcast complaint
1
time to broadcastReceive
20180
time to receive relayed complaints from blockchain
29995
# complaints received in broadcast
648
time to verify complaints from blockchain
68
time to compute pk, sk share and pk share
1
total time:
72074
total idle cost:
5517
protocol cost:
66557
total communication cost:
61106
total computation cost:
5447
generateKeys,1;deal,22;verifyMulticast,5;verifyBroadcast,68;agree,5351;
total data:
2020305
1840727
512
total send:
713871
647955
255
total receive:
1306434
1192772
257
