time to deal
19
time to dealSend
0
time to dealReceive
21801
time to agree
5045
time to send multicast complaint
73
# complaints received in multicast
6144
time to receive multicast complaint
1359
adjust time to finish multicast
6477
time to wait after receiving all multicast complaints
5523
time to verify multicast complaint
5
time to broadcast complaint
1
time to broadcastReceive
20163
time to receive relayed complaints from blockchain
29995
# complaints received in broadcast
648
time to verify complaints from blockchain
67
time to compute pk, sk share and pk share
2
total time:
72074
total idle cost:
5523
protocol cost:
66551
total communication cost:
61409
total computation cost:
5138
generateKeys,2;deal,19;verifyMulticast,5;verifyBroadcast,67;agree,5045;
total data:
2023099
1843521
512
total send:
716676
650760
255
total receive:
1306423
1192761
257
