time to deal
380
time to dealSend
5
time to dealReceive
21103
time to agree
5053
time to send multicast complaint
63
# complaints received in multicast
6144
time to receive multicast complaint
1382
adjust time to finish multicast
6498
time to wait after receiving all multicast complaints
5502
time to verify multicast complaint
5
time to broadcast complaint
1
time to broadcastReceive
20180
time to receive relayed complaints from blockchain
29995
# complaints received in broadcast
648
time to verify complaints from blockchain
67
time to compute pk, sk share and pk share
2
total time:
72074
total idle cost:
5502
protocol cost:
66572
total communication cost:
61061
total computation cost:
5507
generateKeys,2;deal,380;verifyMulticast,5;verifyBroadcast,67;agree,5053;
total data:
2029856
1849215
513
total send:
723420
656441
256
total receive:
1306436
1192774
257
