time to deal
13
time to dealSend
0
time to dealReceive
21392
time to agree
5069
time to send multicast complaint
114
# complaints received in multicast
6144
time to receive multicast complaint
1287
adjust time to finish multicast
6470
time to wait after receiving all multicast complaints
5530
time to verify multicast complaint
5
time to broadcast complaint
1
time to broadcastReceive
20161
time to receive relayed complaints from blockchain
29995
# complaints received in broadcast
648
time to verify complaints from blockchain
59
time to compute pk, sk share and pk share
1
total time:
72065
total idle cost:
5530
protocol cost:
66535
total communication cost:
61384
total computation cost:
5147
generateKeys,1;deal,13;verifyMulticast,5;verifyBroadcast,59;agree,5069;
total data:
2021067
1841489
512
total send:
714636
648720
255
total receive:
1306431
1192769
257
