time to deal
13
time to dealSend
0
time to dealReceive
21607
time to agree
5016
time to send multicast complaint
164
# complaints received in multicast
6144
time to receive multicast complaint
1331
adjust time to finish multicast
6511
time to wait after receiving all multicast complaints
5489
time to verify multicast complaint
5
time to broadcast complaint
1
time to broadcastReceive
20227
time to receive relayed complaints from blockchain
29995
# complaints received in broadcast
648
time to verify complaints from blockchain
79
time to compute pk, sk share and pk share
1
total time:
72085
total idle cost:
5489
protocol cost:
66596
total communication cost:
61478
total computation cost:
5114
generateKeys,1;deal,13;verifyMulticast,5;verifyBroadcast,79;agree,5016;
total data:
2020305
1840727
512
total send:
713871
647955
255
total receive:
1306434
1192772
257
