time to deal
12
time to dealSend
0
time to dealReceive
21011
time to agree
5229
time to send multicast complaint
67
# complaints received in multicast
6144
time to receive multicast complaint
1126
adjust time to finish multicast
6422
time to wait after receiving all multicast complaints
5578
time to verify multicast complaint
5
time to broadcast complaint
1
time to broadcastReceive
20104
time to receive relayed complaints from blockchain
29995
# complaints received in broadcast
648
time to verify complaints from blockchain
61
time to compute pk, sk share and pk share
1
total time:
72069
total idle cost:
5578
protocol cost:
66491
total communication cost:
61178
total computation cost:
5308
generateKeys,1;deal,12;verifyMulticast,5;verifyBroadcast,61;agree,5229;
total data:
2020813
1841235
512
total send:
714381
648465
255
total receive:
1306432
1192770
257
