time to deal
18
time to dealSend
0
time to dealReceive
21651
time to agree
5406
time to send multicast complaint
199
# complaints received in multicast
6144
time to receive multicast complaint
920
adjust time to finish multicast
6525
time to wait after receiving all multicast complaints
5475
time to verify multicast complaint
5
time to broadcast complaint
1
time to broadcastReceive
20246
time to receive relayed complaints from blockchain
29996
# complaints received in broadcast
648
time to verify complaints from blockchain
67
time to compute pk, sk share and pk share
2
total time:
72074
total idle cost:
5475
protocol cost:
66599
total communication cost:
61098
total computation cost:
5498
generateKeys,2;deal,18;verifyMulticast,5;verifyBroadcast,67;agree,5406;
total data:
2021829
1842251
512
total send:
715401
649485
255
total receive:
1306428
1192766
257
