time to deal
164
time to dealSend
8
time to dealReceive
20667
time to agree
1669
time to send multicast complaint
0
# complaints received in multicast
0
time to receive multicast complaint
10039
adjust time to finish multicast
11708
time to wait after receiving all multicast complaints
292
time to verify multicast complaint
0
time to broadcast complaint
1
time to broadcastReceive
20118
time to receive relayed complaints from blockchain
30000
# complaints received in broadcast
0
time to verify complaints from blockchain
0
time to compute pk, sk share and pk share
4
total time:
72007
total idle cost:
292
protocol cost:
71715
total communication cost:
69877
total computation cost:
1837
generateKeys,4;deal,164;verifyMulticast,0;verifyBroadcast,0;agree,1669;
total data:
195110
183660
3
total send:
4772
4478
1
total receive:
190338
179182
2
