time to deal
160
time to dealSend
1
time to dealReceive
20677
time to agree
1578
time to send multicast complaint
0
# complaints received in multicast
0
time to receive multicast complaint
10033
adjust time to finish multicast
11611
time to wait after receiving all multicast complaints
389
time to verify multicast complaint
0
time to broadcast complaint
1
time to broadcastReceive
20114
time to receive relayed complaints from blockchain
30000
# complaints received in broadcast
0
time to verify complaints from blockchain
0
time to compute pk, sk share and pk share
1
total time:
72007
total idle cost:
389
protocol cost:
71618
total communication cost:
69874
total computation cost:
1739
generateKeys,1;deal,160;verifyMulticast,0;verifyBroadcast,0;agree,1578;
total data:
195112
183662
3
total send:
4774
4480
1
total receive:
190338
179182
2
