time to deal
16
time to dealSend
0
time to dealReceive
20879
time to agree
1662
time to send multicast complaint
0
# complaints received in multicast
0
time to receive multicast complaint
10046
adjust time to finish multicast
11708
time to wait after receiving all multicast complaints
292
time to verify multicast complaint
0
time to broadcast complaint
1
time to broadcastReceive
20112
time to receive relayed complaints from blockchain
30000
# complaints received in broadcast
0
time to verify complaints from blockchain
0
time to compute pk, sk share and pk share
1
total time:
72008
total idle cost:
292
protocol cost:
71716
total communication cost:
70032
total computation cost:
1679
generateKeys,1;deal,16;verifyMulticast,0;verifyBroadcast,0;agree,1662;
total data:
190338
179182
2
total send:
0
0
0
total receive:
190338
179182
2
