time to deal
175
time to dealSend
8
time to dealReceive
20719
time to agree
1584
time to send multicast complaint
0
# complaints received in multicast
0
time to receive multicast complaint
10039
adjust time to finish multicast
11623
time to wait after receiving all multicast complaints
377
time to verify multicast complaint
0
time to broadcast complaint
1
time to broadcastReceive
20114
time to receive relayed complaints from blockchain
30000
# complaints received in broadcast
0
time to verify complaints from blockchain
0
time to compute pk, sk share and pk share
1
total time:
72007
total idle cost:
377
protocol cost:
71630
total communication cost:
69865
total computation cost:
1760
generateKeys,1;deal,175;verifyMulticast,0;verifyBroadcast,0;agree,1584;
total data:
195109
183659
3
total send:
4771
4477
1
total receive:
190338
179182
2
