time to deal
20
time to dealSend
0
time to dealReceive
20759
time to agree
1619
time to send multicast complaint
0
# complaints received in multicast
0
time to receive multicast complaint
10037
adjust time to finish multicast
11656
time to wait after receiving all multicast complaints
344
time to verify multicast complaint
0
time to broadcast complaint
1
time to broadcastReceive
20101
time to receive relayed complaints from blockchain
30000
# complaints received in broadcast
0
time to verify complaints from blockchain
0
time to compute pk, sk share and pk share
1
total time:
72006
total idle cost:
344
protocol cost:
71662
total communication cost:
70018
total computation cost:
1640
generateKeys,1;deal,20;verifyMulticast,0;verifyBroadcast,0;agree,1619;
total data:
190338
179182
2
total send:
0
0
0
total receive:
190338
179182
2
