time to deal
18
time to dealSend
0
time to dealReceive
20772
time to agree
1638
time to send multicast complaint
0
# complaints received in multicast
0
time to receive multicast complaint
10058
adjust time to finish multicast
11696
time to wait after receiving all multicast complaints
304
time to verify multicast complaint
0
# complaints send in broadcast
0
time to broadcast complaint
1
time to broadcastReceive
20101
time to receive relayed complaints from blockchain
30001
# complaints received in broadcast
0
time to verify complaints from blockchain
0
time to compute pk, sk share and pk share
1
total time:
72007
total idle cost:
304
protocol cost:
71703
total communication cost:
70042
total computation cost:
1657
generateKeys,1;deal,18;verifyMulticast,0;verifyBroadcast,0;agree,1638;
total data:
190338
179182
2
total send:
0
0
0
total receive:
190338
179182
2
