time to deal
18
time to dealSend
0
time to dealReceive
20851
time to agree
1846
time to send multicast complaint
0
# complaints received in multicast
0
time to receive multicast complaint
10043
adjust time to finish multicast
11889
time to wait after receiving all multicast complaints
111
time to verify multicast complaint
0
# complaints send in broadcast
0
time to broadcast complaint
1
time to broadcastReceive
20114
time to receive relayed complaints from blockchain
30001
# complaints received in broadcast
0
time to verify complaints from blockchain
0
time to compute pk, sk share and pk share
2
total time:
72007
total idle cost:
111
protocol cost:
71896
total communication cost:
70028
total computation cost:
1866
generateKeys,2;deal,18;verifyMulticast,0;verifyBroadcast,0;agree,1846;
total data:
190338
179182
2
total send:
0
0
0
total receive:
190338
179182
2
