time to deal
209
time to dealSend
3
time to dealReceive
20677
time to agree
1794
time to send multicast complaint
0
# complaints received in multicast
0
time to receive multicast complaint
10056
adjust time to finish multicast
11850
time to wait after receiving all multicast complaints
150
time to verify multicast complaint
0
# complaints send in broadcast
0
time to broadcast complaint
1
time to broadcastReceive
20118
time to receive relayed complaints from blockchain
30000
# complaints received in broadcast
0
time to verify complaints from blockchain
0
time to compute pk, sk share and pk share
1
total time:
72006
total idle cost:
150
protocol cost:
71856
total communication cost:
69848
total computation cost:
2004
generateKeys,1;deal,209;verifyMulticast,0;verifyBroadcast,0;agree,1794;
total data:
195113
183663
3
total send:
4775
4481
1
total receive:
190338
179182
2
