time to deal
204
time to dealSend
4
time to dealReceive
20694
time to agree
1524
time to send multicast complaint
0
# complaints received in multicast
0
time to receive multicast complaint
10035
adjust time to finish multicast
11559
time to wait after receiving all multicast complaints
441
time to verify multicast complaint
0
# complaints send in broadcast
0
time to broadcast complaint
1
time to broadcastReceive
20115
time to receive relayed complaints from blockchain
30000
# complaints received in broadcast
0
time to verify complaints from blockchain
0
time to compute pk, sk share and pk share
2
total time:
72008
total idle cost:
441
protocol cost:
71567
total communication cost:
69833
total computation cost:
1730
generateKeys,2;deal,204;verifyMulticast,0;verifyBroadcast,0;agree,1524;
total data:
195110
183660
3
total send:
4772
4478
1
total receive:
190338
179182
2
