time to deal
190
time to dealSend
3
time to dealReceive
20375
time to agree
1707
time to send multicast complaint
69
# complaints received in multicast
1280
time to receive multicast complaint
424
adjust time to finish multicast
2200
time to wait after receiving all multicast complaints
9800
time to verify multicast complaint
1
# complaints send in broadcast
20
time to broadcast complaint
3
time to broadcastReceive
20105
time to receive relayed complaints from blockchain
29999
# complaints received in broadcast
640
time to verify complaints from blockchain
61
time to compute pk, sk share and pk share
2
total time:
72070
total idle cost:
9800
protocol cost:
62270
total communication cost:
60305
total computation cost:
1961
generateKeys,2;deal,190;verifyMulticast,1;verifyBroadcast,61;agree,1707;
total data:
542837
495941
130
total send:
152569
138309
65
total receive:
390268
357632
65
