time to deal
175
time to dealSend
4
time to dealReceive
20480
time to agree
1606
time to send multicast complaint
90
# complaints received in multicast
1280
time to receive multicast complaint
450
adjust time to finish multicast
2146
time to wait after receiving all multicast complaints
9854
time to verify multicast complaint
1
# complaints send in broadcast
20
time to broadcast complaint
2
time to broadcastReceive
20140
time to receive relayed complaints from blockchain
29999
# complaints received in broadcast
640
time to verify complaints from blockchain
56
time to compute pk, sk share and pk share
1
total time:
72065
total idle cost:
9854
protocol cost:
62211
total communication cost:
60366
total computation cost:
1839
generateKeys,1;deal,175;verifyMulticast,1;verifyBroadcast,56;agree,1606;
total data:
542773
495877
130
total send:
152504
138244
65
total receive:
390269
357633
65
