time to deal
199
time to dealSend
2
time to dealReceive
20483
time to agree
1614
time to send multicast complaint
71
# complaints received in multicast
1280
time to receive multicast complaint
445
adjust time to finish multicast
2130
time to wait after receiving all multicast complaints
9870
time to verify multicast complaint
1
# complaints send in broadcast
20
time to broadcast complaint
3
time to broadcastReceive
20147
time to receive relayed complaints from blockchain
29999
# complaints received in broadcast
640
time to verify complaints from blockchain
58
time to compute pk, sk share and pk share
2
total time:
72069
total idle cost:
9870
protocol cost:
62199
total communication cost:
60320
total computation cost:
1874
generateKeys,2;deal,199;verifyMulticast,1;verifyBroadcast,58;agree,1614;
total data:
543090
496194
130
total send:
152826
138566
65
total receive:
390264
357628
65
