time to deal
17
time to dealSend
0
time to dealReceive
20667
time to agree
1800
time to send multicast complaint
114
# complaints received in multicast
1280
time to receive multicast complaint
342
adjust time to finish multicast
2256
time to wait after receiving all multicast complaints
9744
time to verify multicast complaint
1
# complaints send in broadcast
20
time to broadcast complaint
3
time to broadcastReceive
20149
time to receive relayed complaints from blockchain
29999
# complaints received in broadcast
640
time to verify complaints from blockchain
64
time to compute pk, sk share and pk share
2
total time:
72075
total idle cost:
9744
protocol cost:
62331
total communication cost:
60441
total computation cost:
1884
generateKeys,2;deal,17;verifyMulticast,1;verifyBroadcast,64;agree,1800;
total data:
540267
493665
129
total send:
150002
136036
64
total receive:
390265
357629
65
