time to deal
164
time to dealSend
1
time to dealReceive
20409
time to agree
1696
time to send multicast complaint
40
# complaints received in multicast
1280
time to receive multicast complaint
461
adjust time to finish multicast
2197
time to wait after receiving all multicast complaints
9803
time to verify multicast complaint
1
time to broadcast complaint
1
time to broadcastReceive
20118
time to receive relayed complaints from blockchain
29999
# complaints received in broadcast
640
time to verify complaints from blockchain
58
time to compute pk, sk share and pk share
2
total time:
72066
total idle cost:
9803
protocol cost:
62263
total communication cost:
60337
total computation cost:
1921
generateKeys,2;deal,164;verifyMulticast,1;verifyBroadcast,58;agree,1696;
total data:
542031
495369
129
total send:
151758
137732
64
total receive:
390273
357637
65
