time to deal
180
time to dealSend
3
time to dealReceive
20518
time to agree
1571
time to send multicast complaint
53
# complaints received in multicast
1280
time to receive multicast complaint
503
adjust time to finish multicast
2127
time to wait after receiving all multicast complaints
9873
time to verify multicast complaint
1
# complaints send in broadcast
20
time to broadcast complaint
3
time to broadcastReceive
20160
time to receive relayed complaints from blockchain
29999
# complaints received in broadcast
640
time to verify complaints from blockchain
54
time to compute pk, sk share and pk share
1
total time:
72062
total idle cost:
9873
protocol cost:
62189
total communication cost:
60378
total computation cost:
1807
generateKeys,1;deal,180;verifyMulticast,1;verifyBroadcast,54;agree,1571;
total data:
544796
497900
130
total send:
154527
140267
65
total receive:
390269
357633
65
