time to deal
185
time to dealSend
3
time to dealReceive
20409
time to agree
1644
time to send multicast complaint
63
# complaints received in multicast
1280
time to receive multicast complaint
414
adjust time to finish multicast
2121
time to wait after receiving all multicast complaints
9879
time to verify multicast complaint
1
# complaints send in broadcast
20
time to broadcast complaint
2
time to broadcastReceive
20123
time to receive relayed complaints from blockchain
29999
# complaints received in broadcast
640
time to verify complaints from blockchain
55
time to compute pk, sk share and pk share
1
total time:
72064
total idle cost:
9879
protocol cost:
62185
total communication cost:
60293
total computation cost:
1886
generateKeys,1;deal,185;verifyMulticast,1;verifyBroadcast,55;agree,1644;
total data:
544858
497962
130
total send:
154590
140330
65
total receive:
390268
357632
65
