time to deal
251
time to dealSend
4
time to dealReceive
20528
time to agree
1635
time to send multicast complaint
68
# complaints received in multicast
1280
time to receive multicast complaint
440
adjust time to finish multicast
2143
time to wait after receiving all multicast complaints
9857
time to verify multicast complaint
1
# complaints send in broadcast
20
time to broadcast complaint
3
time to broadcastReceive
20107
time to receive relayed complaints from blockchain
29999
# complaints received in broadcast
640
time to verify complaints from blockchain
67
time to compute pk, sk share and pk share
2
total time:
72077
total idle cost:
9857
protocol cost:
62220
total communication cost:
60259
total computation cost:
1956
generateKeys,2;deal,251;verifyMulticast,1;verifyBroadcast,67;agree,1635;
total data:
545049
498153
130
total send:
154784
140524
65
total receive:
390265
357629
65
