time to deal
14
time to dealSend
0
time to dealReceive
21325
time to agree
3266
time to send multicast complaint
43
# complaints received in multicast
2816
time to receive multicast complaint
885
adjust time to finish multicast
4194
time to wait after receiving all multicast complaints
7806
time to verify multicast complaint
3
time to broadcast complaint
1
time to broadcastReceive
20408
time to receive relayed complaints from blockchain
29998
# complaints received in broadcast
836
time to verify complaints from blockchain
99
time to compute pk, sk share and pk share
2
total time:
72106
total idle cost:
7806
protocol cost:
64300
total communication cost:
60914
total computation cost:
3384
generateKeys,2;deal,14;verifyMulticast,3;verifyBroadcast,99;agree,3266;
total data:
1099929
1005375
256
total send:
326388
296164
127
total receive:
773541
709211
129
