time to deal
16
time to dealSend
0
time to dealReceive
21243
time to agree
3263
time to send multicast complaint
42
# complaints received in multicast
2816
time to receive multicast complaint
866
adjust time to finish multicast
4171
time to wait after receiving all multicast complaints
7829
time to verify multicast complaint
3
time to broadcast complaint
1
time to broadcastReceive
20385
time to receive relayed complaints from blockchain
29998
# complaints received in broadcast
836
time to verify complaints from blockchain
71
time to compute pk, sk share and pk share
1
total time:
72079
total idle cost:
7829
protocol cost:
64250
total communication cost:
60891
total computation cost:
3354
generateKeys,1;deal,16;verifyMulticast,3;verifyBroadcast,71;agree,3263;
total data:
1099803
1005249
256
total send:
326261
296037
127
total receive:
773542
709212
129
