time to deal
28
time to dealSend
0
time to dealReceive
21103
time to agree
3622
time to send multicast complaint
147
# complaints received in multicast
2816
time to receive multicast complaint
484
adjust time to finish multicast
4253
time to wait after receiving all multicast complaints
7747
time to verify multicast complaint
2
time to broadcast complaint
1
time to broadcastReceive
20338
time to receive relayed complaints from blockchain
29998
# complaints received in broadcast
836
time to verify complaints from blockchain
65
time to compute pk, sk share and pk share
2
total time:
72071
total idle cost:
7747
protocol cost:
64324
total communication cost:
60602
total computation cost:
3719
generateKeys,2;deal,28;verifyMulticast,2;verifyBroadcast,65;agree,3622;
total data:
1099299
1004745
256
total send:
325753
295529
127
total receive:
773546
709216
129
