time to deal
270
time to dealSend
1
time to dealReceive
20860
time to agree
3380
time to send multicast complaint
42
# complaints received in multicast
2816
time to receive multicast complaint
730
adjust time to finish multicast
4152
time to wait after receiving all multicast complaints
7848
time to verify multicast complaint
2
time to broadcast complaint
1
time to broadcastReceive
20336
time to receive relayed complaints from blockchain
29999
# complaints received in broadcast
836
time to verify complaints from blockchain
64
time to compute pk, sk share and pk share
1
total time:
72071
total idle cost:
7848
protocol cost:
64223
total communication cost:
60502
total computation cost:
3717
generateKeys,1;deal,270;verifyMulticast,2;verifyBroadcast,64;agree,3380;
total data:
1109284
1014179
257
total send:
335744
304969
128
total receive:
773540
709210
129
