time to deal
291
time to dealSend
3
time to dealReceive
20886
time to agree
3361
time to send multicast complaint
57
# complaints received in multicast
2816
time to receive multicast complaint
761
adjust time to finish multicast
4179
time to wait after receiving all multicast complaints
7821
time to verify multicast complaint
2
# complaints send in broadcast
22
time to broadcast complaint
3
time to broadcastReceive
20359
time to receive relayed complaints from blockchain
29998
# complaints received in broadcast
836
time to verify complaints from blockchain
67
time to compute pk, sk share and pk share
2
total time:
72077
total idle cost:
7821
protocol cost:
64256
total communication cost:
60529
total computation cost:
3723
generateKeys,2;deal,291;verifyMulticast,2;verifyBroadcast,67;agree,3361;
total data:
1112541
1017181
258
total send:
339005
307975
129
total receive:
773536
709206
129
