time to deal
15
time to dealSend
0
time to dealReceive
21245
time to agree
3481
time to send multicast complaint
89
# complaints received in multicast
2816
time to receive multicast complaint
604
adjust time to finish multicast
4174
time to wait after receiving all multicast complaints
7826
time to verify multicast complaint
3
# complaints send in broadcast
22
time to broadcast complaint
2
time to broadcastReceive
20387
time to receive relayed complaints from blockchain
29998
# complaints received in broadcast
836
time to verify complaints from blockchain
81
time to compute pk, sk share and pk share
2
total time:
72088
total idle cost:
7826
protocol cost:
64262
total communication cost:
60678
total computation cost:
3582
generateKeys,2;deal,15;verifyMulticast,3;verifyBroadcast,81;agree,3481;
total data:
1102045
1007236
257
total send:
328499
298020
128
total receive:
773546
709216
129
