time to deal
258
time to dealSend
7
time to dealReceive
21260
time to agree
3280
time to send multicast complaint
103
# complaints received in multicast
2816
time to receive multicast complaint
822
adjust time to finish multicast
4205
time to wait after receiving all multicast complaints
7795
time to verify multicast complaint
2
time to broadcast complaint
1
time to broadcastReceive
20412
time to receive relayed complaints from blockchain
29998
# complaints received in broadcast
836
time to verify complaints from blockchain
70
time to compute pk, sk share and pk share
1
total time:
72077
total idle cost:
7795
protocol cost:
64282
total communication cost:
60666
total computation cost:
3611
generateKeys,1;deal,258;verifyMulticast,2;verifyBroadcast,70;agree,3280;
total data:
1104742
1009637
257
total send:
331198
300423
128
total receive:
773544
709214
129
