time to deal
276
time to dealSend
3
time to dealReceive
20976
time to agree
3306
time to send multicast complaint
41
# complaints received in multicast
2816
time to receive multicast complaint
812
adjust time to finish multicast
4159
time to wait after receiving all multicast complaints
7841
time to verify multicast complaint
3
time to broadcast complaint
2
time to broadcastReceive
20318
time to receive relayed complaints from blockchain
29997
# complaints received in broadcast
836
time to verify complaints from blockchain
83
time to compute pk, sk share and pk share
1
total time:
72091
total idle cost:
7841
protocol cost:
64250
total communication cost:
60577
total computation cost:
3669
generateKeys,1;deal,276;verifyMulticast,3;verifyBroadcast,83;agree,3306;
total data:
1105248
1010143
257
total send:
331708
300933
128
total receive:
773540
709210
129
