time to deal
23
time to dealSend
0
time to dealReceive
21234
time to agree
3307
time to send multicast complaint
41
# complaints received in multicast
2816
time to receive multicast complaint
831
adjust time to finish multicast
4179
time to wait after receiving all multicast complaints
7821
time to verify multicast complaint
2
time to broadcast complaint
0
time to broadcastReceive
20482
time to receive relayed complaints from blockchain
29998
# complaints received in broadcast
836
time to verify complaints from blockchain
75
time to compute pk, sk share and pk share
2
total time:
72084
total idle cost:
7821
protocol cost:
64263
total communication cost:
60847
total computation cost:
3409
generateKeys,2;deal,23;verifyMulticast,2;verifyBroadcast,75;agree,3307;
total data:
1099551
1004997
256
total send:
326007
295783
127
total receive:
773544
709214
129
