time to deal
16
time to dealSend
0
time to dealReceive
21438
time to agree
3263
time to send multicast complaint
74
# complaints received in multicast
2816
time to receive multicast complaint
837
adjust time to finish multicast
4174
time to wait after receiving all multicast complaints
7826
time to verify multicast complaint
2
time to broadcast complaint
1
time to broadcastReceive
20385
time to receive relayed complaints from blockchain
29999
# complaints received in broadcast
836
time to verify complaints from blockchain
76
time to compute pk, sk share and pk share
1
total time:
72083
total idle cost:
7826
protocol cost:
64257
total communication cost:
60896
total computation cost:
3358
generateKeys,1;deal,16;verifyMulticast,2;verifyBroadcast,76;agree,3263;
total data:
1100055
1005501
256
total send:
326515
296291
127
total receive:
773540
709210
129
