time to deal
16
time to dealSend
0
time to dealReceive
21316
time to agree
3219
time to send multicast complaint
38
# complaints received in multicast
2816
time to receive multicast complaint
941
adjust time to finish multicast
4198
time to wait after receiving all multicast complaints
7802
time to verify multicast complaint
2
# complaints send in broadcast
22
time to broadcast complaint
2
time to broadcastReceive
20404
time to receive relayed complaints from blockchain
29998
# complaints received in broadcast
836
time to verify complaints from blockchain
80
time to compute pk, sk share and pk share
1
total time:
72089
total idle cost:
7802
protocol cost:
64287
total communication cost:
60964
total computation cost:
3318
generateKeys,1;deal,16;verifyMulticast,2;verifyBroadcast,80;agree,3219;
total data:
1102807
1007998
257
total send:
329267
298788
128
total receive:
773540
709210
129
