time to deal
23
time to dealSend
0
time to dealReceive
21154
time to agree
3346
time to send multicast complaint
111
# complaints received in multicast
2816
time to receive multicast complaint
708
adjust time to finish multicast
4165
time to wait after receiving all multicast complaints
7835
time to verify multicast complaint
2
time to broadcast complaint
1
time to broadcastReceive
20344
time to receive relayed complaints from blockchain
29998
# complaints received in broadcast
836
time to verify complaints from blockchain
83
time to compute pk, sk share and pk share
1
total time:
72090
total idle cost:
7835
protocol cost:
64255
total communication cost:
60795
total computation cost:
3455
generateKeys,1;deal,23;verifyMulticast,2;verifyBroadcast,83;agree,3346;
total data:
1099929
1005375
256
total send:
326388
296164
127
total receive:
773541
709211
129
