time to deal
28
time to dealSend
0
time to dealReceive
21280
time to agree
3267
time to send multicast complaint
40
# complaints received in multicast
2816
time to receive multicast complaint
832
adjust time to finish multicast
4139
time to wait after receiving all multicast complaints
7861
time to verify multicast complaint
3
time to broadcast complaint
2
time to broadcastReceive
20325
time to receive relayed complaints from blockchain
29997
# complaints received in broadcast
836
time to verify complaints from blockchain
80
time to compute pk, sk share and pk share
2
total time:
72087
total idle cost:
7861
protocol cost:
64226
total communication cost:
60843
total computation cost:
3380
generateKeys,2;deal,28;verifyMulticast,3;verifyBroadcast,80;agree,3267;
total data:
1099677
1005123
256
total send:
326134
295910
127
total receive:
773543
709213
129
