time to deal
21
time to dealSend
0
time to dealReceive
21491
time to agree
3305
time to send multicast complaint
46
# complaints received in multicast
2816
time to receive multicast complaint
846
adjust time to finish multicast
4197
time to wait after receiving all multicast complaints
7803
time to verify multicast complaint
3
time to broadcast complaint
2
time to broadcastReceive
20400
time to receive relayed complaints from blockchain
29997
# complaints received in broadcast
836
time to verify complaints from blockchain
95
time to compute pk, sk share and pk share
3
total time:
72104
total idle cost:
7803
protocol cost:
64301
total communication cost:
60870
total computation cost:
3427
generateKeys,3;deal,21;verifyMulticast,3;verifyBroadcast,95;agree,3305;
total data:
1100433
1005879
256
total send:
326896
296672
127
total receive:
773537
709207
129
