time to deal
145
time to dealSend
3
time to dealReceive
20031
time to agree
460
time to send multicast complaint
0
# complaints received in multicast
0
time to receive multicast complaint
10028
adjust time to finish multicast
10488
time to wait after receiving all multicast complaints
1512
time to verify multicast complaint
0
# complaints send in broadcast
0
time to broadcast complaint
2
time to broadcastReceive
20109
time to receive relayed complaints from blockchain
30000
# complaints received in broadcast
0
time to verify complaints from blockchain
0
time to compute pk, sk share and pk share
1
total time:
72005
total idle cost:
1512
protocol cost:
70493
total communication cost:
69885
total computation cost:
606
generateKeys,1;deal,145;verifyMulticast,0;verifyBroadcast,0;agree,460;
total data:
43119
40517
3
total send:
2555
2389
1
total receive:
40564
38128
2
