time to deal
145
time to dealSend
3
time to dealReceive
20011
time to agree
468
time to send multicast complaint
0
# complaints received in multicast
0
time to receive multicast complaint
10026
adjust time to finish multicast
10494
time to wait after receiving all multicast complaints
1506
time to verify multicast complaint
0
# complaints send in broadcast
0
time to broadcast complaint
2
time to broadcastReceive
20103
time to receive relayed complaints from blockchain
30000
# complaints received in broadcast
0
time to verify complaints from blockchain
0
time to compute pk, sk share and pk share
1
total time:
72006
total idle cost:
1506
protocol cost:
70500
total communication cost:
69883
total computation cost:
614
generateKeys,1;deal,145;verifyMulticast,0;verifyBroadcast,0;agree,468;
total data:
43116
40514
3
total send:
2552
2386
1
total receive:
40564
38128
2
