time to deal
120
time to dealSend
3
time to dealReceive
20037
time to agree
515
time to send multicast complaint
0
# complaints received in multicast
0
time to receive multicast complaint
10026
adjust time to finish multicast
10541
time to wait after receiving all multicast complaints
1459
time to verify multicast complaint
0
time to broadcast complaint
1
time to broadcastReceive
20103
time to receive relayed complaints from blockchain
30000
# complaints received in broadcast
0
time to verify complaints from blockchain
0
time to compute pk, sk share and pk share
1
total time:
72007
total idle cost:
1459
protocol cost:
70548
total communication cost:
69907
total computation cost:
636
generateKeys,1;deal,120;verifyMulticast,0;verifyBroadcast,0;agree,515;
total data:
43119
40517
3
total send:
2555
2389
1
total receive:
40564
38128
2
