time to deal
125
time to dealSend
2
time to dealReceive
20037
time to agree
537
time to send multicast complaint
0
# complaints received in multicast
0
time to receive multicast complaint
10026
adjust time to finish multicast
10563
time to wait after receiving all multicast complaints
1437
time to verify multicast complaint
0
# complaints send in broadcast
0
time to broadcast complaint
1
time to broadcastReceive
20104
time to receive relayed complaints from blockchain
30000
# complaints received in broadcast
0
time to verify complaints from blockchain
0
time to compute pk, sk share and pk share
1
total time:
72008
total idle cost:
1437
protocol cost:
70571
total communication cost:
69902
total computation cost:
663
generateKeys,1;deal,125;verifyMulticast,0;verifyBroadcast,0;agree,537;
total data:
43121
40519
3
total send:
2557
2391
1
total receive:
40564
38128
2
