time to deal
140
time to dealSend
5
time to dealReceive
20720
time to agree
1484
time to send multicast complaint
0
# complaints received in multicast
0
time to receive multicast complaint
10044
adjust time to finish multicast
11528
time to wait after receiving all multicast complaints
472
time to verify multicast complaint
0
# complaints send in broadcast
0
time to broadcast complaint
1
time to broadcastReceive
20108
time to receive relayed complaints from blockchain
30000
# complaints received in broadcast
0
time to verify complaints from blockchain
0
time to compute pk, sk share and pk share
1
total time:
72006
total idle cost:
472
protocol cost:
71534
total communication cost:
69905
total computation cost:
1625
generateKeys,1;deal,140;verifyMulticast,0;verifyBroadcast,0;agree,1484;
total data:
195176
183726
3
total send:
4779
4485
1
total receive:
190397
179241
2
