time to deal
20
time to dealSend
0
time to dealReceive
21111
time to agree
1611
time to send multicast complaint
0
# complaints received in multicast
0
time to receive multicast complaint
10036
adjust time to finish multicast
11647
time to wait after receiving all multicast complaints
353
time to verify multicast complaint
0
time to broadcast complaint
1
time to broadcastReceive
20114
time to receive relayed complaints from blockchain
30000
# complaints received in broadcast
0
time to verify complaints from blockchain
0
time to compute pk, sk share and pk share
1
total time:
72008
total idle cost:
353
protocol cost:
71655
total communication cost:
70018
total computation cost:
1632
generateKeys,1;deal,20;verifyMulticast,0;verifyBroadcast,0;agree,1611;
total data:
190397
179241
2
total send:
0
0
0
total receive:
190397
179241
2
