time to deal
211
time to dealSend
1
time to dealReceive
20681
time to agree
1532
time to send multicast complaint
0
# complaints received in multicast
0
time to receive multicast complaint
10035
adjust time to finish multicast
11567
time to wait after receiving all multicast complaints
433
time to verify multicast complaint
0
# complaints send in broadcast
0
time to broadcast complaint
1
time to broadcastReceive
20110
time to receive relayed complaints from blockchain
30000
# complaints received in broadcast
0
time to verify complaints from blockchain
0
time to compute pk, sk share and pk share
1
total time:
72007
total idle cost:
433
protocol cost:
71574
total communication cost:
69825
total computation cost:
1744
generateKeys,1;deal,211;verifyMulticast,0;verifyBroadcast,0;agree,1532;
total data:
195175
183725
3
total send:
4778
4484
1
total receive:
190397
179241
2
