time to deal
176
time to dealSend
6
time to dealReceive
20721
time to agree
1495
time to send multicast complaint
0
# complaints received in multicast
0
time to receive multicast complaint
10042
adjust time to finish multicast
11537
time to wait after receiving all multicast complaints
463
time to verify multicast complaint
0
time to broadcast complaint
1
time to broadcastReceive
20108
time to receive relayed complaints from blockchain
30001
# complaints received in broadcast
0
time to verify complaints from blockchain
0
time to compute pk, sk share and pk share
1
total time:
72007
total idle cost:
463
protocol cost:
71544
total communication cost:
69868
total computation cost:
1672
generateKeys,1;deal,176;verifyMulticast,0;verifyBroadcast,0;agree,1495;
total data:
195175
183725
3
total send:
4778
4484
1
total receive:
190397
179241
2
