time to deal
170
time to dealSend
3
time to dealReceive
20684
time to agree
1636
time to send multicast complaint
0
# complaints received in multicast
0
time to receive multicast complaint
10039
adjust time to finish multicast
11675
time to wait after receiving all multicast complaints
325
time to verify multicast complaint
0
# complaints send in broadcast
0
time to broadcast complaint
1
time to broadcastReceive
20106
time to receive relayed complaints from blockchain
30001
# complaints received in broadcast
0
time to verify complaints from blockchain
0
time to compute pk, sk share and pk share
1
total time:
72007
total idle cost:
325
protocol cost:
71682
total communication cost:
69871
total computation cost:
1807
generateKeys,1;deal,170;verifyMulticast,0;verifyBroadcast,0;agree,1636;
total data:
195175
183725
3
total send:
4778
4484
1
total receive:
190397
179241
2
