time to deal
20
time to dealSend
0
time to dealReceive
20822
time to agree
1685
time to send multicast complaint
0
# complaints received in multicast
0
time to receive multicast complaint
10038
adjust time to finish multicast
11723
time to wait after receiving all multicast complaints
277
time to verify multicast complaint
0
# complaints send in broadcast
0
time to broadcast complaint
1
time to broadcastReceive
20105
time to receive relayed complaints from blockchain
30000
# complaints received in broadcast
0
time to verify complaints from blockchain
0
time to compute pk, sk share and pk share
1
total time:
72005
total idle cost:
277
protocol cost:
71728
total communication cost:
70019
total computation cost:
1706
generateKeys,1;deal,20;verifyMulticast,0;verifyBroadcast,0;agree,1685;
total data:
190397
179241
2
total send:
0
0
0
total receive:
190397
179241
2
