time to deal
211
time to dealSend
1
time to dealReceive
20544
time to agree
1514
time to send multicast complaint
0
# complaints received in multicast
0
time to receive multicast complaint
10047
adjust time to finish multicast
11561
time to wait after receiving all multicast complaints
439
time to verify multicast complaint
0
time to broadcast complaint
1
time to broadcastReceive
20101
time to receive relayed complaints from blockchain
30001
# complaints received in broadcast
0
time to verify complaints from blockchain
0
time to compute pk, sk share and pk share
1
total time:
72006
total idle cost:
439
protocol cost:
71567
total communication cost:
69838
total computation cost:
1726
generateKeys,1;deal,211;verifyMulticast,0;verifyBroadcast,0;agree,1514;
total data:
195178
183728
3
total send:
4781
4487
1
total receive:
190397
179241
2
