time to deal
166
time to dealSend
4
time to dealReceive
20905
time to agree
1690
time to send multicast complaint
0
# complaints received in multicast
0
time to receive multicast complaint
10033
adjust time to finish multicast
11723
time to wait after receiving all multicast complaints
277
time to verify multicast complaint
0
# complaints send in broadcast
0
time to broadcast complaint
1
time to broadcastReceive
20107
time to receive relayed complaints from blockchain
30000
# complaints received in broadcast
0
time to verify complaints from blockchain
0
time to compute pk, sk share and pk share
2
total time:
72007
total idle cost:
277
protocol cost:
71730
total communication cost:
69868
total computation cost:
1858
generateKeys,2;deal,166;verifyMulticast,0;verifyBroadcast,0;agree,1690;
total data:
195171
183721
3
total send:
4774
4480
1
total receive:
190397
179241
2
