time to deal
203
time to dealSend
1
time to dealReceive
20782
time to agree
1570
time to send multicast complaint
0
# complaints received in multicast
0
time to receive multicast complaint
10038
adjust time to finish multicast
11608
time to wait after receiving all multicast complaints
392
time to verify multicast complaint
0
time to broadcast complaint
1
time to broadcastReceive
20103
time to receive relayed complaints from blockchain
30001
# complaints received in broadcast
0
time to verify complaints from blockchain
0
time to compute pk, sk share and pk share
1
total time:
72007
total idle cost:
392
protocol cost:
71615
total communication cost:
69837
total computation cost:
1774
generateKeys,1;deal,203;verifyMulticast,0;verifyBroadcast,0;agree,1570;
total data:
195176
183726
3
total send:
4779
4485
1
total receive:
190397
179241
2
