time to deal
171
time to dealSend
3
time to dealReceive
20834
time to agree
1536
time to send multicast complaint
0
# complaints received in multicast
0
time to receive multicast complaint
10034
adjust time to finish multicast
11570
time to wait after receiving all multicast complaints
430
time to verify multicast complaint
0
# complaints send in broadcast
0
time to broadcast complaint
1
time to broadcastReceive
20103
time to receive relayed complaints from blockchain
30000
# complaints received in broadcast
0
time to verify complaints from blockchain
0
time to compute pk, sk share and pk share
1
total time:
72007
total idle cost:
430
protocol cost:
71577
total communication cost:
69864
total computation cost:
1708
generateKeys,1;deal,171;verifyMulticast,0;verifyBroadcast,0;agree,1536;
total data:
195174
183724
3
total send:
4777
4483
1
total receive:
190397
179241
2
