time to deal
14
time to dealSend
0
time to dealReceive
20989
time to agree
1655
time to send multicast complaint
0
# complaints received in multicast
0
time to receive multicast complaint
10035
adjust time to finish multicast
11690
time to wait after receiving all multicast complaints
310
time to verify multicast complaint
0
time to broadcast complaint
1
time to broadcastReceive
20103
time to receive relayed complaints from blockchain
30000
# complaints received in broadcast
0
time to verify complaints from blockchain
0
time to compute pk, sk share and pk share
1
total time:
72007
total idle cost:
310
protocol cost:
71697
total communication cost:
70022
total computation cost:
1670
generateKeys,1;deal,14;verifyMulticast,0;verifyBroadcast,0;agree,1655;
total data:
190397
179241
2
total send:
0
0
0
total receive:
190397
179241
2
