time to deal
18
time to dealSend
0
time to dealReceive
20898
time to agree
1653
time to send multicast complaint
0
# complaints received in multicast
0
time to receive multicast complaint
10034
adjust time to finish multicast
11687
time to wait after receiving all multicast complaints
313
time to verify multicast complaint
0
# complaints send in broadcast
0
time to broadcast complaint
1
time to broadcastReceive
20112
time to receive relayed complaints from blockchain
30000
# complaints received in broadcast
0
time to verify complaints from blockchain
0
time to compute pk, sk share and pk share
1
total time:
72006
total idle cost:
313
protocol cost:
71693
total communication cost:
70017
total computation cost:
1672
generateKeys,1;deal,18;verifyMulticast,0;verifyBroadcast,0;agree,1653;
total data:
190397
179241
2
total send:
0
0
0
total receive:
190397
179241
2
