time to deal
125
time to dealSend
3
time to dealReceive
20034
time to agree
582
time to send multicast complaint
35
# complaints received in multicast
224
time to receive multicast complaint
243
adjust time to finish multicast
860
time to wait after receiving all multicast complaints
11140
time to verify multicast complaint
0
time to broadcast complaint
1
time to broadcastReceive
20114
time to receive relayed complaints from blockchain
30000
# complaints received in broadcast
98
time to verify complaints from blockchain
53
time to compute pk, sk share and pk share
2
total time:
72062
total idle cost:
11140
protocol cost:
60922
total communication cost:
60155
total computation cost:
762
generateKeys,2;deal,125;verifyMulticast,0;verifyBroadcast,53;agree,582;
total data:
111144
101285
65
total send:
28375
25483
32
total receive:
82769
75802
33
