time to deal
121
time to dealSend
4
time to dealReceive
20050
time to agree
538
time to send multicast complaint
13
# complaints received in multicast
224
time to receive multicast complaint
319
adjust time to finish multicast
870
time to wait after receiving all multicast complaints
11130
time to verify multicast complaint
0
# complaints send in broadcast
7
time to broadcast complaint
3
time to broadcastReceive
20118
time to receive relayed complaints from blockchain
30001
# complaints received in broadcast
98
time to verify complaints from blockchain
23
time to compute pk, sk share and pk share
1
total time:
72030
total idle cost:
11130
protocol cost:
60900
total communication cost:
60215
total computation cost:
683
generateKeys,1;deal,121;verifyMulticast,0;verifyBroadcast,23;agree,538;
total data:
111087
101124
66
total send:
28316
25320
33
total receive:
82771
75804
33
