time to deal
163
time to dealSend
2
time to dealReceive
19977
time to agree
509
time to send multicast complaint
16
# complaints received in multicast
224
time to receive multicast complaint
322
adjust time to finish multicast
847
time to wait after receiving all multicast complaints
11153
time to verify multicast complaint
0
# complaints send in broadcast
7
time to broadcast complaint
5
time to broadcastReceive
20098
time to receive relayed complaints from blockchain
30000
# complaints received in broadcast
98
time to verify complaints from blockchain
24
time to compute pk, sk share and pk share
1
total time:
72042
total idle cost:
11153
protocol cost:
60889
total communication cost:
60180
total computation cost:
697
generateKeys,1;deal,163;verifyMulticast,0;verifyBroadcast,24;agree,509;
total data:
110932
100969
66
total send:
28156
25160
33
total receive:
82776
75809
33
