time to deal
18
time to dealSend
0
time to dealReceive
21961
time to agree
6075
time to send multicast complaint
169
# complaints received in multicast
6144
time to receive multicast complaint
725
adjust time to finish multicast
6969
time to wait after receiving all multicast complaints
5031
time to verify multicast complaint
5
time to broadcast complaint
1
time to broadcastReceive
20120
time to receive relayed complaints from blockchain
29995
# complaints received in broadcast
696
time to verify complaints from blockchain
69
time to compute pk, sk share and pk share
1
total time:
72076
total idle cost:
5031
protocol cost:
67045
total communication cost:
60872
total computation cost:
6168
generateKeys,1;deal,18;verifyMulticast,5;verifyBroadcast,69;agree,6075;
total data:
2135665
1949299
512
total send:
714636
648720
255
total receive:
1421029
1300579
257
