time to deal
14
time to dealSend
0
time to dealReceive
22078
time to agree
6065
time to send multicast complaint
59
# complaints received in multicast
6144
time to receive multicast complaint
950
adjust time to finish multicast
7074
time to wait after receiving all multicast complaints
4926
time to verify multicast complaint
7
time to broadcast complaint
1
time to broadcastReceive
20300
time to receive relayed complaints from blockchain
29993
# complaints received in broadcast
696
time to verify complaints from blockchain
67
time to compute pk, sk share and pk share
1
total time:
72074
total idle cost:
4926
protocol cost:
67148
total communication cost:
60989
total computation cost:
6154
generateKeys,1;deal,14;verifyMulticast,7;verifyBroadcast,67;agree,6065;
total data:
2135157
1948791
512
total send:
714126
648210
255
total receive:
1421031
1300581
257
