time to deal
13
time to dealSend
0
time to dealReceive
21944
time to agree
5925
time to send multicast complaint
178
# complaints received in multicast
6144
time to receive multicast complaint
955
adjust time to finish multicast
7058
time to wait after receiving all multicast complaints
4942
time to verify multicast complaint
5
time to broadcast complaint
1
time to broadcastReceive
20328
time to receive relayed complaints from blockchain
29995
# complaints received in broadcast
696
time to verify complaints from blockchain
60
time to compute pk, sk share and pk share
1
total time:
72066
total idle cost:
4942
protocol cost:
67124
total communication cost:
61116
total computation cost:
6004
generateKeys,1;deal,13;verifyMulticast,5;verifyBroadcast,60;agree,5925;
total data:
2135919
1949553
512
total send:
714891
648975
255
total receive:
1421028
1300578
257
