time to deal
14
time to dealSend
0
time to dealReceive
21653
time to agree
6001
time to send multicast complaint
85
# complaints received in multicast
6144
time to receive multicast complaint
941
adjust time to finish multicast
7027
time to wait after receiving all multicast complaints
4973
time to verify multicast complaint
5
time to broadcast complaint
1
time to broadcastReceive
20216
time to receive relayed complaints from blockchain
29995
# complaints received in broadcast
696
time to verify complaints from blockchain
63
time to compute pk, sk share and pk share
2
total time:
72069
total idle cost:
4973
protocol cost:
67096
total communication cost:
61009
total computation cost:
6085
generateKeys,2;deal,14;verifyMulticast,5;verifyBroadcast,63;agree,6001;
total data:
2136427
1950061
512
total send:
715401
649485
255
total receive:
1421026
1300576
257
