time to deal
13
time to dealSend
0
time to dealReceive
22436
time to agree
5864
time to send multicast complaint
72
# complaints received in multicast
6144
time to receive multicast complaint
1106
adjust time to finish multicast
7042
time to wait after receiving all multicast complaints
4958
time to verify multicast complaint
4
# complaints send in broadcast
24
time to broadcast complaint
3
time to broadcastReceive
20289
time to receive relayed complaints from blockchain
29996
# complaints received in broadcast
696
time to verify complaints from blockchain
61
time to compute pk, sk share and pk share
1
total time:
72069
total idle cost:
4958
protocol cost:
67111
total communication cost:
61164
total computation cost:
5943
generateKeys,1;deal,13;verifyMulticast,4;verifyBroadcast,61;agree,5864;
total data:
2138393
1951752
513
total send:
717363
651172
256
total receive:
1421030
1300580
257
