time to deal
13
time to dealSend
0
time to dealReceive
22189
time to agree
6297
time to send multicast complaint
156
# complaints received in multicast
6144
time to receive multicast complaint
630
adjust time to finish multicast
7083
time to wait after receiving all multicast complaints
4917
time to verify multicast complaint
5
time to broadcast complaint
0
time to broadcastReceive
20328
time to receive relayed complaints from blockchain
29995
# complaints received in broadcast
696
time to verify complaints from blockchain
63
time to compute pk, sk share and pk share
2
total time:
72071
total idle cost:
4917
protocol cost:
67154
total communication cost:
60768
total computation cost:
6380
generateKeys,2;deal,13;verifyMulticast,5;verifyBroadcast,63;agree,6297;
total data:
2136173
1949807
512
total send:
715146
649230
255
total receive:
1421027
1300577
257
