time to deal
13
time to dealSend
0
time to dealReceive
23438
time to agree
5905
time to send multicast complaint
69
# complaints received in multicast
6144
time to receive multicast complaint
1041
adjust time to finish multicast
7015
time to wait after receiving all multicast complaints
4985
time to verify multicast complaint
5
time to broadcast complaint
1
time to broadcastReceive
20193
time to receive relayed complaints from blockchain
29995
# complaints received in broadcast
696
time to verify complaints from blockchain
61
time to compute pk, sk share and pk share
2
total time:
72068
total idle cost:
4985
protocol cost:
67083
total communication cost:
61094
total computation cost:
5986
generateKeys,2;deal,13;verifyMulticast,5;verifyBroadcast,61;agree,5905;
total data:
2136683
1949807
512
total send:
715400
649230
255
total receive:
1421283
1300577
257
