time to deal
16
time to dealSend
0
time to dealReceive
21612
time to agree
6047
time to send multicast complaint
65
# complaints received in multicast
6144
time to receive multicast complaint
897
adjust time to finish multicast
7009
time to wait after receiving all multicast complaints
4991
time to verify multicast complaint
6
time to broadcast complaint
1
time to broadcastReceive
20195
time to receive relayed complaints from blockchain
29995
# complaints received in broadcast
696
time to verify complaints from blockchain
69
time to compute pk, sk share and pk share
2
total time:
72077
total idle cost:
4991
protocol cost:
67086
total communication cost:
60942
total computation cost:
6140
generateKeys,2;deal,16;verifyMulticast,6;verifyBroadcast,69;agree,6047;
total data:
2135667
1948791
512
total send:
714380
648210
255
total receive:
1421287
1300581
257
