time to deal
12
time to dealSend
0
time to dealReceive
21747
time to agree
5967
time to send multicast complaint
102
# complaints received in multicast
6144
time to receive multicast complaint
965
adjust time to finish multicast
7034
time to wait after receiving all multicast complaints
4966
time to verify multicast complaint
5
time to broadcast complaint
1
time to broadcastReceive
20249
time to receive relayed complaints from blockchain
29995
# complaints received in broadcast
696
time to verify complaints from blockchain
64
time to compute pk, sk share and pk share
2
total time:
72071
total idle cost:
4966
protocol cost:
67105
total communication cost:
61051
total computation cost:
6050
generateKeys,2;deal,12;verifyMulticast,5;verifyBroadcast,64;agree,5967;
total data:
2136175
1949299
512
total send:
714890
648720
255
total receive:
1421285
1300579
257
