time to deal
25
time to dealSend
0
time to dealReceive
21592
time to agree
5848
time to send multicast complaint
57
# complaints received in multicast
6144
time to receive multicast complaint
1113
adjust time to finish multicast
7018
time to wait after receiving all multicast complaints
4982
time to verify multicast complaint
5
time to broadcast complaint
1
time to broadcastReceive
20195
time to receive relayed complaints from blockchain
29996
# complaints received in broadcast
696
time to verify complaints from blockchain
65
time to compute pk, sk share and pk share
2
total time:
72073
total idle cost:
4982
protocol cost:
67091
total communication cost:
61142
total computation cost:
5945
generateKeys,2;deal,25;verifyMulticast,5;verifyBroadcast,65;agree,5848;
total data:
2135921
1949045
512
total send:
714635
648465
255
total receive:
1421286
1300580
257
