time to deal
14
time to dealSend
0
time to dealReceive
21589
time to agree
5896
time to send multicast complaint
73
# complaints received in multicast
6144
time to receive multicast complaint
1029
adjust time to finish multicast
6998
time to wait after receiving all multicast complaints
5002
time to verify multicast complaint
4
time to broadcast complaint
1
time to broadcastReceive
20189
time to receive relayed complaints from blockchain
29996
# complaints received in broadcast
696
time to verify complaints from blockchain
62
time to compute pk, sk share and pk share
2
total time:
72069
total idle cost:
5002
protocol cost:
67067
total communication cost:
61085
total computation cost:
5978
generateKeys,2;deal,14;verifyMulticast,4;verifyBroadcast,62;agree,5896;
total data:
2136683
1949807
512
total send:
715400
649230
255
total receive:
1421283
1300577
257
