time to deal
14
time to dealSend
0
time to dealReceive
23320
time to agree
6266
time to send multicast complaint
161
# complaints received in multicast
6144
time to receive multicast complaint
640
adjust time to finish multicast
7067
time to wait after receiving all multicast complaints
4933
time to verify multicast complaint
5
time to broadcast complaint
1
time to broadcastReceive
20293
time to receive relayed complaints from blockchain
29995
# complaints received in broadcast
696
time to verify complaints from blockchain
68
time to compute pk, sk share and pk share
2
total time:
72075
total idle cost:
4933
protocol cost:
67142
total communication cost:
60783
total computation cost:
6355
generateKeys,2;deal,14;verifyMulticast,5;verifyBroadcast,68;agree,6266;
total data:
2135667
1948791
512
total send:
714380
648210
255
total receive:
1421287
1300581
257
