time to deal
13
time to dealSend
0
time to dealReceive
21485
time to agree
6025
time to send multicast complaint
56
# complaints received in multicast
6144
time to receive multicast complaint
920
adjust time to finish multicast
7001
time to wait after receiving all multicast complaints
4999
time to verify multicast complaint
5
time to broadcast complaint
1
time to broadcastReceive
20148
time to receive relayed complaints from blockchain
29995
# complaints received in broadcast
696
time to verify complaints from blockchain
64
time to compute pk, sk share and pk share
2
total time:
72072
total idle cost:
4999
protocol cost:
67073
total communication cost:
60959
total computation cost:
6109
generateKeys,2;deal,13;verifyMulticast,5;verifyBroadcast,64;agree,6025;
total data:
2136683
1949807
512
total send:
715400
649230
255
total receive:
1421283
1300577
257
