time to deal
454
time to dealSend
6
time to dealReceive
21412
time to agree
5895
time to send multicast complaint
97
# complaints received in multicast
6144
time to receive multicast complaint
1060
adjust time to finish multicast
7052
time to wait after receiving all multicast complaints
4948
time to verify multicast complaint
6
time to broadcast complaint
1
time to broadcastReceive
20295
time to receive relayed complaints from blockchain
29995
# complaints received in broadcast
696
time to verify complaints from blockchain
64
time to compute pk, sk share and pk share
2
total time:
72072
total idle cost:
4948
protocol cost:
67124
total communication cost:
60699
total computation cost:
6421
generateKeys,2;deal,454;verifyMulticast,6;verifyBroadcast,64;agree,5895;
total data:
2153543
1965602
513
total send:
732255
665020
256
total receive:
1421288
1300582
257
