time to deal
14
time to dealSend
0
time to dealReceive
21740
time to agree
5705
time to send multicast complaint
49
# complaints received in multicast
6144
time to receive multicast complaint
1262
adjust time to finish multicast
7016
time to wait after receiving all multicast complaints
4984
time to verify multicast complaint
5
time to broadcast complaint
1
time to broadcastReceive
20163
time to receive relayed complaints from blockchain
29996
# complaints received in broadcast
696
time to verify complaints from blockchain
61
time to compute pk, sk share and pk share
3
total time:
72069
total idle cost:
4984
protocol cost:
67085
total communication cost:
61294
total computation cost:
5788
generateKeys,3;deal,14;verifyMulticast,5;verifyBroadcast,61;agree,5705;
total data:
2136175
1949299
512
total send:
714890
648720
255
total receive:
1421285
1300579
257
