time to deal
431
time to dealSend
2
time to dealReceive
22078
time to agree
5875
time to send multicast complaint
75
# complaints received in multicast
6144
time to receive multicast complaint
1113
adjust time to finish multicast
7063
time to wait after receiving all multicast complaints
4937
time to verify multicast complaint
5
time to broadcast complaint
0
time to broadcastReceive
20352
time to receive relayed complaints from blockchain
29995
# complaints received in broadcast
696
time to verify complaints from blockchain
64
time to compute pk, sk share and pk share
2
total time:
72074
total idle cost:
4937
protocol cost:
67137
total communication cost:
60753
total computation cost:
6377
generateKeys,2;deal,431;verifyMulticast,5;verifyBroadcast,64;agree,5875;
total data:
2153788
1965847
513
total send:
732501
665266
256
total receive:
1421287
1300581
257
