time to deal
12
time to dealSend
0
time to dealReceive
21583
time to agree
5950
time to send multicast complaint
55
# complaints received in multicast
6144
time to receive multicast complaint
1008
adjust time to finish multicast
7013
time to wait after receiving all multicast complaints
4987
time to verify multicast complaint
5
time to broadcast complaint
1
time to broadcastReceive
20182
time to receive relayed complaints from blockchain
29995
# complaints received in broadcast
696
time to verify complaints from blockchain
64
time to compute pk, sk share and pk share
2
total time:
72072
total idle cost:
4987
protocol cost:
67085
total communication cost:
61048
total computation cost:
6033
generateKeys,2;deal,12;verifyMulticast,5;verifyBroadcast,64;agree,5950;
total data:
2136683
1949807
512
total send:
715400
649230
255
total receive:
1421283
1300577
257
