time to deal
14
time to dealSend
0
time to dealReceive
21517
time to agree
5917
time to send multicast complaint
92
# complaints received in multicast
6144
time to receive multicast complaint
998
adjust time to finish multicast
7007
time to wait after receiving all multicast complaints
4993
time to verify multicast complaint
5
time to broadcast complaint
1
time to broadcastReceive
20160
time to receive relayed complaints from blockchain
29995
# complaints received in broadcast
696
time to verify complaints from blockchain
63
time to compute pk, sk share and pk share
2
total time:
72071
total idle cost:
4993
protocol cost:
67078
total communication cost:
61072
total computation cost:
6001
generateKeys,2;deal,14;verifyMulticast,5;verifyBroadcast,63;agree,5917;
total data:
2137191
1950315
512
total send:
715910
649740
255
total receive:
1421281
1300575
257
