time to deal
14
time to dealSend
0
time to dealReceive
21546
time to agree
6128
time to send multicast complaint
88
# complaints received in multicast
6144
time to receive multicast complaint
781
adjust time to finish multicast
6997
time to wait after receiving all multicast complaints
5003
time to verify multicast complaint
5
time to broadcast complaint
1
time to broadcastReceive
20165
time to receive relayed complaints from blockchain
29998
# complaints received in broadcast
696
time to verify complaints from blockchain
72
time to compute pk, sk share and pk share
2
total time:
72083
total idle cost:
5003
protocol cost:
67080
total communication cost:
60855
total computation cost:
6221
generateKeys,2;deal,14;verifyMulticast,5;verifyBroadcast,72;agree,6128;
total data:
2137191
1950315
512
total send:
715910
649740
255
total receive:
1421281
1300575
257
