time to deal
15
time to dealSend
0
time to dealReceive
21396
time to agree
6105
time to send multicast complaint
86
# complaints received in multicast
6144
time to receive multicast complaint
781
adjust time to finish multicast
6972
time to wait after receiving all multicast complaints
5028
time to verify multicast complaint
5
time to broadcast complaint
1
time to broadcastReceive
20129
time to receive relayed complaints from blockchain
29995
# complaints received in broadcast
696
time to verify complaints from blockchain
68
time to compute pk, sk share and pk share
2
total time:
72077
total idle cost:
5028
protocol cost:
67049
total communication cost:
60849
total computation cost:
6195
generateKeys,2;deal,15;verifyMulticast,5;verifyBroadcast,68;agree,6105;
total data:
2136937
1950061
512
total send:
715655
649485
255
total receive:
1421282
1300576
257
