time to deal
12
time to dealSend
0
time to dealReceive
21901
time to agree
5819
time to send multicast complaint
81
# complaints received in multicast
6144
time to receive multicast complaint
1140
adjust time to finish multicast
7040
time to wait after receiving all multicast complaints
4960
time to verify multicast complaint
5
# complaints send in broadcast
24
time to broadcast complaint
2
time to broadcastReceive
20307
time to receive relayed complaints from blockchain
29995
# complaints received in broadcast
696
time to verify complaints from blockchain
62
time to compute pk, sk share and pk share
2
total time:
72072
total idle cost:
4960
protocol cost:
67112
total communication cost:
61206
total computation cost:
5900
generateKeys,2;deal,12;verifyMulticast,5;verifyBroadcast,62;agree,5819;
total data:
2139160
1952008
513
total send:
717875
651429
256
total receive:
1421285
1300579
257
