time to deal
16
time to dealSend
0
time to dealReceive
21353
time to agree
6466
time to send multicast complaint
79
# complaints received in multicast
6144
time to receive multicast complaint
534
adjust time to finish multicast
7079
time to wait after receiving all multicast complaints
4921
time to verify multicast complaint
5
time to broadcast complaint
1
time to broadcastReceive
20116
time to receive relayed complaints from blockchain
29995
# complaints received in broadcast
696
time to verify complaints from blockchain
65
time to compute pk, sk share and pk share
2
total time:
72073
total idle cost:
4921
protocol cost:
67152
total communication cost:
60593
total computation cost:
6554
generateKeys,2;deal,16;verifyMulticast,5;verifyBroadcast,65;agree,6466;
total data:
2135159
1948283
512
total send:
713870
647700
255
total receive:
1421289
1300583
257
