time to deal
23
time to dealSend
0
time to dealReceive
21537
time to agree
6247
time to send multicast complaint
145
# complaints received in multicast
6144
time to receive multicast complaint
601
adjust time to finish multicast
6993
time to wait after receiving all multicast complaints
5007
time to verify multicast complaint
5
time to broadcast complaint
1
time to broadcastReceive
20166
time to receive relayed complaints from blockchain
29995
# complaints received in broadcast
696
time to verify complaints from blockchain
63
time to compute pk, sk share and pk share
2
total time:
72069
total idle cost:
5007
protocol cost:
67062
total communication cost:
60719
total computation cost:
6340
generateKeys,2;deal,23;verifyMulticast,5;verifyBroadcast,63;agree,6247;
total data:
2136429
1949553
512
total send:
715145
648975
255
total receive:
1421284
1300578
257
