time to deal
13
time to dealSend
0
time to dealReceive
22291
time to agree
6110
time to send multicast complaint
101
# complaints received in multicast
6144
time to receive multicast complaint
818
adjust time to finish multicast
7029
time to wait after receiving all multicast complaints
4971
time to verify multicast complaint
5
time to broadcast complaint
1
time to broadcastReceive
20351
time to receive relayed complaints from blockchain
29995
# complaints received in broadcast
696
time to verify complaints from blockchain
68
time to compute pk, sk share and pk share
2
total time:
72075
total idle cost:
4971
protocol cost:
67104
total communication cost:
60902
total computation cost:
6198
generateKeys,2;deal,13;verifyMulticast,5;verifyBroadcast,68;agree,6110;
total data:
2135921
1949045
512
total send:
714635
648465
255
total receive:
1421286
1300580
257
