blockchain took # ms to receive the first packet dealBlockchainRelay
484
time to capture dealBlockchain
20022
time to send dealBlockchain
939
time to relay in blockchain
20962
time to sync with multicast + agree
blockchain took # ms to receive the first packet broadcastBlockchainRelay
111
time to capture broadcastBlockchainRelay
20008
time to send broadcastBlockchainRelay
259
time to relay broadcast complaints from blockchain
20268
total time:
72000
total data:
181738105
167721284
586
total send:
181029628
167068672
512
total receive:
708477
652612
74
