time to deal
13
time to dealSend
0
time to dealReceive
22009
time to agree
5890
time to send multicast complaint
65
# complaints received in multicast
6144
time to receive multicast complaint
1110
adjust time to finish multicast
7065
time to wait after receiving all multicast complaints
4935
time to verify multicast complaint
5
time to broadcast complaint
1
time to broadcastReceive
20275
time to receive relayed complaints from blockchain
29996
# complaints received in broadcast
696
time to verify complaints from blockchain
52
time to compute pk, sk share and pk share
1
total time:
72059
total idle cost:
4935
protocol cost:
67124
total communication cost:
61159
total computation cost:
5961
generateKeys,1;deal,13;verifyMulticast,5;verifyBroadcast,52;agree,5890;
total data:
2137443
1951077
512
total send:
716421
650505
255
total receive:
1421022
1300572
257
