time to deal
14
time to dealSend
0
time to dealReceive
21659
time to agree
5996
time to send multicast complaint
63
# complaints received in multicast
6144
time to receive multicast complaint
924
adjust time to finish multicast
6983
time to wait after receiving all multicast complaints
5017
time to verify multicast complaint
4
time to broadcast complaint
1
time to broadcastReceive
20144
time to receive relayed complaints from blockchain
29997
# complaints received in broadcast
696
time to verify complaints from blockchain
54
time to compute pk, sk share and pk share
2
total time:
72062
total idle cost:
5017
protocol cost:
67045
total communication cost:
60971
total computation cost:
6070
generateKeys,2;deal,14;verifyMulticast,4;verifyBroadcast,54;agree,5996;
total data:
2135157
1948791
512
total send:
714126
648210
255
total receive:
1421031
1300581
257
