time to deal
13
time to dealSend
0
time to dealReceive
21808
time to agree
5997
time to send multicast complaint
102
# complaints received in multicast
6144
time to receive multicast complaint
955
adjust time to finish multicast
7054
time to wait after receiving all multicast complaints
4946
time to verify multicast complaint
5
time to broadcast complaint
1
time to broadcastReceive
20282
time to receive relayed complaints from blockchain
29995
# complaints received in broadcast
696
time to verify complaints from blockchain
64
time to compute pk, sk share and pk share
2
total time:
72070
total idle cost:
4946
protocol cost:
67124
total communication cost:
61040
total computation cost:
6081
generateKeys,2;deal,13;verifyMulticast,5;verifyBroadcast,64;agree,5997;
total data:
2135919
1949553
512
total send:
714891
648975
255
total receive:
1421028
1300578
257
