time to deal
16
time to dealSend
0
time to dealReceive
22045
time to agree
5765
time to send multicast complaint
73
# complaints received in multicast
6144
time to receive multicast complaint
1178
adjust time to finish multicast
7016
time to wait after receiving all multicast complaints
4984
time to verify multicast complaint
5
time to broadcast complaint
1
time to broadcastReceive
20212
time to receive relayed complaints from blockchain
29995
# complaints received in broadcast
696
time to verify complaints from blockchain
61
time to compute pk, sk share and pk share
2
total time:
72068
total idle cost:
4984
protocol cost:
67084
total communication cost:
61231
total computation cost:
5849
generateKeys,2;deal,16;verifyMulticast,5;verifyBroadcast,61;agree,5765;
total data:
2135157
1948791
512
total send:
714126
648210
255
total receive:
1421031
1300581
257
