time to deal
14
time to dealSend
0
time to dealReceive
21770
time to agree
5865
time to send multicast complaint
66
# complaints received in multicast
6144
time to receive multicast complaint
1120
adjust time to finish multicast
7051
time to wait after receiving all multicast complaints
4949
time to verify multicast complaint
6
time to broadcast complaint
1
time to broadcastReceive
20266
time to receive relayed complaints from blockchain
29994
# complaints received in broadcast
696
time to verify complaints from blockchain
62
time to compute pk, sk share and pk share
2
total time:
72069
total idle cost:
4949
protocol cost:
67120
total communication cost:
61167
total computation cost:
5949
generateKeys,2;deal,14;verifyMulticast,6;verifyBroadcast,62;agree,5865;
total data:
2135411
1949045
512
total send:
714381
648465
255
total receive:
1421030
1300580
257
