time to deal
14
time to dealSend
0
time to dealReceive
21418
time to agree
6150
time to send multicast complaint
88
# complaints received in multicast
6144
time to receive multicast complaint
776
adjust time to finish multicast
7014
time to wait after receiving all multicast complaints
4986
time to verify multicast complaint
5
time to broadcast complaint
1
time to broadcastReceive
20129
time to receive relayed complaints from blockchain
29995
# complaints received in broadcast
696
time to verify complaints from blockchain
62
time to compute pk, sk share and pk share
2
total time:
72068
total idle cost:
4986
protocol cost:
67082
total communication cost:
60846
total computation cost:
6233
generateKeys,2;deal,14;verifyMulticast,5;verifyBroadcast,62;agree,6150;
total data:
2134903
1948537
512
total send:
713871
647955
255
total receive:
1421032
1300582
257
