time to deal
14
time to dealSend
0
time to dealReceive
22392
time to agree
6499
time to send multicast complaint
101
# complaints received in multicast
6144
time to receive multicast complaint
567
adjust time to finish multicast
7167
time to wait after receiving all multicast complaints
4833
time to verify multicast complaint
5
time to broadcast complaint
1
time to broadcastReceive
20336
time to receive relayed complaints from blockchain
29995
# complaints received in broadcast
696
time to verify complaints from blockchain
69
time to compute pk, sk share and pk share
2
total time:
72076
total idle cost:
4833
protocol cost:
67243
total communication cost:
60650
total computation cost:
6589
generateKeys,2;deal,14;verifyMulticast,5;verifyBroadcast,69;agree,6499;
total data:
2136681
1950315
512
total send:
715656
649740
255
total receive:
1421025
1300575
257
