time to deal
20
time to dealSend
0
time to dealReceive
21821
time to agree
6092
time to send multicast complaint
69
# complaints received in multicast
6144
time to receive multicast complaint
842
adjust time to finish multicast
7003
time to wait after receiving all multicast complaints
4997
time to verify multicast complaint
5
time to broadcast complaint
1
time to broadcastReceive
20205
time to receive relayed complaints from blockchain
29995
# complaints received in broadcast
696
time to verify complaints from blockchain
50
time to compute pk, sk share and pk share
1
total time:
72057
total idle cost:
4997
protocol cost:
67060
total communication cost:
60887
total computation cost:
6168
generateKeys,1;deal,20;verifyMulticast,5;verifyBroadcast,50;agree,6092;
total data:
2137697
1951331
512
total send:
716676
650760
255
total receive:
1421021
1300571
257
