time to deal
22
time to dealSend
0
time to dealReceive
21159
time to agree
2722
time to send multicast complaint
0
# complaints received in multicast
0
time to receive multicast complaint
10047
adjust time to finish multicast
12769
time to wait after receiving all multicast complaints
-769
time to verify multicast complaint
0
time to broadcast complaint
1
time to broadcastReceive
19346
time to receive relayed complaints from blockchain
30000
# complaints received in broadcast
0
time to verify complaints from blockchain
0
time to compute pk, sk share and pk share
1
total time:
72773
total idle cost:
0
protocol cost:
72773
total communication cost:
70026
total computation cost:
2745
generateKeys,1;deal,22;verifyMulticast,0;verifyBroadcast,0;agree,2722;
total data:
294726
277600
2
total send:
0
0
0
total receive:
294726
277600
2
