time to deal
15
time to dealSend
0
time to dealReceive
21139
time to agree
2602
time to send multicast complaint
0
# complaints received in multicast
0
time to receive multicast complaint
10046
adjust time to finish multicast
12648
time to wait after receiving all multicast complaints
-648
time to verify multicast complaint
0
time to broadcast complaint
1
time to broadcastReceive
19465
time to receive relayed complaints from blockchain
30000
# complaints received in broadcast
0
time to verify complaints from blockchain
0
time to compute pk, sk share and pk share
1
total time:
72653
total idle cost:
0
protocol cost:
72653
total communication cost:
70032
total computation cost:
2618
generateKeys,1;deal,15;verifyMulticast,0;verifyBroadcast,0;agree,2602;
total data:
294726
277600
2
total send:
0
0
0
total receive:
294726
277600
2
