time to deal
275
time to dealSend
3
time to dealReceive
20859
time to agree
2379
time to send multicast complaint
0
# complaints received in multicast
0
time to receive multicast complaint
10045
adjust time to finish multicast
12424
time to wait after receiving all multicast complaints
-424
time to verify multicast complaint
0
time to broadcast complaint
0
time to broadcastReceive
19685
time to receive relayed complaints from blockchain
30000
# complaints received in broadcast
0
time to verify complaints from blockchain
0
time to compute pk, sk share and pk share
1
total time:
72430
total idle cost:
0
protocol cost:
72430
total communication cost:
69771
total computation cost:
2655
generateKeys,1;deal,275;verifyMulticast,0;verifyBroadcast,0;agree,2379;
total data:
303956
286279
3
total send:
9230
8679
1
total receive:
294726
277600
2
