time to deal
258
time to dealSend
1
time to dealReceive
20740
time to agree
2464
time to send multicast complaint
0
# complaints received in multicast
0
time to receive multicast complaint
10044
adjust time to finish multicast
12508
time to wait after receiving all multicast complaints
-508
time to verify multicast complaint
0
time to broadcast complaint
0
time to broadcastReceive
19593
time to receive relayed complaints from blockchain
30001
# complaints received in broadcast
0
time to verify complaints from blockchain
0
time to compute pk, sk share and pk share
1
total time:
72516
total idle cost:
0
protocol cost:
72516
total communication cost:
69787
total computation cost:
2723
generateKeys,1;deal,258;verifyMulticast,0;verifyBroadcast,0;agree,2464;
total data:
303953
286276
3
total send:
9227
8676
1
total receive:
294726
277600
2
