time to deal
284
time to dealSend
2
time to dealReceive
20643
time to agree
2634
time to send multicast complaint
0
# complaints received in multicast
0
time to receive multicast complaint
10085
adjust time to finish multicast
12719
time to wait after receiving all multicast complaints
-719
time to verify multicast complaint
0
time to broadcast complaint
1
time to broadcastReceive
19389
time to receive relayed complaints from blockchain
30000
# complaints received in broadcast
0
time to verify complaints from blockchain
0
time to compute pk, sk share and pk share
1
total time:
72725
total idle cost:
0
protocol cost:
72725
total communication cost:
69802
total computation cost:
2919
generateKeys,1;deal,284;verifyMulticast,0;verifyBroadcast,0;agree,2634;
total data:
303952
286275
3
total send:
9226
8675
1
total receive:
294726
277600
2
