time to deal
318
time to dealSend
6
time to dealReceive
20808
time to agree
2368
time to send multicast complaint
0
# complaints received in multicast
0
time to receive multicast complaint
10047
adjust time to finish multicast
12415
time to wait after receiving all multicast complaints
-415
time to verify multicast complaint
0
# complaints send in broadcast
0
time to broadcast complaint
1
time to broadcastReceive
19690
time to receive relayed complaints from blockchain
30000
# complaints received in broadcast
0
time to verify complaints from blockchain
0
time to compute pk, sk share and pk share
1
total time:
72421
total idle cost:
0
protocol cost:
72421
total communication cost:
69731
total computation cost:
2687
generateKeys,1;deal,318;verifyMulticast,0;verifyBroadcast,0;agree,2368;
total data:
303953
286276
3
total send:
9227
8676
1
total receive:
294726
277600
2
