time to deal
21
time to dealSend
0
time to dealReceive
21071
time to agree
2665
time to send multicast complaint
0
# complaints received in multicast
0
time to receive multicast complaint
10046
adjust time to finish multicast
12711
time to wait after receiving all multicast complaints
-711
time to verify multicast complaint
0
time to broadcast complaint
1
time to broadcastReceive
19395
time to receive relayed complaints from blockchain
30000
# complaints received in broadcast
0
time to verify complaints from blockchain
0
time to compute pk, sk share and pk share
1
total time:
72716
total idle cost:
0
protocol cost:
72716
total communication cost:
70027
total computation cost:
2687
generateKeys,1;deal,21;verifyMulticast,0;verifyBroadcast,0;agree,2665;
total data:
294726
277600
2
total send:
0
0
0
total receive:
294726
277600
2
