time to deal
278
time to dealSend
11
time to dealReceive
21124
time to agree
2393
time to send multicast complaint
0
# complaints received in multicast
0
time to receive multicast complaint
10044
adjust time to finish multicast
12437
time to wait after receiving all multicast complaints
-437
time to verify multicast complaint
0
# complaints send in broadcast
0
time to broadcast complaint
1
time to broadcastReceive
19678
time to receive relayed complaints from blockchain
30000
# complaints received in broadcast
0
time to verify complaints from blockchain
0
time to compute pk, sk share and pk share
1
total time:
72444
total idle cost:
0
protocol cost:
72444
total communication cost:
69768
total computation cost:
2672
generateKeys,1;deal,278;verifyMulticast,0;verifyBroadcast,0;agree,2393;
total data:
303952
286275
3
total send:
9226
8675
1
total receive:
294726
277600
2
