time to deal
289
time to dealSend
5
time to dealReceive
20726
time to agree
2395
time to send multicast complaint
0
# complaints received in multicast
0
time to receive multicast complaint
10049
adjust time to finish multicast
12444
time to wait after receiving all multicast complaints
-444
time to verify multicast complaint
0
time to broadcast complaint
0
time to broadcastReceive
19674
time to receive relayed complaints from blockchain
30000
# complaints received in broadcast
0
time to verify complaints from blockchain
0
time to compute pk, sk share and pk share
1
total time:
72451
total idle cost:
0
protocol cost:
72451
total communication cost:
69761
total computation cost:
2685
generateKeys,1;deal,289;verifyMulticast,0;verifyBroadcast,0;agree,2395;
total data:
303949
286272
3
total send:
9223
8672
1
total receive:
294726
277600
2
