time to deal
304
time to dealSend
2
time to dealReceive
20914
time to agree
2752
time to send multicast complaint
0
# complaints received in multicast
0
time to receive multicast complaint
10050
adjust time to finish multicast
12802
time to wait after receiving all multicast complaints
-802
time to verify multicast complaint
0
time to broadcast complaint
1
time to broadcastReceive
19320
time to receive relayed complaints from blockchain
30000
# complaints received in broadcast
0
time to verify complaints from blockchain
0
time to compute pk, sk share and pk share
2
total time:
72807
total idle cost:
0
protocol cost:
72807
total communication cost:
69747
total computation cost:
3058
generateKeys,2;deal,304;verifyMulticast,0;verifyBroadcast,0;agree,2752;
total data:
359206
338325
3
total send:
9220
8669
1
total receive:
349986
329656
2
