time to deal
16
time to dealSend
0
time to dealReceive
21259
time to agree
2934
time to send multicast complaint
0
# complaints received in multicast
0
time to receive multicast complaint
10042
adjust time to finish multicast
12976
time to wait after receiving all multicast complaints
-976
time to verify multicast complaint
0
# complaints send in broadcast
0
time to broadcast complaint
1
time to broadcastReceive
19144
time to receive relayed complaints from blockchain
30000
# complaints received in broadcast
0
time to verify complaints from blockchain
0
time to compute pk, sk share and pk share
2
total time:
72983
total idle cost:
0
protocol cost:
72983
total communication cost:
70027
total computation cost:
2952
generateKeys,2;deal,16;verifyMulticast,0;verifyBroadcast,0;agree,2934;
total data:
349986
329656
2
total send:
0
0
0
total receive:
349986
329656
2
