blockchain took # ms to receive the first packet dealBlockchainRelay
354
time to capture dealBlockchain
20018
time to send dealBlockchain
431
time to relay in blockchain
20449
time to sync with multicast + agree
blockchain took # ms to receive the first packet broadcastBlockchainRelay
20000
time to capture broadcastBlockchainRelay
20000
time to send broadcastBlockchainRelay
41
time to relay broadcast complaints from blockchain
20042
total time:
72002
total data:
45148798
42525624
294
total send:
44798204
42195968
256
total receive:
350594
329656
38
