time to deal
22
time to dealSend
0
time to dealReceive
20989
time to agree
2759
time to send multicast complaint
0
# complaints received in multicast
0
time to receive multicast complaint
10055
adjust time to finish multicast
12814
time to wait after receiving all multicast complaints
-814
time to verify multicast complaint
0
time to broadcast complaint
1
time to broadcastReceive
19296
time to receive relayed complaints from blockchain
30000
# complaints received in broadcast
0
time to verify complaints from blockchain
0
time to compute pk, sk share and pk share
2
total time:
72819
total idle cost:
0
protocol cost:
72819
total communication cost:
70034
total computation cost:
2783
generateKeys,2;deal,22;verifyMulticast,0;verifyBroadcast,0;agree,2759;
total data:
349986
329656
2
total send:
0
0
0
total receive:
349986
329656
2
