time to deal
300
time to dealSend
1
time to dealReceive
20969
time to agree
2643
time to send multicast complaint
0
# complaints received in multicast
0
time to receive multicast complaint
10060
adjust time to finish multicast
12703
time to wait after receiving all multicast complaints
-703
time to verify multicast complaint
0
time to broadcast complaint
1
time to broadcastReceive
19417
time to receive relayed complaints from blockchain
30000
# complaints received in broadcast
0
time to verify complaints from blockchain
0
time to compute pk, sk share and pk share
1
total time:
72711
total idle cost:
0
protocol cost:
72711
total communication cost:
69762
total computation cost:
2944
generateKeys,1;deal,300;verifyMulticast,0;verifyBroadcast,0;agree,2643;
total data:
359214
338333
3
total send:
9228
8677
1
total receive:
349986
329656
2
