time to deal
26
time to dealSend
0
time to dealReceive
20963
time to agree
2919
time to send multicast complaint
0
# complaints received in multicast
0
time to receive multicast complaint
10053
adjust time to finish multicast
12972
time to wait after receiving all multicast complaints
-972
time to verify multicast complaint
0
time to broadcast complaint
1
time to broadcastReceive
19140
time to receive relayed complaints from blockchain
30000
# complaints received in broadcast
0
time to verify complaints from blockchain
0
time to compute pk, sk share and pk share
1
total time:
72976
total idle cost:
0
protocol cost:
72976
total communication cost:
70028
total computation cost:
2946
generateKeys,1;deal,26;verifyMulticast,0;verifyBroadcast,0;agree,2919;
total data:
349986
329656
2
total send:
0
0
0
total receive:
349986
329656
2
