time to deal
265
time to dealSend
3
time to dealReceive
21160
time to agree
2572
time to send multicast complaint
0
# complaints received in multicast
0
time to receive multicast complaint
10056
adjust time to finish multicast
12628
time to wait after receiving all multicast complaints
-628
time to verify multicast complaint
0
time to broadcast complaint
1
time to broadcastReceive
19492
time to receive relayed complaints from blockchain
30000
# complaints received in broadcast
0
time to verify complaints from blockchain
0
time to compute pk, sk share and pk share
1
total time:
72635
total idle cost:
0
protocol cost:
72635
total communication cost:
69793
total computation cost:
2838
generateKeys,1;deal,265;verifyMulticast,0;verifyBroadcast,0;agree,2572;
total data:
359221
338340
3
total send:
9235
8684
1
total receive:
349986
329656
2
