time to deal
15
time to dealSend
0
time to dealReceive
21291
time to agree
2979
time to send multicast complaint
0
# complaints received in multicast
0
time to receive multicast complaint
10068
adjust time to finish multicast
13047
time to wait after receiving all multicast complaints
-1047
time to verify multicast complaint
0
time to broadcast complaint
1
time to broadcastReceive
19075
time to receive relayed complaints from blockchain
30001
# complaints received in broadcast
0
time to verify complaints from blockchain
0
time to compute pk, sk share and pk share
1
total time:
73053
total idle cost:
0
protocol cost:
73053
total communication cost:
70055
total computation cost:
2995
generateKeys,1;deal,15;verifyMulticast,0;verifyBroadcast,0;agree,2979;
total data:
349986
329656
2
total send:
0
0
0
total receive:
349986
329656
2
