time to deal
301
time to dealSend
1
time to dealReceive
20891
time to agree
2841
time to send multicast complaint
0
# complaints received in multicast
0
time to receive multicast complaint
10049
adjust time to finish multicast
12890
time to wait after receiving all multicast complaints
-890
time to verify multicast complaint
0
time to broadcast complaint
1
time to broadcastReceive
19220
time to receive relayed complaints from blockchain
30000
# complaints received in broadcast
0
time to verify complaints from blockchain
0
time to compute pk, sk share and pk share
1
total time:
72896
total idle cost:
0
protocol cost:
72896
total communication cost:
69749
total computation cost:
3143
generateKeys,1;deal,301;verifyMulticast,0;verifyBroadcast,0;agree,2841;
total data:
359213
338332
3
total send:
9227
8676
1
total receive:
349986
329656
2
