time to deal
17
time to dealSend
0
time to dealReceive
21055
time to agree
2775
time to send multicast complaint
0
# complaints received in multicast
0
time to receive multicast complaint
10043
adjust time to finish multicast
12818
time to wait after receiving all multicast complaints
-818
time to verify multicast complaint
0
# complaints send in broadcast
0
time to broadcast complaint
1
time to broadcastReceive
19293
time to receive relayed complaints from blockchain
30001
# complaints received in broadcast
0
time to verify complaints from blockchain
0
time to compute pk, sk share and pk share
1
total time:
72824
total idle cost:
0
protocol cost:
72824
total communication cost:
70028
total computation cost:
2793
generateKeys,1;deal,17;verifyMulticast,0;verifyBroadcast,0;agree,2775;
total data:
349986
329656
2
total send:
0
0
0
total receive:
349986
329656
2
