time to deal
25
time to dealSend
0
time to dealReceive
21399
time to agree
2930
time to send multicast complaint
0
# complaints received in multicast
0
time to receive multicast complaint
10063
adjust time to finish multicast
12993
time to wait after receiving all multicast complaints
-993
time to verify multicast complaint
0
# complaints send in broadcast
0
time to broadcast complaint
1
time to broadcastReceive
19127
time to receive relayed complaints from blockchain
30001
# complaints received in broadcast
0
time to verify complaints from blockchain
0
time to compute pk, sk share and pk share
1
total time:
72999
total idle cost:
0
protocol cost:
72999
total communication cost:
70041
total computation cost:
2956
generateKeys,1;deal,25;verifyMulticast,0;verifyBroadcast,0;agree,2930;
total data:
349986
329656
2
total send:
0
0
0
total receive:
349986
329656
2
