time to deal
140
time to dealSend
3
time to dealReceive
20012
time to agree
500
time to send multicast complaint
0
# complaints received in multicast
0
time to receive multicast complaint
10035
adjust time to finish multicast
10535
time to wait after receiving all multicast complaints
1465
time to verify multicast complaint
0
# complaints send in broadcast
0
time to broadcast complaint
1
time to broadcastReceive
20093
time to receive relayed complaints from blockchain
30000
# complaints received in broadcast
0
time to verify complaints from blockchain
0
time to compute pk, sk share and pk share
1
total time:
72016
total idle cost:
1465
protocol cost:
70551
total communication cost:
69896
total computation cost:
641
generateKeys,1;deal,140;verifyMulticast,0;verifyBroadcast,0;agree,500;
total data:
50720
47668
3
total send:
2552
2386
1
total receive:
48168
45282
2
