time to deal
16
time to dealSend
0
time to dealReceive
20147
time to agree
620
time to send multicast complaint
0
# complaints received in multicast
0
time to receive multicast complaint
10037
adjust time to finish multicast
10657
time to wait after receiving all multicast complaints
1343
time to verify multicast complaint
0
# complaints send in broadcast
0
time to broadcast complaint
2
time to broadcastReceive
20109
time to receive relayed complaints from blockchain
30000
# complaints received in broadcast
0
time to verify complaints from blockchain
0
time to compute pk, sk share and pk share
1
total time:
72005
total idle cost:
1343
protocol cost:
70662
total communication cost:
70024
total computation cost:
637
generateKeys,1;deal,16;verifyMulticast,0;verifyBroadcast,0;agree,620;
total data:
48168
45282
2
total send:
0
0
0
total receive:
48168
45282
2
