time to deal
116
time to dealSend
5
time to dealReceive
20045
time to agree
494
time to send multicast complaint
0
# complaints received in multicast
0
time to receive multicast complaint
10021
adjust time to finish multicast
10515
time to wait after receiving all multicast complaints
1485
time to verify multicast complaint
0
time to broadcast complaint
1
time to broadcastReceive
20100
time to receive relayed complaints from blockchain
30001
# complaints received in broadcast
0
time to verify complaints from blockchain
0
time to compute pk, sk share and pk share
1
total time:
72007
total idle cost:
1485
protocol cost:
70522
total communication cost:
69907
total computation cost:
611
generateKeys,1;deal,116;verifyMulticast,0;verifyBroadcast,0;agree,494;
total data:
50714
47662
3
total send:
2546
2380
1
total receive:
48168
45282
2
