time to deal
98
time to dealSend
2
time to dealReceive
20025
time to agree
196
time to send multicast complaint
3
# complaints received in multicast
0
time to receive multicast complaint
10013
adjust time to finish multicast
10212
time to wait after receiving all multicast complaints
1788
time to verify multicast complaint
0
# complaints send in broadcast
0
time to broadcast complaint
2
time to broadcastReceive
20110
time to receive relayed complaints from blockchain
30000
# complaints received in broadcast
0
time to verify complaints from blockchain
0
time to compute pk, sk share and pk share
1
total time:
72009
total idle cost:
1788
protocol cost:
70221
total communication cost:
69920
total computation cost:
295
generateKeys,1;deal,98;verifyMulticast,0;verifyBroadcast,0;agree,196;
total data:
12800
11975
3
total send:
1438
1336
1
total receive:
11362
10639
2
