time to deal
84
time to dealSend
1
time to dealReceive
20049
time to agree
186
time to send multicast complaint
0
# complaints received in multicast
0
time to receive multicast complaint
10014
adjust time to finish multicast
10200
time to wait after receiving all multicast complaints
1800
time to verify multicast complaint
0
time to broadcast complaint
2
time to broadcastReceive
20122
time to receive relayed complaints from blockchain
30001
# complaints received in broadcast
0
time to verify complaints from blockchain
0
time to compute pk, sk share and pk share
1
total time:
72007
total idle cost:
1800
protocol cost:
70207
total communication cost:
69933
total computation cost:
271
generateKeys,1;deal,84;verifyMulticast,0;verifyBroadcast,0;agree,186;
total data:
12804
11979
3
total send:
1442
1340
1
total receive:
11362
10639
2
