time to deal
49
time to dealSend
0
time to dealReceive
20066
time to agree
245
time to send multicast complaint
9
# complaints received in multicast
64
time to receive multicast complaint
143
adjust time to finish multicast
397
time to wait after receiving all multicast complaints
11603
time to verify multicast complaint
0
# complaints send in broadcast
4
time to broadcast complaint
4
time to broadcastReceive
20114
time to receive relayed complaints from blockchain
30001
# complaints received in broadcast
52
time to verify complaints from blockchain
34
time to compute pk, sk share and pk share
1
total time:
72043
total idle cost:
11603
protocol cost:
60440
total communication cost:
60108
total computation cost:
329
generateKeys,1;deal,49;verifyMulticast,0;verifyBroadcast,34;agree,245;
total data:
32497
29235
33
total send:
7874
6932
16
total receive:
24623
22303
17
