time to deal
118
time to dealSend
4
time to dealReceive
20004
time to agree
374
time to send multicast complaint
33
# complaints received in multicast
192
time to receive multicast complaint
379
adjust time to finish multicast
786
time to wait after receiving all multicast complaints
11214
time to verify multicast complaint
0
time to broadcast complaint
1
time to broadcastReceive
20106
time to receive relayed complaints from blockchain
30000
# complaints received in broadcast
78
time to verify complaints from blockchain
20
time to compute pk, sk share and pk share
1
total time:
72027
total idle cost:
11214
protocol cost:
60813
total communication cost:
60295
total computation cost:
513
generateKeys,1;deal,118;verifyMulticast,0;verifyBroadcast,20;agree,374;
total data:
83614
75641
65
total send:
23644
21062
32
total receive:
59970
54579
33
