time to deal
16
time to dealSend
0
time to dealReceive
20117
time to agree
477
time to send multicast complaint
32
# complaints received in multicast
192
time to receive multicast complaint
290
adjust time to finish multicast
799
time to wait after receiving all multicast complaints
11201
time to verify multicast complaint
0
# complaints send in broadcast
6
time to broadcast complaint
3
time to broadcastReceive
20107
time to receive relayed complaints from blockchain
30000
# complaints received in broadcast
78
time to verify complaints from blockchain
20
time to compute pk, sk share and pk share
1
total time:
72028
total idle cost:
11201
protocol cost:
60827
total communication cost:
60310
total computation cost:
514
generateKeys,1;deal,16;verifyMulticast,0;verifyBroadcast,20;agree,477;
total data:
83025
75124
65
total send:
23057
20547
32
total receive:
59968
54577
33
