time to deal
17
time to dealSend
0
time to dealReceive
20134
time to agree
458
time to send multicast complaint
67
# complaints received in multicast
192
time to receive multicast complaint
292
adjust time to finish multicast
817
time to wait after receiving all multicast complaints
11183
time to verify multicast complaint
0
time to broadcast complaint
1
time to broadcastReceive
20121
time to receive relayed complaints from blockchain
30001
# complaints received in broadcast
78
time to verify complaints from blockchain
25
time to compute pk, sk share and pk share
2
total time:
72031
total idle cost:
11183
protocol cost:
60848
total communication cost:
60344
total computation cost:
502
generateKeys,2;deal,17;verifyMulticast,0;verifyBroadcast,25;agree,458;
total data:
82101
74294
64
total send:
22132
19716
31
total receive:
59969
54578
33
