blockchain took # ms to receive the first packet dealBlockchainRelay
216
time to capture dealBlockchain
20006
time to send dealBlockchain
62
time to relay in blockchain
20069
time to sync with multicast + agree
blockchain took # ms to receive the first packet broadcastBlockchainRelay
108
time to capture broadcastBlockchainRelay
20005
time to send broadcastBlockchainRelay
36
time to relay broadcast complaints from blockchain
20041
total time:
72001
total data:
1255486
1156914
90
total send:
1217052
1121856
64
total receive:
38434
35058
26
