time to deal
19
time to dealSend
0
time to dealReceive
20127
time to agree
476
time to send multicast complaint
42
# complaints received in multicast
192
time to receive multicast complaint
292
adjust time to finish multicast
810
time to wait after receiving all multicast complaints
11190
time to verify multicast complaint
0
time to broadcast complaint
1
time to broadcastReceive
20117
time to receive relayed complaints from blockchain
30000
# complaints received in broadcast
78
time to verify complaints from blockchain
21
time to compute pk, sk share and pk share
1
total time:
72029
total idle cost:
11190
protocol cost:
60839
total communication cost:
60316
total computation cost:
517
generateKeys,1;deal,19;verifyMulticast,0;verifyBroadcast,21;agree,476;
total data:
82011
74204
64
total send:
22039
19623
31
total receive:
59972
54581
33
