time to deal
281
time to dealSend
4
time to dealReceive
20909
time to agree
3410
time to send multicast complaint
0
# complaints received in multicast
0
time to receive multicast complaint
10051
adjust time to finish multicast
13461
time to wait after receiving all multicast complaints
-1461
time to verify multicast complaint
0
# complaints send in broadcast
0
time to broadcast complaint
1
time to broadcastReceive
18675
time to receive relayed complaints from blockchain
30000
# complaints received in broadcast
0
time to verify complaints from blockchain
0
time to compute pk, sk share and pk share
1
total time:
73467
total idle cost:
0
protocol cost:
73467
total communication cost:
69771
total computation cost:
3692
generateKeys,1;deal,281;verifyMulticast,0;verifyBroadcast,0;agree,3410;
total data:
386786
364303
3
total send:
9226
8675
1
total receive:
377560
355628
2
