time to deal
14
time to dealSend
0
time to dealReceive
21288
time to agree
2986
time to send multicast complaint
0
# complaints received in multicast
0
time to receive multicast complaint
10051
adjust time to finish multicast
13037
time to wait after receiving all multicast complaints
-1037
time to verify multicast complaint
0
time to broadcast complaint
1
time to broadcastReceive
19090
time to receive relayed complaints from blockchain
30000
# complaints received in broadcast
0
time to verify complaints from blockchain
0
time to compute pk, sk share and pk share
2
total time:
73043
total idle cost:
0
protocol cost:
73043
total communication cost:
70038
total computation cost:
3002
generateKeys,2;deal,14;verifyMulticast,0;verifyBroadcast,0;agree,2986;
total data:
377560
355628
2
total send:
0
0
0
total receive:
377560
355628
2
