time to deal
16
time to dealSend
0
time to dealReceive
21509
time to agree
2981
time to send multicast complaint
0
# complaints received in multicast
0
time to receive multicast complaint
10049
adjust time to finish multicast
13030
time to wait after receiving all multicast complaints
-1030
time to verify multicast complaint
0
time to broadcast complaint
1
time to broadcastReceive
19097
time to receive relayed complaints from blockchain
30000
# complaints received in broadcast
0
time to verify complaints from blockchain
0
time to compute pk, sk share and pk share
3
total time:
73036
total idle cost:
0
protocol cost:
73036
total communication cost:
70034
total computation cost:
3000
generateKeys,3;deal,16;verifyMulticast,0;verifyBroadcast,0;agree,2981;
total data:
377560
355628
2
total send:
0
0
0
total receive:
377560
355628
2
