blockchain took # ms to receive the first packet dealBlockchainRelay
311
time to capture dealBlockchain
20017
time to send dealBlockchain
368
time to relay in blockchain
20386
time to sync with multicast + agree
blockchain took # ms to receive the first packet broadcastBlockchainRelay
20000
time to capture broadcastBlockchainRelay
20000
time to send broadcastBlockchainRelay
37
time to relay broadcast complaints from blockchain
20038
total time:
72002
total data:
48705895
45876012
297
total send:
48327676
45520384
256
total receive:
378219
355628
41
