time to deal
15
time to dealSend
0
time to dealReceive
21142
time to agree
3112
time to send multicast complaint
0
# complaints received in multicast
0
time to receive multicast complaint
10066
adjust time to finish multicast
13178
time to wait after receiving all multicast complaints
-1178
time to verify multicast complaint
0
time to broadcast complaint
1
time to broadcastReceive
18947
time to receive relayed complaints from blockchain
30000
# complaints received in broadcast
0
time to verify complaints from blockchain
0
time to compute pk, sk share and pk share
1
total time:
73185
total idle cost:
0
protocol cost:
73185
total communication cost:
70053
total computation cost:
3128
generateKeys,1;deal,15;verifyMulticast,0;verifyBroadcast,0;agree,3112;
total data:
377560
355628
2
total send:
0
0
0
total receive:
377560
355628
2
