time to deal
315
time to dealSend
5
time to dealReceive
20657
time to agree
3134
time to send multicast complaint
0
# complaints received in multicast
0
time to receive multicast complaint
10053
adjust time to finish multicast
13187
time to wait after receiving all multicast complaints
-1187
time to verify multicast complaint
0
# complaints send in broadcast
0
time to broadcast complaint
1
time to broadcastReceive
18926
time to receive relayed complaints from blockchain
30000
# complaints received in broadcast
0
time to verify complaints from blockchain
0
time to compute pk, sk share and pk share
1
total time:
73192
total idle cost:
0
protocol cost:
73192
total communication cost:
69739
total computation cost:
3450
generateKeys,1;deal,315;verifyMulticast,0;verifyBroadcast,0;agree,3134;
total data:
386779
364296
3
total send:
9219
8668
1
total receive:
377560
355628
2
