time to deal
17
time to dealSend
0
time to dealReceive
21182
time to agree
3106
time to send multicast complaint
0
# complaints received in multicast
0
time to receive multicast complaint
10050
adjust time to finish multicast
13156
time to wait after receiving all multicast complaints
-1156
time to verify multicast complaint
0
# complaints send in broadcast
0
time to broadcast complaint
1
time to broadcastReceive
18971
time to receive relayed complaints from blockchain
30001
# complaints received in broadcast
0
time to verify complaints from blockchain
0
time to compute pk, sk share and pk share
1
total time:
73161
total idle cost:
0
protocol cost:
73161
total communication cost:
70036
total computation cost:
3124
generateKeys,1;deal,17;verifyMulticast,0;verifyBroadcast,0;agree,3106;
total data:
377560
355628
2
total send:
0
0
0
total receive:
377560
355628
2
