time to deal
14
time to dealSend
0
time to dealReceive
21143
time to agree
2975
time to send multicast complaint
0
# complaints received in multicast
0
time to receive multicast complaint
10056
adjust time to finish multicast
13031
time to wait after receiving all multicast complaints
-1031
time to verify multicast complaint
0
# complaints send in broadcast
0
time to broadcast complaint
1
time to broadcastReceive
19085
time to receive relayed complaints from blockchain
30000
# complaints received in broadcast
0
time to verify complaints from blockchain
0
time to compute pk, sk share and pk share
1
total time:
73035
total idle cost:
0
protocol cost:
73035
total communication cost:
70043
total computation cost:
2990
generateKeys,1;deal,14;verifyMulticast,0;verifyBroadcast,0;agree,2975;
total data:
377560
355628
2
total send:
0
0
0
total receive:
377560
355628
2
