time to deal
259
time to dealSend
3
time to dealReceive
20801
time to agree
3264
time to send multicast complaint
0
# complaints received in multicast
0
time to receive multicast complaint
10050
adjust time to finish multicast
13314
time to wait after receiving all multicast complaints
-1314
time to verify multicast complaint
0
time to broadcast complaint
1
time to broadcastReceive
18799
time to receive relayed complaints from blockchain
30000
# complaints received in broadcast
0
time to verify complaints from blockchain
0
time to compute pk, sk share and pk share
1
total time:
73320
total idle cost:
0
protocol cost:
73320
total communication cost:
69793
total computation cost:
3524
generateKeys,1;deal,259;verifyMulticast,0;verifyBroadcast,0;agree,3264;
total data:
386791
364308
3
total send:
9231
8680
1
total receive:
377560
355628
2
