time to deal
14
time to dealSend
0
time to dealReceive
21197
time to agree
3014
time to send multicast complaint
0
# complaints received in multicast
0
time to receive multicast complaint
10058
adjust time to finish multicast
13072
time to wait after receiving all multicast complaints
-1072
time to verify multicast complaint
0
time to broadcast complaint
13
time to broadcastReceive
19043
time to receive relayed complaints from blockchain
30000
# complaints received in broadcast
0
time to verify complaints from blockchain
0
time to compute pk, sk share and pk share
1
total time:
73078
total idle cost:
0
protocol cost:
73078
total communication cost:
70057
total computation cost:
3029
generateKeys,1;deal,14;verifyMulticast,0;verifyBroadcast,0;agree,3014;
total data:
377560
355628
2
total send:
0
0
0
total receive:
377560
355628
2
