time to deal
14
time to dealSend
0
time to dealReceive
21501
time to agree
3061
time to send multicast complaint
0
# complaints received in multicast
0
time to receive multicast complaint
10061
adjust time to finish multicast
13122
time to wait after receiving all multicast complaints
-1122
time to verify multicast complaint
0
time to broadcast complaint
1
time to broadcastReceive
18991
time to receive relayed complaints from blockchain
30000
# complaints received in broadcast
0
time to verify complaints from blockchain
0
time to compute pk, sk share and pk share
5
total time:
73131
total idle cost:
0
protocol cost:
73131
total communication cost:
70048
total computation cost:
3080
generateKeys,5;deal,14;verifyMulticast,0;verifyBroadcast,0;agree,3061;
total data:
377560
355628
2
total send:
0
0
0
total receive:
377560
355628
2
