time to deal
17
time to dealSend
0
time to dealReceive
20153
time to agree
610
time to send multicast complaint
34
# complaints received in multicast
288
time to receive multicast complaint
158
adjust time to finish multicast
802
time to wait after receiving all multicast complaints
11198
time to verify multicast complaint
0
# complaints send in broadcast
9
time to broadcast complaint
3
time to broadcastReceive
20123
time to receive relayed complaints from blockchain
30001
# complaints received in broadcast
135
time to verify complaints from blockchain
25
time to compute pk, sk share and pk share
1
total time:
72033
total idle cost:
11198
protocol cost:
60835
total communication cost:
60179
total computation cost:
653
generateKeys,1;deal,17;verifyMulticast,0;verifyBroadcast,25;agree,610;
total data:
123922
112628
65
total send:
34194
30724
32
total receive:
89728
81904
33
