time to deal
115
time to dealSend
3
time to dealReceive
20033
time to agree
505
time to send multicast complaint
38
# complaints received in multicast
288
time to receive multicast complaint
255
adjust time to finish multicast
798
time to wait after receiving all multicast complaints
11202
time to verify multicast complaint
1
time to broadcast complaint
1
time to broadcastReceive
20117
time to receive relayed complaints from blockchain
29999
# complaints received in broadcast
135
time to verify complaints from blockchain
42
time to compute pk, sk share and pk share
1
total time:
72050
total idle cost:
11202
protocol cost:
60848
total communication cost:
60178
total computation cost:
664
generateKeys,1;deal,115;verifyMulticast,1;verifyBroadcast,42;agree,505;
total data:
125237
113901
65
total send:
35509
31997
32
total receive:
89728
81904
33
