time to deal
16
time to dealSend
0
time to dealReceive
20154
time to agree
476
time to send multicast complaint
34
# complaints received in multicast
256
time to receive multicast complaint
194
adjust time to finish multicast
704
time to wait after receiving all multicast complaints
11296
time to verify multicast complaint
0
time to broadcast complaint
2
time to broadcastReceive
20124
time to receive relayed complaints from blockchain
30000
# complaints received in broadcast
104
time to verify complaints from blockchain
22
time to compute pk, sk share and pk share
1
total time:
72027
total idle cost:
11296
protocol cost:
60731
total communication cost:
60214
total computation cost:
515
generateKeys,1;deal,16;verifyMulticast,0;verifyBroadcast,22;agree,476;
total data:
99920
90463
64
total send:
29355
26319
31
total receive:
70565
64144
33
