time to deal
17
time to dealSend
0
time to dealReceive
20140
time to agree
525
time to send multicast complaint
49
# complaints received in multicast
256
time to receive multicast complaint
119
adjust time to finish multicast
693
time to wait after receiving all multicast complaints
11307
time to verify multicast complaint
0
time to broadcast complaint
1
time to broadcastReceive
20121
time to receive relayed complaints from blockchain
30000
# complaints received in broadcast
104
time to verify complaints from blockchain
22
time to compute pk, sk share and pk share
1
total time:
72030
total idle cost:
11307
protocol cost:
60723
total communication cost:
60152
total computation cost:
565
generateKeys,1;deal,17;verifyMulticast,0;verifyBroadcast,22;agree,525;
total data:
100010
90553
64
total send:
29448
26412
31
total receive:
70562
64141
33
