time to deal
20
time to dealSend
0
time to dealReceive
20121
time to agree
512
time to send multicast complaint
30
# complaints received in multicast
256
time to receive multicast complaint
134
adjust time to finish multicast
676
time to wait after receiving all multicast complaints
11324
time to verify multicast complaint
0
time to broadcast complaint
2
time to broadcastReceive
20113
time to receive relayed complaints from blockchain
30000
# complaints received in broadcast
104
time to verify complaints from blockchain
20
time to compute pk, sk share and pk share
1
total time:
72028
total idle cost:
11324
protocol cost:
60704
total communication cost:
60146
total computation cost:
553
generateKeys,1;deal,20;verifyMulticast,0;verifyBroadcast,20;agree,512;
total data:
99830
90373
64
total send:
29262
26226
31
total receive:
70568
64147
33
