time to deal
91
time to dealSend
2
time to dealReceive
20057
time to agree
310
time to send multicast complaint
0
# complaints received in multicast
0
time to receive multicast complaint
10017
adjust time to finish multicast
10327
time to wait after receiving all multicast complaints
1673
time to verify multicast complaint
0
# complaints send in broadcast
0
time to broadcast complaint
2
time to broadcastReceive
20105
time to receive relayed complaints from blockchain
30000
# complaints received in broadcast
0
time to verify complaints from blockchain
0
time to compute pk, sk share and pk share
1
total time:
72006
total idle cost:
1673
protocol cost:
70333
total communication cost:
69928
total computation cost:
402
generateKeys,1;deal,91;verifyMulticast,0;verifyBroadcast,0;agree,310;
total data:
19928
18672
3
total send:
1443
1341
1
total receive:
18485
17331
2
