time to deal
90
time to dealSend
2
time to dealReceive
20064
time to agree
309
time to send multicast complaint
0
# complaints received in multicast
0
time to receive multicast complaint
10018
adjust time to finish multicast
10327
time to wait after receiving all multicast complaints
1673
time to verify multicast complaint
0
# complaints send in broadcast
0
time to broadcast complaint
2
time to broadcastReceive
20110
time to receive relayed complaints from blockchain
30000
# complaints received in broadcast
0
time to verify complaints from blockchain
0
time to compute pk, sk share and pk share
1
total time:
72007
total idle cost:
1673
protocol cost:
70334
total communication cost:
69930
total computation cost:
400
generateKeys,1;deal,90;verifyMulticast,0;verifyBroadcast,0;agree,309;
total data:
19927
18671
3
total send:
1442
1340
1
total receive:
18485
17331
2
