time to deal
192
time to dealSend
3
time to dealReceive
20363
time to agree
1425
time to send multicast complaint
0
# complaints received in multicast
0
time to receive multicast complaint
10041
adjust time to finish multicast
11466
time to wait after receiving all multicast complaints
534
time to verify multicast complaint
0
time to broadcast complaint
2
time to broadcastReceive
20105
time to receive relayed complaints from blockchain
30000
# complaints received in broadcast
0
time to verify complaints from blockchain
0
time to compute pk, sk share and pk share
1
total time:
72006
total idle cost:
534
protocol cost:
71472
total communication cost:
69851
total computation cost:
1618
generateKeys,1;deal,192;verifyMulticast,0;verifyBroadcast,0;agree,1425;
total data:
157049
147823
3
total send:
4772
4478
1
total receive:
152277
143345
2
