time to deal
173
time to dealSend
1
time to dealReceive
20517
time to agree
1305
time to send multicast complaint
0
# complaints received in multicast
0
time to receive multicast complaint
10039
adjust time to finish multicast
11344
time to wait after receiving all multicast complaints
656
time to verify multicast complaint
0
# complaints send in broadcast
0
time to broadcast complaint
2
time to broadcastReceive
20114
time to receive relayed complaints from blockchain
30001
# complaints received in broadcast
0
time to verify complaints from blockchain
0
time to compute pk, sk share and pk share
2
total time:
72009
total idle cost:
656
protocol cost:
71353
total communication cost:
69870
total computation cost:
1480
generateKeys,2;deal,173;verifyMulticast,0;verifyBroadcast,0;agree,1305;
total data:
157046
147820
3
total send:
4769
4475
1
total receive:
152277
143345
2
