time to deal
16
time to dealSend
0
time to dealReceive
20743
time to agree
1419
time to send multicast complaint
0
# complaints received in multicast
0
time to receive multicast complaint
10040
adjust time to finish multicast
11459
time to wait after receiving all multicast complaints
541
time to verify multicast complaint
0
time to broadcast complaint
1
time to broadcastReceive
20112
time to receive relayed complaints from blockchain
30000
# complaints received in broadcast
0
time to verify complaints from blockchain
0
time to compute pk, sk share and pk share
1
total time:
72006
total idle cost:
541
protocol cost:
71465
total communication cost:
70025
total computation cost:
1436
generateKeys,1;deal,16;verifyMulticast,0;verifyBroadcast,0;agree,1419;
total data:
152277
143345
2
total send:
0
0
0
total receive:
152277
143345
2
