time to deal
24
time to dealSend
0
time to dealReceive
20534
time to agree
1457
time to send multicast complaint
0
# complaints received in multicast
0
time to receive multicast complaint
10032
adjust time to finish multicast
11489
time to wait after receiving all multicast complaints
511
time to verify multicast complaint
0
# complaints send in broadcast
0
time to broadcast complaint
1
time to broadcastReceive
20106
time to receive relayed complaints from blockchain
30001
# complaints received in broadcast
0
time to verify complaints from blockchain
0
time to compute pk, sk share and pk share
1
total time:
72007
total idle cost:
511
protocol cost:
71496
total communication cost:
70010
total computation cost:
1482
generateKeys,1;deal,24;verifyMulticast,0;verifyBroadcast,0;agree,1457;
total data:
152277
143345
2
total send:
0
0
0
total receive:
152277
143345
2
