time to deal
20
time to dealSend
0
time to dealReceive
20550
time to agree
1517
time to send multicast complaint
0
# complaints received in multicast
0
time to receive multicast complaint
10041
adjust time to finish multicast
11558
time to wait after receiving all multicast complaints
442
time to verify multicast complaint
0
time to broadcast complaint
1
time to broadcastReceive
20106
time to receive relayed complaints from blockchain
30001
# complaints received in broadcast
0
time to verify complaints from blockchain
0
time to compute pk, sk share and pk share
2
total time:
72010
total idle cost:
442
protocol cost:
71568
total communication cost:
70024
total computation cost:
1539
generateKeys,2;deal,20;verifyMulticast,0;verifyBroadcast,0;agree,1517;
total data:
152277
143345
2
total send:
0
0
0
total receive:
152277
143345
2
