time to deal
16
time to dealSend
0
time to dealReceive
20797
time to agree
1416
time to send multicast complaint
0
# complaints received in multicast
0
time to receive multicast complaint
10053
adjust time to finish multicast
11469
time to wait after receiving all multicast complaints
531
time to verify multicast complaint
0
# complaints send in broadcast
0
time to broadcast complaint
1
time to broadcastReceive
20106
time to receive relayed complaints from blockchain
30000
# complaints received in broadcast
0
time to verify complaints from blockchain
0
time to compute pk, sk share and pk share
1
total time:
72006
total idle cost:
531
protocol cost:
71475
total communication cost:
70038
total computation cost:
1433
generateKeys,1;deal,16;verifyMulticast,0;verifyBroadcast,0;agree,1416;
total data:
152277
143345
2
total send:
0
0
0
total receive:
152277
143345
2
