time to deal
160
time to dealSend
2
time to dealReceive
20407
time to agree
1229
time to send multicast complaint
0
# complaints received in multicast
0
time to receive multicast complaint
10039
adjust time to finish multicast
11268
time to wait after receiving all multicast complaints
732
time to verify multicast complaint
0
# complaints send in broadcast
0
time to broadcast complaint
2
time to broadcastReceive
20107
time to receive relayed complaints from blockchain
30000
# complaints received in broadcast
0
time to verify complaints from blockchain
0
time to compute pk, sk share and pk share
2
total time:
72007
total idle cost:
732
protocol cost:
71275
total communication cost:
69881
total computation cost:
1391
generateKeys,2;deal,160;verifyMulticast,0;verifyBroadcast,0;agree,1229;
total data:
157054
147828
3
total send:
4777
4483
1
total receive:
152277
143345
2
