time to deal
16
time to dealSend
0
time to dealReceive
20671
time to agree
1429
time to send multicast complaint
0
# complaints received in multicast
0
time to receive multicast complaint
10034
adjust time to finish multicast
11463
time to wait after receiving all multicast complaints
537
time to verify multicast complaint
0
# complaints send in broadcast
0
time to broadcast complaint
1
time to broadcastReceive
20114
time to receive relayed complaints from blockchain
30000
# complaints received in broadcast
0
time to verify complaints from blockchain
0
time to compute pk, sk share and pk share
2
total time:
72008
total idle cost:
537
protocol cost:
71471
total communication cost:
70020
total computation cost:
1447
generateKeys,2;deal,16;verifyMulticast,0;verifyBroadcast,0;agree,1429;
total data:
152277
143345
2
total send:
0
0
0
total receive:
152277
143345
2
