time to deal
32
time to dealSend
0
time to dealReceive
20087
time to agree
249
time to send multicast complaint
0
# complaints received in multicast
0
time to receive multicast complaint
10020
adjust time to finish multicast
10269
time to wait after receiving all multicast complaints
1731
time to verify multicast complaint
0
# complaints send in broadcast
0
time to broadcast complaint
2
time to broadcastReceive
20108
time to receive relayed complaints from blockchain
30000
# complaints received in broadcast
0
time to verify complaints from blockchain
0
time to compute pk, sk share and pk share
1
total time:
72007
total idle cost:
1731
protocol cost:
70276
total communication cost:
69990
total computation cost:
282
generateKeys,1;deal,32;verifyMulticast,0;verifyBroadcast,0;agree,249;
total data:
11358
10635
2
total send:
0
0
0
total receive:
11358
10635
2
