time to deal
108
time to dealSend
3
time to dealReceive
20003
time to agree
260
time to send multicast complaint
0
# complaints received in multicast
0
time to receive multicast complaint
10024
adjust time to finish multicast
10284
time to wait after receiving all multicast complaints
1716
time to verify multicast complaint
0
# complaints send in broadcast
0
time to broadcast complaint
3
time to broadcastReceive
20109
time to receive relayed complaints from blockchain
30000
# complaints received in broadcast
0
time to verify complaints from blockchain
0
time to compute pk, sk share and pk share
2
total time:
72010
total idle cost:
1716
protocol cost:
70294
total communication cost:
69920
total computation cost:
370
generateKeys,2;deal,108;verifyMulticast,0;verifyBroadcast,0;agree,260;
total data:
12792
11967
3
total send:
1434
1332
1
total receive:
11358
10635
2
