time to deal
298
time to dealSend
1
time to dealReceive
21043
time to agree
3315
time to send multicast complaint
0
# complaints received in multicast
0
time to receive multicast complaint
10045
adjust time to finish multicast
13360
time to wait after receiving all multicast complaints
-1360
time to verify multicast complaint
0
# complaints send in broadcast
0
time to broadcast complaint
1
time to broadcastReceive
18775
time to receive relayed complaints from blockchain
30000
# complaints received in broadcast
0
time to verify complaints from blockchain
0
time to compute pk, sk share and pk share
2
total time:
73366
total idle cost:
0
protocol cost:
73366
total communication cost:
69748
total computation cost:
3615
generateKeys,2;deal,298;verifyMulticast,0;verifyBroadcast,0;agree,3315;
total data:
396015
372998
3
total send:
9225
8674
1
total receive:
386790
364324
2
