time to deal
299
time to dealSend
14
time to dealReceive
20916
time to agree
3438
time to send multicast complaint
0
# complaints received in multicast
0
time to receive multicast complaint
10051
adjust time to finish multicast
13489
time to wait after receiving all multicast complaints
-1489
time to verify multicast complaint
0
time to broadcast complaint
1
time to broadcastReceive
18632
time to receive relayed complaints from blockchain
30000
# complaints received in broadcast
0
time to verify complaints from blockchain
0
time to compute pk, sk share and pk share
2
total time:
73494
total idle cost:
0
protocol cost:
73494
total communication cost:
69753
total computation cost:
3739
generateKeys,2;deal,299;verifyMulticast,0;verifyBroadcast,0;agree,3438;
total data:
396028
373011
3
total send:
9238
8687
1
total receive:
386790
364324
2
