time to deal
278
time to dealSend
4
time to dealReceive
21100
time to agree
3298
time to send multicast complaint
0
# complaints received in multicast
0
time to receive multicast complaint
10061
adjust time to finish multicast
13359
time to wait after receiving all multicast complaints
-1359
time to verify multicast complaint
0
# complaints send in broadcast
0
time to broadcast complaint
1
time to broadcastReceive
18782
time to receive relayed complaints from blockchain
30000
# complaints received in broadcast
0
time to verify complaints from blockchain
0
time to compute pk, sk share and pk share
1
total time:
73364
total idle cost:
0
protocol cost:
73364
total communication cost:
69784
total computation cost:
3577
generateKeys,1;deal,278;verifyMulticast,0;verifyBroadcast,0;agree,3298;
total data:
396020
373003
3
total send:
9230
8679
1
total receive:
386790
364324
2
