time to deal
16
time to dealSend
0
time to dealReceive
21297
time to agree
3348
time to send multicast complaint
0
# complaints received in multicast
0
time to receive multicast complaint
10056
adjust time to finish multicast
13404
time to wait after receiving all multicast complaints
-1404
time to verify multicast complaint
0
# complaints send in broadcast
0
time to broadcast complaint
1
time to broadcastReceive
18722
time to receive relayed complaints from blockchain
30001
# complaints received in broadcast
0
time to verify complaints from blockchain
0
time to compute pk, sk share and pk share
1
total time:
73410
total idle cost:
0
protocol cost:
73410
total communication cost:
70043
total computation cost:
3365
generateKeys,1;deal,16;verifyMulticast,0;verifyBroadcast,0;agree,3348;
total data:
386790
364324
2
total send:
0
0
0
total receive:
386790
364324
2
