time to deal
17
time to dealSend
0
time to dealReceive
21257
time to agree
3416
time to send multicast complaint
0
# complaints received in multicast
0
time to receive multicast complaint
10052
adjust time to finish multicast
13468
time to wait after receiving all multicast complaints
-1468
time to verify multicast complaint
0
time to broadcast complaint
1
time to broadcastReceive
18658
time to receive relayed complaints from blockchain
30000
# complaints received in broadcast
0
time to verify complaints from blockchain
0
time to compute pk, sk share and pk share
2
total time:
73473
total idle cost:
0
protocol cost:
73473
total communication cost:
70036
total computation cost:
3435
generateKeys,2;deal,17;verifyMulticast,0;verifyBroadcast,0;agree,3416;
total data:
386790
364324
2
total send:
0
0
0
total receive:
386790
364324
2
