time to deal
15
time to dealSend
0
time to dealReceive
21003
time to agree
3250
time to send multicast complaint
0
# complaints received in multicast
0
time to receive multicast complaint
10044
adjust time to finish multicast
13294
time to wait after receiving all multicast complaints
-1294
time to verify multicast complaint
0
time to broadcast complaint
1
time to broadcastReceive
18822
time to receive relayed complaints from blockchain
30001
# complaints received in broadcast
0
time to verify complaints from blockchain
0
time to compute pk, sk share and pk share
5
total time:
73304
total idle cost:
0
protocol cost:
73304
total communication cost:
70031
total computation cost:
3270
generateKeys,5;deal,15;verifyMulticast,0;verifyBroadcast,0;agree,3250;
total data:
386790
364324
2
total send:
0
0
0
total receive:
386790
364324
2
