time to deal
261
time to dealSend
3
time to dealReceive
20861
time to agree
3516
time to send multicast complaint
0
# complaints received in multicast
0
time to receive multicast complaint
10049
adjust time to finish multicast
13565
time to wait after receiving all multicast complaints
-1565
time to verify multicast complaint
0
time to broadcast complaint
1
time to broadcastReceive
18544
time to receive relayed complaints from blockchain
30000
# complaints received in broadcast
0
time to verify complaints from blockchain
0
time to compute pk, sk share and pk share
1
total time:
73571
total idle cost:
0
protocol cost:
73571
total communication cost:
69790
total computation cost:
3778
generateKeys,1;deal,261;verifyMulticast,0;verifyBroadcast,0;agree,3516;
total data:
396010
372993
3
total send:
9220
8669
1
total receive:
386790
364324
2
