time to deal
275
time to dealSend
12
time to dealReceive
21036
time to agree
3410
time to send multicast complaint
0
# complaints received in multicast
0
time to receive multicast complaint
10047
adjust time to finish multicast
13457
time to wait after receiving all multicast complaints
-1457
time to verify multicast complaint
0
time to broadcast complaint
1
time to broadcastReceive
18676
time to receive relayed complaints from blockchain
30001
# complaints received in broadcast
0
time to verify complaints from blockchain
0
time to compute pk, sk share and pk share
1
total time:
73463
total idle cost:
0
protocol cost:
73463
total communication cost:
69774
total computation cost:
3686
generateKeys,1;deal,275;verifyMulticast,0;verifyBroadcast,0;agree,3410;
total data:
396024
373007
3
total send:
9234
8683
1
total receive:
386790
364324
2
