time to deal
304
time to dealSend
1
time to dealReceive
21358
time to agree
3217
time to send multicast complaint
0
# complaints received in multicast
0
time to receive multicast complaint
10075
adjust time to finish multicast
13292
time to wait after receiving all multicast complaints
-1292
time to verify multicast complaint
0
time to broadcast complaint
1
time to broadcastReceive
18829
time to receive relayed complaints from blockchain
30000
# complaints received in broadcast
0
time to verify complaints from blockchain
0
time to compute pk, sk share and pk share
1
total time:
73299
total idle cost:
0
protocol cost:
73299
total communication cost:
69773
total computation cost:
3522
generateKeys,1;deal,304;verifyMulticast,0;verifyBroadcast,0;agree,3217;
total data:
396027
373010
3
total send:
9237
8686
1
total receive:
386790
364324
2
