time to deal
14
time to dealSend
0
time to dealReceive
21479
time to agree
3326
time to send multicast complaint
0
# complaints received in multicast
0
time to receive multicast complaint
10044
adjust time to finish multicast
13370
time to wait after receiving all multicast complaints
-1370
time to verify multicast complaint
0
time to broadcast complaint
1
time to broadcastReceive
18736
time to receive relayed complaints from blockchain
30000
# complaints received in broadcast
0
time to verify complaints from blockchain
0
time to compute pk, sk share and pk share
2
total time:
73377
total idle cost:
0
protocol cost:
73377
total communication cost:
70031
total computation cost:
3342
generateKeys,2;deal,14;verifyMulticast,0;verifyBroadcast,0;agree,3326;
total data:
386790
364324
2
total send:
0
0
0
total receive:
386790
364324
2
