time to deal
260
time to dealSend
4
time to dealReceive
20776
time to agree
3028
time to send multicast complaint
0
# complaints received in multicast
0
time to receive multicast complaint
10045
adjust time to finish multicast
13073
time to wait after receiving all multicast complaints
-1073
time to verify multicast complaint
0
# complaints send in broadcast
0
time to broadcast complaint
1
time to broadcastReceive
19035
time to receive relayed complaints from blockchain
30000
# complaints received in broadcast
0
time to verify complaints from blockchain
0
time to compute pk, sk share and pk share
2
total time:
73079
total idle cost:
0
protocol cost:
73079
total communication cost:
69787
total computation cost:
3290
generateKeys,2;deal,260;verifyMulticast,0;verifyBroadcast,0;agree,3028;
total data:
396017
373000
3
total send:
9227
8676
1
total receive:
386790
364324
2
