time to deal
13
time to dealSend
0
time to dealReceive
22225
time to agree
6295
time to send multicast complaint
0
# complaints received in multicast
0
time to receive multicast complaint
10079
adjust time to finish multicast
16374
time to wait after receiving all multicast complaints
-4374
time to verify multicast complaint
0
time to broadcast complaint
1
time to broadcastReceive
15728
time to receive relayed complaints from blockchain
30000
# complaints received in broadcast
0
time to verify complaints from blockchain
0
time to compute pk, sk share and pk share
1
total time:
76380
total idle cost:
0
protocol cost:
76380
total communication cost:
70067
total computation cost:
6309
generateKeys,1;deal,13;verifyMulticast,0;verifyBroadcast,0;agree,6295;
total data:
760330
716364
2
total send:
0
0
0
total receive:
760330
716364
2
