time to deal
22
time to dealSend
0
time to dealReceive
21778
time to agree
6211
time to send multicast complaint
0
# complaints received in multicast
0
time to receive multicast complaint
10080
adjust time to finish multicast
16291
time to wait after receiving all multicast complaints
-4291
time to verify multicast complaint
0
time to broadcast complaint
0
time to broadcastReceive
15828
time to receive relayed complaints from blockchain
30000
# complaints received in broadcast
0
time to verify complaints from blockchain
0
time to compute pk, sk share and pk share
1
total time:
76298
total idle cost:
0
protocol cost:
76298
total communication cost:
70058
total computation cost:
6234
generateKeys,1;deal,22;verifyMulticast,0;verifyBroadcast,0;agree,6211;
total data:
760334
716364
2
total send:
0
0
0
total receive:
760334
716364
2
