time to deal
431
time to dealSend
2
time to dealReceive
20991
time to agree
6054
time to send multicast complaint
0
# complaints received in multicast
0
time to receive multicast complaint
10085
adjust time to finish multicast
16139
time to wait after receiving all multicast complaints
-4139
time to verify multicast complaint
0
time to broadcast complaint
1
time to broadcastReceive
15962
time to receive relayed complaints from blockchain
30000
# complaints received in broadcast
0
time to verify complaints from blockchain
0
time to compute pk, sk share and pk share
1
total time:
76146
total idle cost:
0
protocol cost:
76146
total communication cost:
69656
total computation cost:
6486
generateKeys,1;deal,431;verifyMulticast,0;verifyBroadcast,0;agree,6054;
total data:
778458
733424
3
total send:
18124
17060
1
total receive:
760334
716364
2
