time to deal
21
time to dealSend
0
time to dealReceive
21252
time to agree
5977
time to send multicast complaint
0
# complaints received in multicast
0
time to receive multicast complaint
10103
adjust time to finish multicast
16080
time to wait after receiving all multicast complaints
-4080
time to verify multicast complaint
0
# complaints send in broadcast
0
time to broadcast complaint
1
time to broadcastReceive
16019
time to receive relayed complaints from blockchain
30000
# complaints received in broadcast
0
time to verify complaints from blockchain
0
time to compute pk, sk share and pk share
1
total time:
76086
total idle cost:
0
protocol cost:
76086
total communication cost:
70083
total computation cost:
5999
generateKeys,1;deal,21;verifyMulticast,0;verifyBroadcast,0;agree,5977;
total data:
760334
716364
2
total send:
0
0
0
total receive:
760334
716364
2
