time to deal
17
time to dealSend
0
time to dealReceive
21795
time to agree
6314
time to send multicast complaint
0
# complaints received in multicast
0
time to receive multicast complaint
10079
adjust time to finish multicast
16393
time to wait after receiving all multicast complaints
-4393
time to verify multicast complaint
0
time to broadcast complaint
1
time to broadcastReceive
15729
time to receive relayed complaints from blockchain
30000
# complaints received in broadcast
0
time to verify complaints from blockchain
0
time to compute pk, sk share and pk share
1
total time:
76397
total idle cost:
0
protocol cost:
76397
total communication cost:
70063
total computation cost:
6332
generateKeys,1;deal,17;verifyMulticast,0;verifyBroadcast,0;agree,6314;
total data:
760334
716364
2
total send:
0
0
0
total receive:
760334
716364
2
