time to deal
17
time to dealSend
0
time to dealReceive
21648
time to agree
6108
time to send multicast complaint
0
# complaints received in multicast
0
time to receive multicast complaint
10075
adjust time to finish multicast
16183
time to wait after receiving all multicast complaints
-4183
time to verify multicast complaint
0
time to broadcast complaint
1
time to broadcastReceive
15948
time to receive relayed complaints from blockchain
30000
# complaints received in broadcast
0
time to verify complaints from blockchain
0
time to compute pk, sk share and pk share
1
total time:
76188
total idle cost:
0
protocol cost:
76188
total communication cost:
70059
total computation cost:
6126
generateKeys,1;deal,17;verifyMulticast,0;verifyBroadcast,0;agree,6108;
total data:
760336
716364
2
total send:
0
0
0
total receive:
760336
716364
2
