time to deal
13
time to dealSend
0
time to dealReceive
22775
time to agree
5933
time to send multicast complaint
0
# complaints received in multicast
0
time to receive multicast complaint
10088
adjust time to finish multicast
16021
time to wait after receiving all multicast complaints
-4021
time to verify multicast complaint
0
time to broadcast complaint
1
time to broadcastReceive
16101
time to receive relayed complaints from blockchain
30000
# complaints received in broadcast
0
time to verify complaints from blockchain
0
time to compute pk, sk share and pk share
1
total time:
76026
total idle cost:
0
protocol cost:
76026
total communication cost:
70076
total computation cost:
5947
generateKeys,1;deal,13;verifyMulticast,0;verifyBroadcast,0;agree,5933;
total data:
760336
716364
2
total send:
0
0
0
total receive:
760336
716364
2
