time to deal
12
time to dealSend
0
time to dealReceive
22058
time to agree
6557
time to send multicast complaint
0
# complaints received in multicast
0
time to receive multicast complaint
10086
adjust time to finish multicast
16643
time to wait after receiving all multicast complaints
-4643
time to verify multicast complaint
0
time to broadcast complaint
1
time to broadcastReceive
15512
time to receive relayed complaints from blockchain
30000
# complaints received in broadcast
0
time to verify complaints from blockchain
0
time to compute pk, sk share and pk share
2
total time:
76649
total idle cost:
0
protocol cost:
76649
total communication cost:
70075
total computation cost:
6571
generateKeys,2;deal,12;verifyMulticast,0;verifyBroadcast,0;agree,6557;
total data:
760336
716364
2
total send:
0
0
0
total receive:
760336
716364
2
