time to deal
12
time to dealSend
0
time to dealReceive
22127
time to agree
6061
time to send multicast complaint
0
# complaints received in multicast
0
time to receive multicast complaint
10071
adjust time to finish multicast
16132
time to wait after receiving all multicast complaints
-4132
time to verify multicast complaint
0
time to broadcast complaint
0
time to broadcastReceive
15967
time to receive relayed complaints from blockchain
30001
# complaints received in broadcast
0
time to verify complaints from blockchain
0
time to compute pk, sk share and pk share
1
total time:
76140
total idle cost:
0
protocol cost:
76140
total communication cost:
70060
total computation cost:
6074
generateKeys,1;deal,12;verifyMulticast,0;verifyBroadcast,0;agree,6061;
total data:
760336
716364
2
total send:
0
0
0
total receive:
760336
716364
2
