time to deal
16
time to dealSend
0
time to dealReceive
21917
time to agree
5861
time to send multicast complaint
0
# complaints received in multicast
0
time to receive multicast complaint
10108
adjust time to finish multicast
15969
time to wait after receiving all multicast complaints
-3969
time to verify multicast complaint
0
time to broadcast complaint
1
time to broadcastReceive
16197
time to receive relayed complaints from blockchain
30000
# complaints received in broadcast
0
time to verify complaints from blockchain
0
time to compute pk, sk share and pk share
1
total time:
75975
total idle cost:
0
protocol cost:
75975
total communication cost:
70093
total computation cost:
5878
generateKeys,1;deal,16;verifyMulticast,0;verifyBroadcast,0;agree,5861;
total data:
760336
716364
2
total send:
0
0
0
total receive:
760336
716364
2
