time to deal
12
time to dealSend
0
time to dealReceive
21991
time to agree
6197
time to send multicast complaint
0
# complaints received in multicast
0
time to receive multicast complaint
10077
adjust time to finish multicast
16274
time to wait after receiving all multicast complaints
-4274
time to verify multicast complaint
0
# complaints send in broadcast
0
time to broadcast complaint
1
time to broadcastReceive
15873
time to receive relayed complaints from blockchain
30001
# complaints received in broadcast
0
time to verify complaints from blockchain
0
time to compute pk, sk share and pk share
2
total time:
76280
total idle cost:
0
protocol cost:
76280
total communication cost:
70068
total computation cost:
6211
generateKeys,2;deal,12;verifyMulticast,0;verifyBroadcast,0;agree,6197;
total data:
760336
716364
2
total send:
0
0
0
total receive:
760336
716364
2
