time to deal
14
time to dealSend
0
time to dealReceive
23895
time to agree
6113
time to send multicast complaint
0
# complaints received in multicast
0
time to receive multicast complaint
10098
adjust time to finish multicast
16211
time to wait after receiving all multicast complaints
-4211
time to verify multicast complaint
0
time to broadcast complaint
1
time to broadcastReceive
15967
time to receive relayed complaints from blockchain
30000
# complaints received in broadcast
0
time to verify complaints from blockchain
0
time to compute pk, sk share and pk share
2
total time:
76218
total idle cost:
0
protocol cost:
76218
total communication cost:
70086
total computation cost:
6129
generateKeys,2;deal,14;verifyMulticast,0;verifyBroadcast,0;agree,6113;
total data:
760336
716364
2
total send:
0
0
0
total receive:
760336
716364
2
