time to deal
13
time to dealSend
0
time to dealReceive
21529
time to agree
5963
time to send multicast complaint
0
# complaints received in multicast
0
time to receive multicast complaint
10073
adjust time to finish multicast
16036
time to wait after receiving all multicast complaints
-4036
time to verify multicast complaint
0
time to broadcast complaint
0
time to broadcastReceive
16073
time to receive relayed complaints from blockchain
30000
# complaints received in broadcast
0
time to verify complaints from blockchain
0
time to compute pk, sk share and pk share
1
total time:
76042
total idle cost:
0
protocol cost:
76042
total communication cost:
70060
total computation cost:
5977
generateKeys,1;deal,13;verifyMulticast,0;verifyBroadcast,0;agree,5963;
total data:
760336
716364
2
total send:
0
0
0
total receive:
760336
716364
2
