time to deal
441
time to dealSend
13
time to dealReceive
21388
time to agree
5628
time to send multicast complaint
0
# complaints received in multicast
0
time to receive multicast complaint
10080
adjust time to finish multicast
15708
time to wait after receiving all multicast complaints
-3708
time to verify multicast complaint
0
time to broadcast complaint
1
time to broadcastReceive
16445
time to receive relayed complaints from blockchain
30000
# complaints received in broadcast
0
time to verify complaints from blockchain
0
time to compute pk, sk share and pk share
1
total time:
75714
total idle cost:
0
protocol cost:
75714
total communication cost:
69640
total computation cost:
6070
generateKeys,1;deal,441;verifyMulticast,0;verifyBroadcast,0;agree,5628;
total data:
778458
733421
3
total send:
18122
17057
1
total receive:
760336
716364
2
