time to deal
441
time to dealSend
7
time to dealReceive
21551
time to agree
5782
time to send multicast complaint
0
# complaints received in multicast
0
time to receive multicast complaint
10080
adjust time to finish multicast
15862
time to wait after receiving all multicast complaints
-3862
time to verify multicast complaint
0
time to broadcast complaint
1
time to broadcastReceive
16314
time to receive relayed complaints from blockchain
30000
# complaints received in broadcast
0
time to verify complaints from blockchain
0
time to compute pk, sk share and pk share
1
total time:
75867
total idle cost:
0
protocol cost:
75867
total communication cost:
69640
total computation cost:
6224
generateKeys,1;deal,441;verifyMulticast,0;verifyBroadcast,0;agree,5782;
total data:
778447
733410
3
total send:
18111
17046
1
total receive:
760336
716364
2
