time to deal
15
time to dealSend
0
time to dealReceive
22083
time to agree
6402
time to send multicast complaint
0
# complaints received in multicast
0
time to receive multicast complaint
10077
adjust time to finish multicast
16479
time to wait after receiving all multicast complaints
-4479
time to verify multicast complaint
0
time to broadcast complaint
1
time to broadcastReceive
15657
time to receive relayed complaints from blockchain
30000
# complaints received in broadcast
0
time to verify complaints from blockchain
0
time to compute pk, sk share and pk share
1
total time:
76484
total idle cost:
0
protocol cost:
76484
total communication cost:
70063
total computation cost:
6418
generateKeys,1;deal,15;verifyMulticast,0;verifyBroadcast,0;agree,6402;
total data:
760336
716364
2
total send:
0
0
0
total receive:
760336
716364
2
