time to deal
13
time to dealSend
0
time to dealReceive
22396
time to agree
6195
time to send multicast complaint
0
# complaints received in multicast
0
time to receive multicast complaint
10077
adjust time to finish multicast
16272
time to wait after receiving all multicast complaints
-4272
time to verify multicast complaint
0
time to broadcast complaint
1
time to broadcastReceive
15846
time to receive relayed complaints from blockchain
30000
# complaints received in broadcast
0
time to verify complaints from blockchain
0
time to compute pk, sk share and pk share
2
total time:
76278
total idle cost:
0
protocol cost:
76278
total communication cost:
70066
total computation cost:
6210
generateKeys,2;deal,13;verifyMulticast,0;verifyBroadcast,0;agree,6195;
total data:
760336
716364
2
total send:
0
0
0
total receive:
760336
716364
2
