time to deal
15
time to dealSend
0
time to dealReceive
21624
time to agree
6253
time to send multicast complaint
0
# complaints received in multicast
0
time to receive multicast complaint
10074
adjust time to finish multicast
16327
time to wait after receiving all multicast complaints
-4327
time to verify multicast complaint
0
time to broadcast complaint
1
time to broadcastReceive
15799
time to receive relayed complaints from blockchain
30000
# complaints received in broadcast
0
time to verify complaints from blockchain
0
time to compute pk, sk share and pk share
2
total time:
76332
total idle cost:
0
protocol cost:
76332
total communication cost:
70060
total computation cost:
6270
generateKeys,2;deal,15;verifyMulticast,0;verifyBroadcast,0;agree,6253;
total data:
760336
716364
2
total send:
0
0
0
total receive:
760336
716364
2
