time to deal
14
time to dealSend
0
time to dealReceive
23253
time to agree
5981
time to send multicast complaint
0
# complaints received in multicast
0
time to receive multicast complaint
10085
adjust time to finish multicast
16066
time to wait after receiving all multicast complaints
-4066
time to verify multicast complaint
0
time to broadcast complaint
0
time to broadcastReceive
16081
time to receive relayed complaints from blockchain
30000
# complaints received in broadcast
0
time to verify complaints from blockchain
0
time to compute pk, sk share and pk share
1
total time:
76072
total idle cost:
0
protocol cost:
76072
total communication cost:
70072
total computation cost:
5996
generateKeys,1;deal,14;verifyMulticast,0;verifyBroadcast,0;agree,5981;
total data:
760336
716364
2
total send:
0
0
0
total receive:
760336
716364
2
