time to deal
419
time to dealSend
6
time to dealReceive
21377
time to agree
5913
time to send multicast complaint
0
# complaints received in multicast
0
time to receive multicast complaint
10079
adjust time to finish multicast
15992
time to wait after receiving all multicast complaints
-3992
time to verify multicast complaint
0
# complaints send in broadcast
0
time to broadcast complaint
1
time to broadcastReceive
16153
time to receive relayed complaints from blockchain
30000
# complaints received in broadcast
0
time to verify complaints from blockchain
0
time to compute pk, sk share and pk share
1
total time:
75998
total idle cost:
0
protocol cost:
75998
total communication cost:
69662
total computation cost:
6333
generateKeys,1;deal,419;verifyMulticast,0;verifyBroadcast,0;agree,5913;
total data:
778443
733406
3
total send:
18107
17042
1
total receive:
760336
716364
2
