time to deal
15
time to dealSend
0
time to dealReceive
21746
time to agree
6347
time to send multicast complaint
0
# complaints received in multicast
0
time to receive multicast complaint
10076
adjust time to finish multicast
16423
time to wait after receiving all multicast complaints
-4423
time to verify multicast complaint
0
time to broadcast complaint
1
time to broadcastReceive
15721
time to receive relayed complaints from blockchain
30000
# complaints received in broadcast
0
time to verify complaints from blockchain
0
time to compute pk, sk share and pk share
1
total time:
76427
total idle cost:
0
protocol cost:
76427
total communication cost:
70062
total computation cost:
6363
generateKeys,1;deal,15;verifyMulticast,0;verifyBroadcast,0;agree,6347;
total data:
760336
716364
2
total send:
0
0
0
total receive:
760336
716364
2
