time to deal
15
time to dealSend
0
time to dealReceive
23536
time to agree
6396
time to send multicast complaint
0
# complaints received in multicast
0
time to receive multicast complaint
10081
adjust time to finish multicast
16477
time to wait after receiving all multicast complaints
-4477
time to verify multicast complaint
0
time to broadcast complaint
0
time to broadcastReceive
15700
time to receive relayed complaints from blockchain
30000
# complaints received in broadcast
0
time to verify complaints from blockchain
0
time to compute pk, sk share and pk share
1
total time:
76484
total idle cost:
0
protocol cost:
76484
total communication cost:
70066
total computation cost:
6412
generateKeys,1;deal,15;verifyMulticast,0;verifyBroadcast,0;agree,6396;
total data:
760336
716364
2
total send:
0
0
0
total receive:
760336
716364
2
