time to deal
14
time to dealSend
0
time to dealReceive
22253
time to agree
5975
time to send multicast complaint
0
# complaints received in multicast
0
time to receive multicast complaint
10074
adjust time to finish multicast
16049
time to wait after receiving all multicast complaints
-4049
time to verify multicast complaint
0
time to broadcast complaint
1
time to broadcastReceive
16078
time to receive relayed complaints from blockchain
30001
# complaints received in broadcast
0
time to verify complaints from blockchain
0
time to compute pk, sk share and pk share
1
total time:
76054
total idle cost:
0
protocol cost:
76054
total communication cost:
70062
total computation cost:
5990
generateKeys,1;deal,14;verifyMulticast,0;verifyBroadcast,0;agree,5975;
total data:
760334
716364
2
total send:
0
0
0
total receive:
760334
716364
2
