time to deal
432
time to dealSend
5
time to dealReceive
21653
time to agree
6362
time to send multicast complaint
0
# complaints received in multicast
0
time to receive multicast complaint
10074
adjust time to finish multicast
16436
time to wait after receiving all multicast complaints
-4436
time to verify multicast complaint
0
time to broadcast complaint
0
time to broadcastReceive
15695
time to receive relayed complaints from blockchain
30000
# complaints received in broadcast
0
time to verify complaints from blockchain
0
time to compute pk, sk share and pk share
2
total time:
76444
total idle cost:
0
protocol cost:
76444
total communication cost:
69642
total computation cost:
6796
generateKeys,2;deal,432;verifyMulticast,0;verifyBroadcast,0;agree,6362;
total data:
778453
733419
3
total send:
18119
17055
1
total receive:
760334
716364
2
