time to deal
12
time to dealSend
0
time to dealReceive
21918
time to agree
6092
time to send multicast complaint
0
# complaints received in multicast
0
time to receive multicast complaint
10094
adjust time to finish multicast
16186
time to wait after receiving all multicast complaints
-4186
time to verify multicast complaint
0
time to broadcast complaint
0
time to broadcastReceive
15980
time to receive relayed complaints from blockchain
30000
# complaints received in broadcast
0
time to verify complaints from blockchain
0
time to compute pk, sk share and pk share
1
total time:
76193
total idle cost:
0
protocol cost:
76193
total communication cost:
70082
total computation cost:
6105
generateKeys,1;deal,12;verifyMulticast,0;verifyBroadcast,0;agree,6092;
total data:
760334
716364
2
total send:
0
0
0
total receive:
760334
716364
2
