time to deal
417
time to dealSend
15
time to dealReceive
22008
time to agree
5880
time to send multicast complaint
0
# complaints received in multicast
0
time to receive multicast complaint
10084
adjust time to finish multicast
15964
time to wait after receiving all multicast complaints
-3964
time to verify multicast complaint
0
time to broadcast complaint
0
time to broadcastReceive
16140
time to receive relayed complaints from blockchain
30000
# complaints received in broadcast
0
time to verify complaints from blockchain
0
time to compute pk, sk share and pk share
1
total time:
75970
total idle cost:
0
protocol cost:
75970
total communication cost:
69667
total computation cost:
6298
generateKeys,1;deal,417;verifyMulticast,0;verifyBroadcast,0;agree,5880;
total data:
778451
733417
3
total send:
18117
17053
1
total receive:
760334
716364
2
