time to deal
13
time to dealSend
0
time to dealReceive
22338
time to agree
6016
time to send multicast complaint
0
# complaints received in multicast
0
time to receive multicast complaint
10108
adjust time to finish multicast
16124
time to wait after receiving all multicast complaints
-4124
time to verify multicast complaint
0
time to broadcast complaint
1
time to broadcastReceive
16019
time to receive relayed complaints from blockchain
30000
# complaints received in broadcast
0
time to verify complaints from blockchain
0
time to compute pk, sk share and pk share
1
total time:
76129
total idle cost:
0
protocol cost:
76129
total communication cost:
70096
total computation cost:
6030
generateKeys,1;deal,13;verifyMulticast,0;verifyBroadcast,0;agree,6016;
total data:
760334
716364
2
total send:
0
0
0
total receive:
760334
716364
2
