time to deal
22
time to dealSend
0
time to dealReceive
22160
time to agree
6157
time to send multicast complaint
0
# complaints received in multicast
0
time to receive multicast complaint
10098
adjust time to finish multicast
16255
time to wait after receiving all multicast complaints
-4255
time to verify multicast complaint
0
time to broadcast complaint
1
time to broadcastReceive
15862
time to receive relayed complaints from blockchain
30001
# complaints received in broadcast
0
time to verify complaints from blockchain
0
time to compute pk, sk share and pk share
1
total time:
76261
total idle cost:
0
protocol cost:
76261
total communication cost:
70079
total computation cost:
6180
generateKeys,1;deal,22;verifyMulticast,0;verifyBroadcast,0;agree,6157;
total data:
760334
716364
2
total send:
0
0
0
total receive:
760334
716364
2
