time to deal
17
time to dealSend
0
time to dealReceive
21303
time to agree
3042
time to send multicast complaint
78
# complaints received in multicast
2688
time to receive multicast complaint
1012
adjust time to finish multicast
4132
time to wait after receiving all multicast complaints
7868
time to verify multicast complaint
2
time to broadcast complaint
1
time to broadcastReceive
20394
time to receive relayed complaints from blockchain
29998
# complaints received in broadcast
777
time to verify complaints from blockchain
77
time to compute pk, sk share and pk share
1
total time:
72084
total idle cost:
7868
protocol cost:
64216
total communication cost:
61072
total computation cost:
3139
generateKeys,1;deal,17;verifyMulticast,2;verifyBroadcast,77;agree,3042;
total data:
1030733
941461
256
total send:
311656
282702
127
total receive:
719077
658759
129
