time to deal
15
time to dealSend
0
time to dealReceive
21192
time to agree
3424
time to send multicast complaint
100
# complaints received in multicast
2688
time to receive multicast complaint
596
adjust time to finish multicast
4120
time to wait after receiving all multicast complaints
7880
time to verify multicast complaint
3
time to broadcast complaint
1
time to broadcastReceive
20361
time to receive relayed complaints from blockchain
29998
# complaints received in broadcast
777
time to verify complaints from blockchain
66
time to compute pk, sk share and pk share
1
total time:
72074
total idle cost:
7880
protocol cost:
64194
total communication cost:
60680
total computation cost:
3509
generateKeys,1;deal,15;verifyMulticast,3;verifyBroadcast,66;agree,3424;
total data:
1031237
941965
256
total send:
312164
283210
127
total receive:
719073
658755
129
