time to deal
14
time to dealSend
0
time to dealReceive
21263
time to agree
3062
time to send multicast complaint
41
# complaints received in multicast
2688
time to receive multicast complaint
1030
adjust time to finish multicast
4133
time to wait after receiving all multicast complaints
7867
time to verify multicast complaint
2
time to broadcast complaint
1
time to broadcastReceive
20477
time to receive relayed complaints from blockchain
29998
# complaints received in broadcast
777
time to verify complaints from blockchain
68
time to compute pk, sk share and pk share
1
total time:
72076
total idle cost:
7867
protocol cost:
64209
total communication cost:
61057
total computation cost:
3147
generateKeys,1;deal,14;verifyMulticast,2;verifyBroadcast,68;agree,3062;
total data:
1030607
941335
256
total send:
311529
282575
127
total receive:
719078
658760
129
