time to deal
14
time to dealSend
0
time to dealReceive
21243
time to agree
3144
time to send multicast complaint
42
# complaints received in multicast
2688
time to receive multicast complaint
889
adjust time to finish multicast
4075
time to wait after receiving all multicast complaints
7925
time to verify multicast complaint
2
time to broadcast complaint
1
time to broadcastReceive
20315
time to receive relayed complaints from blockchain
29999
# complaints received in broadcast
777
time to verify complaints from blockchain
71
time to compute pk, sk share and pk share
1
total time:
72079
total idle cost:
7925
protocol cost:
64154
total communication cost:
60917
total computation cost:
3232
generateKeys,1;deal,14;verifyMulticast,2;verifyBroadcast,71;agree,3144;
total data:
1030481
941209
256
total send:
311402
282448
127
total receive:
719079
658761
129
