time to deal
274
time to dealSend
2
time to dealReceive
20690
time to agree
3029
time to send multicast complaint
96
# complaints received in multicast
2688
time to receive multicast complaint
960
adjust time to finish multicast
4085
time to wait after receiving all multicast complaints
7915
time to verify multicast complaint
3
time to broadcast complaint
2
time to broadcastReceive
20303
time to receive relayed complaints from blockchain
29997
# complaints received in broadcast
777
time to verify complaints from blockchain
84
time to compute pk, sk share and pk share
1
total time:
72092
total idle cost:
7915
protocol cost:
64177
total communication cost:
60781
total computation cost:
3391
generateKeys,1;deal,274;verifyMulticast,3;verifyBroadcast,84;agree,3029;
total data:
1035044
945221
257
total send:
315960
286455
128
total receive:
719084
658766
129
