time to deal
14
time to dealSend
0
time to dealReceive
21126
time to agree
3063
time to send multicast complaint
47
# complaints received in multicast
2688
time to receive multicast complaint
990
adjust time to finish multicast
4100
time to wait after receiving all multicast complaints
7900
time to verify multicast complaint
2
time to broadcast complaint
1
time to broadcastReceive
20435
time to receive relayed complaints from blockchain
29998
# complaints received in broadcast
777
time to verify complaints from blockchain
87
time to compute pk, sk share and pk share
2
total time:
72094
total idle cost:
7900
protocol cost:
64194
total communication cost:
61022
total computation cost:
3168
generateKeys,2;deal,14;verifyMulticast,2;verifyBroadcast,87;agree,3063;
total data:
1030733
941461
256
total send:
311656
282702
127
total receive:
719077
658759
129
