time to deal
319
time to dealSend
4
time to dealReceive
20987
time to agree
3048
time to send multicast complaint
35
# complaints received in multicast
2688
time to receive multicast complaint
1029
adjust time to finish multicast
4112
time to wait after receiving all multicast complaints
7888
time to verify multicast complaint
2
time to broadcast complaint
1
time to broadcastReceive
20379
time to receive relayed complaints from blockchain
29998
# complaints received in broadcast
777
time to verify complaints from blockchain
69
time to compute pk, sk share and pk share
2
total time:
72078
total idle cost:
7888
protocol cost:
64190
total communication cost:
60744
total computation cost:
3440
generateKeys,2;deal,319;verifyMulticast,2;verifyBroadcast,69;agree,3048;
total data:
1039837
950014
257
total send:
320759
291254
128
total receive:
719078
658760
129
