time to deal
16
time to dealSend
0
time to dealReceive
20973
time to agree
3144
time to send multicast complaint
44
# complaints received in multicast
2688
time to receive multicast complaint
887
adjust time to finish multicast
4075
time to wait after receiving all multicast complaints
7925
time to verify multicast complaint
2
# complaints send in broadcast
21
time to broadcast complaint
3
time to broadcastReceive
20304
time to receive relayed complaints from blockchain
29998
# complaints received in broadcast
777
time to verify complaints from blockchain
72
time to compute pk, sk share and pk share
1
total time:
72079
total idle cost:
7925
protocol cost:
64154
total communication cost:
60916
total computation cost:
3235
generateKeys,1;deal,16;verifyMulticast,2;verifyBroadcast,72;agree,3144;
total data:
1034256
944739
257
total send:
315186
285987
128
total receive:
719070
658752
129
