time to deal
14
time to dealSend
0
time to dealReceive
21027
time to agree
2982
time to send multicast complaint
94
# complaints received in multicast
2688
time to receive multicast complaint
998
adjust time to finish multicast
4074
time to wait after receiving all multicast complaints
7926
time to verify multicast complaint
2
time to broadcast complaint
1
time to broadcastReceive
20310
time to receive relayed complaints from blockchain
29998
# complaints received in broadcast
777
time to verify complaints from blockchain
64
time to compute pk, sk share and pk share
1
total time:
72073
total idle cost:
7926
protocol cost:
64147
total communication cost:
61077
total computation cost:
3063
generateKeys,1;deal,14;verifyMulticast,2;verifyBroadcast,64;agree,2982;
total data:
1030481
941209
256
total send:
311402
282448
127
total receive:
719079
658761
129
