time to deal
277
time to dealSend
1
time to dealReceive
20888
time to agree
3270
time to send multicast complaint
74
# complaints received in multicast
2688
time to receive multicast complaint
761
adjust time to finish multicast
4105
time to wait after receiving all multicast complaints
7895
time to verify multicast complaint
2
time to broadcast complaint
1
time to broadcastReceive
20344
time to receive relayed complaints from blockchain
29998
# complaints received in broadcast
777
time to verify complaints from blockchain
69
time to compute pk, sk share and pk share
1
total time:
72082
total idle cost:
7895
protocol cost:
64187
total communication cost:
60558
total computation cost:
3619
generateKeys,1;deal,277;verifyMulticast,2;verifyBroadcast,69;agree,3270;
total data:
1040584
950761
257
total send:
321512
292007
128
total receive:
719072
658754
129
