time to deal
23
time to dealSend
0
time to dealReceive
20954
time to agree
2465
time to send multicast complaint
36
# complaints received in multicast
1664
time to receive multicast complaint
597
adjust time to finish multicast
3098
time to wait after receiving all multicast complaints
8902
time to verify multicast complaint
2
# complaints send in broadcast
13
time to broadcast complaint
2
time to broadcastReceive
20177
time to receive relayed complaints from blockchain
29998
# complaints received in broadcast
481
time to verify complaints from blockchain
60
time to compute pk, sk share and pk share
2
total time:
72067
total idle cost:
8902
protocol cost:
63165
total communication cost:
60610
total computation cost:
2552
generateKeys,2;deal,23;verifyMulticast,2;verifyBroadcast,60;agree,2465;
total data:
666459
607778
257
total send:
196018
177059
128
total receive:
470441
430719
129
