time to deal
21
time to dealSend
0
time to dealReceive
20962
time to agree
2405
time to send multicast complaint
152
# complaints received in multicast
1664
time to receive multicast complaint
545
adjust time to finish multicast
3102
time to wait after receiving all multicast complaints
8898
time to verify multicast complaint
2
time to broadcast complaint
1
time to broadcastReceive
20176
time to receive relayed complaints from blockchain
29998
# complaints received in broadcast
481
time to verify complaints from blockchain
76
time to compute pk, sk share and pk share
1
total time:
72083
total idle cost:
8898
protocol cost:
63185
total communication cost:
60676
total computation cost:
2505
generateKeys,1;deal,21;verifyMulticast,2;verifyBroadcast,76;agree,2405;
total data:
664371
605855
256
total send:
193927
175133
127
total receive:
470444
430722
129
