time to deal
24
time to dealSend
0
time to dealReceive
21362
time to agree
2443
time to send multicast complaint
97
# complaints received in multicast
1664
time to receive multicast complaint
579
adjust time to finish multicast
3119
time to wait after receiving all multicast complaints
8881
time to verify multicast complaint
2
time to broadcast complaint
1
time to broadcastReceive
20184
time to receive relayed complaints from blockchain
29998
# complaints received in broadcast
481
time to verify complaints from blockchain
65
time to compute pk, sk share and pk share
2
total time:
72072
total idle cost:
8881
protocol cost:
63191
total communication cost:
60651
total computation cost:
2536
generateKeys,2;deal,24;verifyMulticast,2;verifyBroadcast,65;agree,2443;
total data:
663993
605477
256
total send:
193546
174752
127
total receive:
470447
430725
129
