time to deal
24
time to dealSend
0
time to dealReceive
20987
time to agree
2481
time to send multicast complaint
43
# complaints received in multicast
1664
time to receive multicast complaint
622
adjust time to finish multicast
3146
time to wait after receiving all multicast complaints
8854
time to verify multicast complaint
2
time to broadcast complaint
1
time to broadcastReceive
20188
time to receive relayed complaints from blockchain
29999
# complaints received in broadcast
481
time to verify complaints from blockchain
61
time to compute pk, sk share and pk share
1
total time:
72068
total idle cost:
8854
protocol cost:
63214
total communication cost:
60641
total computation cost:
2569
generateKeys,1;deal,24;verifyMulticast,2;verifyBroadcast,61;agree,2481;
total data:
663741
605225
256
total send:
193292
174498
127
total receive:
470449
430727
129
