time to deal
25
time to dealSend
0
time to dealReceive
20964
time to agree
2355
time to send multicast complaint
104
# complaints received in multicast
1664
time to receive multicast complaint
669
adjust time to finish multicast
3128
time to wait after receiving all multicast complaints
8872
time to verify multicast complaint
2
time to broadcast complaint
1
time to broadcastReceive
20180
time to receive relayed complaints from blockchain
29998
# complaints received in broadcast
481
time to verify complaints from blockchain
63
time to compute pk, sk share and pk share
1
total time:
72069
total idle cost:
8872
protocol cost:
63197
total communication cost:
60747
total computation cost:
2446
generateKeys,1;deal,25;verifyMulticast,2;verifyBroadcast,63;agree,2355;
total data:
664497
605981
256
total send:
194054
175260
127
total receive:
470443
430721
129
