time to deal
34
time to dealSend
0
time to dealReceive
20955
time to agree
2254
time to send multicast complaint
106
# complaints received in multicast
1664
time to receive multicast complaint
767
adjust time to finish multicast
3127
time to wait after receiving all multicast complaints
8873
time to verify multicast complaint
2
time to broadcast complaint
1
time to broadcastReceive
20181
time to receive relayed complaints from blockchain
29999
# complaints received in broadcast
481
time to verify complaints from blockchain
61
time to compute pk, sk share and pk share
2
total time:
72069
total idle cost:
8873
protocol cost:
63196
total communication cost:
60839
total computation cost:
2353
generateKeys,2;deal,34;verifyMulticast,2;verifyBroadcast,61;agree,2254;
total data:
664497
605981
256
total send:
194054
175260
127
total receive:
470443
430721
129
