time to deal
25
time to dealSend
0
time to dealReceive
21205
time to agree
2304
time to send multicast complaint
96
# complaints received in multicast
1664
time to receive multicast complaint
614
adjust time to finish multicast
3014
time to wait after receiving all multicast complaints
8986
time to verify multicast complaint
2
time to broadcast complaint
1
time to broadcastReceive
20120
time to receive relayed complaints from blockchain
29998
# complaints received in broadcast
481
time to verify complaints from blockchain
71
time to compute pk, sk share and pk share
2
total time:
72078
total idle cost:
8986
protocol cost:
63092
total communication cost:
60684
total computation cost:
2404
generateKeys,2;deal,25;verifyMulticast,2;verifyBroadcast,71;agree,2304;
total data:
663867
605351
256
total send:
193419
174625
127
total receive:
470448
430726
129
