time to deal
431
time to dealSend
3
time to dealReceive
20580
time to agree
2219
time to send multicast complaint
85
# complaints received in multicast
1664
time to receive multicast complaint
884
adjust time to finish multicast
3188
time to wait after receiving all multicast complaints
8812
time to verify multicast complaint
2
time to broadcast complaint
1
time to broadcastReceive
20189
time to receive relayed complaints from blockchain
29998
# complaints received in broadcast
481
time to verify complaints from blockchain
59
time to compute pk, sk share and pk share
2
total time:
72068
total idle cost:
8812
protocol cost:
63256
total communication cost:
60537
total computation cost:
2713
generateKeys,2;deal,431;verifyMulticast,2;verifyBroadcast,59;agree,2219;
total data:
669817
610750
257
total send:
199375
180030
128
total receive:
470442
430720
129
