time to deal
22
time to dealSend
0
time to dealReceive
20948
time to agree
2474
time to send multicast complaint
99
# complaints received in multicast
1664
time to receive multicast complaint
529
adjust time to finish multicast
3102
time to wait after receiving all multicast complaints
8898
time to verify multicast complaint
2
# complaints send in broadcast
13
time to broadcast complaint
3
time to broadcastReceive
20175
time to receive relayed complaints from blockchain
29999
# complaints received in broadcast
481
time to verify complaints from blockchain
58
time to compute pk, sk share and pk share
2
total time:
72066
total idle cost:
8898
protocol cost:
63168
total communication cost:
60608
total computation cost:
2558
generateKeys,2;deal,22;verifyMulticast,2;verifyBroadcast,58;agree,2474;
total data:
666333
607652
257
total send:
195891
176932
128
total receive:
470442
430720
129
