time to deal
16
time to dealSend
0
time to dealReceive
20983
time to agree
2432
time to send multicast complaint
110
# complaints received in multicast
1664
time to receive multicast complaint
549
adjust time to finish multicast
3091
time to wait after receiving all multicast complaints
8909
time to verify multicast complaint
2
time to broadcast complaint
2
time to broadcastReceive
20174
time to receive relayed complaints from blockchain
29998
# complaints received in broadcast
481
time to verify complaints from blockchain
70
time to compute pk, sk share and pk share
2
total time:
72077
total idle cost:
8909
protocol cost:
63168
total communication cost:
60643
total computation cost:
2522
generateKeys,2;deal,16;verifyMulticast,2;verifyBroadcast,70;agree,2432;
total data:
664875
606359
256
total send:
194435
175641
127
total receive:
470440
430718
129
