time to deal
294
time to dealSend
11
time to dealReceive
20692
time to agree
2250
time to send multicast complaint
65
# complaints received in multicast
1664
time to receive multicast complaint
804
adjust time to finish multicast
3119
time to wait after receiving all multicast complaints
8881
time to verify multicast complaint
2
time to broadcast complaint
1
time to broadcastReceive
20194
time to receive relayed complaints from blockchain
29999
# complaints received in broadcast
481
time to verify complaints from blockchain
56
time to compute pk, sk share and pk share
1
total time:
72064
total idle cost:
8881
protocol cost:
63183
total communication cost:
60575
total computation cost:
2603
generateKeys,1;deal,294;verifyMulticast,2;verifyBroadcast,56;agree,2250;
total data:
669692
610625
257
total send:
199249
179904
128
total receive:
470443
430721
129
