time to deal
26
time to dealSend
0
time to dealReceive
20819
time to agree
2484
time to send multicast complaint
87
# complaints received in multicast
1664
time to receive multicast complaint
474
adjust time to finish multicast
3045
time to wait after receiving all multicast complaints
8955
time to verify multicast complaint
1
time to broadcast complaint
1
time to broadcastReceive
20124
time to receive relayed complaints from blockchain
29999
# complaints received in broadcast
481
time to verify complaints from blockchain
59
time to compute pk, sk share and pk share
1
total time:
72065
total idle cost:
8955
protocol cost:
63110
total communication cost:
60535
total computation cost:
2571
generateKeys,1;deal,26;verifyMulticast,1;verifyBroadcast,59;agree,2484;
total data:
663741
605225
256
total send:
193292
174498
127
total receive:
470449
430727
129
