time to deal
70
time to dealSend
0
time to dealReceive
20740
time to agree
2350
time to send multicast complaint
91
# complaints received in multicast
1664
time to receive multicast complaint
557
adjust time to finish multicast
2998
time to wait after receiving all multicast complaints
9002
time to verify multicast complaint
2
time to broadcast complaint
52
time to broadcastReceive
20065
time to receive relayed complaints from blockchain
29998
# complaints received in broadcast
481
time to verify complaints from blockchain
62
time to compute pk, sk share and pk share
1
total time:
72070
total idle cost:
9002
protocol cost:
63068
total communication cost:
60628
total computation cost:
2485
generateKeys,1;deal,70;verifyMulticast,2;verifyBroadcast,62;agree,2350;
total data:
663993
605477
256
total send:
193546
174752
127
total receive:
470447
430725
129
