time to deal
21
time to dealSend
0
time to dealReceive
20790
time to agree
2146
time to send multicast complaint
101
# complaints received in multicast
1280
time to receive multicast complaint
374
adjust time to finish multicast
2621
time to wait after receiving all multicast complaints
9379
time to verify multicast complaint
1
time to broadcast complaint
1
time to broadcastReceive
20113
time to receive relayed complaints from blockchain
29999
# complaints received in broadcast
440
time to verify complaints from blockchain
110
time to compute pk, sk share and pk share
2
total time:
72118
total idle cost:
9379
protocol cost:
62739
total communication cost:
60454
total computation cost:
2280
generateKeys,2;deal,21;verifyMulticast,1;verifyBroadcast,110;agree,2146;
total data:
538255
490327
256
total send:
149350
134366
127
total receive:
388905
355961
129
