time to deal
273
time to dealSend
3
time to dealReceive
20651
time to agree
2152
time to send multicast complaint
92
# complaints received in multicast
1280
time to receive multicast complaint
411
adjust time to finish multicast
2655
time to wait after receiving all multicast complaints
9345
time to verify multicast complaint
1
time to broadcast complaint
1
time to broadcastReceive
20140
time to receive relayed complaints from blockchain
29999
# complaints received in broadcast
440
time to verify complaints from blockchain
69
time to compute pk, sk share and pk share
1
total time:
72078
total idle cost:
9345
protocol cost:
62733
total communication cost:
60231
total computation cost:
2496
generateKeys,1;deal,273;verifyMulticast,1;verifyBroadcast,69;agree,2152;
total data:
543197
494718
257
total send:
154290
138755
128
total receive:
388907
355963
129
