time to deal
22
time to dealSend
0
time to dealReceive
21100
time to agree
2155
time to send multicast complaint
126
# complaints received in multicast
1280
time to receive multicast complaint
362
adjust time to finish multicast
2643
time to wait after receiving all multicast complaints
9357
time to verify multicast complaint
1
# complaints send in broadcast
10
time to broadcast complaint
3
time to broadcastReceive
20136
time to receive relayed complaints from blockchain
29999
# complaints received in broadcast
440
time to verify complaints from blockchain
75
time to compute pk, sk share and pk share
2
total time:
72084
total idle cost:
9357
protocol cost:
62727
total communication cost:
60468
total computation cost:
2255
generateKeys,2;deal,22;verifyMulticast,1;verifyBroadcast,75;agree,2155;
total data:
539867
491804
257
total send:
150964
135845
128
total receive:
388903
355959
129
