time to deal
22
time to dealSend
0
time to dealReceive
20741
time to agree
2042
time to send multicast complaint
89
# complaints received in multicast
1280
time to receive multicast complaint
446
adjust time to finish multicast
2577
time to wait after receiving all multicast complaints
9423
time to verify multicast complaint
1
time to broadcast complaint
1
time to broadcastReceive
20108
time to receive relayed complaints from blockchain
30000
# complaints received in broadcast
440
time to verify complaints from blockchain
73
time to compute pk, sk share and pk share
1
total time:
72082
total idle cost:
9423
protocol cost:
62659
total communication cost:
60514
total computation cost:
2139
generateKeys,1;deal,22;verifyMulticast,1;verifyBroadcast,73;agree,2042;
total data:
538255
490327
256
total send:
149350
134366
127
total receive:
388905
355961
129
