time to deal
17
time to dealSend
0
time to dealReceive
20996
time to agree
1971
time to send multicast complaint
36
# complaints received in multicast
1280
time to receive multicast complaint
525
adjust time to finish multicast
2532
time to wait after receiving all multicast complaints
9468
time to verify multicast complaint
1
time to broadcast complaint
1
time to broadcastReceive
20115
time to receive relayed complaints from blockchain
29999
# complaints received in broadcast
440
time to verify complaints from blockchain
79
time to compute pk, sk share and pk share
4
total time:
72088
total idle cost:
9468
protocol cost:
62620
total communication cost:
60544
total computation cost:
2072
generateKeys,4;deal,17;verifyMulticast,1;verifyBroadcast,79;agree,1971;
total data:
538381
490453
256
total send:
149477
134493
127
total receive:
388904
355960
129
