time to deal
17
time to dealSend
0
time to dealReceive
20824
time to agree
2124
time to send multicast complaint
81
# complaints received in multicast
1280
time to receive multicast complaint
423
adjust time to finish multicast
2628
time to wait after receiving all multicast complaints
9372
time to verify multicast complaint
1
time to broadcast complaint
1
time to broadcastReceive
20118
time to receive relayed complaints from blockchain
29999
# complaints received in broadcast
440
time to verify complaints from blockchain
76
time to compute pk, sk share and pk share
2
total time:
72085
total idle cost:
9372
protocol cost:
62713
total communication cost:
60488
total computation cost:
2220
generateKeys,2;deal,17;verifyMulticast,1;verifyBroadcast,76;agree,2124;
total data:
538003
490075
256
total send:
149096
134112
127
total receive:
388907
355963
129
