time to deal
290
time to dealSend
3
time to dealReceive
20629
time to agree
1912
time to send multicast complaint
33
# complaints received in multicast
1280
time to receive multicast complaint
624
adjust time to finish multicast
2569
time to wait after receiving all multicast complaints
9431
time to verify multicast complaint
1
time to broadcast complaint
1
time to broadcastReceive
20142
time to receive relayed complaints from blockchain
29999
# complaints received in broadcast
440
time to verify complaints from blockchain
84
time to compute pk, sk share and pk share
5
total time:
72097
total idle cost:
9431
protocol cost:
62666
total communication cost:
60367
total computation cost:
2292
generateKeys,5;deal,290;verifyMulticast,1;verifyBroadcast,84;agree,1912;
total data:
548115
499636
257
total send:
159215
143680
128
total receive:
388900
355956
129
