time to deal
17
time to dealSend
0
time to dealReceive
21063
time to agree
2116
time to send multicast complaint
102
# complaints received in multicast
1280
time to receive multicast complaint
404
adjust time to finish multicast
2622
time to wait after receiving all multicast complaints
9378
time to verify multicast complaint
1
time to broadcast complaint
1
time to broadcastReceive
20125
time to receive relayed complaints from blockchain
29999
# complaints received in broadcast
440
time to verify complaints from blockchain
78
time to compute pk, sk share and pk share
1
total time:
72086
total idle cost:
9378
protocol cost:
62708
total communication cost:
60489
total computation cost:
2213
generateKeys,1;deal,17;verifyMulticast,1;verifyBroadcast,78;agree,2116;
total data:
538759
490831
256
total send:
149858
134874
127
total receive:
388901
355957
129
