time to deal
281
time to dealSend
2
time to dealReceive
20914
time to agree
2107
time to send multicast complaint
89
# complaints received in multicast
1280
time to receive multicast complaint
437
adjust time to finish multicast
2633
time to wait after receiving all multicast complaints
9367
time to verify multicast complaint
1
time to broadcast complaint
5
time to broadcastReceive
20190
time to receive relayed complaints from blockchain
30000
# complaints received in broadcast
440
time to verify complaints from blockchain
70
time to compute pk, sk share and pk share
1
total time:
72078
total idle cost:
9367
protocol cost:
62711
total communication cost:
60250
total computation cost:
2460
generateKeys,1;deal,281;verifyMulticast,1;verifyBroadcast,70;agree,2107;
total data:
547849
499370
257
total send:
158947
143412
128
total receive:
388902
355958
129
