time to deal
26
time to dealSend
0
time to dealReceive
21081
time to agree
2026
time to send multicast complaint
69
# complaints received in multicast
1280
time to receive multicast complaint
465
adjust time to finish multicast
2560
time to wait after receiving all multicast complaints
9440
time to verify multicast complaint
1
time to broadcast complaint
1
time to broadcastReceive
20140
time to receive relayed complaints from blockchain
30000
# complaints received in broadcast
440
time to verify complaints from blockchain
69
time to compute pk, sk share and pk share
1
total time:
72077
total idle cost:
9440
protocol cost:
62637
total communication cost:
60509
total computation cost:
2123
generateKeys,1;deal,26;verifyMulticast,1;verifyBroadcast,69;agree,2026;
total data:
538255
490327
256
total send:
149350
134366
127
total receive:
388905
355961
129
