time to deal
26
time to dealSend
0
time to dealReceive
21016
time to agree
2233
time to send multicast complaint
43
# complaints received in multicast
1280
time to receive multicast complaint
370
adjust time to finish multicast
2646
time to wait after receiving all multicast complaints
9354
time to verify multicast complaint
1
time to broadcast complaint
2
time to broadcastReceive
20119
time to receive relayed complaints from blockchain
29999
# complaints received in broadcast
440
time to verify complaints from blockchain
79
time to compute pk, sk share and pk share
1
total time:
72087
total idle cost:
9354
protocol cost:
62733
total communication cost:
60388
total computation cost:
2340
generateKeys,1;deal,26;verifyMulticast,1;verifyBroadcast,79;agree,2233;
total data:
538255
490327
256
total send:
149350
134366
127
total receive:
388905
355961
129
