time to deal
19
time to dealSend
0
time to dealReceive
21379
time to agree
6232
time to send multicast complaint
81
# complaints received in multicast
6400
time to receive multicast complaint
1192
adjust time to finish multicast
7505
time to wait after receiving all multicast complaints
4495
time to verify multicast complaint
5
time to broadcast complaint
1
time to broadcastReceive
20325
time to receive relayed complaints from blockchain
29995
# complaints received in broadcast
1050
time to verify complaints from blockchain
82
time to compute pk, sk share and pk share
1
total time:
72088
total idle cost:
4495
protocol cost:
67593
total communication cost:
61250
total computation cost:
6339
generateKeys,1;deal,19;verifyMulticast,5;verifyBroadcast,82;agree,6232;
total data:
2265816
2068510
512
total send:
743706
675240
255
total receive:
1522110
1393270
257
