time to deal
20
time to dealSend
0
time to dealReceive
21963
time to agree
6045
time to send multicast complaint
162
# complaints received in multicast
6400
time to receive multicast complaint
1350
adjust time to finish multicast
7557
time to wait after receiving all multicast complaints
4443
time to verify multicast complaint
5
time to broadcast complaint
1
time to broadcastReceive
20473
time to receive relayed complaints from blockchain
29995
# complaints received in broadcast
1050
time to verify complaints from blockchain
114
time to compute pk, sk share and pk share
2
total time:
72122
total idle cost:
4443
protocol cost:
67679
total communication cost:
61489
total computation cost:
6186
generateKeys,2;deal,20;verifyMulticast,5;verifyBroadcast,114;agree,6045;
total data:
2267086
2069780
512
total send:
744981
676515
255
total receive:
1522105
1393265
257
