time to deal
18
time to dealSend
0
time to dealReceive
22114
time to agree
6754
time to send multicast complaint
152
# complaints received in multicast
6400
time to receive multicast complaint
705
adjust time to finish multicast
7611
time to wait after receiving all multicast complaints
4389
time to verify multicast complaint
5
time to broadcast complaint
1
time to broadcastReceive
20566
time to receive relayed complaints from blockchain
29995
# complaints received in broadcast
1050
time to verify complaints from blockchain
103
time to compute pk, sk share and pk share
2
total time:
72110
total idle cost:
4389
protocol cost:
67721
total communication cost:
60835
total computation cost:
6882
generateKeys,2;deal,18;verifyMulticast,5;verifyBroadcast,103;agree,6754;
total data:
2266832
2069526
512
total send:
744726
676260
255
total receive:
1522106
1393266
257
