time to deal
12
time to dealSend
0
time to dealReceive
22215
time to agree
6047
time to send multicast complaint
76
# complaints received in multicast
6400
time to receive multicast complaint
1466
adjust time to finish multicast
7589
time to wait after receiving all multicast complaints
4411
time to verify multicast complaint
5
time to broadcast complaint
1
time to broadcastReceive
20506
time to receive relayed complaints from blockchain
29995
# complaints received in broadcast
1050
time to verify complaints from blockchain
98
time to compute pk, sk share and pk share
2
total time:
72107
total idle cost:
4411
protocol cost:
67696
total communication cost:
61526
total computation cost:
6164
generateKeys,2;deal,12;verifyMulticast,5;verifyBroadcast,98;agree,6047;
total data:
2265816
2068510
512
total send:
743706
675240
255
total receive:
1522110
1393270
257
