time to deal
16
time to dealSend
0
time to dealReceive
22815
time to agree
6269
time to send multicast complaint
80
# complaints received in multicast
6400
time to receive multicast complaint
1203
adjust time to finish multicast
7552
time to wait after receiving all multicast complaints
4448
time to verify multicast complaint
6
time to broadcast complaint
1
time to broadcastReceive
20500
time to receive relayed complaints from blockchain
29994
# complaints received in broadcast
1050
time to verify complaints from blockchain
105
time to compute pk, sk share and pk share
2
total time:
72113
total idle cost:
4448
protocol cost:
67665
total communication cost:
61263
total computation cost:
6398
generateKeys,2;deal,16;verifyMulticast,6;verifyBroadcast,105;agree,6269;
total data:
2266070
2068764
512
total send:
743961
675495
255
total receive:
1522109
1393269
257
