time to deal
24
time to dealSend
0
time to dealReceive
22002
time to agree
6194
time to send multicast complaint
61
# complaints received in multicast
6400
time to receive multicast complaint
1318
adjust time to finish multicast
7573
time to wait after receiving all multicast complaints
4427
time to verify multicast complaint
5
time to broadcast complaint
1
time to broadcastReceive
20507
time to receive relayed complaints from blockchain
29995
# complaints received in broadcast
1050
time to verify complaints from blockchain
93
time to compute pk, sk share and pk share
2
total time:
72101
total idle cost:
4427
protocol cost:
67674
total communication cost:
61351
total computation cost:
6318
generateKeys,2;deal,24;verifyMulticast,5;verifyBroadcast,93;agree,6194;
total data:
2267342
2069526
512
total send:
744980
676260
255
total receive:
1522362
1393266
257
