time to deal
12
time to dealSend
0
time to dealReceive
21713
time to agree
6492
time to send multicast complaint
111
# complaints received in multicast
6400
time to receive multicast complaint
980
adjust time to finish multicast
7583
time to wait after receiving all multicast complaints
4417
time to verify multicast complaint
5
time to broadcast complaint
1
time to broadcastReceive
20433
time to receive relayed complaints from blockchain
29995
# complaints received in broadcast
1050
time to verify complaints from blockchain
87
time to compute pk, sk share and pk share
1
total time:
72096
total idle cost:
4417
protocol cost:
67679
total communication cost:
61076
total computation cost:
6597
generateKeys,1;deal,12;verifyMulticast,5;verifyBroadcast,87;agree,6492;
total data:
2267088
2069272
512
total send:
744725
676005
255
total receive:
1522363
1393267
257
