time to deal
25
time to dealSend
0
time to dealReceive
22302
time to agree
6074
time to send multicast complaint
69
# complaints received in multicast
6400
time to receive multicast complaint
1412
adjust time to finish multicast
7555
time to wait after receiving all multicast complaints
4445
time to verify multicast complaint
5
time to broadcast complaint
1
time to broadcastReceive
20436
time to receive relayed complaints from blockchain
29996
# complaints received in broadcast
1050
time to verify complaints from blockchain
117
time to compute pk, sk share and pk share
2
total time:
72124
total idle cost:
4445
protocol cost:
67679
total communication cost:
61453
total computation cost:
6223
generateKeys,2;deal,25;verifyMulticast,5;verifyBroadcast,117;agree,6074;
total data:
2267342
2069526
512
total send:
744980
676260
255
total receive:
1522362
1393266
257
