time to deal
14
time to dealSend
0
time to dealReceive
21970
time to agree
6159
time to send multicast complaint
82
# complaints received in multicast
6400
time to receive multicast complaint
1326
adjust time to finish multicast
7567
time to wait after receiving all multicast complaints
4433
time to verify multicast complaint
5
time to broadcast complaint
1
time to broadcastReceive
20488
time to receive relayed complaints from blockchain
29995
# complaints received in broadcast
1050
time to verify complaints from blockchain
97
time to compute pk, sk share and pk share
2
total time:
72106
total idle cost:
4433
protocol cost:
67673
total communication cost:
61391
total computation cost:
6277
generateKeys,2;deal,14;verifyMulticast,5;verifyBroadcast,97;agree,6159;
total data:
2267088
2069272
512
total send:
744725
676005
255
total receive:
1522363
1393267
257
