time to deal
398
time to dealSend
6
time to dealReceive
23398
time to agree
5995
time to send multicast complaint
54
# complaints received in multicast
6400
time to receive multicast complaint
1506
adjust time to finish multicast
7555
time to wait after receiving all multicast complaints
4445
time to verify multicast complaint
5
time to broadcast complaint
1
time to broadcastReceive
20493
time to receive relayed complaints from blockchain
29996
# complaints received in broadcast
1050
time to verify complaints from blockchain
103
time to compute pk, sk share and pk share
2
total time:
72112
total idle cost:
4445
protocol cost:
67667
total communication cost:
61159
total computation cost:
6503
generateKeys,2;deal,398;verifyMulticast,5;verifyBroadcast,103;agree,5995;
total data:
2286472
2087591
513
total send:
764114
694329
256
total receive:
1522358
1393262
257
