time to deal
16
time to dealSend
0
time to dealReceive
21673
time to agree
6223
time to send multicast complaint
63
# complaints received in multicast
6400
time to receive multicast complaint
1216
adjust time to finish multicast
7502
time to wait after receiving all multicast complaints
4498
time to verify multicast complaint
5
# complaints send in broadcast
25
time to broadcast complaint
2
time to broadcastReceive
20351
time to receive relayed complaints from blockchain
29995
# complaints received in broadcast
1050
time to verify complaints from blockchain
90
time to compute pk, sk share and pk share
2
total time:
72099
total idle cost:
4498
protocol cost:
67601
total communication cost:
61260
total computation cost:
6336
generateKeys,2;deal,16;verifyMulticast,5;verifyBroadcast,90;agree,6223;
total data:
2268912
2071321
513
total send:
746802
678051
256
total receive:
1522110
1393270
257
