time to deal
14
time to dealSend
0
time to dealReceive
22323
time to agree
6177
time to send multicast complaint
77
# complaints received in multicast
6400
time to receive multicast complaint
1369
adjust time to finish multicast
7623
time to wait after receiving all multicast complaints
4377
time to verify multicast complaint
5
time to broadcast complaint
1
time to broadcastReceive
20568
time to receive relayed complaints from blockchain
29995
# complaints received in broadcast
1050
time to verify complaints from blockchain
97
time to compute pk, sk share and pk share
2
total time:
72104
total idle cost:
4377
protocol cost:
67727
total communication cost:
61428
total computation cost:
6295
generateKeys,2;deal,14;verifyMulticast,5;verifyBroadcast,97;agree,6177;
total data:
2266834
2069018
512
total send:
744470
675750
255
total receive:
1522364
1393268
257
