time to deal
14
time to dealSend
0
time to dealReceive
22097
time to agree
5946
time to send multicast complaint
84
# complaints received in multicast
6400
time to receive multicast complaint
1540
adjust time to finish multicast
7570
time to wait after receiving all multicast complaints
4430
time to verify multicast complaint
6
# complaints send in broadcast
25
time to broadcast complaint
2
time to broadcastReceive
20551
time to receive relayed complaints from blockchain
29994
# complaints received in broadcast
1050
time to verify complaints from blockchain
100
time to compute pk, sk share and pk share
1
total time:
72108
total idle cost:
4430
protocol cost:
67678
total communication cost:
61607
total computation cost:
6067
generateKeys,1;deal,14;verifyMulticast,6;verifyBroadcast,100;agree,5946;
total data:
2269424
2071322
513
total send:
747058
678052
256
total receive:
1522366
1393270
257
