time to deal
17
time to dealSend
0
time to dealReceive
21596
time to agree
6440
time to send multicast complaint
92
# complaints received in multicast
6400
time to receive multicast complaint
994
adjust time to finish multicast
7526
time to wait after receiving all multicast complaints
4474
time to verify multicast complaint
5
time to broadcast complaint
1
time to broadcastReceive
20363
time to receive relayed complaints from blockchain
29995
# complaints received in broadcast
1050
time to verify complaints from blockchain
109
time to compute pk, sk share and pk share
2
total time:
72117
total idle cost:
4474
protocol cost:
67643
total communication cost:
61065
total computation cost:
6573
generateKeys,2;deal,17;verifyMulticast,5;verifyBroadcast,109;agree,6440;
total data:
2265818
2068002
512
total send:
743450
674730
255
total receive:
1522368
1393272
257
