time to deal
436
time to dealSend
5
time to dealReceive
21682
time to agree
6105
time to send multicast complaint
88
# complaints received in multicast
6400
time to receive multicast complaint
1338
adjust time to finish multicast
7531
time to wait after receiving all multicast complaints
4469
time to verify multicast complaint
5
time to broadcast complaint
1
time to broadcastReceive
20446
time to receive relayed complaints from blockchain
29995
# complaints received in broadcast
1050
time to verify complaints from blockchain
105
time to compute pk, sk share and pk share
2
total time:
72114
total idle cost:
4469
protocol cost:
67645
total communication cost:
60987
total computation cost:
6653
generateKeys,2;deal,436;verifyMulticast,5;verifyBroadcast,105;agree,6105;
total data:
2284178
2085297
513
total send:
761811
692026
256
total receive:
1522367
1393271
257
