time to deal
13
time to dealSend
0
time to dealReceive
21711
time to agree
6328
time to send multicast complaint
72
# complaints received in multicast
6400
time to receive multicast complaint
1177
adjust time to finish multicast
7577
time to wait after receiving all multicast complaints
4423
time to verify multicast complaint
5
time to broadcast complaint
1
time to broadcastReceive
20401
time to receive relayed complaints from blockchain
29996
# complaints received in broadcast
1050
time to verify complaints from blockchain
92
time to compute pk, sk share and pk share
5
total time:
72104
total idle cost:
4423
protocol cost:
67681
total communication cost:
61233
total computation cost:
6443
generateKeys,5;deal,13;verifyMulticast,5;verifyBroadcast,92;agree,6328;
total data:
2267088
2069272
512
total send:
744725
676005
255
total receive:
1522363
1393267
257
