time to deal
26
time to dealSend
0
time to dealReceive
21903
time to agree
5982
time to send multicast complaint
61
# complaints received in multicast
6400
time to receive multicast complaint
1509
adjust time to finish multicast
7552
time to wait after receiving all multicast complaints
4448
time to verify multicast complaint
6
time to broadcast complaint
1
time to broadcastReceive
20439
time to receive relayed complaints from blockchain
29994
# complaints received in broadcast
1050
time to verify complaints from blockchain
121
time to compute pk, sk share and pk share
2
total time:
72131
total idle cost:
4448
protocol cost:
67683
total communication cost:
61539
total computation cost:
6137
generateKeys,2;deal,26;verifyMulticast,6;verifyBroadcast,121;agree,5982;
total data:
2267088
2069272
512
total send:
744725
676005
255
total receive:
1522363
1393267
257
