time to deal
12
time to dealSend
0
time to dealReceive
22231
time to agree
6036
time to send multicast complaint
75
# complaints received in multicast
6400
time to receive multicast complaint
1478
adjust time to finish multicast
7589
time to wait after receiving all multicast complaints
4411
time to verify multicast complaint
5
time to broadcast complaint
1
time to broadcastReceive
20459
time to receive relayed complaints from blockchain
29995
# complaints received in broadcast
1050
time to verify complaints from blockchain
121
time to compute pk, sk share and pk share
3
total time:
72130
total idle cost:
4411
protocol cost:
67719
total communication cost:
61537
total computation cost:
6177
generateKeys,3;deal,12;verifyMulticast,5;verifyBroadcast,121;agree,6036;
total data:
2267596
2069780
512
total send:
745235
676515
255
total receive:
1522361
1393265
257
