time to deal
16
time to dealSend
0
time to dealReceive
21725
time to agree
6134
time to send multicast complaint
95
# complaints received in multicast
6400
time to receive multicast complaint
1372
adjust time to finish multicast
7601
time to wait after receiving all multicast complaints
4399
time to verify multicast complaint
5
time to broadcast complaint
1
time to broadcastReceive
20454
time to receive relayed complaints from blockchain
29995
# complaints received in broadcast
1050
time to verify complaints from blockchain
116
time to compute pk, sk share and pk share
2
total time:
72125
total idle cost:
4399
protocol cost:
67726
total communication cost:
61448
total computation cost:
6273
generateKeys,2;deal,16;verifyMulticast,5;verifyBroadcast,116;agree,6134;
total data:
2265818
2068002
512
total send:
743450
674730
255
total receive:
1522368
1393272
257
