time to deal
19
time to dealSend
0
time to dealReceive
21490
time to agree
6161
time to send multicast complaint
94
# complaints received in multicast
6400
time to receive multicast complaint
1261
adjust time to finish multicast
7516
time to wait after receiving all multicast complaints
4484
time to verify multicast complaint
5
time to broadcast complaint
1
time to broadcastReceive
20357
time to receive relayed complaints from blockchain
29995
# complaints received in broadcast
1050
time to verify complaints from blockchain
103
time to compute pk, sk share and pk share
2
total time:
72109
total idle cost:
4484
protocol cost:
67625
total communication cost:
61332
total computation cost:
6290
generateKeys,2;deal,19;verifyMulticast,5;verifyBroadcast,103;agree,6161;
total data:
2265562
2068256
512
total send:
743451
674985
255
total receive:
1522111
1393271
257
