time to deal
14
time to dealSend
0
time to dealReceive
21472
time to agree
6293
time to send multicast complaint
166
# complaints received in multicast
6400
time to receive multicast complaint
1069
adjust time to finish multicast
7528
time to wait after receiving all multicast complaints
4472
time to verify multicast complaint
5
time to broadcast complaint
1
time to broadcastReceive
20348
time to receive relayed complaints from blockchain
29995
# complaints received in broadcast
1050
time to verify complaints from blockchain
97
time to compute pk, sk share and pk share
2
total time:
72104
total idle cost:
4472
protocol cost:
67632
total communication cost:
61217
total computation cost:
6411
generateKeys,2;deal,14;verifyMulticast,5;verifyBroadcast,97;agree,6293;
total data:
2267340
2070034
512
total send:
745236
676770
255
total receive:
1522104
1393264
257
