time to deal
14
time to dealSend
0
time to dealReceive
21599
time to agree
6363
time to send multicast complaint
77
# complaints received in multicast
6400
time to receive multicast complaint
1111
adjust time to finish multicast
7551
time to wait after receiving all multicast complaints
4449
time to verify multicast complaint
5
time to broadcast complaint
2
time to broadcastReceive
20387
time to receive relayed complaints from blockchain
29996
# complaints received in broadcast
1050
time to verify complaints from blockchain
97
time to compute pk, sk share and pk share
1
total time:
72106
total idle cost:
4449
protocol cost:
67657
total communication cost:
61172
total computation cost:
6480
generateKeys,1;deal,14;verifyMulticast,5;verifyBroadcast,97;agree,6363;
total data:
2267594
2070288
512
total send:
745491
677025
255
total receive:
1522103
1393263
257
