time to deal
15
time to dealSend
0
time to dealReceive
21862
time to agree
6095
time to send multicast complaint
169
# complaints received in multicast
6400
time to receive multicast complaint
1299
adjust time to finish multicast
7563
time to wait after receiving all multicast complaints
4437
time to verify multicast complaint
5
# complaints send in broadcast
25
time to broadcast complaint
2
time to broadcastReceive
20417
time to receive relayed complaints from blockchain
29995
# complaints received in broadcast
1050
time to verify complaints from blockchain
105
time to compute pk, sk share and pk share
1
total time:
72112
total idle cost:
4437
protocol cost:
67675
total communication cost:
61450
total computation cost:
6221
generateKeys,1;deal,15;verifyMulticast,5;verifyBroadcast,105;agree,6095;
total data:
2271207
2073616
513
total send:
749106
680355
256
total receive:
1522101
1393261
257
