time to deal
15
time to dealSend
0
time to dealReceive
22597
time to agree
6333
time to send multicast complaint
104
# complaints received in multicast
6400
time to receive multicast complaint
1119
adjust time to finish multicast
7556
time to wait after receiving all multicast complaints
4444
time to verify multicast complaint
5
time to broadcast complaint
1
time to broadcastReceive
20491
time to receive relayed complaints from blockchain
29995
# complaints received in broadcast
1050
time to verify complaints from blockchain
105
time to compute pk, sk share and pk share
2
total time:
72114
total idle cost:
4444
protocol cost:
67670
total communication cost:
61205
total computation cost:
6460
generateKeys,2;deal,15;verifyMulticast,5;verifyBroadcast,105;agree,6333;
total data:
2265816
2068510
512
total send:
743706
675240
255
total receive:
1522110
1393270
257
