time to deal
418
time to dealSend
6
time to dealReceive
21018
time to agree
5849
time to send multicast complaint
135
# complaints received in multicast
6400
time to receive multicast complaint
1531
adjust time to finish multicast
7515
time to wait after receiving all multicast complaints
4485
time to verify multicast complaint
5
time to broadcast complaint
1
time to broadcastReceive
20336
time to receive relayed complaints from blockchain
29996
# complaints received in broadcast
1050
time to verify complaints from blockchain
92
time to compute pk, sk share and pk share
1
total time:
72099
total idle cost:
4485
protocol cost:
67614
total communication cost:
61245
total computation cost:
6365
generateKeys,1;deal,418;verifyMulticast,5;verifyBroadcast,92;agree,5849;
total data:
2275365
2076996
513
total send:
753253
683724
256
total receive:
1522112
1393272
257
