time to deal
430
time to dealSend
5
time to dealReceive
21884
time to agree
6319
time to send multicast complaint
117
# complaints received in multicast
6400
time to receive multicast complaint
1113
adjust time to finish multicast
7549
time to wait after receiving all multicast complaints
4451
time to verify multicast complaint
6
time to broadcast complaint
1
time to broadcastReceive
20562
time to receive relayed complaints from blockchain
29994
# complaints received in broadcast
1050
time to verify complaints from blockchain
90
time to compute pk, sk share and pk share
2
total time:
72098
total idle cost:
4451
protocol cost:
67647
total communication cost:
60795
total computation cost:
6847
generateKeys,2;deal,430;verifyMulticast,6;verifyBroadcast,90;agree,6319;
total data:
2276889
2078520
513
total send:
754783
685254
256
total receive:
1522106
1393266
257
