time to deal
15
time to dealSend
0
time to dealReceive
20838
time to agree
1761
time to send multicast complaint
0
# complaints received in multicast
0
time to receive multicast complaint
10034
adjust time to finish multicast
11795
time to wait after receiving all multicast complaints
205
time to verify multicast complaint
0
# complaints send in broadcast
0
time to broadcast complaint
1
time to broadcastReceive
20110
time to receive relayed complaints from blockchain
30000
# complaints received in broadcast
0
time to verify complaints from blockchain
0
time to compute pk, sk share and pk share
1
total time:
72006
total idle cost:
205
protocol cost:
71801
total communication cost:
70020
total computation cost:
1777
generateKeys,1;deal,15;verifyMulticast,0;verifyBroadcast,0;agree,1761;
total data:
199917
188205
2
total send:
0
0
0
total receive:
199917
188205
2
