time to deal
161
time to dealSend
3
time to dealReceive
20789
time to agree
1588
time to send multicast complaint
0
# complaints received in multicast
0
time to receive multicast complaint
10034
adjust time to finish multicast
11622
time to wait after receiving all multicast complaints
378
time to verify multicast complaint
0
time to broadcast complaint
1
time to broadcastReceive
20119
time to receive relayed complaints from blockchain
30000
# complaints received in broadcast
0
time to verify complaints from blockchain
0
time to compute pk, sk share and pk share
1
total time:
72006
total idle cost:
378
protocol cost:
71628
total communication cost:
69874
total computation cost:
1750
generateKeys,1;deal,161;verifyMulticast,0;verifyBroadcast,0;agree,1588;
total data:
204694
192688
3
total send:
4777
4483
1
total receive:
199917
188205
2
