time to deal
193
time to dealSend
3
time to dealReceive
20922
time to agree
1570
time to send multicast complaint
0
# complaints received in multicast
0
time to receive multicast complaint
10036
adjust time to finish multicast
11606
time to wait after receiving all multicast complaints
394
time to verify multicast complaint
0
# complaints send in broadcast
0
time to broadcast complaint
1
time to broadcastReceive
20119
time to receive relayed complaints from blockchain
30000
# complaints received in broadcast
0
time to verify complaints from blockchain
0
time to compute pk, sk share and pk share
1
total time:
72006
total idle cost:
394
protocol cost:
71612
total communication cost:
69844
total computation cost:
1764
generateKeys,1;deal,193;verifyMulticast,0;verifyBroadcast,0;agree,1570;
total data:
204704
192698
3
total send:
4787
4493
1
total receive:
199917
188205
2
