time to deal
219
time to dealSend
2
time to dealReceive
20587
time to agree
1535
time to send multicast complaint
0
# complaints received in multicast
0
time to receive multicast complaint
10038
adjust time to finish multicast
11573
time to wait after receiving all multicast complaints
427
time to verify multicast complaint
0
# complaints send in broadcast
0
time to broadcast complaint
1
time to broadcastReceive
20107
time to receive relayed complaints from blockchain
30000
# complaints received in broadcast
0
time to verify complaints from blockchain
0
time to compute pk, sk share and pk share
1
total time:
72008
total idle cost:
427
protocol cost:
71581
total communication cost:
69820
total computation cost:
1755
generateKeys,1;deal,219;verifyMulticast,0;verifyBroadcast,0;agree,1535;
total data:
204695
192689
3
total send:
4778
4484
1
total receive:
199917
188205
2
