time to deal
189
time to dealSend
5
time to dealReceive
20632
time to agree
1598
time to send multicast complaint
0
# complaints received in multicast
0
time to receive multicast complaint
10039
adjust time to finish multicast
11637
time to wait after receiving all multicast complaints
363
time to verify multicast complaint
0
time to broadcast complaint
1
time to broadcastReceive
20111
time to receive relayed complaints from blockchain
30001
# complaints received in broadcast
0
time to verify complaints from blockchain
0
time to compute pk, sk share and pk share
2
total time:
72007
total idle cost:
363
protocol cost:
71644
total communication cost:
69852
total computation cost:
1789
generateKeys,2;deal,189;verifyMulticast,0;verifyBroadcast,0;agree,1598;
total data:
204690
192684
3
total send:
4773
4479
1
total receive:
199917
188205
2
