time to deal
187
time to dealSend
2
time to dealReceive
20749
time to agree
1630
time to send multicast complaint
0
# complaints received in multicast
0
time to receive multicast complaint
10045
adjust time to finish multicast
11675
time to wait after receiving all multicast complaints
325
time to verify multicast complaint
0
# complaints send in broadcast
0
time to broadcast complaint
1
time to broadcastReceive
20119
time to receive relayed complaints from blockchain
30001
# complaints received in broadcast
0
time to verify complaints from blockchain
0
time to compute pk, sk share and pk share
1
total time:
72008
total idle cost:
325
protocol cost:
71683
total communication cost:
69860
total computation cost:
1818
generateKeys,1;deal,187;verifyMulticast,0;verifyBroadcast,0;agree,1630;
total data:
204692
192686
3
total send:
4775
4481
1
total receive:
199917
188205
2
