time to deal
95
time to dealSend
2
time to dealReceive
20034
time to agree
159
time to send multicast complaint
0
# complaints received in multicast
0
time to receive multicast complaint
10016
adjust time to finish multicast
10175
time to wait after receiving all multicast complaints
1825
time to verify multicast complaint
0
time to broadcast complaint
2
time to broadcastReceive
20112
time to receive relayed complaints from blockchain
30000
# complaints received in broadcast
0
time to verify complaints from blockchain
0
time to compute pk, sk share and pk share
1
total time:
72007
total idle cost:
1825
protocol cost:
70182
total communication cost:
69923
total computation cost:
255
generateKeys,1;deal,95;verifyMulticast,0;verifyBroadcast,0;agree,159;
total data:
9940
9287
3
total send:
1433
1331
1
total receive:
8507
7956
2
