time to deal
93
time to dealSend
2
time to dealReceive
20019
time to agree
185
time to send multicast complaint
0
# complaints received in multicast
0
time to receive multicast complaint
10013
adjust time to finish multicast
10198
time to wait after receiving all multicast complaints
1802
time to verify multicast complaint
0
# complaints send in broadcast
0
time to broadcast complaint
2
time to broadcastReceive
20105
time to receive relayed complaints from blockchain
30000
# complaints received in broadcast
0
time to verify complaints from blockchain
0
time to compute pk, sk share and pk share
1
total time:
72009
total idle cost:
1802
protocol cost:
70207
total communication cost:
69922
total computation cost:
279
generateKeys,1;deal,93;verifyMulticast,0;verifyBroadcast,0;agree,185;
total data:
9948
9295
3
total send:
1441
1339
1
total receive:
8507
7956
2
