time to deal
136
time to dealSend
2
time to dealReceive
20042
time to agree
431
time to send multicast complaint
36
# complaints received in multicast
192
time to receive multicast complaint
298
adjust time to finish multicast
765
time to wait after receiving all multicast complaints
11235
time to verify multicast complaint
0
time to broadcast complaint
1
time to broadcastReceive
20134
time to receive relayed complaints from blockchain
30000
# complaints received in broadcast
96
time to verify complaints from blockchain
35
time to compute pk, sk share and pk share
2
total time:
72042
total idle cost:
11235
protocol cost:
60807
total communication cost:
60199
total computation cost:
604
generateKeys,2;deal,136;verifyMulticast,0;verifyBroadcast,35;agree,431;
total data:
91339
82838
65
total send:
23674
21092
32
total receive:
67665
61746
33
