time to deal
120
time to dealSend
3
time to dealReceive
20014
time to agree
487
time to send multicast complaint
34
# complaints received in multicast
192
time to receive multicast complaint
219
adjust time to finish multicast
740
time to wait after receiving all multicast complaints
11260
time to verify multicast complaint
0
# complaints send in broadcast
6
time to broadcast complaint
4
time to broadcastReceive
20108
time to receive relayed complaints from blockchain
30000
# complaints received in broadcast
96
time to verify complaints from blockchain
28
time to compute pk, sk share and pk share
1
total time:
72036
total idle cost:
11260
protocol cost:
60776
total communication cost:
60138
total computation cost:
636
generateKeys,1;deal,120;verifyMulticast,0;verifyBroadcast,28;agree,487;
total data:
93274
84679
66
total send:
25610
22934
33
total receive:
67664
61745
33
