time to deal
129
time to dealSend
1
time to dealReceive
20041
time to agree
435
time to send multicast complaint
31
# complaints received in multicast
192
time to receive multicast complaint
293
adjust time to finish multicast
759
time to wait after receiving all multicast complaints
11241
time to verify multicast complaint
0
time to broadcast complaint
1
time to broadcastReceive
20128
time to receive relayed complaints from blockchain
30000
# complaints received in broadcast
96
time to verify complaints from blockchain
28
time to compute pk, sk share and pk share
1
total time:
72037
total idle cost:
11241
protocol cost:
60796
total communication cost:
60196
total computation cost:
593
generateKeys,1;deal,129;verifyMulticast,0;verifyBroadcast,28;agree,435;
total data:
92257
83756
65
total send:
24589
22007
32
total receive:
67668
61749
33
