time to deal
18
time to dealSend
0
time to dealReceive
20130
time to agree
532
time to send multicast complaint
48
# complaints received in multicast
192
time to receive multicast complaint
169
adjust time to finish multicast
749
time to wait after receiving all multicast complaints
11251
time to verify multicast complaint
0
time to broadcast complaint
1
time to broadcastReceive
20114
time to receive relayed complaints from blockchain
30001
# complaints received in broadcast
96
time to verify complaints from blockchain
37
time to compute pk, sk share and pk share
3
total time:
72048
total idle cost:
11251
protocol cost:
60797
total communication cost:
60202
total computation cost:
590
generateKeys,3;deal,18;verifyMulticast,0;verifyBroadcast,37;agree,532;
total data:
89827
81492
64
total send:
22163
19747
31
total receive:
67664
61745
33
