time to deal
16
time to dealSend
0
time to dealReceive
20120
time to agree
495
time to send multicast complaint
32
# complaints received in multicast
192
time to receive multicast complaint
214
adjust time to finish multicast
741
time to wait after receiving all multicast complaints
11259
time to verify multicast complaint
0
time to broadcast complaint
1
time to broadcastReceive
20113
time to receive relayed complaints from blockchain
30000
# complaints received in broadcast
96
time to verify complaints from blockchain
27
time to compute pk, sk share and pk share
1
total time:
72034
total idle cost:
11259
protocol cost:
60775
total communication cost:
60231
total computation cost:
539
generateKeys,1;deal,16;verifyMulticast,0;verifyBroadcast,27;agree,495;
total data:
89767
81432
64
total send:
22101
19685
31
total receive:
67666
61747
33
