time to deal
15
time to dealSend
0
time to dealReceive
21928
time to agree
5637
time to send multicast complaint
96
# complaints received in multicast
2560
time to receive multicast complaint
938
adjust time to finish multicast
6671
time to wait after receiving all multicast complaints
5329
time to verify multicast complaint
2
time to broadcast complaint
0
time to broadcastReceive
20177
time to receive relayed complaints from blockchain
29998
# complaints received in broadcast
330
time to verify complaints from blockchain
53
time to compute pk, sk share and pk share
2
total time:
72061
total idle cost:
5329
protocol cost:
66732
total communication cost:
61017
total computation cost:
5709
generateKeys,2;deal,15;verifyMulticast,2;verifyBroadcast,53;agree,5637;
total data:
1306474
1199288
512
total send:
300516
270300
255
total receive:
1005958
928988
257
