time to deal
18
time to dealSend
0
time to dealReceive
21751
time to agree
5646
time to send multicast complaint
68
# complaints received in multicast
2560
time to receive multicast complaint
920
adjust time to finish multicast
6634
time to wait after receiving all multicast complaints
5366
time to verify multicast complaint
2
time to broadcast complaint
0
time to broadcastReceive
20122
time to receive relayed complaints from blockchain
29998
# complaints received in broadcast
330
time to verify complaints from blockchain
54
time to compute pk, sk share and pk share
2
total time:
72062
total idle cost:
5366
protocol cost:
66696
total communication cost:
60968
total computation cost:
5722
generateKeys,2;deal,18;verifyMulticast,2;verifyBroadcast,54;agree,5646;
total data:
1306982
1199796
512
total send:
301026
270810
255
total receive:
1005956
928986
257
