time to deal
429
time to dealSend
4
time to dealReceive
21158
time to agree
5465
time to send multicast complaint
62
# complaints received in multicast
2560
time to receive multicast complaint
1089
adjust time to finish multicast
6616
time to wait after receiving all multicast complaints
5384
time to verify multicast complaint
2
time to broadcast complaint
0
time to broadcastReceive
20122
time to receive relayed complaints from blockchain
29999
# complaints received in broadcast
330
time to verify complaints from blockchain
43
time to compute pk, sk share and pk share
2
total time:
72053
total idle cost:
5384
protocol cost:
66669
total communication cost:
60721
total computation cost:
5941
generateKeys,2;deal,429;verifyMulticast,2;verifyBroadcast,43;agree,5465;
total data:
1325614
1216853
513
total send:
319402
287867
256
total receive:
1006212
928986
257
