time to deal
13
time to dealSend
0
time to dealReceive
22259
time to agree
5637
time to send multicast complaint
59
# complaints received in multicast
2560
time to receive multicast complaint
949
adjust time to finish multicast
6645
time to wait after receiving all multicast complaints
5355
time to verify multicast complaint
2
time to broadcast complaint
1
time to broadcastReceive
20170
time to receive relayed complaints from blockchain
29998
# complaints received in broadcast
330
time to verify complaints from blockchain
45
time to compute pk, sk share and pk share
2
total time:
72053
total idle cost:
5355
protocol cost:
66698
total communication cost:
60994
total computation cost:
5699
generateKeys,2;deal,13;verifyMulticast,2;verifyBroadcast,45;agree,5637;
total data:
1306984
1199288
512
total send:
300770
270300
255
total receive:
1006214
928988
257
