time to deal
441
time to dealSend
5
time to dealReceive
21010
time to agree
5580
time to send multicast complaint
167
# complaints received in multicast
2560
time to receive multicast complaint
867
adjust time to finish multicast
6614
time to wait after receiving all multicast complaints
5386
time to verify multicast complaint
2
time to broadcast complaint
0
time to broadcastReceive
20109
time to receive relayed complaints from blockchain
29999
# complaints received in broadcast
330
time to verify complaints from blockchain
48
time to compute pk, sk share and pk share
2
total time:
72057
total idle cost:
5386
protocol cost:
66671
total communication cost:
60592
total computation cost:
6073
generateKeys,2;deal,441;verifyMulticast,2;verifyBroadcast,48;agree,5580;
total data:
1325105
1216344
513
total send:
318891
287356
256
total receive:
1006214
928988
257
