time to deal
434
time to dealSend
4
time to dealReceive
21360
time to agree
5543
time to send multicast complaint
60
# complaints received in multicast
2560
time to receive multicast complaint
1051
adjust time to finish multicast
6654
time to wait after receiving all multicast complaints
5346
time to verify multicast complaint
2
time to broadcast complaint
0
time to broadcastReceive
20172
time to receive relayed complaints from blockchain
29998
# complaints received in broadcast
330
time to verify complaints from blockchain
40
time to compute pk, sk share and pk share
2
total time:
72048
total idle cost:
5346
protocol cost:
66702
total communication cost:
60675
total computation cost:
6021
generateKeys,2;deal,434;verifyMulticast,2;verifyBroadcast,40;agree,5543;
total data:
1324349
1215588
513
total send:
318132
286597
256
total receive:
1006217
928991
257
