time to deal
430
time to dealSend
4
time to dealReceive
21347
time to agree
5625
time to send multicast complaint
93
# complaints received in multicast
2560
time to receive multicast complaint
907
adjust time to finish multicast
6625
time to wait after receiving all multicast complaints
5375
time to verify multicast complaint
2
time to broadcast complaint
0
time to broadcastReceive
20124
time to receive relayed complaints from blockchain
29998
# complaints received in broadcast
330
time to verify complaints from blockchain
46
time to compute pk, sk share and pk share
2
total time:
72056
total idle cost:
5375
protocol cost:
66681
total communication cost:
60568
total computation cost:
6105
generateKeys,2;deal,430;verifyMulticast,2;verifyBroadcast,46;agree,5625;
total data:
1325100
1216339
513
total send:
318886
287351
256
total receive:
1006214
928988
257
