time to deal
12
time to dealSend
0
time to dealReceive
21855
time to agree
5609
time to send multicast complaint
141
# complaints received in multicast
2560
time to receive multicast complaint
873
adjust time to finish multicast
6623
time to wait after receiving all multicast complaints
5377
time to verify multicast complaint
2
time to broadcast complaint
1
time to broadcastReceive
20144
time to receive relayed complaints from blockchain
29998
# complaints received in broadcast
330
time to verify complaints from blockchain
65
time to compute pk, sk share and pk share
3
total time:
72075
total idle cost:
5377
protocol cost:
66698
total communication cost:
61001
total computation cost:
5691
generateKeys,3;deal,12;verifyMulticast,2;verifyBroadcast,65;agree,5609;
total data:
1305714
1198018
512
total send:
299495
269025
255
total receive:
1006219
928993
257
