time to deal
13
time to dealSend
0
time to dealReceive
22399
time to agree
5978
time to send multicast complaint
61
# complaints received in multicast
2560
time to receive multicast complaint
576
adjust time to finish multicast
6615
time to wait after receiving all multicast complaints
5385
time to verify multicast complaint
2
time to broadcast complaint
1
time to broadcastReceive
20109
time to receive relayed complaints from blockchain
29998
# complaints received in broadcast
330
time to verify complaints from blockchain
52
time to compute pk, sk share and pk share
3
total time:
72060
total idle cost:
5385
protocol cost:
66675
total communication cost:
60623
total computation cost:
6048
generateKeys,3;deal,13;verifyMulticast,2;verifyBroadcast,52;agree,5978;
total data:
1308000
1200304
512
total send:
301790
271320
255
total receive:
1006210
928984
257
