time to deal
394
time to dealSend
12
time to dealReceive
21753
time to agree
5386
time to send multicast complaint
62
# complaints received in multicast
2560
time to receive multicast complaint
1191
adjust time to finish multicast
6639
time to wait after receiving all multicast complaints
5361
time to verify multicast complaint
2
time to broadcast complaint
0
time to broadcastReceive
20162
time to receive relayed complaints from blockchain
29999
# complaints received in broadcast
330
time to verify complaints from blockchain
53
time to compute pk, sk share and pk share
2
total time:
72063
total idle cost:
5361
protocol cost:
66702
total communication cost:
60859
total computation cost:
5837
generateKeys,2;deal,394;verifyMulticast,2;verifyBroadcast,53;agree,5386;
total data:
1324600
1215839
513
total send:
318384
286849
256
total receive:
1006216
928990
257
