time to deal
14
time to dealSend
0
time to dealReceive
21801
time to agree
5588
time to send multicast complaint
94
# complaints received in multicast
2560
time to receive multicast complaint
913
adjust time to finish multicast
6595
time to wait after receiving all multicast complaints
5405
time to verify multicast complaint
2
time to broadcast complaint
0
time to broadcastReceive
20104
time to receive relayed complaints from blockchain
29998
# complaints received in broadcast
330
time to verify complaints from blockchain
49
time to compute pk, sk share and pk share
2
total time:
72058
total idle cost:
5405
protocol cost:
66653
total communication cost:
60991
total computation cost:
5655
generateKeys,2;deal,14;verifyMulticast,2;verifyBroadcast,49;agree,5588;
total data:
1306222
1198526
512
total send:
300005
269535
255
total receive:
1006217
928991
257
