time to deal
15
time to dealSend
0
time to dealReceive
23186
time to agree
6009
time to send multicast complaint
81
# complaints received in multicast
2560
time to receive multicast complaint
532
adjust time to finish multicast
6622
time to wait after receiving all multicast complaints
5378
time to verify multicast complaint
2
# complaints send in broadcast
10
time to broadcast complaint
2
time to broadcastReceive
20116
time to receive relayed complaints from blockchain
29998
# complaints received in broadcast
330
time to verify complaints from blockchain
71
time to compute pk, sk share and pk share
2
total time:
72081
total idle cost:
5378
protocol cost:
66703
total communication cost:
60598
total computation cost:
6099
generateKeys,2;deal,15;verifyMulticast,2;verifyBroadcast,71;agree,6009;
total data:
1307834
1200002
513
total send:
301618
271012
256
total receive:
1006216
928990
257
