time to deal
17
time to dealSend
0
time to dealReceive
21705
time to agree
5729
time to send multicast complaint
68
# complaints received in multicast
2560
time to receive multicast complaint
874
adjust time to finish multicast
6671
time to wait after receiving all multicast complaints
5329
time to verify multicast complaint
2
time to broadcast complaint
1
time to broadcastReceive
20161
time to receive relayed complaints from blockchain
29998
# complaints received in broadcast
330
time to verify complaints from blockchain
45
time to compute pk, sk share and pk share
2
total time:
72053
total idle cost:
5329
protocol cost:
66724
total communication cost:
60924
total computation cost:
5795
generateKeys,2;deal,17;verifyMulticast,2;verifyBroadcast,45;agree,5729;
total data:
1305968
1198272
512
total send:
299750
269280
255
total receive:
1006218
928992
257
