time to deal
17
time to dealSend
0
time to dealReceive
21380
time to agree
6110
time to send multicast complaint
64
# complaints received in multicast
2560
time to receive multicast complaint
522
adjust time to finish multicast
6696
time to wait after receiving all multicast complaints
5304
time to verify multicast complaint
2
time to broadcast complaint
1
time to broadcastReceive
20106
time to receive relayed complaints from blockchain
29998
# complaints received in broadcast
330
time to verify complaints from blockchain
54
time to compute pk, sk share and pk share
3
total time:
72065
total idle cost:
5304
protocol cost:
66761
total communication cost:
60568
total computation cost:
6186
generateKeys,3;deal,17;verifyMulticast,2;verifyBroadcast,54;agree,6110;
total data:
1306730
1199034
512
total send:
300515
270045
255
total receive:
1006215
928989
257
