time to deal
397
time to dealSend
4
time to dealReceive
21492
time to agree
5571
time to send multicast complaint
67
# complaints received in multicast
2560
time to receive multicast complaint
1020
adjust time to finish multicast
6658
time to wait after receiving all multicast complaints
5342
time to verify multicast complaint
2
time to broadcast complaint
1
time to broadcastReceive
20168
time to receive relayed complaints from blockchain
29998
# complaints received in broadcast
330
time to verify complaints from blockchain
42
time to compute pk, sk share and pk share
2
total time:
72051
total idle cost:
5342
protocol cost:
66709
total communication cost:
60690
total computation cost:
6014
generateKeys,2;deal,397;verifyMulticast,2;verifyBroadcast,42;agree,5571;
total data:
1324856
1216095
513
total send:
318641
287106
256
total receive:
1006215
928989
257
