time to deal
400
time to dealSend
5
time to dealReceive
20987
time to agree
5692
time to send multicast complaint
49
# complaints received in multicast
2560
time to receive multicast complaint
854
adjust time to finish multicast
6595
time to wait after receiving all multicast complaints
5405
time to verify multicast complaint
2
time to broadcast complaint
1
time to broadcastReceive
20105
time to receive relayed complaints from blockchain
29999
# complaints received in broadcast
330
time to verify complaints from blockchain
52
time to compute pk, sk share and pk share
2
total time:
72062
total idle cost:
5405
protocol cost:
66657
total communication cost:
60503
total computation cost:
6148
generateKeys,2;deal,400;verifyMulticast,2;verifyBroadcast,52;agree,5692;
total data:
1325089
1216328
513
total send:
318875
287340
256
total receive:
1006214
928988
257
