time to deal
20
time to dealSend
0
time to dealReceive
22140
time to agree
6048
time to send multicast complaint
130
# complaints received in multicast
2560
time to receive multicast complaint
514
adjust time to finish multicast
6692
time to wait after receiving all multicast complaints
5308
time to verify multicast complaint
2
time to broadcast complaint
1
time to broadcastReceive
20182
time to receive relayed complaints from blockchain
29998
# complaints received in broadcast
330
time to verify complaints from blockchain
54
time to compute pk, sk share and pk share
2
total time:
72063
total idle cost:
5308
protocol cost:
66755
total communication cost:
60623
total computation cost:
6126
generateKeys,2;deal,20;verifyMulticast,2;verifyBroadcast,54;agree,6048;
total data:
1306730
1199034
512
total send:
300515
270045
255
total receive:
1006215
928989
257
