time to deal
12
time to dealSend
0
time to dealReceive
21853
time to agree
5641
time to send multicast complaint
94
# complaints received in multicast
2560
time to receive multicast complaint
935
adjust time to finish multicast
6670
time to wait after receiving all multicast complaints
5330
time to verify multicast complaint
2
time to broadcast complaint
0
time to broadcastReceive
20175
time to receive relayed complaints from blockchain
29998
# complaints received in broadcast
330
time to verify complaints from blockchain
46
time to compute pk, sk share and pk share
1
total time:
72055
total idle cost:
5330
protocol cost:
66725
total communication cost:
61015
total computation cost:
5702
generateKeys,1;deal,12;verifyMulticast,2;verifyBroadcast,46;agree,5641;
total data:
1306474
1199288
512
total send:
300516
270300
255
total receive:
1005958
928988
257
