time to deal
13
time to dealSend
0
time to dealReceive
21342
time to agree
5774
time to send multicast complaint
124
# complaints received in multicast
2560
time to receive multicast complaint
734
adjust time to finish multicast
6632
time to wait after receiving all multicast complaints
5368
time to verify multicast complaint
3
time to broadcast complaint
1
time to broadcastReceive
20108
time to receive relayed complaints from blockchain
29997
# complaints received in broadcast
330
time to verify complaints from blockchain
65
time to compute pk, sk share and pk share
2
total time:
72071
total idle cost:
5368
protocol cost:
66703
total communication cost:
60843
total computation cost:
5857
generateKeys,2;deal,13;verifyMulticast,3;verifyBroadcast,65;agree,5774;
total data:
1305712
1198526
512
total send:
299751
269535
255
total receive:
1005961
928991
257
