time to deal
13
time to dealSend
0
time to dealReceive
21479
time to agree
5423
time to send multicast complaint
63
# complaints received in multicast
2560
time to receive multicast complaint
1130
adjust time to finish multicast
6616
time to wait after receiving all multicast complaints
5384
time to verify multicast complaint
2
time to broadcast complaint
0
time to broadcastReceive
20117
time to receive relayed complaints from blockchain
29998
# complaints received in broadcast
330
time to verify complaints from blockchain
48
time to compute pk, sk share and pk share
2
total time:
72055
total idle cost:
5384
protocol cost:
66671
total communication cost:
61178
total computation cost:
5488
generateKeys,2;deal,13;verifyMulticast,2;verifyBroadcast,48;agree,5423;
total data:
1306728
1199542
512
total send:
300771
270555
255
total receive:
1005957
928987
257
