time to deal
14
time to dealSend
0
time to dealReceive
23346
time to agree
5679
time to send multicast complaint
171
# complaints received in multicast
2560
time to receive multicast complaint
779
adjust time to finish multicast
6629
time to wait after receiving all multicast complaints
5371
time to verify multicast complaint
2
time to broadcast complaint
1
time to broadcastReceive
20148
time to receive relayed complaints from blockchain
29998
# complaints received in broadcast
330
time to verify complaints from blockchain
38
time to compute pk, sk share and pk share
1
total time:
72046
total idle cost:
5371
protocol cost:
66675
total communication cost:
60935
total computation cost:
5734
generateKeys,1;deal,14;verifyMulticast,2;verifyBroadcast,38;agree,5679;
total data:
1305458
1198272
512
total send:
299496
269280
255
total receive:
1005962
928992
257
