time to deal
16
time to dealSend
0
time to dealReceive
21804
time to agree
5847
time to send multicast complaint
80
# complaints received in multicast
2560
time to receive multicast complaint
693
adjust time to finish multicast
6620
time to wait after receiving all multicast complaints
5380
time to verify multicast complaint
2
time to broadcast complaint
0
time to broadcastReceive
20109
time to receive relayed complaints from blockchain
29999
# complaints received in broadcast
330
time to verify complaints from blockchain
66
time to compute pk, sk share and pk share
1
total time:
72074
total idle cost:
5380
protocol cost:
66694
total communication cost:
60756
total computation cost:
5932
generateKeys,1;deal,16;verifyMulticast,2;verifyBroadcast,66;agree,5847;
total data:
1306474
1199288
512
total send:
300516
270300
255
total receive:
1005958
928988
257
