time to deal
23
time to dealSend
0
time to dealReceive
22047
time to agree
5562
time to send multicast complaint
84
# complaints received in multicast
2560
time to receive multicast complaint
1009
adjust time to finish multicast
6655
time to wait after receiving all multicast complaints
5345
time to verify multicast complaint
2
time to broadcast complaint
1
time to broadcastReceive
20172
time to receive relayed complaints from blockchain
29998
# complaints received in broadcast
330
time to verify complaints from blockchain
48
time to compute pk, sk share and pk share
1
total time:
72056
total idle cost:
5345
protocol cost:
66711
total communication cost:
61070
total computation cost:
5636
generateKeys,1;deal,23;verifyMulticast,2;verifyBroadcast,48;agree,5562;
total data:
1307236
1200050
512
total send:
301281
271065
255
total receive:
1005955
928985
257
