time to deal
14
time to dealSend
0
time to dealReceive
22319
time to agree
5944
time to send multicast complaint
77
# complaints received in multicast
2560
time to receive multicast complaint
648
adjust time to finish multicast
6669
time to wait after receiving all multicast complaints
5331
time to verify multicast complaint
2
time to broadcast complaint
1
time to broadcastReceive
20171
time to receive relayed complaints from blockchain
29999
# complaints received in broadcast
330
time to verify complaints from blockchain
47
time to compute pk, sk share and pk share
2
total time:
72057
total idle cost:
5331
protocol cost:
66726
total communication cost:
60711
total computation cost:
6009
generateKeys,2;deal,14;verifyMulticast,2;verifyBroadcast,47;agree,5944;
total data:
1306982
1199796
512
total send:
301026
270810
255
total receive:
1005956
928986
257
