time to deal
26
time to dealSend
0
time to dealReceive
21953
time to agree
5840
time to send multicast complaint
55
# complaints received in multicast
2560
time to receive multicast complaint
811
adjust time to finish multicast
6706
time to wait after receiving all multicast complaints
5294
time to verify multicast complaint
2
time to broadcast complaint
0
time to broadcastReceive
20174
time to receive relayed complaints from blockchain
29998
# complaints received in broadcast
330
time to verify complaints from blockchain
59
time to compute pk, sk share and pk share
3
total time:
72069
total idle cost:
5294
protocol cost:
66775
total communication cost:
60838
total computation cost:
5930
generateKeys,3;deal,26;verifyMulticast,2;verifyBroadcast,59;agree,5840;
total data:
1306982
1199796
512
total send:
301026
270810
255
total receive:
1005956
928986
257
