time to deal
11
time to dealSend
0
time to dealReceive
22002
time to agree
5787
time to send multicast complaint
170
# complaints received in multicast
2560
time to receive multicast complaint
705
adjust time to finish multicast
6662
time to wait after receiving all multicast complaints
5338
time to verify multicast complaint
2
time to broadcast complaint
1
time to broadcastReceive
20166
time to receive relayed complaints from blockchain
29999
# complaints received in broadcast
330
time to verify complaints from blockchain
50
time to compute pk, sk share and pk share
2
total time:
72059
total idle cost:
5338
protocol cost:
66721
total communication cost:
60864
total computation cost:
5852
generateKeys,2;deal,11;verifyMulticast,2;verifyBroadcast,50;agree,5787;
total data:
1305712
1198526
512
total send:
299751
269535
255
total receive:
1005961
928991
257
