time to deal
14
time to dealSend
0
time to dealReceive
21397
time to agree
5949
time to send multicast complaint
74
# complaints received in multicast
2560
time to receive multicast complaint
577
adjust time to finish multicast
6600
time to wait after receiving all multicast complaints
5400
time to verify multicast complaint
2
# complaints send in broadcast
10
time to broadcast complaint
3
time to broadcastReceive
20106
time to receive relayed complaints from blockchain
29999
# complaints received in broadcast
330
time to verify complaints from blockchain
62
time to compute pk, sk share and pk share
2
total time:
72071
total idle cost:
5400
protocol cost:
66671
total communication cost:
60639
total computation cost:
6029
generateKeys,2;deal,14;verifyMulticast,2;verifyBroadcast,62;agree,5949;
total data:
1307067
1199746
513
total send:
301106
270755
256
total receive:
1005961
928991
257
