time to deal
26
time to dealSend
0
time to dealReceive
21646
time to agree
6036
time to send multicast complaint
79
# complaints received in multicast
2560
time to receive multicast complaint
518
adjust time to finish multicast
6633
time to wait after receiving all multicast complaints
5367
time to verify multicast complaint
2
time to broadcast complaint
0
time to broadcastReceive
20163
time to receive relayed complaints from blockchain
29998
# complaints received in broadcast
330
time to verify complaints from blockchain
49
time to compute pk, sk share and pk share
2
total time:
72057
total idle cost:
5367
protocol cost:
66690
total communication cost:
60569
total computation cost:
6115
generateKeys,2;deal,26;verifyMulticast,2;verifyBroadcast,49;agree,6036;
total data:
1307236
1200050
512
total send:
301281
271065
255
total receive:
1005955
928985
257
