time to deal
13
time to dealSend
0
time to dealReceive
21589
time to agree
5627
time to send multicast complaint
58
# complaints received in multicast
2560
time to receive multicast complaint
935
adjust time to finish multicast
6620
time to wait after receiving all multicast complaints
5380
time to verify multicast complaint
2
time to broadcast complaint
0
time to broadcastReceive
20126
time to receive relayed complaints from blockchain
29998
# complaints received in broadcast
330
time to verify complaints from blockchain
49
time to compute pk, sk share and pk share
1
total time:
72057
total idle cost:
5380
protocol cost:
66677
total communication cost:
60978
total computation cost:
5692
generateKeys,1;deal,13;verifyMulticast,2;verifyBroadcast,49;agree,5627;
total data:
1306982
1199796
512
total send:
301026
270810
255
total receive:
1005956
928986
257
