time to deal
16
time to dealSend
0
time to dealReceive
23281
time to agree
5720
time to send multicast complaint
136
# complaints received in multicast
2560
time to receive multicast complaint
767
adjust time to finish multicast
6623
time to wait after receiving all multicast complaints
5377
time to verify multicast complaint
2
time to broadcast complaint
0
time to broadcastReceive
20127
time to receive relayed complaints from blockchain
29998
# complaints received in broadcast
330
time to verify complaints from blockchain
52
time to compute pk, sk share and pk share
1
total time:
72060
total idle cost:
5377
protocol cost:
66683
total communication cost:
60885
total computation cost:
5791
generateKeys,1;deal,16;verifyMulticast,2;verifyBroadcast,52;agree,5720;
total data:
1307236
1200050
512
total send:
301281
271065
255
total receive:
1005955
928985
257
