time to deal
15
time to dealSend
0
time to dealReceive
20125
time to agree
258
time to send multicast complaint
0
# complaints received in multicast
0
time to receive multicast complaint
10015
adjust time to finish multicast
10273
time to wait after receiving all multicast complaints
1727
time to verify multicast complaint
0
time to broadcast complaint
1
time to broadcastReceive
20106
time to receive relayed complaints from blockchain
30000
# complaints received in broadcast
0
time to verify complaints from blockchain
0
time to compute pk, sk share and pk share
1
total time:
72007
total idle cost:
1727
protocol cost:
70280
total communication cost:
70001
total computation cost:
274
generateKeys,1;deal,15;verifyMulticast,0;verifyBroadcast,0;agree,258;
total data:
12789
11980
2
total send:
0
0
0
total receive:
12789
11980
2
