time to deal
20
time to dealSend
0
time to dealReceive
20114
time to agree
292
time to send multicast complaint
0
# complaints received in multicast
0
time to receive multicast complaint
10015
adjust time to finish multicast
10307
time to wait after receiving all multicast complaints
1693
time to verify multicast complaint
0
# complaints send in broadcast
0
time to broadcast complaint
2
time to broadcastReceive
20101
time to receive relayed complaints from blockchain
30000
# complaints received in broadcast
0
time to verify complaints from blockchain
0
time to compute pk, sk share and pk share
1
total time:
72006
total idle cost:
1693
protocol cost:
70313
total communication cost:
69997
total computation cost:
313
generateKeys,1;deal,20;verifyMulticast,0;verifyBroadcast,0;agree,292;
total data:
12789
11980
2
total send:
0
0
0
total receive:
12789
11980
2
