time to deal
284
time to dealSend
3
time to dealReceive
21310
time to agree
3360
time to send multicast complaint
0
# complaints received in multicast
0
time to receive multicast complaint
10050
adjust time to finish multicast
13410
time to wait after receiving all multicast complaints
-1410
time to verify multicast complaint
0
# complaints send in broadcast
0
time to broadcast complaint
1
time to broadcastReceive
18732
time to receive relayed complaints from blockchain
30000
# complaints received in broadcast
0
time to verify complaints from blockchain
0
time to compute pk, sk share and pk share
2
total time:
73417
total idle cost:
0
protocol cost:
73417
total communication cost:
69767
total computation cost:
3646
generateKeys,2;deal,284;verifyMulticast,0;verifyBroadcast,0;agree,3360;
total data:
405195
381644
3
total send:
9231
8680
1
total receive:
395964
372964
2
