time to deal
15
time to dealSend
0
time to dealReceive
21332
time to agree
3396
time to send multicast complaint
0
# complaints received in multicast
0
time to receive multicast complaint
10048
adjust time to finish multicast
13444
time to wait after receiving all multicast complaints
-1444
time to verify multicast complaint
0
time to broadcast complaint
1
time to broadcastReceive
18693
time to receive relayed complaints from blockchain
30000
# complaints received in broadcast
0
time to verify complaints from blockchain
0
time to compute pk, sk share and pk share
2
total time:
73449
total idle cost:
0
protocol cost:
73449
total communication cost:
70034
total computation cost:
3413
generateKeys,2;deal,15;verifyMulticast,0;verifyBroadcast,0;agree,3396;
total data:
395964
372964
2
total send:
0
0
0
total receive:
395964
372964
2
