time to deal
279
time to dealSend
2
time to dealReceive
20758
time to agree
3380
time to send multicast complaint
0
# complaints received in multicast
0
time to receive multicast complaint
10044
adjust time to finish multicast
13424
time to wait after receiving all multicast complaints
-1424
time to verify multicast complaint
0
time to broadcast complaint
1
time to broadcastReceive
18690
time to receive relayed complaints from blockchain
30000
# complaints received in broadcast
0
time to verify complaints from blockchain
0
time to compute pk, sk share and pk share
1
total time:
73429
total idle cost:
0
protocol cost:
73429
total communication cost:
69766
total computation cost:
3660
generateKeys,1;deal,279;verifyMulticast,0;verifyBroadcast,0;agree,3380;
total data:
405185
381634
3
total send:
9221
8670
1
total receive:
395964
372964
2
