time to deal
15
time to dealSend
0
time to dealReceive
21354
time to agree
3416
time to send multicast complaint
0
# complaints received in multicast
0
time to receive multicast complaint
10054
adjust time to finish multicast
13470
time to wait after receiving all multicast complaints
-1470
time to verify multicast complaint
0
time to broadcast complaint
1
time to broadcastReceive
18668
time to receive relayed complaints from blockchain
30000
# complaints received in broadcast
0
time to verify complaints from blockchain
0
time to compute pk, sk share and pk share
1
total time:
73475
total idle cost:
0
protocol cost:
73475
total communication cost:
70040
total computation cost:
3432
generateKeys,1;deal,15;verifyMulticast,0;verifyBroadcast,0;agree,3416;
total data:
395964
372964
2
total send:
0
0
0
total receive:
395964
372964
2
