time to deal
15
time to dealSend
0
time to dealReceive
21586
time to agree
3439
time to send multicast complaint
0
# complaints received in multicast
0
time to receive multicast complaint
10052
adjust time to finish multicast
13491
time to wait after receiving all multicast complaints
-1491
time to verify multicast complaint
0
time to broadcast complaint
1
time to broadcastReceive
18657
time to receive relayed complaints from blockchain
30000
# complaints received in broadcast
0
time to verify complaints from blockchain
0
time to compute pk, sk share and pk share
1
total time:
73496
total idle cost:
0
protocol cost:
73496
total communication cost:
70038
total computation cost:
3455
generateKeys,1;deal,15;verifyMulticast,0;verifyBroadcast,0;agree,3439;
total data:
395964
372964
2
total send:
0
0
0
total receive:
395964
372964
2
