time to deal
293
time to dealSend
3
time to dealReceive
21058
time to agree
3439
time to send multicast complaint
0
# complaints received in multicast
0
time to receive multicast complaint
10055
adjust time to finish multicast
13494
time to wait after receiving all multicast complaints
-1494
time to verify multicast complaint
0
time to broadcast complaint
1
time to broadcastReceive
18650
time to receive relayed complaints from blockchain
30000
# complaints received in broadcast
0
time to verify complaints from blockchain
0
time to compute pk, sk share and pk share
2
total time:
73500
total idle cost:
0
protocol cost:
73500
total communication cost:
69763
total computation cost:
3734
generateKeys,2;deal,293;verifyMulticast,0;verifyBroadcast,0;agree,3439;
total data:
405194
381643
3
total send:
9230
8679
1
total receive:
395964
372964
2
