time to deal
311
time to dealSend
1
time to dealReceive
20681
time to agree
3145
time to send multicast complaint
0
# complaints received in multicast
0
time to receive multicast complaint
10052
adjust time to finish multicast
13197
time to wait after receiving all multicast complaints
-1197
time to verify multicast complaint
0
time to broadcast complaint
1
time to broadcastReceive
18922
time to receive relayed complaints from blockchain
30000
# complaints received in broadcast
0
time to verify complaints from blockchain
0
time to compute pk, sk share and pk share
2
total time:
73204
total idle cost:
0
protocol cost:
73204
total communication cost:
69742
total computation cost:
3458
generateKeys,2;deal,311;verifyMulticast,0;verifyBroadcast,0;agree,3145;
total data:
405187
381636
3
total send:
9223
8672
1
total receive:
395964
372964
2
