time to deal
13
time to dealSend
0
time to dealReceive
21253
time to agree
5066
time to send multicast complaint
82
# complaints received in multicast
4352
time to receive multicast complaint
1022
adjust time to finish multicast
6170
time to wait after receiving all multicast complaints
5830
time to verify multicast complaint
3
time to broadcast complaint
1
time to broadcastReceive
20156
time to receive relayed complaints from blockchain
29997
# complaints received in broadcast
612
time to verify complaints from blockchain
392
time to compute pk, sk share and pk share
1
total time:
72399
total idle cost:
5830
protocol cost:
66569
total communication cost:
61089
total computation cost:
5475
generateKeys,1;deal,13;verifyMulticast,3;verifyBroadcast,392;agree,5066;
total data:
1589153
1449675
512
total send:
508086
460020
255
total receive:
1081067
989655
257
