time to deal
441
time to dealSend
6
time to dealReceive
20939
time to agree
5039
time to send multicast complaint
84
# complaints received in multicast
4352
time to receive multicast complaint
1049
adjust time to finish multicast
6172
time to wait after receiving all multicast complaints
5828
time to verify multicast complaint
4
time to broadcast complaint
1
time to broadcastReceive
20186
time to receive relayed complaints from blockchain
29996
# complaints received in broadcast
612
time to verify complaints from blockchain
64
time to compute pk, sk share and pk share
1
total time:
72071
total idle cost:
5828
protocol cost:
66243
total communication cost:
60690
total computation cost:
5549
generateKeys,1;deal,441;verifyMulticast,4;verifyBroadcast,64;agree,5039;
total data:
1598702
1458161
513
total send:
517633
468504
256
total receive:
1081069
989657
257
