time to deal
20
time to dealSend
0
time to dealReceive
21835
time to agree
5265
time to send multicast complaint
75
# complaints received in multicast
4352
time to receive multicast complaint
882
adjust time to finish multicast
6222
time to wait after receiving all multicast complaints
5778
time to verify multicast complaint
5
# complaints send in broadcast
17
time to broadcast complaint
4
time to broadcastReceive
20247
time to receive relayed complaints from blockchain
29995
# complaints received in broadcast
612
time to verify complaints from blockchain
384
time to compute pk, sk share and pk share
1
total time:
72396
total idle cost:
5778
protocol cost:
66618
total communication cost:
60936
total computation cost:
5675
generateKeys,1;deal,20;verifyMulticast,5;verifyBroadcast,384;agree,5265;
total data:
1590052
1450369
513
total send:
508980
460709
256
total receive:
1081072
989660
257
