time to deal
14
time to dealSend
0
time to dealReceive
21030
time to agree
4755
time to send multicast complaint
157
# complaints received in multicast
4352
time to receive multicast complaint
1204
adjust time to finish multicast
6116
time to wait after receiving all multicast complaints
5884
time to verify multicast complaint
4
time to broadcast complaint
1
time to broadcastReceive
20117
time to receive relayed complaints from blockchain
29996
# complaints received in broadcast
612
time to verify complaints from blockchain
369
time to compute pk, sk share and pk share
1
total time:
72376
total idle cost:
5884
protocol cost:
66492
total communication cost:
61344
total computation cost:
5143
generateKeys,1;deal,14;verifyMulticast,4;verifyBroadcast,369;agree,4755;
total data:
1589661
1450183
512
total send:
508596
460530
255
total receive:
1081065
989653
257
