time to deal
13
time to dealSend
0
time to dealReceive
21905
time to agree
4833
time to send multicast complaint
124
# complaints received in multicast
4352
time to receive multicast complaint
1247
adjust time to finish multicast
6204
time to wait after receiving all multicast complaints
5796
time to verify multicast complaint
3
time to broadcast complaint
1
time to broadcastReceive
20224
time to receive relayed complaints from blockchain
29997
# complaints received in broadcast
612
time to verify complaints from blockchain
353
time to compute pk, sk share and pk share
1
total time:
72361
total idle cost:
5796
protocol cost:
66565
total communication cost:
61356
total computation cost:
5203
generateKeys,1;deal,13;verifyMulticast,3;verifyBroadcast,353;agree,4833;
total data:
1589155
1449167
512
total send:
507830
459510
255
total receive:
1081325
989657
257
