time to deal
18
time to dealSend
0
time to dealReceive
21830
time to agree
4876
time to send multicast complaint
62
# complaints received in multicast
4352
time to receive multicast complaint
1215
adjust time to finish multicast
6153
time to wait after receiving all multicast complaints
5847
time to verify multicast complaint
4
time to broadcast complaint
1
time to broadcastReceive
20199
time to receive relayed complaints from blockchain
29996
# complaints received in broadcast
612
time to verify complaints from blockchain
66
time to compute pk, sk share and pk share
2
total time:
72074
total idle cost:
5847
protocol cost:
66227
total communication cost:
61256
total computation cost:
4966
generateKeys,2;deal,18;verifyMulticast,4;verifyBroadcast,66;agree,4876;
total data:
1588647
1448659
512
total send:
507320
459000
255
total receive:
1081327
989659
257
