time to deal
19
time to dealSend
0
time to dealReceive
21341
time to agree
4861
time to send multicast complaint
59
# complaints received in multicast
4352
time to receive multicast complaint
1256
adjust time to finish multicast
6176
time to wait after receiving all multicast complaints
5824
time to verify multicast complaint
3
# complaints send in broadcast
17
time to broadcast complaint
3
time to broadcastReceive
20177
time to receive relayed complaints from blockchain
29997
# complaints received in broadcast
612
time to verify complaints from blockchain
388
time to compute pk, sk share and pk share
3
total time:
72398
total idle cost:
5824
protocol cost:
66574
total communication cost:
61297
total computation cost:
5274
generateKeys,3;deal,19;verifyMulticast,3;verifyBroadcast,388;agree,4861;
total data:
1589032
1448838
513
total send:
507698
459172
256
total receive:
1081334
989666
257
