time to deal
14
time to dealSend
0
time to dealReceive
21321
time to agree
5106
time to send multicast complaint
55
# complaints received in multicast
4352
time to receive multicast complaint
1001
adjust time to finish multicast
6162
time to wait after receiving all multicast complaints
5838
time to verify multicast complaint
3
time to broadcast complaint
1
time to broadcastReceive
20178
time to receive relayed complaints from blockchain
29997
# complaints received in broadcast
612
time to verify complaints from blockchain
375
time to compute pk, sk share and pk share
1
total time:
72382
total idle cost:
5838
protocol cost:
66544
total communication cost:
61040
total computation cost:
5499
generateKeys,1;deal,14;verifyMulticast,3;verifyBroadcast,375;agree,5106;
total data:
1589155
1449167
512
total send:
507830
459510
255
total receive:
1081325
989657
257
