time to deal
15
time to dealSend
0
time to dealReceive
21444
time to agree
5025
time to send multicast complaint
77
# complaints received in multicast
4352
time to receive multicast complaint
1111
adjust time to finish multicast
6213
time to wait after receiving all multicast complaints
5787
time to verify multicast complaint
4
time to broadcast complaint
1
time to broadcastReceive
20212
time to receive relayed complaints from blockchain
29997
# complaints received in broadcast
612
time to verify complaints from blockchain
341
time to compute pk, sk share and pk share
1
total time:
72349
total idle cost:
5787
protocol cost:
66562
total communication cost:
61171
total computation cost:
5386
generateKeys,1;deal,15;verifyMulticast,4;verifyBroadcast,341;agree,5025;
total data:
1589663
1449675
512
total send:
508340
460020
255
total receive:
1081323
989655
257
