time to deal
21
time to dealSend
0
time to dealReceive
21266
time to agree
4889
time to send multicast complaint
67
# complaints received in multicast
4352
time to receive multicast complaint
1216
adjust time to finish multicast
6172
time to wait after receiving all multicast complaints
5828
time to verify multicast complaint
3
time to broadcast complaint
1
time to broadcastReceive
20160
time to receive relayed complaints from blockchain
29997
# complaints received in broadcast
612
time to verify complaints from blockchain
367
time to compute pk, sk share and pk share
1
total time:
72375
total idle cost:
5828
protocol cost:
66547
total communication cost:
61260
total computation cost:
5281
generateKeys,1;deal,21;verifyMulticast,3;verifyBroadcast,367;agree,4889;
total data:
1590425
1450437
512
total send:
509105
460785
255
total receive:
1081320
989652
257
