time to deal
13
time to dealSend
0
time to dealReceive
21213
time to agree
4991
time to send multicast complaint
86
# complaints received in multicast
4352
time to receive multicast complaint
1081
adjust time to finish multicast
6158
time to wait after receiving all multicast complaints
5842
time to verify multicast complaint
5
time to broadcast complaint
2
time to broadcastReceive
20139
time to receive relayed complaints from blockchain
29995
# complaints received in broadcast
612
time to verify complaints from blockchain
372
time to compute pk, sk share and pk share
2
total time:
72378
total idle cost:
5842
protocol cost:
66536
total communication cost:
61151
total computation cost:
5383
generateKeys,2;deal,13;verifyMulticast,5;verifyBroadcast,372;agree,4991;
total data:
1588391
1448913
512
total send:
507321
459255
255
total receive:
1081070
989658
257
