time to deal
26
time to dealSend
0
time to dealReceive
21954
time to agree
4783
time to send multicast complaint
113
# complaints received in multicast
4352
time to receive multicast complaint
1328
adjust time to finish multicast
6224
time to wait after receiving all multicast complaints
5776
time to verify multicast complaint
3
time to broadcast complaint
1
time to broadcastReceive
20267
time to receive relayed complaints from blockchain
29997
# complaints received in broadcast
612
time to verify complaints from blockchain
351
time to compute pk, sk share and pk share
1
total time:
72358
total idle cost:
5776
protocol cost:
66582
total communication cost:
61413
total computation cost:
5164
generateKeys,1;deal,26;verifyMulticast,3;verifyBroadcast,351;agree,4783;
total data:
1587631
1447643
512
total send:
506300
457980
255
total receive:
1081331
989663
257
