time to deal
19
time to dealSend
0
time to dealReceive
21548
time to agree
4687
time to send multicast complaint
116
# complaints received in multicast
4352
time to receive multicast complaint
1357
adjust time to finish multicast
6160
time to wait after receiving all multicast complaints
5840
time to verify multicast complaint
4
time to broadcast complaint
1
time to broadcastReceive
20150
time to receive relayed complaints from blockchain
29996
# complaints received in broadcast
612
time to verify complaints from blockchain
348
time to compute pk, sk share and pk share
4
total time:
72358
total idle cost:
5840
protocol cost:
66518
total communication cost:
61451
total computation cost:
5062
generateKeys,4;deal,19;verifyMulticast,4;verifyBroadcast,348;agree,4687;
total data:
1589663
1449675
512
total send:
508340
460020
255
total receive:
1081323
989655
257
