time to deal
14
time to dealSend
0
time to dealReceive
23227
time to agree
4829
time to send multicast complaint
67
# complaints received in multicast
4352
time to receive multicast complaint
1279
adjust time to finish multicast
6175
time to wait after receiving all multicast complaints
5825
time to verify multicast complaint
3
time to broadcast complaint
1
time to broadcastReceive
20222
time to receive relayed complaints from blockchain
29997
# complaints received in broadcast
612
time to verify complaints from blockchain
369
time to compute pk, sk share and pk share
2
total time:
72377
total idle cost:
5825
protocol cost:
66552
total communication cost:
61331
total computation cost:
5217
generateKeys,2;deal,14;verifyMulticast,3;verifyBroadcast,369;agree,4829;
total data:
1590425
1450437
512
total send:
509105
460785
255
total receive:
1081320
989652
257
