time to deal
23
time to dealSend
0
time to dealReceive
21231
time to agree
4677
time to send multicast complaint
81
# complaints received in multicast
4352
time to receive multicast complaint
1372
adjust time to finish multicast
6130
time to wait after receiving all multicast complaints
5870
time to verify multicast complaint
3
# complaints send in broadcast
17
time to broadcast complaint
4
time to broadcastReceive
20147
time to receive relayed complaints from blockchain
29997
# complaints received in broadcast
612
time to verify complaints from blockchain
357
time to compute pk, sk share and pk share
2
total time:
72364
total idle cost:
5870
protocol cost:
66494
total communication cost:
61431
total computation cost:
5062
generateKeys,2;deal,23;verifyMulticast,3;verifyBroadcast,357;agree,4677;
total data:
1592601
1452407
513
total send:
511281
462755
256
total receive:
1081320
989652
257
