time to deal
20
time to dealSend
0
time to dealReceive
21463
time to agree
4759
time to send multicast complaint
112
# complaints received in multicast
4352
time to receive multicast complaint
1320
adjust time to finish multicast
6191
time to wait after receiving all multicast complaints
5809
time to verify multicast complaint
3
time to broadcast complaint
1
time to broadcastReceive
20219
time to receive relayed complaints from blockchain
29997
# complaints received in broadcast
612
time to verify complaints from blockchain
353
time to compute pk, sk share and pk share
1
total time:
72361
total idle cost:
5809
protocol cost:
66552
total communication cost:
61410
total computation cost:
5136
generateKeys,1;deal,20;verifyMulticast,3;verifyBroadcast,353;agree,4759;
total data:
1588899
1449421
512
total send:
507831
459765
255
total receive:
1081068
989656
257
