time to deal
17
time to dealSend
0
time to dealReceive
21273
time to agree
5228
time to send multicast complaint
94
# complaints received in multicast
4352
time to receive multicast complaint
834
adjust time to finish multicast
6156
time to wait after receiving all multicast complaints
5844
time to verify multicast complaint
4
time to broadcast complaint
1
time to broadcastReceive
20155
time to receive relayed complaints from blockchain
29996
# complaints received in broadcast
612
time to verify complaints from blockchain
68
time to compute pk, sk share and pk share
1
total time:
72075
total idle cost:
5844
protocol cost:
66231
total communication cost:
60908
total computation cost:
5318
generateKeys,1;deal,17;verifyMulticast,4;verifyBroadcast,68;agree,5228;
total data:
1589407
1449929
512
total send:
508341
460275
255
total receive:
1081066
989654
257
