time to deal
465
time to dealSend
9
time to dealReceive
21173
time to agree
5013
time to send multicast complaint
146
# complaints received in multicast
4352
time to receive multicast complaint
1034
adjust time to finish multicast
6193
time to wait after receiving all multicast complaints
5807
time to verify multicast complaint
3
time to broadcast complaint
0
time to broadcastReceive
20260
time to receive relayed complaints from blockchain
29997
# complaints received in broadcast
612
time to verify complaints from blockchain
68
time to compute pk, sk share and pk share
1
total time:
72077
total idle cost:
5807
protocol cost:
66270
total communication cost:
60713
total computation cost:
5550
generateKeys,1;deal,465;verifyMulticast,3;verifyBroadcast,68;agree,5013;
total data:
1597941
1457400
513
total send:
516869
467740
256
total receive:
1081072
989660
257
