time to deal
410
time to dealSend
7
time to dealReceive
21413
time to agree
4902
time to send multicast complaint
138
# complaints received in multicast
4352
time to receive multicast complaint
1122
adjust time to finish multicast
6162
time to wait after receiving all multicast complaints
5838
time to verify multicast complaint
4
time to broadcast complaint
1
time to broadcastReceive
20197
time to receive relayed complaints from blockchain
29996
# complaints received in broadcast
612
time to verify complaints from blockchain
66
time to compute pk, sk share and pk share
1
total time:
72072
total idle cost:
5838
protocol cost:
66234
total communication cost:
60847
total computation cost:
5383
generateKeys,1;deal,410;verifyMulticast,4;verifyBroadcast,66;agree,4902;
total data:
1597941
1457400
513
total send:
516869
467740
256
total receive:
1081072
989660
257
