time to deal
440
time to dealSend
5
time to dealReceive
21340
time to agree
4769
time to send multicast complaint
79
# complaints received in multicast
4352
time to receive multicast complaint
1318
adjust time to finish multicast
6166
time to wait after receiving all multicast complaints
5834
time to verify multicast complaint
4
time to broadcast complaint
1
time to broadcastReceive
20246
time to receive relayed complaints from blockchain
29997
# complaints received in broadcast
612
time to verify complaints from blockchain
68
time to compute pk, sk share and pk share
1
total time:
72076
total idle cost:
5834
protocol cost:
66242
total communication cost:
60956
total computation cost:
5282
generateKeys,1;deal,440;verifyMulticast,4;verifyBroadcast,68;agree,4769;
total data:
1598194
1457653
513
total send:
517123
467994
256
total receive:
1081071
989659
257
