time to deal
16
time to dealSend
0
time to dealReceive
21655
time to agree
5151
time to send multicast complaint
134
# complaints received in multicast
4352
time to receive multicast complaint
957
adjust time to finish multicast
6242
time to wait after receiving all multicast complaints
5758
time to verify multicast complaint
4
time to broadcast complaint
1
time to broadcastReceive
20258
time to receive relayed complaints from blockchain
29997
# complaints received in broadcast
612
time to verify complaints from blockchain
390
time to compute pk, sk share and pk share
2
total time:
72399
total idle cost:
5758
protocol cost:
66641
total communication cost:
61073
total computation cost:
5563
generateKeys,2;deal,16;verifyMulticast,4;verifyBroadcast,390;agree,5151;
total data:
1588645
1449167
512
total send:
507576
459510
255
total receive:
1081069
989657
257
