time to deal
17
time to dealSend
0
time to dealReceive
21456
time to agree
4907
time to send multicast complaint
70
# complaints received in multicast
4352
time to receive multicast complaint
1229
adjust time to finish multicast
6206
time to wait after receiving all multicast complaints
5794
time to verify multicast complaint
4
time to broadcast complaint
1
time to broadcastReceive
20199
time to receive relayed complaints from blockchain
29996
# complaints received in broadcast
612
time to verify complaints from blockchain
377
time to compute pk, sk share and pk share
1
total time:
72384
total idle cost:
5794
protocol cost:
66590
total communication cost:
61279
total computation cost:
5306
generateKeys,1;deal,17;verifyMulticast,4;verifyBroadcast,377;agree,4907;
total data:
1587375
1447897
512
total send:
506301
458235
255
total receive:
1081074
989662
257
