time to deal
15
time to dealSend
0
time to dealReceive
20126
time to agree
181
time to send multicast complaint
0
# complaints received in multicast
0
time to receive multicast complaint
10015
adjust time to finish multicast
10196
time to wait after receiving all multicast complaints
1804
time to verify multicast complaint
0
time to broadcast complaint
2
time to broadcastReceive
20105
time to receive relayed complaints from blockchain
30000
# complaints received in broadcast
0
time to verify complaints from blockchain
0
time to compute pk, sk share and pk share
1
total time:
72007
total idle cost:
1804
protocol cost:
70203
total communication cost:
70002
total computation cost:
197
generateKeys,1;deal,15;verifyMulticast,0;verifyBroadcast,0;agree,181;
total data:
7094
6629
2
total send:
0
0
0
total receive:
7094
6629
2
