time to deal
144
time to dealSend
3
time to dealReceive
20024
time to agree
576
time to send multicast complaint
36
# complaints received in multicast
288
time to receive multicast complaint
273
adjust time to finish multicast
885
time to wait after receiving all multicast complaints
11115
time to verify multicast complaint
0
# complaints send in broadcast
9
time to broadcast complaint
6
time to broadcastReceive
20122
time to receive relayed complaints from blockchain
30001
# complaints received in broadcast
171
time to verify complaints from blockchain
37
time to compute pk, sk share and pk share
1
total time:
72046
total idle cost:
11115
protocol cost:
60931
total communication cost:
60172
total computation cost:
758
generateKeys,1;deal,144;verifyMulticast,0;verifyBroadcast,37;agree,576;
total data:
139020
126686
66
total send:
36838
33202
33
total receive:
102182
93484
33
