time to deal
20
time to dealSend
0
time to dealReceive
20155
time to agree
640
time to send multicast complaint
33
# complaints received in multicast
288
time to receive multicast complaint
211
adjust time to finish multicast
884
time to wait after receiving all multicast complaints
11116
time to verify multicast complaint
0
time to broadcast complaint
1
time to broadcastReceive
20133
time to receive relayed complaints from blockchain
30000
# complaints received in broadcast
171
time to verify complaints from blockchain
31
time to compute pk, sk share and pk share
1
total time:
72038
total idle cost:
11116
protocol cost:
60922
total communication cost:
60225
total computation cost:
692
generateKeys,1;deal,20;verifyMulticast,0;verifyBroadcast,31;agree,640;
total data:
135196
123152
64
total send:
33013
29667
31
total receive:
102183
93485
33
