time to deal
23
time to dealSend
0
time to dealReceive
21617
time to agree
3655
time to send multicast complaint
0
# complaints received in multicast
0
time to receive multicast complaint
10049
adjust time to finish multicast
13704
time to wait after receiving all multicast complaints
-1704
time to verify multicast complaint
0
time to broadcast complaint
0
time to broadcastReceive
18427
time to receive relayed complaints from blockchain
30001
# complaints received in broadcast
0
time to verify complaints from blockchain
0
time to compute pk, sk share and pk share
2
total time:
73711
total idle cost:
0
protocol cost:
73711
total communication cost:
70027
total computation cost:
3680
generateKeys,2;deal,23;verifyMulticast,0;verifyBroadcast,0;agree,3655;
total data:
432844
407708
2
total send:
0
0
0
total receive:
432844
407708
2
