time to deal
280
time to dealSend
6
time to dealReceive
21164
time to agree
3626
time to send multicast complaint
0
# complaints received in multicast
0
time to receive multicast complaint
10044
adjust time to finish multicast
13670
time to wait after receiving all multicast complaints
-1670
time to verify multicast complaint
0
time to broadcast complaint
1
time to broadcastReceive
18444
time to receive relayed complaints from blockchain
30000
# complaints received in broadcast
0
time to verify complaints from blockchain
0
time to compute pk, sk share and pk share
1
total time:
73675
total idle cost:
0
protocol cost:
73675
total communication cost:
69765
total computation cost:
3907
generateKeys,1;deal,280;verifyMulticast,0;verifyBroadcast,0;agree,3626;
total data:
442073
416386
3
total send:
9229
8678
1
total receive:
432844
407708
2
