time to deal
24
time to dealSend
0
time to dealReceive
21376
time to agree
3604
time to send multicast complaint
0
# complaints received in multicast
0
time to receive multicast complaint
10047
adjust time to finish multicast
13651
time to wait after receiving all multicast complaints
-1651
time to verify multicast complaint
0
time to broadcast complaint
1
time to broadcastReceive
18473
time to receive relayed complaints from blockchain
30000
# complaints received in broadcast
0
time to verify complaints from blockchain
0
time to compute pk, sk share and pk share
2
total time:
73656
total idle cost:
0
protocol cost:
73656
total communication cost:
70024
total computation cost:
3630
generateKeys,2;deal,24;verifyMulticast,0;verifyBroadcast,0;agree,3604;
total data:
432844
407708
2
total send:
0
0
0
total receive:
432844
407708
2
