time to deal
18
time to dealSend
0
time to dealReceive
21188
time to agree
3819
time to send multicast complaint
0
# complaints received in multicast
0
time to receive multicast complaint
10048
adjust time to finish multicast
13867
time to wait after receiving all multicast complaints
-1867
time to verify multicast complaint
0
time to broadcast complaint
1
time to broadcastReceive
18251
time to receive relayed complaints from blockchain
30001
# complaints received in broadcast
0
time to verify complaints from blockchain
0
time to compute pk, sk share and pk share
2
total time:
73873
total idle cost:
0
protocol cost:
73873
total communication cost:
70032
total computation cost:
3839
generateKeys,2;deal,18;verifyMulticast,0;verifyBroadcast,0;agree,3819;
total data:
432844
407708
2
total send:
0
0
0
total receive:
432844
407708
2
