time to deal
295
time to dealSend
1
time to dealReceive
21135
time to agree
3635
time to send multicast complaint
0
# complaints received in multicast
0
time to receive multicast complaint
10057
adjust time to finish multicast
13692
time to wait after receiving all multicast complaints
-1692
time to verify multicast complaint
0
time to broadcast complaint
0
time to broadcastReceive
18438
time to receive relayed complaints from blockchain
30001
# complaints received in broadcast
0
time to verify complaints from blockchain
0
time to compute pk, sk share and pk share
1
total time:
73699
total idle cost:
0
protocol cost:
73699
total communication cost:
69763
total computation cost:
3931
generateKeys,1;deal,295;verifyMulticast,0;verifyBroadcast,0;agree,3635;
total data:
442071
416384
3
total send:
9227
8676
1
total receive:
432844
407708
2
