time to deal
297
time to dealSend
8
time to dealReceive
20732
time to agree
3567
time to send multicast complaint
0
# complaints received in multicast
0
time to receive multicast complaint
10048
adjust time to finish multicast
13615
time to wait after receiving all multicast complaints
-1615
time to verify multicast complaint
0
time to broadcast complaint
0
time to broadcastReceive
18496
time to receive relayed complaints from blockchain
30000
# complaints received in broadcast
0
time to verify complaints from blockchain
0
time to compute pk, sk share and pk share
2
total time:
73623
total idle cost:
0
protocol cost:
73623
total communication cost:
69752
total computation cost:
3866
generateKeys,2;deal,297;verifyMulticast,0;verifyBroadcast,0;agree,3567;
total data:
442063
416376
3
total send:
9219
8668
1
total receive:
432844
407708
2
