time to deal
287
time to dealSend
3
time to dealReceive
21031
time to agree
3474
time to send multicast complaint
0
# complaints received in multicast
0
time to receive multicast complaint
10051
adjust time to finish multicast
13525
time to wait after receiving all multicast complaints
-1525
time to verify multicast complaint
0
# complaints send in broadcast
0
time to broadcast complaint
1
time to broadcastReceive
18592
time to receive relayed complaints from blockchain
30000
# complaints received in broadcast
0
time to verify complaints from blockchain
0
time to compute pk, sk share and pk share
1
total time:
73532
total idle cost:
0
protocol cost:
73532
total communication cost:
69765
total computation cost:
3762
generateKeys,1;deal,287;verifyMulticast,0;verifyBroadcast,0;agree,3474;
total data:
442068
416381
3
total send:
9224
8673
1
total receive:
432844
407708
2
