time to deal
30
time to dealSend
0
time to dealReceive
21251
time to agree
3481
time to send multicast complaint
0
# complaints received in multicast
0
time to receive multicast complaint
10067
adjust time to finish multicast
13548
time to wait after receiving all multicast complaints
-1548
time to verify multicast complaint
0
time to broadcast complaint
1
time to broadcastReceive
18572
time to receive relayed complaints from blockchain
30001
# complaints received in broadcast
0
time to verify complaints from blockchain
0
time to compute pk, sk share and pk share
2
total time:
73555
total idle cost:
0
protocol cost:
73555
total communication cost:
70039
total computation cost:
3513
generateKeys,2;deal,30;verifyMulticast,0;verifyBroadcast,0;agree,3481;
total data:
432844
407708
2
total send:
0
0
0
total receive:
432844
407708
2
