time to deal
22
time to dealSend
0
time to dealReceive
21373
time to agree
3664
time to send multicast complaint
0
# complaints received in multicast
0
time to receive multicast complaint
10050
adjust time to finish multicast
13714
time to wait after receiving all multicast complaints
-1714
time to verify multicast complaint
0
time to broadcast complaint
1
time to broadcastReceive
18407
time to receive relayed complaints from blockchain
30000
# complaints received in broadcast
0
time to verify complaints from blockchain
0
time to compute pk, sk share and pk share
2
total time:
73719
total idle cost:
0
protocol cost:
73719
total communication cost:
70029
total computation cost:
3688
generateKeys,2;deal,22;verifyMulticast,0;verifyBroadcast,0;agree,3664;
total data:
432844
407708
2
total send:
0
0
0
total receive:
432844
407708
2
