time to deal
296
time to dealSend
1
time to dealReceive
21036
time to agree
3270
time to send multicast complaint
0
# complaints received in multicast
0
time to receive multicast complaint
10054
adjust time to finish multicast
13324
time to wait after receiving all multicast complaints
-1324
time to verify multicast complaint
0
time to broadcast complaint
0
time to broadcastReceive
18788
time to receive relayed complaints from blockchain
30000
# complaints received in broadcast
0
time to verify complaints from blockchain
0
time to compute pk, sk share and pk share
1
total time:
73331
total idle cost:
0
protocol cost:
73331
total communication cost:
69758
total computation cost:
3567
generateKeys,1;deal,296;verifyMulticast,0;verifyBroadcast,0;agree,3270;
total data:
442069
416382
3
total send:
9225
8674
1
total receive:
432844
407708
2
