time to deal
17
time to dealSend
0
time to dealReceive
21425
time to agree
3635
time to send multicast complaint
0
# complaints received in multicast
0
time to receive multicast complaint
10043
adjust time to finish multicast
13678
time to wait after receiving all multicast complaints
-1678
time to verify multicast complaint
0
time to broadcast complaint
1
time to broadcastReceive
18453
time to receive relayed complaints from blockchain
30000
# complaints received in broadcast
0
time to verify complaints from blockchain
0
time to compute pk, sk share and pk share
1
total time:
73685
total idle cost:
0
protocol cost:
73685
total communication cost:
70028
total computation cost:
3653
generateKeys,1;deal,17;verifyMulticast,0;verifyBroadcast,0;agree,3635;
total data:
432844
407708
2
total send:
0
0
0
total receive:
432844
407708
2
