time to deal
277
time to dealSend
3
time to dealReceive
21019
time to agree
2667
time to send multicast complaint
0
# complaints received in multicast
0
time to receive multicast complaint
10046
adjust time to finish multicast
12713
time to wait after receiving all multicast complaints
-713
time to verify multicast complaint
0
time to broadcast complaint
1
time to broadcastReceive
19431
time to receive relayed complaints from blockchain
30001
# complaints received in broadcast
0
time to verify complaints from blockchain
0
time to compute pk, sk share and pk share
1
total time:
72720
total idle cost:
0
protocol cost:
72720
total communication cost:
69771
total computation cost:
2945
generateKeys,1;deal,277;verifyMulticast,0;verifyBroadcast,0;agree,2667;
total data:
359168
338287
3
total send:
9237
8686
1
total receive:
349931
329601
2
