time to deal
17
time to dealSend
0
time to dealReceive
21428
time to agree
2759
time to send multicast complaint
0
# complaints received in multicast
0
time to receive multicast complaint
10050
adjust time to finish multicast
12809
time to wait after receiving all multicast complaints
-809
time to verify multicast complaint
0
time to broadcast complaint
1
time to broadcastReceive
19322
time to receive relayed complaints from blockchain
30000
# complaints received in broadcast
0
time to verify complaints from blockchain
0
time to compute pk, sk share and pk share
1
total time:
72815
total idle cost:
0
protocol cost:
72815
total communication cost:
70034
total computation cost:
2777
generateKeys,1;deal,17;verifyMulticast,0;verifyBroadcast,0;agree,2759;
total data:
349931
329601
2
total send:
0
0
0
total receive:
349931
329601
2
