time to deal
20
time to dealSend
0
time to dealReceive
21388
time to agree
2989
time to send multicast complaint
0
# complaints received in multicast
0
time to receive multicast complaint
10049
adjust time to finish multicast
13038
time to wait after receiving all multicast complaints
-1038
time to verify multicast complaint
0
time to broadcast complaint
1
time to broadcastReceive
19089
time to receive relayed complaints from blockchain
30000
# complaints received in broadcast
0
time to verify complaints from blockchain
0
time to compute pk, sk share and pk share
1
total time:
73043
total idle cost:
0
protocol cost:
73043
total communication cost:
70030
total computation cost:
3010
generateKeys,1;deal,20;verifyMulticast,0;verifyBroadcast,0;agree,2989;
total data:
349931
329601
2
total send:
0
0
0
total receive:
349931
329601
2
