time to deal
19
time to dealSend
0
time to dealReceive
21468
time to agree
3048
time to send multicast complaint
0
# complaints received in multicast
0
time to receive multicast complaint
10053
adjust time to finish multicast
13101
time to wait after receiving all multicast complaints
-1101
time to verify multicast complaint
0
# complaints send in broadcast
0
time to broadcast complaint
1
time to broadcastReceive
19044
time to receive relayed complaints from blockchain
30001
# complaints received in broadcast
0
time to verify complaints from blockchain
0
time to compute pk, sk share and pk share
2
total time:
73107
total idle cost:
0
protocol cost:
73107
total communication cost:
70036
total computation cost:
3069
generateKeys,2;deal,19;verifyMulticast,0;verifyBroadcast,0;agree,3048;
total data:
349931
329601
2
total send:
0
0
0
total receive:
349931
329601
2
