time to deal
19
time to dealSend
0
time to dealReceive
21278
time to agree
2984
time to send multicast complaint
0
# complaints received in multicast
0
time to receive multicast complaint
10052
adjust time to finish multicast
13036
time to wait after receiving all multicast complaints
-1036
time to verify multicast complaint
0
time to broadcast complaint
1
time to broadcastReceive
19111
time to receive relayed complaints from blockchain
30000
# complaints received in broadcast
0
time to verify complaints from blockchain
0
time to compute pk, sk share and pk share
1
total time:
73040
total idle cost:
0
protocol cost:
73040
total communication cost:
70034
total computation cost:
3004
generateKeys,1;deal,19;verifyMulticast,0;verifyBroadcast,0;agree,2984;
total data:
349931
329601
2
total send:
0
0
0
total receive:
349931
329601
2
