time to deal
293
time to dealSend
3
time to dealReceive
20872
time to agree
2827
time to send multicast complaint
0
# complaints received in multicast
0
time to receive multicast complaint
10049
adjust time to finish multicast
12876
time to wait after receiving all multicast complaints
-876
time to verify multicast complaint
0
time to broadcast complaint
1
time to broadcastReceive
19233
time to receive relayed complaints from blockchain
30000
# complaints received in broadcast
0
time to verify complaints from blockchain
0
time to compute pk, sk share and pk share
1
total time:
72882
total idle cost:
0
protocol cost:
72882
total communication cost:
69758
total computation cost:
3121
generateKeys,1;deal,293;verifyMulticast,0;verifyBroadcast,0;agree,2827;
total data:
359152
338271
3
total send:
9221
8670
1
total receive:
349931
329601
2
