time to deal
14
time to dealSend
0
time to dealReceive
21403
time to agree
2940
time to send multicast complaint
0
# complaints received in multicast
0
time to receive multicast complaint
10051
adjust time to finish multicast
12991
time to wait after receiving all multicast complaints
-991
time to verify multicast complaint
0
time to broadcast complaint
1
time to broadcastReceive
19130
time to receive relayed complaints from blockchain
30000
# complaints received in broadcast
0
time to verify complaints from blockchain
0
time to compute pk, sk share and pk share
1
total time:
72997
total idle cost:
0
protocol cost:
72997
total communication cost:
70039
total computation cost:
2955
generateKeys,1;deal,14;verifyMulticast,0;verifyBroadcast,0;agree,2940;
total data:
349931
329601
2
total send:
0
0
0
total receive:
349931
329601
2
