time to deal
280
time to dealSend
10
time to dealReceive
20991
time to agree
2714
time to send multicast complaint
0
# complaints received in multicast
0
time to receive multicast complaint
10064
adjust time to finish multicast
12778
time to wait after receiving all multicast complaints
-778
time to verify multicast complaint
0
# complaints send in broadcast
0
time to broadcast complaint
1
time to broadcastReceive
19365
time to receive relayed complaints from blockchain
30000
# complaints received in broadcast
0
time to verify complaints from blockchain
0
time to compute pk, sk share and pk share
1
total time:
72785
total idle cost:
0
protocol cost:
72785
total communication cost:
69786
total computation cost:
2995
generateKeys,1;deal,280;verifyMulticast,0;verifyBroadcast,0;agree,2714;
total data:
359161
338280
3
total send:
9230
8679
1
total receive:
349931
329601
2
