time to deal
15
time to dealSend
0
time to dealReceive
21287
time to agree
2958
time to send multicast complaint
0
# complaints received in multicast
0
time to receive multicast complaint
10046
adjust time to finish multicast
13004
time to wait after receiving all multicast complaints
-1004
time to verify multicast complaint
0
# complaints send in broadcast
0
time to broadcast complaint
1
time to broadcastReceive
19145
time to receive relayed complaints from blockchain
30000
# complaints received in broadcast
0
time to verify complaints from blockchain
0
time to compute pk, sk share and pk share
1
total time:
73010
total idle cost:
0
protocol cost:
73010
total communication cost:
70033
total computation cost:
2974
generateKeys,1;deal,15;verifyMulticast,0;verifyBroadcast,0;agree,2958;
total data:
349931
329601
2
total send:
0
0
0
total receive:
349931
329601
2
