time to deal
17
time to dealSend
0
time to dealReceive
21232
time to agree
2868
time to send multicast complaint
0
# complaints received in multicast
0
time to receive multicast complaint
10041
adjust time to finish multicast
12909
time to wait after receiving all multicast complaints
-909
time to verify multicast complaint
0
time to broadcast complaint
0
time to broadcastReceive
19226
time to receive relayed complaints from blockchain
30000
# complaints received in broadcast
0
time to verify complaints from blockchain
0
time to compute pk, sk share and pk share
2
total time:
72916
total idle cost:
0
protocol cost:
72916
total communication cost:
70024
total computation cost:
2887
generateKeys,2;deal,17;verifyMulticast,0;verifyBroadcast,0;agree,2868;
total data:
349931
329601
2
total send:
0
0
0
total receive:
349931
329601
2
