time to deal
275
time to dealSend
3
time to dealReceive
20931
time to agree
2955
time to send multicast complaint
0
# complaints received in multicast
0
time to receive multicast complaint
10052
adjust time to finish multicast
13007
time to wait after receiving all multicast complaints
-1007
time to verify multicast complaint
0
time to broadcast complaint
1
time to broadcastReceive
19113
time to receive relayed complaints from blockchain
30000
# complaints received in broadcast
0
time to verify complaints from blockchain
0
time to compute pk, sk share and pk share
1
total time:
73012
total idle cost:
0
protocol cost:
73012
total communication cost:
69778
total computation cost:
3231
generateKeys,1;deal,275;verifyMulticast,0;verifyBroadcast,0;agree,2955;
total data:
359155
338274
3
total send:
9224
8673
1
total receive:
349931
329601
2
