time to deal
18
time to dealSend
0
time to dealReceive
21353
time to agree
2766
time to send multicast complaint
0
# complaints received in multicast
0
time to receive multicast complaint
10048
adjust time to finish multicast
12814
time to wait after receiving all multicast complaints
-814
time to verify multicast complaint
0
time to broadcast complaint
1
time to broadcastReceive
19324
time to receive relayed complaints from blockchain
30000
# complaints received in broadcast
0
time to verify complaints from blockchain
0
time to compute pk, sk share and pk share
1
total time:
72820
total idle cost:
0
protocol cost:
72820
total communication cost:
70031
total computation cost:
2785
generateKeys,1;deal,18;verifyMulticast,0;verifyBroadcast,0;agree,2766;
total data:
349931
329601
2
total send:
0
0
0
total receive:
349931
329601
2
