time to deal
308
time to dealSend
1
time to dealReceive
20956
time to agree
2635
time to send multicast complaint
0
# complaints received in multicast
0
time to receive multicast complaint
10055
adjust time to finish multicast
12690
time to wait after receiving all multicast complaints
-690
time to verify multicast complaint
0
time to broadcast complaint
1
time to broadcastReceive
19450
time to receive relayed complaints from blockchain
30000
# complaints received in broadcast
0
time to verify complaints from blockchain
0
time to compute pk, sk share and pk share
1
total time:
72697
total idle cost:
0
protocol cost:
72697
total communication cost:
69748
total computation cost:
2944
generateKeys,1;deal,308;verifyMulticast,0;verifyBroadcast,0;agree,2635;
total data:
359157
338276
3
total send:
9226
8675
1
total receive:
349931
329601
2
