time to deal
16
time to dealSend
0
time to dealReceive
21285
time to agree
2962
time to send multicast complaint
0
# complaints received in multicast
0
time to receive multicast complaint
10045
adjust time to finish multicast
13007
time to wait after receiving all multicast complaints
-1007
time to verify multicast complaint
0
# complaints send in broadcast
0
time to broadcast complaint
1
time to broadcastReceive
19138
time to receive relayed complaints from blockchain
30001
# complaints received in broadcast
0
time to verify complaints from blockchain
0
time to compute pk, sk share and pk share
1
total time:
73013
total idle cost:
0
protocol cost:
73013
total communication cost:
70031
total computation cost:
2979
generateKeys,1;deal,16;verifyMulticast,0;verifyBroadcast,0;agree,2962;
total data:
349931
329601
2
total send:
0
0
0
total receive:
349931
329601
2
