blockchain took # ms to receive the first packet dealBlockchainRelay
186
time to capture dealBlockchain
20005
time to send dealBlockchain
24
time to relay in blockchain
20030
time to sync with multicast + agree
blockchain took # ms to receive the first packet broadcastBlockchainRelay
20000
time to capture broadcastBlockchainRelay
20009
time to send broadcastBlockchainRelay
5
time to relay broadcast complaints from blockchain
20015
total time:
72007
total data:
193071
180693
40
total send:
181628
170064
32
total receive:
11443
10629
8
