time to deal
94
time to dealSend
3
time to dealReceive
20029
time to agree
174
time to send multicast complaint
0
# complaints received in multicast
0
time to receive multicast complaint
10015
adjust time to finish multicast
10189
time to wait after receiving all multicast complaints
1811
time to verify multicast complaint
0
time to broadcast complaint
2
time to broadcastReceive
20113
time to receive relayed complaints from blockchain
30000
# complaints received in broadcast
0
time to verify complaints from blockchain
0
time to compute pk, sk share and pk share
1
total time:
72006
total idle cost:
1811
protocol cost:
70195
total communication cost:
69923
total computation cost:
269
generateKeys,1;deal,94;verifyMulticast,0;verifyBroadcast,0;agree,174;
total data:
12793
11968
3
total send:
1441
1339
1
total receive:
11352
10629
2
