time to deal
13
time to dealSend
0
time to dealReceive
21403
time to agree
5592
time to send multicast complaint
75
# complaints received in multicast
5376
time to receive multicast complaint
618
adjust time to finish multicast
6285
time to wait after receiving all multicast complaints
5715
time to verify multicast complaint
5
# complaints send in broadcast
21
time to broadcast complaint
3
time to broadcastReceive
20184
time to receive relayed complaints from blockchain
29995
# complaints received in broadcast
672
time to verify complaints from blockchain
58
time to compute pk, sk share and pk share
2
total time:
72065
total idle cost:
5715
protocol cost:
66350
total communication cost:
60678
total computation cost:
5670
generateKeys,2;deal,13;verifyMulticast,5;verifyBroadcast,58;agree,5592;
total data:
1838537
1675786
513
total send:
629044
570533
256
total receive:
1209493
1105253
257
