time to deal
425
time to dealSend
9
time to dealReceive
21132
time to agree
5638
time to send multicast complaint
169
# complaints received in multicast
5376
time to receive multicast complaint
478
adjust time to finish multicast
6285
time to wait after receiving all multicast complaints
5715
time to verify multicast complaint
5
time to broadcast complaint
1
time to broadcastReceive
20231
time to receive relayed complaints from blockchain
29996
# complaints received in broadcast
672
time to verify complaints from blockchain
71
time to compute pk, sk share and pk share
1
total time:
72078
total idle cost:
5715
protocol cost:
66363
total communication cost:
60220
total computation cost:
6140
generateKeys,1;deal,425;verifyMulticast,5;verifyBroadcast,71;agree,5638;
total data:
1845704
1682135
513
total send:
636210
576881
256
total receive:
1209494
1105254
257
