time to deal
24
time to dealSend
0
time to dealReceive
21567
time to agree
5098
time to send multicast complaint
154
# complaints received in multicast
5376
time to receive multicast complaint
1089
adjust time to finish multicast
6341
time to wait after receiving all multicast complaints
5659
time to verify multicast complaint
4
time to broadcast complaint
1
time to broadcastReceive
20232
time to receive relayed complaints from blockchain
29997
# complaints received in broadcast
672
time to verify complaints from blockchain
67
time to compute pk, sk share and pk share
2
total time:
72074
total idle cost:
5659
protocol cost:
66415
total communication cost:
61217
total computation cost:
5195
generateKeys,2;deal,24;verifyMulticast,4;verifyBroadcast,67;agree,5098;
total data:
1835647
1672631
512
total send:
625895
567375
255
total receive:
1209752
1105256
257
