time to deal
13
time to dealSend
0
time to dealReceive
21673
time to agree
5182
time to send multicast complaint
68
# complaints received in multicast
5376
time to receive multicast complaint
1107
adjust time to finish multicast
6357
time to wait after receiving all multicast complaints
5643
time to verify multicast complaint
4
time to broadcast complaint
1
time to broadcastReceive
20273
time to receive relayed complaints from blockchain
29996
# complaints received in broadcast
672
time to verify complaints from blockchain
61
time to compute pk, sk share and pk share
2
total time:
72069
total idle cost:
5643
protocol cost:
66426
total communication cost:
61159
total computation cost:
5262
generateKeys,2;deal,13;verifyMulticast,4;verifyBroadcast,61;agree,5182;
total data:
1835647
1672631
512
total send:
625895
567375
255
total receive:
1209752
1105256
257
