time to deal
13
time to dealSend
0
time to dealReceive
21393
time to agree
5119
time to send multicast complaint
75
# complaints received in multicast
5376
time to receive multicast complaint
1086
adjust time to finish multicast
6280
time to wait after receiving all multicast complaints
5720
time to verify multicast complaint
4
# complaints send in broadcast
21
time to broadcast complaint
3
time to broadcastReceive
20180
time to receive relayed complaints from blockchain
29996
# complaints received in broadcast
672
time to verify complaints from blockchain
82
time to compute pk, sk share and pk share
2
total time:
72090
total idle cost:
5720
protocol cost:
66370
total communication cost:
61148
total computation cost:
5220
generateKeys,2;deal,13;verifyMulticast,4;verifyBroadcast,82;agree,5119;
total data:
1837772
1674510
513
total send:
628018
569252
256
total receive:
1209754
1105258
257
