time to deal
13
time to dealSend
0
time to dealReceive
22013
time to agree
5304
time to send multicast complaint
74
# complaints received in multicast
5376
time to receive multicast complaint
961
adjust time to finish multicast
6339
time to wait after receiving all multicast complaints
5661
time to verify multicast complaint
4
time to broadcast complaint
1
time to broadcastReceive
20246
time to receive relayed complaints from blockchain
29996
# complaints received in broadcast
672
time to verify complaints from blockchain
70
time to compute pk, sk share and pk share
2
total time:
72078
total idle cost:
5661
protocol cost:
66417
total communication cost:
61019
total computation cost:
5393
generateKeys,2;deal,13;verifyMulticast,4;verifyBroadcast,70;agree,5304;
total data:
1835901
1672885
512
total send:
626150
567630
255
total receive:
1209751
1105255
257
