time to deal
14
time to dealSend
0
time to dealReceive
21932
time to agree
5770
time to send multicast complaint
153
# complaints received in multicast
5376
time to receive multicast complaint
493
adjust time to finish multicast
6416
time to wait after receiving all multicast complaints
5584
time to verify multicast complaint
5
time to broadcast complaint
1
time to broadcastReceive
20284
time to receive relayed complaints from blockchain
29996
# complaints received in broadcast
672
time to verify complaints from blockchain
86
time to compute pk, sk share and pk share
3
total time:
72095
total idle cost:
5584
protocol cost:
66511
total communication cost:
60629
total computation cost:
5878
generateKeys,3;deal,14;verifyMulticast,5;verifyBroadcast,86;agree,5770;
total data:
1835139
1672123
512
total send:
625385
566865
255
total receive:
1209754
1105258
257
