time to deal
16
time to dealSend
0
time to dealReceive
21849
time to agree
5052
time to send multicast complaint
60
# complaints received in multicast
5376
time to receive multicast complaint
1116
adjust time to finish multicast
6228
time to wait after receiving all multicast complaints
5772
time to verify multicast complaint
4
time to broadcast complaint
1
time to broadcastReceive
20174
time to receive relayed complaints from blockchain
29996
# complaints received in broadcast
672
time to verify complaints from blockchain
66
time to compute pk, sk share and pk share
2
total time:
72073
total idle cost:
5772
protocol cost:
66301
total communication cost:
61157
total computation cost:
5140
generateKeys,2;deal,16;verifyMulticast,4;verifyBroadcast,66;agree,5052;
total data:
1834631
1671615
512
total send:
624875
566355
255
total receive:
1209756
1105260
257
