time to deal
13
time to dealSend
0
time to dealReceive
21670
time to agree
5177
time to send multicast complaint
126
# complaints received in multicast
5376
time to receive multicast complaint
975
adjust time to finish multicast
6278
time to wait after receiving all multicast complaints
5722
time to verify multicast complaint
7
time to broadcast complaint
1
time to broadcastReceive
20172
time to receive relayed complaints from blockchain
29993
# complaints received in broadcast
672
time to verify complaints from blockchain
66
time to compute pk, sk share and pk share
2
total time:
72073
total idle cost:
5722
protocol cost:
66351
total communication cost:
61082
total computation cost:
5265
generateKeys,2;deal,13;verifyMulticast,7;verifyBroadcast,66;agree,5177;
total data:
1836663
1673647
512
total send:
626915
568395
255
total receive:
1209748
1105252
257
