time to deal
15
time to dealSend
0
time to dealReceive
21440
time to agree
5257
time to send multicast complaint
73
# complaints received in multicast
5376
time to receive multicast complaint
928
adjust time to finish multicast
6258
time to wait after receiving all multicast complaints
5742
time to verify multicast complaint
4
time to broadcast complaint
1
time to broadcastReceive
20116
time to receive relayed complaints from blockchain
29997
# complaints received in broadcast
672
time to verify complaints from blockchain
70
time to compute pk, sk share and pk share
2
total time:
72079
total idle cost:
5742
protocol cost:
66337
total communication cost:
60984
total computation cost:
5348
generateKeys,2;deal,15;verifyMulticast,4;verifyBroadcast,70;agree,5257;
total data:
1835647
1672631
512
total send:
625895
567375
255
total receive:
1209752
1105256
257
