time to deal
13
time to dealSend
0
time to dealReceive
21693
time to agree
5563
time to send multicast complaint
66
# complaints received in multicast
5376
time to receive multicast complaint
700
adjust time to finish multicast
6329
time to wait after receiving all multicast complaints
5671
time to verify multicast complaint
4
time to broadcast complaint
1
time to broadcastReceive
20277
time to receive relayed complaints from blockchain
29996
# complaints received in broadcast
672
time to verify complaints from blockchain
70
time to compute pk, sk share and pk share
2
total time:
72078
total idle cost:
5671
protocol cost:
66407
total communication cost:
60751
total computation cost:
5652
generateKeys,2;deal,13;verifyMulticast,4;verifyBroadcast,70;agree,5563;
total data:
1835647
1672631
512
total send:
625895
567375
255
total receive:
1209752
1105256
257
