time to deal
399
time to dealSend
2
time to dealReceive
20958
time to agree
5063
time to send multicast complaint
66
# complaints received in multicast
5376
time to receive multicast complaint
1104
adjust time to finish multicast
6233
time to wait after receiving all multicast complaints
5767
time to verify multicast complaint
4
time to broadcast complaint
1
time to broadcastReceive
20168
time to receive relayed complaints from blockchain
29996
# complaints received in broadcast
672
time to verify complaints from blockchain
61
time to compute pk, sk share and pk share
2
total time:
72069
total idle cost:
5767
protocol cost:
66302
total communication cost:
60768
total computation cost:
5529
generateKeys,2;deal,399;verifyMulticast,4;verifyBroadcast,61;agree,5063;
total data:
1854272
1690191
513
total send:
644522
584937
256
total receive:
1209750
1105254
257
