time to deal
17
time to dealSend
0
time to dealReceive
22076
time to agree
5268
time to send multicast complaint
165
# complaints received in multicast
5376
time to receive multicast complaint
865
adjust time to finish multicast
6298
time to wait after receiving all multicast complaints
5702
time to verify multicast complaint
4
time to broadcast complaint
1
time to broadcastReceive
20204
time to receive relayed complaints from blockchain
29996
# complaints received in broadcast
672
time to verify complaints from blockchain
62
time to compute pk, sk share and pk share
2
total time:
72070
total idle cost:
5702
protocol cost:
66368
total communication cost:
61010
total computation cost:
5353
generateKeys,2;deal,17;verifyMulticast,4;verifyBroadcast,62;agree,5268;
total data:
1836917
1673901
512
total send:
627170
568650
255
total receive:
1209747
1105251
257
