time to deal
19
time to dealSend
0
time to dealReceive
21716
time to agree
5208
time to send multicast complaint
65
# complaints received in multicast
5376
time to receive multicast complaint
1030
adjust time to finish multicast
6303
time to wait after receiving all multicast complaints
5697
time to verify multicast complaint
4
time to broadcast complaint
1
time to broadcastReceive
20218
time to receive relayed complaints from blockchain
29996
# complaints received in broadcast
672
time to verify complaints from blockchain
86
time to compute pk, sk share and pk share
2
total time:
72093
total idle cost:
5697
protocol cost:
66396
total communication cost:
61073
total computation cost:
5319
generateKeys,2;deal,19;verifyMulticast,4;verifyBroadcast,86;agree,5208;
total data:
1835647
1672631
512
total send:
625895
567375
255
total receive:
1209752
1105256
257
