time to deal
12
time to dealSend
0
time to dealReceive
21439
time to agree
5144
time to send multicast complaint
89
# complaints received in multicast
5376
time to receive multicast complaint
989
adjust time to finish multicast
6222
time to wait after receiving all multicast complaints
5778
time to verify multicast complaint
4
time to broadcast complaint
1
time to broadcastReceive
20140
time to receive relayed complaints from blockchain
29996
# complaints received in broadcast
672
time to verify complaints from blockchain
68
time to compute pk, sk share and pk share
1
total time:
72075
total idle cost:
5778
protocol cost:
66297
total communication cost:
61064
total computation cost:
5229
generateKeys,1;deal,12;verifyMulticast,4;verifyBroadcast,68;agree,5144;
total data:
1835901
1672885
512
total send:
626150
567630
255
total receive:
1209751
1105255
257
