blockchain took # ms to receive the first packet dealBlockchainRelay
484
time to capture dealBlockchain
20018
time to send dealBlockchain
793
time to relay in blockchain
20812
time to sync with multicast + agree
blockchain took # ms to receive the first packet broadcastBlockchainRelay
111
time to capture broadcastBlockchainRelay
20009
time to send broadcastBlockchainRelay
186
time to relay broadcast complaints from blockchain
20195
total time:
72001
total data:
150160688
138343871
581
total send:
149575164
137805568
512
total receive:
585524
538303
69
