time to deal
12
time to dealSend
0
time to dealReceive
21574
time to agree
5339
time to send multicast complaint
167
# complaints received in multicast
5376
time to receive multicast complaint
775
adjust time to finish multicast
6281
time to wait after receiving all multicast complaints
5719
time to verify multicast complaint
4
# complaints send in broadcast
21
time to broadcast complaint
2
time to broadcastReceive
20179
time to receive relayed complaints from blockchain
29996
# complaints received in broadcast
672
time to verify complaints from blockchain
71
time to compute pk, sk share and pk share
1
total time:
72079
total idle cost:
5719
protocol cost:
66360
total communication cost:
60928
total computation cost:
5427
generateKeys,1;deal,12;verifyMulticast,4;verifyBroadcast,71;agree,5339;
total data:
1838536
1675785
513
total send:
629043
570532
256
total receive:
1209493
1105253
257
