time to deal
14
time to dealSend
0
time to dealReceive
21414
time to agree
5261
time to send multicast complaint
168
# complaints received in multicast
5376
time to receive multicast complaint
859
adjust time to finish multicast
6288
time to wait after receiving all multicast complaints
5712
time to verify multicast complaint
4
time to broadcast complaint
1
time to broadcastReceive
20188
time to receive relayed complaints from blockchain
29997
# complaints received in broadcast
672
time to verify complaints from blockchain
61
time to compute pk, sk share and pk share
1
total time:
72068
total idle cost:
5712
protocol cost:
66356
total communication cost:
61011
total computation cost:
5341
generateKeys,1;deal,14;verifyMulticast,4;verifyBroadcast,61;agree,5261;
total data:
1835899
1673393
512
total send:
626406
568140
255
total receive:
1209493
1105253
257
