time to deal
13
time to dealSend
0
time to dealReceive
21088
time to agree
5285
time to send multicast complaint
161
# complaints received in multicast
5376
time to receive multicast complaint
789
adjust time to finish multicast
6235
time to wait after receiving all multicast complaints
5765
time to verify multicast complaint
4
time to broadcast complaint
1
time to broadcastReceive
20115
time to receive relayed complaints from blockchain
29996
# complaints received in broadcast
672
time to verify complaints from blockchain
72
time to compute pk, sk share and pk share
1
total time:
72078
total idle cost:
5765
protocol cost:
66313
total communication cost:
60934
total computation cost:
5375
generateKeys,1;deal,13;verifyMulticast,4;verifyBroadcast,72;agree,5285;
total data:
1835137
1672631
512
total send:
625641
567375
255
total receive:
1209496
1105256
257
