time to deal
17
time to dealSend
0
time to dealReceive
21627
time to agree
5346
time to send multicast complaint
80
# complaints received in multicast
5376
time to receive multicast complaint
872
adjust time to finish multicast
6298
time to wait after receiving all multicast complaints
5702
time to verify multicast complaint
4
time to broadcast complaint
1
time to broadcastReceive
20190
time to receive relayed complaints from blockchain
29996
# complaints received in broadcast
672
time to verify complaints from blockchain
87
time to compute pk, sk share and pk share
2
total time:
72096
total idle cost:
5702
protocol cost:
66394
total communication cost:
60933
total computation cost:
5456
generateKeys,2;deal,17;verifyMulticast,4;verifyBroadcast,87;agree,5346;
total data:
1836407
1673901
512
total send:
626916
568650
255
total receive:
1209491
1105251
257
