time to deal
14
time to dealSend
0
time to dealReceive
21216
time to agree
5531
time to send multicast complaint
137
# complaints received in multicast
5376
time to receive multicast complaint
594
adjust time to finish multicast
6262
time to wait after receiving all multicast complaints
5738
time to verify multicast complaint
4
time to broadcast complaint
1
time to broadcastReceive
20138
time to receive relayed complaints from blockchain
29996
# complaints received in broadcast
672
time to verify complaints from blockchain
68
time to compute pk, sk share and pk share
1
total time:
72074
total idle cost:
5738
protocol cost:
66336
total communication cost:
60714
total computation cost:
5618
generateKeys,1;deal,14;verifyMulticast,4;verifyBroadcast,68;agree,5531;
total data:
1836407
1673901
512
total send:
626916
568650
255
total receive:
1209491
1105251
257
