time to deal
13
time to dealSend
0
time to dealReceive
22040
time to agree
5514
time to send multicast complaint
110
# complaints received in multicast
5376
time to receive multicast complaint
690
adjust time to finish multicast
6314
time to wait after receiving all multicast complaints
5686
time to verify multicast complaint
4
time to broadcast complaint
1
time to broadcastReceive
20266
time to receive relayed complaints from blockchain
29996
# complaints received in broadcast
672
time to verify complaints from blockchain
70
time to compute pk, sk share and pk share
1
total time:
72076
total idle cost:
5686
protocol cost:
66390
total communication cost:
60784
total computation cost:
5602
generateKeys,1;deal,13;verifyMulticast,4;verifyBroadcast,70;agree,5514;
total data:
1835645
1673139
512
total send:
626151
567885
255
total receive:
1209494
1105254
257
