time to deal
14
time to dealSend
0
time to dealReceive
21977
time to agree
5279
time to send multicast complaint
103
# complaints received in multicast
5376
time to receive multicast complaint
900
adjust time to finish multicast
6282
time to wait after receiving all multicast complaints
5718
time to verify multicast complaint
5
time to broadcast complaint
1
time to broadcastReceive
20237
time to receive relayed complaints from blockchain
29995
# complaints received in broadcast
672
time to verify complaints from blockchain
60
time to compute pk, sk share and pk share
2
total time:
72067
total idle cost:
5718
protocol cost:
66349
total communication cost:
60985
total computation cost:
5360
generateKeys,2;deal,14;verifyMulticast,5;verifyBroadcast,60;agree,5279;
total data:
1836153
1673647
512
total send:
626661
568395
255
total receive:
1209492
1105252
257
