time to deal
14
time to dealSend
0
time to dealReceive
21742
time to agree
5349
time to send multicast complaint
153
# complaints received in multicast
5376
time to receive multicast complaint
819
adjust time to finish multicast
6321
time to wait after receiving all multicast complaints
5679
time to verify multicast complaint
4
time to broadcast complaint
1
time to broadcastReceive
20288
time to receive relayed complaints from blockchain
29996
# complaints received in broadcast
672
time to verify complaints from blockchain
73
time to compute pk, sk share and pk share
2
total time:
72080
total idle cost:
5679
protocol cost:
66401
total communication cost:
60955
total computation cost:
5442
generateKeys,2;deal,14;verifyMulticast,4;verifyBroadcast,73;agree,5349;
total data:
1834121
1671615
512
total send:
624621
566355
255
total receive:
1209500
1105260
257
