time to deal
12
time to dealSend
0
time to dealReceive
21377
time to agree
5321
time to send multicast complaint
139
# complaints received in multicast
5376
time to receive multicast complaint
812
adjust time to finish multicast
6272
time to wait after receiving all multicast complaints
5728
time to verify multicast complaint
4
# complaints send in broadcast
21
time to broadcast complaint
2
time to broadcastReceive
20175
time to receive relayed complaints from blockchain
29996
# complaints received in broadcast
672
time to verify complaints from blockchain
83
time to compute pk, sk share and pk share
1
total time:
72092
total idle cost:
5728
protocol cost:
66364
total communication cost:
60937
total computation cost:
5421
generateKeys,1;deal,12;verifyMulticast,4;verifyBroadcast,83;agree,5321;
total data:
1838026
1675275
513
total send:
628531
570020
256
total receive:
1209495
1105255
257
