time to deal
12
time to dealSend
0
time to dealReceive
21193
time to agree
5103
time to send multicast complaint
73
# complaints received in multicast
5376
time to receive multicast complaint
1047
adjust time to finish multicast
6223
time to wait after receiving all multicast complaints
5777
time to verify multicast complaint
5
time to broadcast complaint
1
time to broadcastReceive
20127
time to receive relayed complaints from blockchain
29996
# complaints received in broadcast
672
time to verify complaints from blockchain
69
time to compute pk, sk share and pk share
2
total time:
72076
total idle cost:
5777
protocol cost:
66299
total communication cost:
61105
total computation cost:
5191
generateKeys,2;deal,12;verifyMulticast,5;verifyBroadcast,69;agree,5103;
total data:
1836407
1673901
512
total send:
626916
568650
255
total receive:
1209491
1105251
257
