time to deal
12
time to dealSend
0
time to dealReceive
21085
time to agree
5269
time to send multicast complaint
101
# complaints received in multicast
5376
time to receive multicast complaint
864
adjust time to finish multicast
6234
time to wait after receiving all multicast complaints
5766
time to verify multicast complaint
5
time to broadcast complaint
1
time to broadcastReceive
20112
time to receive relayed complaints from blockchain
29995
# complaints received in broadcast
672
time to verify complaints from blockchain
70
time to compute pk, sk share and pk share
1
total time:
72079
total idle cost:
5766
protocol cost:
66313
total communication cost:
60950
total computation cost:
5357
generateKeys,1;deal,12;verifyMulticast,5;verifyBroadcast,70;agree,5269;
total data:
1836153
1673647
512
total send:
626661
568395
255
total receive:
1209492
1105252
257
