time to deal
13
time to dealSend
0
time to dealReceive
21449
time to agree
5466
time to send multicast complaint
95
# complaints received in multicast
5376
time to receive multicast complaint
659
adjust time to finish multicast
6220
time to wait after receiving all multicast complaints
5780
time to verify multicast complaint
5
time to broadcast complaint
1
time to broadcastReceive
20144
time to receive relayed complaints from blockchain
29995
# complaints received in broadcast
672
time to verify complaints from blockchain
91
time to compute pk, sk share and pk share
2
total time:
72098
total idle cost:
5780
protocol cost:
66318
total communication cost:
60737
total computation cost:
5577
generateKeys,2;deal,13;verifyMulticast,5;verifyBroadcast,91;agree,5466;
total data:
1835137
1672631
512
total send:
625641
567375
255
total receive:
1209496
1105256
257
