time to deal
16
time to dealSend
0
time to dealReceive
20573
time to agree
1502
time to send multicast complaint
0
# complaints received in multicast
0
time to receive multicast complaint
10058
adjust time to finish multicast
11560
time to wait after receiving all multicast complaints
440
time to verify multicast complaint
0
time to broadcast complaint
1
time to broadcastReceive
20112
time to receive relayed complaints from blockchain
30000
# complaints received in broadcast
0
time to verify complaints from blockchain
0
time to compute pk, sk share and pk share
1
total time:
72004
total idle cost:
440
protocol cost:
71564
total communication cost:
70043
total computation cost:
1519
generateKeys,1;deal,16;verifyMulticast,0;verifyBroadcast,0;agree,1502;
total data:
166521
156755
2
total send:
0
0
0
total receive:
166521
156755
2
