time to deal
192
time to dealSend
3
time to dealReceive
20452
time to agree
1415
time to send multicast complaint
0
# complaints received in multicast
0
time to receive multicast complaint
10054
adjust time to finish multicast
11469
time to wait after receiving all multicast complaints
531
time to verify multicast complaint
0
time to broadcast complaint
1
time to broadcastReceive
20109
time to receive relayed complaints from blockchain
30000
# complaints received in broadcast
0
time to verify complaints from blockchain
0
time to compute pk, sk share and pk share
2
total time:
72006
total idle cost:
531
protocol cost:
71475
total communication cost:
69863
total computation cost:
1609
generateKeys,2;deal,192;verifyMulticast,0;verifyBroadcast,0;agree,1415;
total data:
171294
161234
3
total send:
4773
4479
1
total receive:
166521
156755
2
