time to deal
207
time to dealSend
4
time to dealReceive
20476
time to agree
1476
time to send multicast complaint
0
# complaints received in multicast
0
time to receive multicast complaint
10034
adjust time to finish multicast
11510
time to wait after receiving all multicast complaints
490
time to verify multicast complaint
0
time to broadcast complaint
1
time to broadcastReceive
20112
time to receive relayed complaints from blockchain
30001
# complaints received in broadcast
0
time to verify complaints from blockchain
0
time to compute pk, sk share and pk share
2
total time:
72007
total idle cost:
490
protocol cost:
71517
total communication cost:
69829
total computation cost:
1685
generateKeys,2;deal,207;verifyMulticast,0;verifyBroadcast,0;agree,1476;
total data:
171296
161236
3
total send:
4775
4481
1
total receive:
166521
156755
2
