time to deal
23
time to dealSend
0
time to dealReceive
20982
time to agree
2772
time to send multicast complaint
44
# complaints received in multicast
2176
time to receive multicast complaint
488
adjust time to finish multicast
3304
time to wait after receiving all multicast complaints
8696
time to verify multicast complaint
2
time to broadcast complaint
1
time to broadcastReceive
20390
time to receive relayed complaints from blockchain
29999
# complaints received in broadcast
867
time to verify complaints from blockchain
97
time to compute pk, sk share and pk share
1
total time:
72105
total idle cost:
8696
protocol cost:
63409
total communication cost:
60509
total computation cost:
2895
generateKeys,1;deal,23;verifyMulticast,2;verifyBroadcast,97;agree,2772;
total data:
868067
792103
256
total send:
252347
228473
127
total receive:
615720
563630
129
