time to deal
19
time to dealSend
0
time to dealReceive
21025
time to agree
2934
time to send multicast complaint
106
# complaints received in multicast
2176
time to receive multicast complaint
396
adjust time to finish multicast
3436
time to wait after receiving all multicast complaints
8564
time to verify multicast complaint
2
# complaints send in broadcast
17
time to broadcast complaint
3
time to broadcastReceive
20396
time to receive relayed complaints from blockchain
29999
# complaints received in broadcast
867
time to verify complaints from blockchain
130
time to compute pk, sk share and pk share
2
total time:
72140
total idle cost:
8564
protocol cost:
63576
total communication cost:
60485
total computation cost:
3087
generateKeys,2;deal,19;verifyMulticast,2;verifyBroadcast,130;agree,2934;
total data:
870489
794320
257
total send:
254771
230692
128
total receive:
615718
563628
129
