time to deal
15
time to dealSend
0
time to dealReceive
21072
time to agree
2739
time to send multicast complaint
102
# complaints received in multicast
2176
time to receive multicast complaint
514
adjust time to finish multicast
3355
time to wait after receiving all multicast complaints
8645
time to verify multicast complaint
2
# complaints send in broadcast
17
time to broadcast complaint
2
time to broadcastReceive
20437
time to receive relayed complaints from blockchain
29998
# complaints received in broadcast
867
time to verify complaints from blockchain
89
time to compute pk, sk share and pk share
1
total time:
72097
total idle cost:
8645
protocol cost:
63452
total communication cost:
60601
total computation cost:
2846
generateKeys,1;deal,15;verifyMulticast,2;verifyBroadcast,89;agree,2739;
total data:
869727
793558
257
total send:
254003
229924
128
total receive:
615724
563634
129
