time to deal
17
time to dealSend
0
time to dealReceive
21051
time to agree
2563
time to send multicast complaint
58
# complaints received in multicast
2176
time to receive multicast complaint
717
adjust time to finish multicast
3338
time to wait after receiving all multicast complaints
8662
time to verify multicast complaint
2
time to broadcast complaint
1
time to broadcastReceive
20520
time to receive relayed complaints from blockchain
29998
# complaints received in broadcast
867
time to verify complaints from blockchain
110
time to compute pk, sk share and pk share
1
total time:
72118
total idle cost:
8662
protocol cost:
63456
total communication cost:
60758
total computation cost:
2693
generateKeys,1;deal,17;verifyMulticast,2;verifyBroadcast,110;agree,2563;
total data:
868697
792733
256
total send:
252982
229108
127
total receive:
615715
563625
129
