time to deal
19
time to dealSend
0
time to dealReceive
21202
time to agree
2884
time to send multicast complaint
70
# complaints received in multicast
2176
time to receive multicast complaint
400
adjust time to finish multicast
3354
time to wait after receiving all multicast complaints
8646
time to verify multicast complaint
2
time to broadcast complaint
1
time to broadcastReceive
20313
time to receive relayed complaints from blockchain
29998
# complaints received in broadcast
867
time to verify complaints from blockchain
140
time to compute pk, sk share and pk share
3
total time:
72150
total idle cost:
8646
protocol cost:
63504
total communication cost:
60451
total computation cost:
3048
generateKeys,3;deal,19;verifyMulticast,2;verifyBroadcast,140;agree,2884;
total data:
868193
792229
256
total send:
252474
228600
127
total receive:
615719
563629
129
