time to deal
16
time to dealSend
0
time to dealReceive
21026
time to agree
2610
time to send multicast complaint
42
# complaints received in multicast
2176
time to receive multicast complaint
700
adjust time to finish multicast
3352
time to wait after receiving all multicast complaints
8648
time to verify multicast complaint
2
# complaints send in broadcast
17
time to broadcast complaint
2
time to broadcastReceive
20411
time to receive relayed complaints from blockchain
29998
# complaints received in broadcast
867
time to verify complaints from blockchain
106
time to compute pk, sk share and pk share
1
total time:
72114
total idle cost:
8648
protocol cost:
63466
total communication cost:
60727
total computation cost:
2735
generateKeys,1;deal,16;verifyMulticast,2;verifyBroadcast,106;agree,2610;
total data:
870615
794446
257
total send:
254898
230819
128
total receive:
615717
563627
129
