time to deal
298
time to dealSend
4
time to dealReceive
20856
time to agree
2502
time to send multicast complaint
39
# complaints received in multicast
2176
time to receive multicast complaint
744
adjust time to finish multicast
3285
time to wait after receiving all multicast complaints
8715
time to verify multicast complaint
2
time to broadcast complaint
1
time to broadcastReceive
20363
time to receive relayed complaints from blockchain
29998
# complaints received in broadcast
867
time to verify complaints from blockchain
93
time to compute pk, sk share and pk share
2
total time:
72101
total idle cost:
8715
protocol cost:
63386
total communication cost:
60485
total computation cost:
2897
generateKeys,2;deal,298;verifyMulticast,2;verifyBroadcast,93;agree,2502;
total data:
873512
796997
257
total send:
257794
233369
128
total receive:
615718
563628
129
