time to deal
15
time to dealSend
0
time to dealReceive
20760
time to agree
2785
time to send multicast complaint
92
# complaints received in multicast
2176
time to receive multicast complaint
437
adjust time to finish multicast
3314
time to wait after receiving all multicast complaints
8686
time to verify multicast complaint
2
time to broadcast complaint
1
time to broadcastReceive
20306
time to receive relayed complaints from blockchain
29998
# complaints received in broadcast
867
time to verify complaints from blockchain
105
time to compute pk, sk share and pk share
1
total time:
72114
total idle cost:
8686
protocol cost:
63428
total communication cost:
60513
total computation cost:
2908
generateKeys,1;deal,15;verifyMulticast,2;verifyBroadcast,105;agree,2785;
total data:
868823
792859
256
total send:
253109
229235
127
total receive:
615714
563624
129
