time to deal
276
time to dealSend
4
time to dealReceive
20704
time to agree
2543
time to send multicast complaint
73
# complaints received in multicast
2176
time to receive multicast complaint
688
adjust time to finish multicast
3304
time to wait after receiving all multicast complaints
8696
time to verify multicast complaint
2
# complaints send in broadcast
17
time to broadcast complaint
2
time to broadcastReceive
20374
time to receive relayed complaints from blockchain
29998
# complaints received in broadcast
867
time to verify complaints from blockchain
90
time to compute pk, sk share and pk share
1
total time:
72096
total idle cost:
8696
protocol cost:
63400
total communication cost:
60485
total computation cost:
2912
generateKeys,1;deal,276;verifyMulticast,2;verifyBroadcast,90;agree,2543;
total data:
875935
799215
258
total send:
260219
235589
129
total receive:
615716
563626
129
