time to deal
22
time to dealSend
0
time to dealReceive
21057
time to agree
2711
time to send multicast complaint
89
# complaints received in multicast
2176
time to receive multicast complaint
548
adjust time to finish multicast
3348
time to wait after receiving all multicast complaints
8652
time to verify multicast complaint
2
time to broadcast complaint
1
time to broadcastReceive
20431
time to receive relayed complaints from blockchain
29999
# complaints received in broadcast
867
time to verify complaints from blockchain
80
time to compute pk, sk share and pk share
1
total time:
72088
total idle cost:
8652
protocol cost:
63436
total communication cost:
60615
total computation cost:
2816
generateKeys,1;deal,22;verifyMulticast,2;verifyBroadcast,80;agree,2711;
total data:
868445
792481
256
total send:
252728
228854
127
total receive:
615717
563627
129
