time to deal
14
time to dealSend
0
time to dealReceive
21039
time to agree
2751
time to send multicast complaint
36
# complaints received in multicast
2176
time to receive multicast complaint
550
adjust time to finish multicast
3337
time to wait after receiving all multicast complaints
8663
time to verify multicast complaint
2
time to broadcast complaint
1
time to broadcastReceive
20511
time to receive relayed complaints from blockchain
29998
# complaints received in broadcast
867
time to verify complaints from blockchain
87
time to compute pk, sk share and pk share
1
total time:
72094
total idle cost:
8663
protocol cost:
63431
total communication cost:
60571
total computation cost:
2855
generateKeys,1;deal,14;verifyMulticast,2;verifyBroadcast,87;agree,2751;
total data:
868445
792481
256
total send:
252728
228854
127
total receive:
615717
563627
129
