time to deal
251
time to dealSend
2
time to dealReceive
20540
time to agree
2782
time to send multicast complaint
90
# complaints received in multicast
2176
time to receive multicast complaint
484
adjust time to finish multicast
3356
time to wait after receiving all multicast complaints
8644
time to verify multicast complaint
2
# complaints send in broadcast
17
time to broadcast complaint
2
time to broadcastReceive
20311
time to receive relayed complaints from blockchain
29998
# complaints received in broadcast
867
time to verify complaints from blockchain
98
time to compute pk, sk share and pk share
1
total time:
72105
total idle cost:
8644
protocol cost:
63461
total communication cost:
60323
total computation cost:
3134
generateKeys,1;deal,251;verifyMulticast,2;verifyBroadcast,98;agree,2782;
total data:
875554
798834
258
total send:
259835
235205
129
total receive:
615719
563629
129
