time to deal
16
time to dealSend
0
time to dealReceive
20823
time to agree
2770
time to send multicast complaint
80
# complaints received in multicast
2176
time to receive multicast complaint
477
adjust time to finish multicast
3327
time to wait after receiving all multicast complaints
8673
time to verify multicast complaint
2
time to broadcast complaint
1
time to broadcastReceive
20420
time to receive relayed complaints from blockchain
29998
# complaints received in broadcast
867
time to verify complaints from blockchain
104
time to compute pk, sk share and pk share
2
total time:
72112
total idle cost:
8673
protocol cost:
63439
total communication cost:
60540
total computation cost:
2894
generateKeys,2;deal,16;verifyMulticast,2;verifyBroadcast,104;agree,2770;
total data:
868697
792733
256
total send:
252982
229108
127
total receive:
615715
563625
129
