time to deal
24
time to dealSend
0
time to dealReceive
20880
time to agree
2917
time to send multicast complaint
55
# complaints received in multicast
2176
time to receive multicast complaint
394
adjust time to finish multicast
3366
time to wait after receiving all multicast complaints
8634
time to verify multicast complaint
2
time to broadcast complaint
1
time to broadcastReceive
20338
time to receive relayed complaints from blockchain
29998
# complaints received in broadcast
867
time to verify complaints from blockchain
99
time to compute pk, sk share and pk share
1
total time:
72106
total idle cost:
8634
protocol cost:
63472
total communication cost:
60425
total computation cost:
3043
generateKeys,1;deal,24;verifyMulticast,2;verifyBroadcast,99;agree,2917;
total data:
868067
792103
256
total send:
252347
228473
127
total receive:
615720
563630
129
