time to deal
20
time to dealSend
0
time to dealReceive
21151
time to agree
2733
time to send multicast complaint
95
# complaints received in multicast
2176
time to receive multicast complaint
472
adjust time to finish multicast
3300
time to wait after receiving all multicast complaints
8700
time to verify multicast complaint
2
# complaints send in broadcast
17
time to broadcast complaint
5
time to broadcastReceive
20317
time to receive relayed complaints from blockchain
29998
# complaints received in broadcast
867
time to verify complaints from blockchain
110
time to compute pk, sk share and pk share
2
total time:
72118
total idle cost:
8700
protocol cost:
63418
total communication cost:
60550
total computation cost:
2867
generateKeys,2;deal,20;verifyMulticast,2;verifyBroadcast,110;agree,2733;
total data:
870234
794065
257
total send:
254514
230435
128
total receive:
615720
563630
129
