blockchain took # ms to receive the first packet dealBlockchainRelay
181
time to capture dealBlockchain
20017
time to send dealBlockchain
28
time to relay in blockchain
20045
time to sync with multicast + agree
blockchain took # ms to receive the first packet broadcastBlockchainRelay
106
time to capture broadcastBlockchainRelay
20005
time to send broadcastBlockchainRelay
15
time to relay broadcast complaints from blockchain
20021
total time:
72001
total data:
407698
374816
55
total send:
383388
352768
32
total receive:
24310
22048
23
