time to deal
78
time to dealSend
2
time to dealReceive
20080
time to agree
309
time to send multicast complaint
15
# complaints received in multicast
96
time to receive multicast complaint
148
adjust time to finish multicast
472
time to wait after receiving all multicast complaints
11528
time to verify multicast complaint
0
# complaints send in broadcast
6
time to broadcast complaint
4
time to broadcastReceive
20109
time to receive relayed complaints from blockchain
30000
# complaints received in broadcast
60
time to verify complaints from blockchain
18
time to compute pk, sk share and pk share
2
total time:
72026
total idle cost:
11528
protocol cost:
60498
total communication cost:
60089
total computation cost:
407
generateKeys,2;deal,78;verifyMulticast,0;verifyBroadcast,18;agree,309;
total data:
47043
42597
34
total send:
12573
11209
17
total receive:
34470
31388
17
