time to deal
13
time to dealSend
0
time to dealReceive
21311
time to agree
7359
time to send multicast complaint
0
# complaints received in multicast
0
time to receive multicast complaint
10103
adjust time to finish multicast
17462
time to wait after receiving all multicast complaints
-5462
time to verify multicast complaint
0
# complaints send in broadcast
0
time to broadcast complaint
1
time to broadcastReceive
14638
time to receive relayed complaints from blockchain
30001
# complaints received in broadcast
0
time to verify complaints from blockchain
0
time to compute pk, sk share and pk share
2
total time:
77469
total idle cost:
0
protocol cost:
77469
total communication cost:
70092
total computation cost:
7374
generateKeys,2;deal,13;verifyMulticast,0;verifyBroadcast,0;agree,7359;
total data:
977615
921093
2
total send:
0
0
0
total receive:
977615
921093
2
