time to deal
14
time to dealSend
0
time to dealReceive
21833
time to agree
7416
time to send multicast complaint
0
# complaints received in multicast
0
time to receive multicast complaint
10074
adjust time to finish multicast
17490
time to wait after receiving all multicast complaints
-5490
time to verify multicast complaint
0
time to broadcast complaint
0
time to broadcastReceive
14627
time to receive relayed complaints from blockchain
30000
# complaints received in broadcast
0
time to verify complaints from blockchain
0
time to compute pk, sk share and pk share
1
total time:
77496
total idle cost:
0
protocol cost:
77496
total communication cost:
70060
total computation cost:
7431
generateKeys,1;deal,14;verifyMulticast,0;verifyBroadcast,0;agree,7416;
total data:
977615
921093
2
total send:
0
0
0
total receive:
977615
921093
2
