time to deal
13
time to dealSend
0
time to dealReceive
22164
time to agree
7191
time to send multicast complaint
0
# complaints received in multicast
0
time to receive multicast complaint
10078
adjust time to finish multicast
17269
time to wait after receiving all multicast complaints
-5269
time to verify multicast complaint
0
time to broadcast complaint
1
time to broadcastReceive
14860
time to receive relayed complaints from blockchain
30000
# complaints received in broadcast
0
time to verify complaints from blockchain
0
time to compute pk, sk share and pk share
1
total time:
77273
total idle cost:
0
protocol cost:
77273
total communication cost:
70066
total computation cost:
7205
generateKeys,1;deal,13;verifyMulticast,0;verifyBroadcast,0;agree,7191;
total data:
977617
921093
2
total send:
0
0
0
total receive:
977617
921093
2
