time to deal
14
time to dealSend
0
time to dealReceive
22185
time to agree
7375
time to send multicast complaint
0
# complaints received in multicast
0
time to receive multicast complaint
10076
adjust time to finish multicast
17451
time to wait after receiving all multicast complaints
-5451
time to verify multicast complaint
0
time to broadcast complaint
1
time to broadcastReceive
14676
time to receive relayed complaints from blockchain
30001
# complaints received in broadcast
0
time to verify complaints from blockchain
0
time to compute pk, sk share and pk share
2
total time:
77457
total idle cost:
0
protocol cost:
77457
total communication cost:
70064
total computation cost:
7391
generateKeys,2;deal,14;verifyMulticast,0;verifyBroadcast,0;agree,7375;
total data:
977615
921093
2
total send:
0
0
0
total receive:
977615
921093
2
