time to deal
14
time to dealSend
0
time to dealReceive
21482
time to agree
7347
time to send multicast complaint
0
# complaints received in multicast
0
time to receive multicast complaint
10569
adjust time to finish multicast
17916
time to wait after receiving all multicast complaints
-5916
time to verify multicast complaint
0
time to broadcast complaint
1
time to broadcastReceive
14190
time to receive relayed complaints from blockchain
30000
# complaints received in broadcast
0
time to verify complaints from blockchain
0
time to compute pk, sk share and pk share
2
total time:
77922
total idle cost:
0
protocol cost:
77922
total communication cost:
70556
total computation cost:
7363
generateKeys,2;deal,14;verifyMulticast,0;verifyBroadcast,0;agree,7347;
total data:
977617
921093
2
total send:
0
0
0
total receive:
977617
921093
2
