time to deal
12
time to dealSend
0
time to dealReceive
21563
time to agree
7099
time to send multicast complaint
0
# complaints received in multicast
0
time to receive multicast complaint
10074
adjust time to finish multicast
17173
time to wait after receiving all multicast complaints
-5173
time to verify multicast complaint
0
time to broadcast complaint
0
time to broadcastReceive
14936
time to receive relayed complaints from blockchain
30000
# complaints received in broadcast
0
time to verify complaints from blockchain
0
time to compute pk, sk share and pk share
1
total time:
77181
total idle cost:
0
protocol cost:
77181
total communication cost:
70063
total computation cost:
7112
generateKeys,1;deal,12;verifyMulticast,0;verifyBroadcast,0;agree,7099;
total data:
977617
921093
2
total send:
0
0
0
total receive:
977617
921093
2
