time to deal
26
time to dealSend
0
time to dealReceive
21574
time to agree
7329
time to send multicast complaint
0
# complaints received in multicast
0
time to receive multicast complaint
10076
adjust time to finish multicast
17405
time to wait after receiving all multicast complaints
-5405
time to verify multicast complaint
0
time to broadcast complaint
0
time to broadcastReceive
14709
time to receive relayed complaints from blockchain
30000
# complaints received in broadcast
0
time to verify complaints from blockchain
0
time to compute pk, sk share and pk share
2
total time:
77412
total idle cost:
0
protocol cost:
77412
total communication cost:
70050
total computation cost:
7357
generateKeys,2;deal,26;verifyMulticast,0;verifyBroadcast,0;agree,7329;
total data:
977617
921093
2
total send:
0
0
0
total receive:
977617
921093
2
