time to deal
24
time to dealSend
0
time to dealReceive
23726
time to agree
7402
time to send multicast complaint
0
# complaints received in multicast
0
time to receive multicast complaint
10078
adjust time to finish multicast
17480
time to wait after receiving all multicast complaints
-5480
time to verify multicast complaint
0
time to broadcast complaint
0
time to broadcastReceive
14631
time to receive relayed complaints from blockchain
30000
# complaints received in broadcast
0
time to verify complaints from blockchain
0
time to compute pk, sk share and pk share
1
total time:
77485
total idle cost:
0
protocol cost:
77485
total communication cost:
70054
total computation cost:
7427
generateKeys,1;deal,24;verifyMulticast,0;verifyBroadcast,0;agree,7402;
total data:
977617
921093
2
total send:
0
0
0
total receive:
977617
921093
2
