time to deal
14
time to dealSend
0
time to dealReceive
22177
time to agree
7451
time to send multicast complaint
0
# complaints received in multicast
0
time to receive multicast complaint
10078
adjust time to finish multicast
17529
time to wait after receiving all multicast complaints
-5529
time to verify multicast complaint
0
time to broadcast complaint
0
time to broadcastReceive
14598
time to receive relayed complaints from blockchain
30001
# complaints received in broadcast
0
time to verify complaints from blockchain
0
time to compute pk, sk share and pk share
1
total time:
77537
total idle cost:
0
protocol cost:
77537
total communication cost:
70065
total computation cost:
7466
generateKeys,1;deal,14;verifyMulticast,0;verifyBroadcast,0;agree,7451;
total data:
977617
921093
2
total send:
0
0
0
total receive:
977617
921093
2
