time to deal
388
time to dealSend
4
time to dealReceive
23095
time to agree
7240
time to send multicast complaint
0
# complaints received in multicast
0
time to receive multicast complaint
10082
adjust time to finish multicast
17322
time to wait after receiving all multicast complaints
-5322
time to verify multicast complaint
0
time to broadcast complaint
0
time to broadcastReceive
14820
time to receive relayed complaints from blockchain
30000
# complaints received in broadcast
0
time to verify complaints from blockchain
0
time to compute pk, sk share and pk share
2
total time:
77330
total idle cost:
0
protocol cost:
77330
total communication cost:
69695
total computation cost:
7630
generateKeys,2;deal,388;verifyMulticast,0;verifyBroadcast,0;agree,7240;
total data:
995741
938152
3
total send:
18124
17059
1
total receive:
977617
921093
2
