time to deal
15
time to dealSend
0
time to dealReceive
22310
time to agree
7129
time to send multicast complaint
0
# complaints received in multicast
0
time to receive multicast complaint
10075
adjust time to finish multicast
17204
time to wait after receiving all multicast complaints
-5204
time to verify multicast complaint
0
time to broadcast complaint
0
time to broadcastReceive
14953
time to receive relayed complaints from blockchain
30000
# complaints received in broadcast
0
time to verify complaints from blockchain
0
time to compute pk, sk share and pk share
1
total time:
77210
total idle cost:
0
protocol cost:
77210
total communication cost:
70060
total computation cost:
7145
generateKeys,1;deal,15;verifyMulticast,0;verifyBroadcast,0;agree,7129;
total data:
977617
921093
2
total send:
0
0
0
total receive:
977617
921093
2
