time to deal
391
time to dealSend
2
time to dealReceive
21421
time to agree
7147
time to send multicast complaint
0
# complaints received in multicast
0
time to receive multicast complaint
10074
adjust time to finish multicast
17221
time to wait after receiving all multicast complaints
-5221
time to verify multicast complaint
0
time to broadcast complaint
0
time to broadcastReceive
14894
time to receive relayed complaints from blockchain
30000
# complaints received in broadcast
0
time to verify complaints from blockchain
0
time to compute pk, sk share and pk share
2
total time:
77228
total idle cost:
0
protocol cost:
77228
total communication cost:
69683
total computation cost:
7540
generateKeys,2;deal,391;verifyMulticast,0;verifyBroadcast,0;agree,7147;
total data:
995751
938162
3
total send:
18134
17069
1
total receive:
977617
921093
2
