time to deal
18
time to dealSend
0
time to dealReceive
24091
time to agree
7254
time to send multicast complaint
0
# complaints received in multicast
0
time to receive multicast complaint
10075
adjust time to finish multicast
17329
time to wait after receiving all multicast complaints
-5329
time to verify multicast complaint
0
time to broadcast complaint
1
time to broadcastReceive
14807
time to receive relayed complaints from blockchain
30000
# complaints received in broadcast
0
time to verify complaints from blockchain
0
time to compute pk, sk share and pk share
1
total time:
77335
total idle cost:
0
protocol cost:
77335
total communication cost:
70058
total computation cost:
7273
generateKeys,1;deal,18;verifyMulticast,0;verifyBroadcast,0;agree,7254;
total data:
977617
921093
2
total send:
0
0
0
total receive:
977617
921093
2
