time to deal
22
time to dealSend
0
time to dealReceive
23534
time to agree
7466
time to send multicast complaint
0
# complaints received in multicast
0
time to receive multicast complaint
10089
adjust time to finish multicast
17555
time to wait after receiving all multicast complaints
-5555
time to verify multicast complaint
0
time to broadcast complaint
0
time to broadcastReceive
14602
time to receive relayed complaints from blockchain
30000
# complaints received in broadcast
0
time to verify complaints from blockchain
0
time to compute pk, sk share and pk share
2
total time:
77561
total idle cost:
0
protocol cost:
77561
total communication cost:
70067
total computation cost:
7490
generateKeys,2;deal,22;verifyMulticast,0;verifyBroadcast,0;agree,7466;
total data:
977617
921093
2
total send:
0
0
0
total receive:
977617
921093
2
