time to deal
434
time to dealSend
11
time to dealReceive
23717
time to agree
7741
time to send multicast complaint
0
# complaints received in multicast
0
time to receive multicast complaint
10082
adjust time to finish multicast
17823
time to wait after receiving all multicast complaints
-5823
time to verify multicast complaint
0
time to broadcast complaint
0
time to broadcastReceive
14333
time to receive relayed complaints from blockchain
30000
# complaints received in broadcast
0
time to verify complaints from blockchain
0
time to compute pk, sk share and pk share
2
total time:
77829
total idle cost:
0
protocol cost:
77829
total communication cost:
69648
total computation cost:
8177
generateKeys,2;deal,434;verifyMulticast,0;verifyBroadcast,0;agree,7741;
total data:
995737
938151
3
total send:
18122
17058
1
total receive:
977615
921093
2
