time to deal
13
time to dealSend
0
time to dealReceive
21764
time to agree
7141
time to send multicast complaint
0
# complaints received in multicast
0
time to receive multicast complaint
10099
adjust time to finish multicast
17240
time to wait after receiving all multicast complaints
-5240
time to verify multicast complaint
0
time to broadcast complaint
1
time to broadcastReceive
14887
time to receive relayed complaints from blockchain
30000
# complaints received in broadcast
0
time to verify complaints from blockchain
0
time to compute pk, sk share and pk share
1
total time:
77245
total idle cost:
0
protocol cost:
77245
total communication cost:
70087
total computation cost:
7155
generateKeys,1;deal,13;verifyMulticast,0;verifyBroadcast,0;agree,7141;
total data:
977615
921093
2
total send:
0
0
0
total receive:
977615
921093
2
