time to deal
18
time to dealSend
0
time to dealReceive
22927
time to agree
7094
time to send multicast complaint
0
# complaints received in multicast
0
time to receive multicast complaint
10073
adjust time to finish multicast
17167
time to wait after receiving all multicast complaints
-5167
time to verify multicast complaint
0
time to broadcast complaint
0
time to broadcastReceive
14973
time to receive relayed complaints from blockchain
30000
# complaints received in broadcast
0
time to verify complaints from blockchain
0
time to compute pk, sk share and pk share
2
total time:
77174
total idle cost:
0
protocol cost:
77174
total communication cost:
70056
total computation cost:
7114
generateKeys,2;deal,18;verifyMulticast,0;verifyBroadcast,0;agree,7094;
total data:
977615
921093
2
total send:
0
0
0
total receive:
977615
921093
2
