time to deal
19
time to dealSend
0
time to dealReceive
23903
time to agree
7093
time to send multicast complaint
0
# complaints received in multicast
0
time to receive multicast complaint
10074
adjust time to finish multicast
17167
time to wait after receiving all multicast complaints
-5167
time to verify multicast complaint
0
time to broadcast complaint
31
time to broadcastReceive
14940
time to receive relayed complaints from blockchain
30001
# complaints received in broadcast
0
time to verify complaints from blockchain
0
time to compute pk, sk share and pk share
2
total time:
77175
total idle cost:
0
protocol cost:
77175
total communication cost:
70087
total computation cost:
7114
generateKeys,2;deal,19;verifyMulticast,0;verifyBroadcast,0;agree,7093;
total data:
977615
921093
2
total send:
0
0
0
total receive:
977615
921093
2
