time to deal
15
time to dealSend
0
time to dealReceive
23572
time to agree
7589
time to send multicast complaint
0
# complaints received in multicast
0
time to receive multicast complaint
10085
adjust time to finish multicast
17674
time to wait after receiving all multicast complaints
-5674
time to verify multicast complaint
0
time to broadcast complaint
0
time to broadcastReceive
14484
time to receive relayed complaints from blockchain
30001
# complaints received in broadcast
0
time to verify complaints from blockchain
0
time to compute pk, sk share and pk share
2
total time:
77682
total idle cost:
0
protocol cost:
77682
total communication cost:
70071
total computation cost:
7606
generateKeys,2;deal,15;verifyMulticast,0;verifyBroadcast,0;agree,7589;
total data:
977615
921093
2
total send:
0
0
0
total receive:
977615
921093
2
