time to deal
15
time to dealSend
0
time to dealReceive
21553
time to agree
7435
time to send multicast complaint
0
# complaints received in multicast
0
time to receive multicast complaint
10079
adjust time to finish multicast
17514
time to wait after receiving all multicast complaints
-5514
time to verify multicast complaint
0
time to broadcast complaint
1
time to broadcastReceive
14596
time to receive relayed complaints from blockchain
30000
# complaints received in broadcast
0
time to verify complaints from blockchain
0
time to compute pk, sk share and pk share
2
total time:
77520
total idle cost:
0
protocol cost:
77520
total communication cost:
70065
total computation cost:
7452
generateKeys,2;deal,15;verifyMulticast,0;verifyBroadcast,0;agree,7435;
total data:
977615
921093
2
total send:
0
0
0
total receive:
977615
921093
2
