time to deal
18
time to dealSend
0
time to dealReceive
22281
time to agree
7199
time to send multicast complaint
0
# complaints received in multicast
0
time to receive multicast complaint
10084
adjust time to finish multicast
17283
time to wait after receiving all multicast complaints
-5283
time to verify multicast complaint
0
time to broadcast complaint
0
time to broadcastReceive
14852
time to receive relayed complaints from blockchain
30001
# complaints received in broadcast
0
time to verify complaints from blockchain
0
time to compute pk, sk share and pk share
1
total time:
77290
total idle cost:
0
protocol cost:
77290
total communication cost:
70067
total computation cost:
7218
generateKeys,1;deal,18;verifyMulticast,0;verifyBroadcast,0;agree,7199;
total data:
977615
921093
2
total send:
0
0
0
total receive:
977615
921093
2
