time to deal
27
time to dealSend
0
time to dealReceive
21647
time to agree
7390
time to send multicast complaint
0
# complaints received in multicast
0
time to receive multicast complaint
10073
adjust time to finish multicast
17463
time to wait after receiving all multicast complaints
-5463
time to verify multicast complaint
0
time to broadcast complaint
0
time to broadcastReceive
14657
time to receive relayed complaints from blockchain
30001
# complaints received in broadcast
0
time to verify complaints from blockchain
0
time to compute pk, sk share and pk share
1
total time:
77469
total idle cost:
0
protocol cost:
77469
total communication cost:
70047
total computation cost:
7418
generateKeys,1;deal,27;verifyMulticast,0;verifyBroadcast,0;agree,7390;
total data:
977615
921093
2
total send:
0
0
0
total receive:
977615
921093
2
