time to deal
18
time to dealSend
0
time to dealReceive
20326
time to agree
1496
time to send multicast complaint
66
# complaints received in multicast
960
time to receive multicast complaint
330
adjust time to finish multicast
1892
time to wait after receiving all multicast complaints
10108
time to verify multicast complaint
1
time to broadcast complaint
1
time to broadcastReceive
20306
time to receive relayed complaints from blockchain
30000
# complaints received in broadcast
525
time to verify complaints from blockchain
87
time to compute pk, sk share and pk share
2
total time:
72096
total idle cost:
10108
protocol cost:
61988
total communication cost:
60379
total computation cost:
1604
generateKeys,2;deal,18;verifyMulticast,1;verifyBroadcast,87;agree,1496;
total data:
405050
369420
128
total send:
110815
100233
63
total receive:
294235
269187
65
