time to deal
183
time to dealSend
3
time to dealReceive
20516
time to agree
1256
time to send multicast complaint
65
# complaints received in multicast
960
time to receive multicast complaint
492
adjust time to finish multicast
1813
time to wait after receiving all multicast complaints
10187
time to verify multicast complaint
1
# complaints send in broadcast
15
time to broadcast complaint
3
time to broadcastReceive
20376
time to receive relayed complaints from blockchain
29999
# complaints received in broadcast
525
time to verify complaints from blockchain
77
time to compute pk, sk share and pk share
2
total time:
72084
total idle cost:
10187
protocol cost:
61897
total communication cost:
60377
total computation cost:
1519
generateKeys,2;deal,183;verifyMulticast,1;verifyBroadcast,77;agree,1256;
total data:
409622
373514
130
total send:
115385
104325
65
total receive:
294237
269189
65
