time to deal
245
time to dealSend
3
time to dealReceive
20405
time to agree
1267
time to send multicast complaint
51
# complaints received in multicast
960
time to receive multicast complaint
489
adjust time to finish multicast
1807
time to wait after receiving all multicast complaints
10193
time to verify multicast complaint
1
# complaints send in broadcast
15
time to broadcast complaint
3
time to broadcastReceive
20346
time to receive relayed complaints from blockchain
29999
# complaints received in broadcast
525
time to verify complaints from blockchain
95
time to compute pk, sk share and pk share
3
total time:
72104
total idle cost:
10193
protocol cost:
61911
total communication cost:
60297
total computation cost:
1611
generateKeys,3;deal,245;verifyMulticast,1;verifyBroadcast,95;agree,1267;
total data:
409688
373580
130
total send:
115452
104392
65
total receive:
294236
269188
65
