time to deal
19
time to dealSend
0
time to dealReceive
20428
time to agree
1556
time to send multicast complaint
83
# complaints received in multicast
960
time to receive multicast complaint
276
adjust time to finish multicast
1915
time to wait after receiving all multicast complaints
10085
time to verify multicast complaint
1
# complaints send in broadcast
15
time to broadcast complaint
5
time to broadcastReceive
20339
time to receive relayed complaints from blockchain
29999
# complaints received in broadcast
525
time to verify complaints from blockchain
66
time to compute pk, sk share and pk share
3
total time:
72076
total idle cost:
10085
protocol cost:
61991
total communication cost:
60344
total computation cost:
1645
generateKeys,3;deal,19;verifyMulticast,1;verifyBroadcast,66;agree,1556;
total data:
406926
371112
129
total send:
112690
101924
64
total receive:
294236
269188
65
