time to deal
157
time to dealSend
1
time to dealReceive
20393
time to agree
1234
time to send multicast complaint
61
# complaints received in multicast
960
time to receive multicast complaint
495
adjust time to finish multicast
1790
time to wait after receiving all multicast complaints
10210
time to verify multicast complaint
1
# complaints send in broadcast
15
time to broadcast complaint
3
time to broadcastReceive
20315
time to receive relayed complaints from blockchain
30000
# complaints received in broadcast
525
time to verify complaints from blockchain
69
time to compute pk, sk share and pk share
1
total time:
72081
total idle cost:
10210
protocol cost:
61871
total communication cost:
60402
total computation cost:
1462
generateKeys,1;deal,157;verifyMulticast,1;verifyBroadcast,69;agree,1234;
total data:
409685
373577
130
total send:
115449
104389
65
total receive:
294236
269188
65
