time to deal
175
time to dealSend
1
time to dealReceive
20242
time to agree
1288
time to send multicast complaint
37
# complaints received in multicast
960
time to receive multicast complaint
468
adjust time to finish multicast
1793
time to wait after receiving all multicast complaints
10207
time to verify multicast complaint
1
# complaints send in broadcast
15
time to broadcast complaint
4
time to broadcastReceive
20329
time to receive relayed complaints from blockchain
29999
# complaints received in broadcast
525
time to verify complaints from blockchain
89
time to compute pk, sk share and pk share
3
total time:
72099
total idle cost:
10207
protocol cost:
61892
total communication cost:
60334
total computation cost:
1556
generateKeys,3;deal,175;verifyMulticast,1;verifyBroadcast,89;agree,1288;
total data:
411634
375526
130
total send:
117397
106337
65
total receive:
294237
269189
65
