time to deal
15
time to dealSend
0
time to dealReceive
20975
time to agree
2645
time to send multicast complaint
36
# complaints received in multicast
2432
time to receive multicast complaint
731
adjust time to finish multicast
3412
time to wait after receiving all multicast complaints
8588
time to verify multicast complaint
2
# complaints send in broadcast
19
time to broadcast complaint
2
time to broadcastReceive
20149
time to receive relayed complaints from blockchain
29998
# complaints received in broadcast
684
time to verify complaints from blockchain
76
time to compute pk, sk share and pk share
1
total time:
72083
total idle cost:
8588
protocol cost:
63495
total communication cost:
60752
total computation cost:
2739
generateKeys,1;deal,15;verifyMulticast,2;verifyBroadcast,76;agree,2645;
total data:
907017
827284
257
total send:
284723
258084
128
total receive:
622294
569200
129
