time to deal
14
time to dealSend
0
time to dealReceive
21048
time to agree
2830
time to send multicast complaint
68
# complaints received in multicast
2432
time to receive multicast complaint
547
adjust time to finish multicast
3445
time to wait after receiving all multicast complaints
8555
time to verify multicast complaint
2
# complaints send in broadcast
19
time to broadcast complaint
3
time to broadcastReceive
20177
time to receive relayed complaints from blockchain
29998
# complaints received in broadcast
684
time to verify complaints from blockchain
84
time to compute pk, sk share and pk share
1
total time:
72091
total idle cost:
8555
protocol cost:
63536
total communication cost:
60602
total computation cost:
2931
generateKeys,1;deal,14;verifyMulticast,2;verifyBroadcast,84;agree,2830;
total data:
907398
827665
257
total send:
285107
258468
128
total receive:
622291
569197
129
