time to deal
19
time to dealSend
0
time to dealReceive
20849
time to agree
2995
time to send multicast complaint
102
# complaints received in multicast
2432
time to receive multicast complaint
394
adjust time to finish multicast
3491
time to wait after receiving all multicast complaints
8509
time to verify multicast complaint
2
time to broadcast complaint
1
time to broadcastReceive
20112
time to receive relayed complaints from blockchain
29998
# complaints received in broadcast
684
time to verify complaints from blockchain
73
time to compute pk, sk share and pk share
2
total time:
72083
total idle cost:
8509
protocol cost:
63574
total communication cost:
60476
total computation cost:
3091
generateKeys,2;deal,19;verifyMulticast,2;verifyBroadcast,73;agree,2995;
total data:
904613
825105
256
total send:
282319
255905
127
total receive:
622294
569200
129
