time to deal
15
time to dealSend
0
time to dealReceive
21389
time to agree
2890
time to send multicast complaint
49
# complaints received in multicast
2432
time to receive multicast complaint
508
adjust time to finish multicast
3447
time to wait after receiving all multicast complaints
8553
time to verify multicast complaint
2
time to broadcast complaint
1
time to broadcastReceive
20148
time to receive relayed complaints from blockchain
29998
# complaints received in broadcast
684
time to verify complaints from blockchain
59
time to compute pk, sk share and pk share
1
total time:
72067
total idle cost:
8553
protocol cost:
63514
total communication cost:
60541
total computation cost:
2967
generateKeys,1;deal,15;verifyMulticast,2;verifyBroadcast,59;agree,2890;
total data:
904487
824979
256
total send:
282192
255778
127
total receive:
622295
569201
129
