time to deal
15
time to dealSend
0
time to dealReceive
21412
time to agree
2957
time to send multicast complaint
39
# complaints received in multicast
2432
time to receive multicast complaint
582
adjust time to finish multicast
3578
time to wait after receiving all multicast complaints
8422
time to verify multicast complaint
2
time to broadcast complaint
1
time to broadcastReceive
20161
time to receive relayed complaints from blockchain
29999
# complaints received in broadcast
684
time to verify complaints from blockchain
58
time to compute pk, sk share and pk share
1
total time:
72065
total idle cost:
8422
protocol cost:
63643
total communication cost:
60606
total computation cost:
3033
generateKeys,1;deal,15;verifyMulticast,2;verifyBroadcast,58;agree,2957;
total data:
904865
825357
256
total send:
282573
256159
127
total receive:
622292
569198
129
