time to deal
17
time to dealSend
0
time to dealReceive
21220
time to agree
2819
time to send multicast complaint
88
# complaints received in multicast
2432
time to receive multicast complaint
517
adjust time to finish multicast
3424
time to wait after receiving all multicast complaints
8576
time to verify multicast complaint
2
time to broadcast complaint
1
time to broadcastReceive
20180
time to receive relayed complaints from blockchain
29998
# complaints received in broadcast
684
time to verify complaints from blockchain
64
time to compute pk, sk share and pk share
1
total time:
72071
total idle cost:
8576
protocol cost:
63495
total communication cost:
60587
total computation cost:
2903
generateKeys,1;deal,17;verifyMulticast,2;verifyBroadcast,64;agree,2819;
total data:
904613
825105
256
total send:
282319
255905
127
total receive:
622294
569200
129
