time to deal
15
time to dealSend
0
time to dealReceive
20975
time to agree
2759
time to send multicast complaint
96
# complaints received in multicast
2432
time to receive multicast complaint
558
adjust time to finish multicast
3413
time to wait after receiving all multicast complaints
8587
time to verify multicast complaint
2
time to broadcast complaint
1
time to broadcastReceive
20140
time to receive relayed complaints from blockchain
29999
# complaints received in broadcast
684
time to verify complaints from blockchain
60
time to compute pk, sk share and pk share
1
total time:
72068
total idle cost:
8587
protocol cost:
63481
total communication cost:
60640
total computation cost:
2837
generateKeys,1;deal,15;verifyMulticast,2;verifyBroadcast,60;agree,2759;
total data:
904109
824601
256
total send:
281811
255397
127
total receive:
622298
569204
129
