time to deal
14
time to dealSend
0
time to dealReceive
21308
time to agree
2592
time to send multicast complaint
79
# complaints received in multicast
2432
time to receive multicast complaint
679
adjust time to finish multicast
3350
time to wait after receiving all multicast complaints
8650
time to verify multicast complaint
2
# complaints send in broadcast
19
time to broadcast complaint
3
time to broadcastReceive
20125
time to receive relayed complaints from blockchain
29998
# complaints received in broadcast
684
time to verify complaints from blockchain
57
time to compute pk, sk share and pk share
1
total time:
72066
total idle cost:
8650
protocol cost:
63416
total communication cost:
60745
total computation cost:
2666
generateKeys,1;deal,14;verifyMulticast,2;verifyBroadcast,57;agree,2592;
total data:
906509
826776
257
total send:
284211
257572
128
total receive:
622298
569204
129
