time to deal
15
time to dealSend
0
time to dealReceive
21044
time to agree
2739
time to send multicast complaint
88
# complaints received in multicast
2432
time to receive multicast complaint
600
adjust time to finish multicast
3427
time to wait after receiving all multicast complaints
8573
time to verify multicast complaint
2
# complaints send in broadcast
19
time to broadcast complaint
7
time to broadcastReceive
20174
time to receive relayed complaints from blockchain
29998
# complaints received in broadcast
684
time to verify complaints from blockchain
60
time to compute pk, sk share and pk share
1
total time:
72067
total idle cost:
8573
protocol cost:
63494
total communication cost:
60678
total computation cost:
2817
generateKeys,1;deal,15;verifyMulticast,2;verifyBroadcast,60;agree,2739;
total data:
906890
827157
257
total send:
284595
257956
128
total receive:
622295
569201
129
