time to deal
277
time to dealSend
2
time to dealReceive
20588
time to agree
2648
time to send multicast complaint
87
# complaints received in multicast
2432
time to receive multicast complaint
645
adjust time to finish multicast
3380
time to wait after receiving all multicast complaints
8620
time to verify multicast complaint
2
# complaints send in broadcast
19
time to broadcast complaint
3
time to broadcastReceive
20112
time to receive relayed complaints from blockchain
29999
# complaints received in broadcast
684
time to verify complaints from blockchain
69
time to compute pk, sk share and pk share
1
total time:
72078
total idle cost:
8620
protocol cost:
63458
total communication cost:
60457
total computation cost:
2997
generateKeys,1;deal,277;verifyMulticast,2;verifyBroadcast,69;agree,2648;
total data:
915477
835193
258
total send:
293177
265987
129
total receive:
622300
569206
129
