time to deal
21
time to dealSend
0
time to dealReceive
20760
time to agree
2623
time to send multicast complaint
37
# complaints received in multicast
2432
time to receive multicast complaint
705
adjust time to finish multicast
3365
time to wait after receiving all multicast complaints
8635
time to verify multicast complaint
2
time to broadcast complaint
1
time to broadcastReceive
20104
time to receive relayed complaints from blockchain
29998
# complaints received in broadcast
684
time to verify complaints from blockchain
61
time to compute pk, sk share and pk share
1
total time:
72068
total idle cost:
8635
protocol cost:
63433
total communication cost:
60720
total computation cost:
2708
generateKeys,1;deal,21;verifyMulticast,2;verifyBroadcast,61;agree,2623;
total data:
904487
824979
256
total send:
282192
255778
127
total receive:
622295
569201
129
