time to deal
14
time to dealSend
0
time to dealReceive
20894
time to agree
2632
time to send multicast complaint
92
# complaints received in multicast
2432
time to receive multicast complaint
632
adjust time to finish multicast
3356
time to wait after receiving all multicast complaints
8644
time to verify multicast complaint
2
time to broadcast complaint
1
time to broadcastReceive
20135
time to receive relayed complaints from blockchain
29999
# complaints received in broadcast
684
time to verify complaints from blockchain
63
time to compute pk, sk share and pk share
1
total time:
72071
total idle cost:
8644
protocol cost:
63427
total communication cost:
60711
total computation cost:
2712
generateKeys,1;deal,14;verifyMulticast,2;verifyBroadcast,63;agree,2632;
total data:
904739
825231
256
total send:
282446
256032
127
total receive:
622293
569199
129
