time to deal
15
time to dealSend
0
time to dealReceive
20994
time to agree
2811
time to send multicast complaint
83
# complaints received in multicast
2432
time to receive multicast complaint
537
adjust time to finish multicast
3431
time to wait after receiving all multicast complaints
8569
time to verify multicast complaint
2
# complaints send in broadcast
19
time to broadcast complaint
4
time to broadcastReceive
20140
time to receive relayed complaints from blockchain
29998
# complaints received in broadcast
684
time to verify complaints from blockchain
61
time to compute pk, sk share and pk share
1
total time:
72069
total idle cost:
8569
protocol cost:
63500
total communication cost:
60607
total computation cost:
2890
generateKeys,1;deal,15;verifyMulticast,2;verifyBroadcast,61;agree,2811;
total data:
906382
826649
257
total send:
284083
257444
128
total receive:
622299
569205
129
