time to deal
18
time to dealSend
0
time to dealReceive
20492
time to agree
1298
time to send multicast complaint
52
# complaints received in multicast
960
time to receive multicast complaint
435
adjust time to finish multicast
1785
time to wait after receiving all multicast complaints
10215
time to verify multicast complaint
1
# complaints send in broadcast
15
time to broadcast complaint
6
time to broadcastReceive
20389
time to receive relayed complaints from blockchain
29999
# complaints received in broadcast
570
time to verify complaints from blockchain
87
time to compute pk, sk share and pk share
1
total time:
72095
total idle cost:
10215
protocol cost:
61880
total communication cost:
60474
total computation cost:
1405
generateKeys,1;deal,18;verifyMulticast,1;verifyBroadcast,87;agree,1298;
total data:
408237
372203
129
total send:
113074
102308
64
total receive:
295163
269895
65
