time to deal
19
time to dealSend
0
time to dealReceive
20407
time to agree
1327
time to send multicast complaint
50
# complaints received in multicast
960
time to receive multicast complaint
413
adjust time to finish multicast
1790
time to wait after receiving all multicast complaints
10210
time to verify multicast complaint
1
time to broadcast complaint
3
time to broadcastReceive
20351
time to receive relayed complaints from blockchain
29999
# complaints received in broadcast
570
time to verify complaints from blockchain
116
time to compute pk, sk share and pk share
1
total time:
72123
total idle cost:
10210
protocol cost:
61913
total communication cost:
60446
total computation cost:
1464
generateKeys,1;deal,19;verifyMulticast,1;verifyBroadcast,116;agree,1327;
total data:
406231
370381
128
total send:
111067
100485
63
total receive:
295164
269896
65
