time to deal
15
time to dealSend
0
time to dealReceive
20129
time to agree
231
time to send multicast complaint
20
# complaints received in multicast
48
time to receive multicast complaint
148
adjust time to finish multicast
399
time to wait after receiving all multicast complaints
11601
time to verify multicast complaint
0
time to broadcast complaint
2
time to broadcastReceive
20118
time to receive relayed complaints from blockchain
30000
# complaints received in broadcast
36
time to verify complaints from blockchain
38
time to compute pk, sk share and pk share
1
total time:
72046
total idle cost:
11601
protocol cost:
60445
total communication cost:
60156
total computation cost:
285
generateKeys,1;deal,15;verifyMulticast,0;verifyBroadcast,38;agree,231;
total data:
26900
24188
32
total send:
5488
4770
15
total receive:
21412
19418
17
