time to deal
16
time to dealSend
0
time to dealReceive
20130
time to agree
236
time to send multicast complaint
17
# complaints received in multicast
48
time to receive multicast complaint
157
adjust time to finish multicast
410
time to wait after receiving all multicast complaints
11590
time to verify multicast complaint
0
# complaints send in broadcast
3
time to broadcast complaint
4
time to broadcastReceive
20115
time to receive relayed complaints from blockchain
30000
# complaints received in broadcast
36
time to verify complaints from blockchain
42
time to compute pk, sk share and pk share
1
total time:
72049
total idle cost:
11590
protocol cost:
60459
total communication cost:
60162
total computation cost:
295
generateKeys,1;deal,16;verifyMulticast,0;verifyBroadcast,42;agree,236;
total data:
27445
24669
33
total send:
6033
5251
16
total receive:
21412
19418
17
