time to deal
88
time to dealSend
2
time to dealReceive
20051
time to agree
233
time to send multicast complaint
19
# complaints received in multicast
80
time to receive multicast complaint
233
adjust time to finish multicast
485
time to wait after receiving all multicast complaints
11515
time to verify multicast complaint
0
# complaints send in broadcast
5
time to broadcast complaint
2
time to broadcastReceive
20112
time to receive relayed complaints from blockchain
30001
# complaints received in broadcast
40
time to verify complaints from blockchain
15
time to compute pk, sk share and pk share
1
total time:
72022
total idle cost:
11515
protocol cost:
60507
total communication cost:
60167
total computation cost:
337
generateKeys,1;deal,88;verifyMulticast,0;verifyBroadcast,15;agree,233;
total data:
38920
35188
34
total send:
11169
9965
17
total receive:
27751
25223
17
