time to deal
28
time to dealSend
0
time to dealReceive
20138
time to agree
575
time to send multicast complaint
0
# complaints received in multicast
0
time to receive multicast complaint
10032
adjust time to finish multicast
10607
time to wait after receiving all multicast complaints
1393
time to verify multicast complaint
0
# complaints send in broadcast
0
time to broadcast complaint
2
time to broadcastReceive
20121
time to receive relayed complaints from blockchain
30000
# complaints received in broadcast
0
time to verify complaints from blockchain
0
time to compute pk, sk share and pk share
1
total time:
72006
total idle cost:
1393
protocol cost:
70613
total communication cost:
70006
total computation cost:
604
generateKeys,1;deal,28;verifyMulticast,0;verifyBroadcast,0;agree,575;
total data:
48148
45262
2
total send:
0
0
0
total receive:
48148
45262
2
