time to deal
129
time to dealSend
3
time to dealReceive
20040
time to agree
473
time to send multicast complaint
0
# complaints received in multicast
0
time to receive multicast complaint
10021
adjust time to finish multicast
10494
time to wait after receiving all multicast complaints
1506
time to verify multicast complaint
0
time to broadcast complaint
1
time to broadcastReceive
20111
time to receive relayed complaints from blockchain
30000
# complaints received in broadcast
0
time to verify complaints from blockchain
0
time to compute pk, sk share and pk share
1
total time:
72006
total idle cost:
1506
protocol cost:
70500
total communication cost:
69893
total computation cost:
603
generateKeys,1;deal,129;verifyMulticast,0;verifyBroadcast,0;agree,473;
total data:
50697
47645
3
total send:
2549
2383
1
total receive:
48148
45262
2
