time to deal
136
time to dealSend
2
time to dealReceive
20035
time to agree
501
time to send multicast complaint
0
# complaints received in multicast
0
time to receive multicast complaint
10024
adjust time to finish multicast
10525
time to wait after receiving all multicast complaints
1475
time to verify multicast complaint
0
# complaints send in broadcast
0
time to broadcast complaint
2
time to broadcastReceive
20119
time to receive relayed complaints from blockchain
30000
# complaints received in broadcast
0
time to verify complaints from blockchain
0
time to compute pk, sk share and pk share
1
total time:
72007
total idle cost:
1475
protocol cost:
70532
total communication cost:
69890
total computation cost:
638
generateKeys,1;deal,136;verifyMulticast,0;verifyBroadcast,0;agree,501;
total data:
50702
47650
3
total send:
2554
2388
1
total receive:
48148
45262
2
