time to deal
15
time to dealSend
0
time to dealReceive
21164
time to agree
5418
time to send multicast complaint
64
# complaints received in multicast
4608
time to receive multicast complaint
934
adjust time to finish multicast
6416
time to wait after receiving all multicast complaints
5584
time to verify multicast complaint
3
time to broadcast complaint
1
time to broadcastReceive
20111
time to receive relayed complaints from blockchain
29997
# complaints received in broadcast
684
time to verify complaints from blockchain
70
time to compute pk, sk share and pk share
2
total time:
72078
total idle cost:
5584
protocol cost:
66494
total communication cost:
60981
total computation cost:
5508
generateKeys,2;deal,15;verifyMulticast,3;verifyBroadcast,70;agree,5418;
total data:
1720854
1571340
512
total send:
537156
486540
255
total receive:
1183698
1084800
257
