time to deal
411
time to dealSend
2
time to dealReceive
21291
time to agree
5253
time to send multicast complaint
64
# complaints received in multicast
4608
time to receive multicast complaint
1150
adjust time to finish multicast
6467
time to wait after receiving all multicast complaints
5533
time to verify multicast complaint
4
time to broadcast complaint
1
time to broadcastReceive
20180
time to receive relayed complaints from blockchain
29996
# complaints received in broadcast
684
time to verify complaints from blockchain
66
time to compute pk, sk share and pk share
2
total time:
72074
total idle cost:
5533
protocol cost:
66541
total communication cost:
60800
total computation cost:
5736
generateKeys,2;deal,411;verifyMulticast,4;verifyBroadcast,66;agree,5253;
total data:
1731420
1580843
513
total send:
547724
496045
256
total receive:
1183696
1084798
257
