time to deal
16
time to dealSend
0
time to dealReceive
21458
time to agree
5426
time to send multicast complaint
58
# complaints received in multicast
4608
time to receive multicast complaint
946
adjust time to finish multicast
6430
time to wait after receiving all multicast complaints
5570
time to verify multicast complaint
3
time to broadcast complaint
1
time to broadcastReceive
20120
time to receive relayed complaints from blockchain
29997
# complaints received in broadcast
684
time to verify complaints from blockchain
69
time to compute pk, sk share and pk share
2
total time:
72078
total idle cost:
5570
protocol cost:
66508
total communication cost:
60986
total computation cost:
5516
generateKeys,2;deal,16;verifyMulticast,3;verifyBroadcast,69;agree,5426;
total data:
1721364
1571340
512
total send:
537410
486540
255
total receive:
1183954
1084800
257
