time to deal
14
time to dealSend
0
time to dealReceive
21949
time to agree
5523
time to send multicast complaint
126
# complaints received in multicast
4608
time to receive multicast complaint
876
adjust time to finish multicast
6525
time to wait after receiving all multicast complaints
5475
time to verify multicast complaint
4
# complaints send in broadcast
18
time to broadcast complaint
3
time to broadcastReceive
20193
time to receive relayed complaints from blockchain
29996
# complaints received in broadcast
684
time to verify complaints from blockchain
69
time to compute pk, sk share and pk share
2
total time:
72079
total idle cost:
5475
protocol cost:
66604
total communication cost:
60988
total computation cost:
5612
generateKeys,2;deal,14;verifyMulticast,4;verifyBroadcast,69;agree,5523;
total data:
1724161
1573921
513
total send:
540209
489123
256
total receive:
1183952
1084798
257
