time to deal
13
time to dealSend
0
time to dealReceive
22627
time to agree
5462
time to send multicast complaint
79
# complaints received in multicast
4608
time to receive multicast complaint
918
adjust time to finish multicast
6459
time to wait after receiving all multicast complaints
5541
time to verify multicast complaint
4
time to broadcast complaint
1
time to broadcastReceive
20317
time to receive relayed complaints from blockchain
29996
# complaints received in broadcast
684
time to verify complaints from blockchain
71
time to compute pk, sk share and pk share
2
total time:
72079
total idle cost:
5541
protocol cost:
66538
total communication cost:
60982
total computation cost:
5552
generateKeys,2;deal,13;verifyMulticast,4;verifyBroadcast,71;agree,5462;
total data:
1720600
1571086
512
total send:
536901
486285
255
total receive:
1183699
1084801
257
