time to deal
14
time to dealSend
0
time to dealReceive
21676
time to agree
5247
time to send multicast complaint
125
# complaints received in multicast
4608
time to receive multicast complaint
1081
adjust time to finish multicast
6453
time to wait after receiving all multicast complaints
5547
time to verify multicast complaint
4
time to broadcast complaint
1
time to broadcastReceive
20123
time to receive relayed complaints from blockchain
29996
# complaints received in broadcast
684
time to verify complaints from blockchain
65
time to compute pk, sk share and pk share
2
total time:
72073
total idle cost:
5547
protocol cost:
66526
total communication cost:
61189
total computation cost:
5332
generateKeys,2;deal,14;verifyMulticast,4;verifyBroadcast,65;agree,5247;
total data:
1720094
1570070
512
total send:
536135
485265
255
total receive:
1183959
1084805
257
