time to deal
13
time to dealSend
0
time to dealReceive
21982
time to agree
5554
time to send multicast complaint
63
# complaints received in multicast
4608
time to receive multicast complaint
828
adjust time to finish multicast
6445
time to wait after receiving all multicast complaints
5555
time to verify multicast complaint
4
time to broadcast complaint
1
time to broadcastReceive
20225
time to receive relayed complaints from blockchain
29996
# complaints received in broadcast
684
time to verify complaints from blockchain
89
time to compute pk, sk share and pk share
2
total time:
72097
total idle cost:
5555
protocol cost:
66542
total communication cost:
60875
total computation cost:
5662
generateKeys,2;deal,13;verifyMulticast,4;verifyBroadcast,89;agree,5554;
total data:
1721618
1571594
512
total send:
537665
486795
255
total receive:
1183953
1084799
257
