time to deal
15
time to dealSend
0
time to dealReceive
23485
time to agree
5337
time to send multicast complaint
63
# complaints received in multicast
4608
time to receive multicast complaint
1051
adjust time to finish multicast
6451
time to wait after receiving all multicast complaints
5549
time to verify multicast complaint
4
time to broadcast complaint
19
time to broadcastReceive
20204
time to receive relayed complaints from blockchain
29996
# complaints received in broadcast
684
time to verify complaints from blockchain
86
time to compute pk, sk share and pk share
2
total time:
72094
total idle cost:
5549
protocol cost:
66545
total communication cost:
61115
total computation cost:
5444
generateKeys,2;deal,15;verifyMulticast,4;verifyBroadcast,86;agree,5337;
total data:
1720856
1570832
512
total send:
536900
486030
255
total receive:
1183956
1084802
257
