time to deal
26
time to dealSend
0
time to dealReceive
21681
time to agree
5357
time to send multicast complaint
157
# complaints received in multicast
4608
time to receive multicast complaint
947
adjust time to finish multicast
6461
time to wait after receiving all multicast complaints
5539
time to verify multicast complaint
4
# complaints send in broadcast
18
time to broadcast complaint
2
time to broadcastReceive
20198
time to receive relayed complaints from blockchain
29996
# complaints received in broadcast
684
time to verify complaints from blockchain
70
time to compute pk, sk share and pk share
2
total time:
72077
total idle cost:
5539
protocol cost:
66538
total communication cost:
61076
total computation cost:
5459
generateKeys,2;deal,26;verifyMulticast,4;verifyBroadcast,70;agree,5357;
total data:
1724417
1574177
513
total send:
540466
489380
256
total receive:
1183951
1084797
257
