time to deal
14
time to dealSend
0
time to dealReceive
21547
time to agree
5369
time to send multicast complaint
81
# complaints received in multicast
4608
time to receive multicast complaint
935
adjust time to finish multicast
6385
time to wait after receiving all multicast complaints
5615
time to verify multicast complaint
3
time to broadcast complaint
1
time to broadcastReceive
20130
time to receive relayed complaints from blockchain
29998
# complaints received in broadcast
684
time to verify complaints from blockchain
69
time to compute pk, sk share and pk share
2
total time:
72076
total idle cost:
5615
protocol cost:
66461
total communication cost:
61001
total computation cost:
5457
generateKeys,2;deal,14;verifyMulticast,3;verifyBroadcast,69;agree,5369;
total data:
1721364
1571340
512
total send:
537410
486540
255
total receive:
1183954
1084800
257
