time to deal
12
time to dealSend
0
time to dealReceive
21719
time to agree
5373
time to send multicast complaint
72
# complaints received in multicast
4608
time to receive multicast complaint
990
adjust time to finish multicast
6435
time to wait after receiving all multicast complaints
5565
time to verify multicast complaint
4
time to broadcast complaint
1
time to broadcastReceive
20137
time to receive relayed complaints from blockchain
29996
# complaints received in broadcast
684
time to verify complaints from blockchain
65
time to compute pk, sk share and pk share
2
total time:
72072
total idle cost:
5565
protocol cost:
66507
total communication cost:
61048
total computation cost:
5456
generateKeys,2;deal,12;verifyMulticast,4;verifyBroadcast,65;agree,5373;
total data:
1721110
1571086
512
total send:
537155
486285
255
total receive:
1183955
1084801
257
