time to deal
16
time to dealSend
0
time to dealReceive
21439
time to agree
5353
time to send multicast complaint
160
# complaints received in multicast
4608
time to receive multicast complaint
898
adjust time to finish multicast
6411
time to wait after receiving all multicast complaints
5589
time to verify multicast complaint
4
time to broadcast complaint
1
time to broadcastReceive
20132
time to receive relayed complaints from blockchain
29996
# complaints received in broadcast
684
time to verify complaints from blockchain
70
time to compute pk, sk share and pk share
2
total time:
72078
total idle cost:
5589
protocol cost:
66489
total communication cost:
61040
total computation cost:
5445
generateKeys,2;deal,16;verifyMulticast,4;verifyBroadcast,70;agree,5353;
total data:
1720600
1571086
512
total send:
536901
486285
255
total receive:
1183699
1084801
257
