time to deal
17
time to dealSend
0
time to dealReceive
21675
time to agree
5426
time to send multicast complaint
94
# complaints received in multicast
4608
time to receive multicast complaint
860
adjust time to finish multicast
6380
time to wait after receiving all multicast complaints
5620
time to verify multicast complaint
4
time to broadcast complaint
1
time to broadcastReceive
20139
time to receive relayed complaints from blockchain
29996
# complaints received in broadcast
684
time to verify complaints from blockchain
69
time to compute pk, sk share and pk share
1
total time:
72075
total idle cost:
5620
protocol cost:
66455
total communication cost:
60934
total computation cost:
5517
generateKeys,1;deal,17;verifyMulticast,4;verifyBroadcast,69;agree,5426;
total data:
1720348
1570324
512
total send:
536390
485520
255
total receive:
1183958
1084804
257
