time to deal
14
time to dealSend
0
time to dealReceive
21426
time to agree
5613
time to send multicast complaint
151
# complaints received in multicast
4608
time to receive multicast complaint
654
adjust time to finish multicast
6418
time to wait after receiving all multicast complaints
5582
time to verify multicast complaint
3
time to broadcast complaint
1
time to broadcastReceive
20111
time to receive relayed complaints from blockchain
29997
# complaints received in broadcast
684
time to verify complaints from blockchain
68
time to compute pk, sk share and pk share
2
total time:
72075
total idle cost:
5582
protocol cost:
66493
total communication cost:
60789
total computation cost:
5700
generateKeys,2;deal,14;verifyMulticast,3;verifyBroadcast,68;agree,5613;
total data:
1721872
1571848
512
total send:
537920
487050
255
total receive:
1183952
1084798
257
