time to deal
398
time to dealSend
6
time to dealReceive
21533
time to agree
5131
time to send multicast complaint
54
# complaints received in multicast
4608
time to receive multicast complaint
1258
adjust time to finish multicast
6443
time to wait after receiving all multicast complaints
5557
time to verify multicast complaint
4
time to broadcast complaint
0
time to broadcastReceive
20194
time to receive relayed complaints from blockchain
29996
# complaints received in broadcast
684
time to verify complaints from blockchain
72
time to compute pk, sk share and pk share
2
total time:
72081
total idle cost:
5557
protocol cost:
66524
total communication cost:
60911
total computation cost:
5607
generateKeys,2;deal,398;verifyMulticast,4;verifyBroadcast,72;agree,5131;
total data:
1739219
1588130
513
total send:
555264
503329
256
total receive:
1183955
1084801
257
