time to deal
12
time to dealSend
0
time to dealReceive
21793
time to agree
5260
time to send multicast complaint
66
# complaints received in multicast
4608
time to receive multicast complaint
1078
adjust time to finish multicast
6404
time to wait after receiving all multicast complaints
5596
time to verify multicast complaint
4
time to broadcast complaint
1
time to broadcastReceive
20159
time to receive relayed complaints from blockchain
29996
# complaints received in broadcast
684
time to verify complaints from blockchain
67
time to compute pk, sk share and pk share
2
total time:
72075
total idle cost:
5596
protocol cost:
66479
total communication cost:
61130
total computation cost:
5345
generateKeys,2;deal,12;verifyMulticast,4;verifyBroadcast,67;agree,5260;
total data:
1722634
1572610
512
total send:
538685
487815
255
total receive:
1183949
1084795
257
