time to deal
19
time to dealSend
0
time to dealReceive
21748
time to agree
5318
time to send multicast complaint
60
# complaints received in multicast
4608
time to receive multicast complaint
1045
adjust time to finish multicast
6423
time to wait after receiving all multicast complaints
5577
time to verify multicast complaint
4
time to broadcast complaint
1
time to broadcastReceive
20236
time to receive relayed complaints from blockchain
29996
# complaints received in broadcast
684
time to verify complaints from blockchain
69
time to compute pk, sk share and pk share
2
total time:
72075
total idle cost:
5577
protocol cost:
66498
total communication cost:
61083
total computation cost:
5412
generateKeys,2;deal,19;verifyMulticast,4;verifyBroadcast,69;agree,5318;
total data:
1720856
1570832
512
total send:
536900
486030
255
total receive:
1183956
1084802
257
