time to deal
14
time to dealSend
0
time to dealReceive
21153
time to agree
5241
time to send multicast complaint
69
# complaints received in multicast
4608
time to receive multicast complaint
1097
adjust time to finish multicast
6407
time to wait after receiving all multicast complaints
5593
time to verify multicast complaint
4
time to broadcast complaint
1
time to broadcastReceive
20129
time to receive relayed complaints from blockchain
29997
# complaints received in broadcast
684
time to verify complaints from blockchain
66
time to compute pk, sk share and pk share
1
total time:
72073
total idle cost:
5593
protocol cost:
66480
total communication cost:
61150
total computation cost:
5326
generateKeys,1;deal,14;verifyMulticast,4;verifyBroadcast,66;agree,5241;
total data:
1720346
1570832
512
total send:
536646
486030
255
total receive:
1183700
1084802
257
