time to deal
23
time to dealSend
0
time to dealReceive
21869
time to agree
5439
time to send multicast complaint
154
# complaints received in multicast
4608
time to receive multicast complaint
870
adjust time to finish multicast
6463
time to wait after receiving all multicast complaints
5537
time to verify multicast complaint
3
time to broadcast complaint
1
time to broadcastReceive
20168
time to receive relayed complaints from blockchain
29997
# complaints received in broadcast
684
time to verify complaints from blockchain
70
time to compute pk, sk share and pk share
1
total time:
72076
total idle cost:
5537
protocol cost:
66539
total communication cost:
60999
total computation cost:
5536
generateKeys,1;deal,23;verifyMulticast,3;verifyBroadcast,70;agree,5439;
total data:
1721108
1571594
512
total send:
537411
486795
255
total receive:
1183697
1084799
257
