time to deal
16
time to dealSend
0
time to dealReceive
21796
time to agree
5428
time to send multicast complaint
69
# complaints received in multicast
4608
time to receive multicast complaint
946
adjust time to finish multicast
6443
time to wait after receiving all multicast complaints
5557
time to verify multicast complaint
4
# complaints send in broadcast
18
time to broadcast complaint
3
time to broadcastReceive
20238
time to receive relayed complaints from blockchain
29996
# complaints received in broadcast
684
time to verify complaints from blockchain
75
time to compute pk, sk share and pk share
2
total time:
72084
total idle cost:
5557
protocol cost:
66527
total communication cost:
60998
total computation cost:
5525
generateKeys,2;deal,16;verifyMulticast,4;verifyBroadcast,75;agree,5428;
total data:
1723395
1573666
513
total send:
539698
488867
256
total receive:
1183697
1084799
257
