time to deal
13
time to dealSend
0
time to dealReceive
21911
time to agree
5470
time to send multicast complaint
95
# complaints received in multicast
4608
time to receive multicast complaint
815
adjust time to finish multicast
6380
time to wait after receiving all multicast complaints
5620
time to verify multicast complaint
3
time to broadcast complaint
1
time to broadcastReceive
20123
time to receive relayed complaints from blockchain
29997
# complaints received in broadcast
684
time to verify complaints from blockchain
71
time to compute pk, sk share and pk share
2
total time:
72079
total idle cost:
5620
protocol cost:
66459
total communication cost:
60895
total computation cost:
5559
generateKeys,2;deal,13;verifyMulticast,3;verifyBroadcast,71;agree,5470;
total data:
1721870
1572356
512
total send:
538176
487560
255
total receive:
1183694
1084796
257
