time to deal
14
time to dealSend
0
time to dealReceive
22034
time to agree
5249
time to send multicast complaint
83
# complaints received in multicast
4608
time to receive multicast complaint
1133
adjust time to finish multicast
6465
time to wait after receiving all multicast complaints
5535
time to verify multicast complaint
3
# complaints send in broadcast
18
time to broadcast complaint
16
time to broadcastReceive
20228
time to receive relayed complaints from blockchain
29997
# complaints received in broadcast
684
time to verify complaints from blockchain
80
time to compute pk, sk share and pk share
2
total time:
72088
total idle cost:
5535
protocol cost:
66553
total communication cost:
61216
total computation cost:
5348
generateKeys,2;deal,14;verifyMulticast,3;verifyBroadcast,80;agree,5249;
total data:
1724161
1574432
513
total send:
540467
489636
256
total receive:
1183694
1084796
257
