time to deal
24
time to dealSend
0
time to dealReceive
21732
time to agree
5484
time to send multicast complaint
85
# complaints received in multicast
4608
time to receive multicast complaint
885
adjust time to finish multicast
6454
time to wait after receiving all multicast complaints
5546
time to verify multicast complaint
3
time to broadcast complaint
18
time to broadcastReceive
20185
time to receive relayed complaints from blockchain
29998
# complaints received in broadcast
684
time to verify complaints from blockchain
77
time to compute pk, sk share and pk share
2
total time:
72086
total idle cost:
5546
protocol cost:
66540
total communication cost:
60963
total computation cost:
5590
generateKeys,2;deal,24;verifyMulticast,3;verifyBroadcast,77;agree,5484;
total data:
1721616
1572102
512
total send:
537921
487305
255
total receive:
1183695
1084797
257
