time to deal
14
time to dealSend
0
time to dealReceive
21606
time to agree
5528
time to send multicast complaint
109
# complaints received in multicast
4608
time to receive multicast complaint
780
adjust time to finish multicast
6417
time to wait after receiving all multicast complaints
5583
time to verify multicast complaint
4
time to broadcast complaint
1
time to broadcastReceive
20160
time to receive relayed complaints from blockchain
29996
# complaints received in broadcast
684
time to verify complaints from blockchain
70
time to compute pk, sk share and pk share
1
total time:
72076
total idle cost:
5583
protocol cost:
66493
total communication cost:
60872
total computation cost:
5617
generateKeys,1;deal,14;verifyMulticast,4;verifyBroadcast,70;agree,5528;
total data:
1719838
1570324
512
total send:
536136
485520
255
total receive:
1183702
1084804
257
