time to deal
16
time to dealSend
0
time to dealReceive
20141
time to agree
560
time to send multicast complaint
0
# complaints received in multicast
0
time to receive multicast complaint
10028
adjust time to finish multicast
10588
time to wait after receiving all multicast complaints
1412
time to verify multicast complaint
0
time to broadcast complaint
1
time to broadcastReceive
20106
time to receive relayed complaints from blockchain
30000
# complaints received in broadcast
0
time to verify complaints from blockchain
0
time to compute pk, sk share and pk share
1
total time:
72008
total idle cost:
1412
protocol cost:
70596
total communication cost:
70014
total computation cost:
577
generateKeys,1;deal,16;verifyMulticast,0;verifyBroadcast,0;agree,560;
total data:
43088
40502
2
total send:
0
0
0
total receive:
43088
40502
2
