time to deal
22
time to dealSend
0
time to dealReceive
20107
time to agree
496
time to send multicast complaint
0
# complaints received in multicast
0
time to receive multicast complaint
10028
adjust time to finish multicast
10524
time to wait after receiving all multicast complaints
1476
time to verify multicast complaint
0
# complaints send in broadcast
0
time to broadcast complaint
1
time to broadcastReceive
20101
time to receive relayed complaints from blockchain
30000
# complaints received in broadcast
0
time to verify complaints from blockchain
0
time to compute pk, sk share and pk share
1
total time:
72006
total idle cost:
1476
protocol cost:
70530
total communication cost:
70007
total computation cost:
519
generateKeys,1;deal,22;verifyMulticast,0;verifyBroadcast,0;agree,496;
total data:
43088
40502
2
total send:
0
0
0
total receive:
43088
40502
2
