time to deal
133
time to dealSend
3
time to dealReceive
20018
time to agree
426
time to send multicast complaint
0
# complaints received in multicast
0
time to receive multicast complaint
10022
adjust time to finish multicast
10448
time to wait after receiving all multicast complaints
1552
time to verify multicast complaint
0
# complaints send in broadcast
0
time to broadcast complaint
2
time to broadcastReceive
20116
time to receive relayed complaints from blockchain
30001
# complaints received in broadcast
0
time to verify complaints from blockchain
0
time to compute pk, sk share and pk share
1
total time:
72006
total idle cost:
1552
protocol cost:
70454
total communication cost:
69893
total computation cost:
560
generateKeys,1;deal,133;verifyMulticast,0;verifyBroadcast,0;agree,426;
total data:
40566
38114
3
total send:
2552
2386
1
total receive:
38014
35728
2
