time to deal
127
time to dealSend
3
time to dealReceive
20004
time to agree
421
time to send multicast complaint
0
# complaints received in multicast
0
time to receive multicast complaint
10034
adjust time to finish multicast
10455
time to wait after receiving all multicast complaints
1545
time to verify multicast complaint
0
# complaints send in broadcast
0
time to broadcast complaint
1
time to broadcastReceive
20110
time to receive relayed complaints from blockchain
30000
# complaints received in broadcast
0
time to verify complaints from blockchain
0
time to compute pk, sk share and pk share
1
total time:
72008
total idle cost:
1545
protocol cost:
70463
total communication cost:
69909
total computation cost:
549
generateKeys,1;deal,127;verifyMulticast,0;verifyBroadcast,0;agree,421;
total data:
40563
38111
3
total send:
2549
2383
1
total receive:
38014
35728
2
