time to deal
148
time to dealSend
3
time to dealReceive
20015
time to agree
458
time to send multicast complaint
0
# complaints received in multicast
0
time to receive multicast complaint
10041
adjust time to finish multicast
10499
time to wait after receiving all multicast complaints
1501
time to verify multicast complaint
0
time to broadcast complaint
1
time to broadcastReceive
20119
time to receive relayed complaints from blockchain
30000
# complaints received in broadcast
0
time to verify complaints from blockchain
0
time to compute pk, sk share and pk share
1
total time:
72007
total idle cost:
1501
protocol cost:
70506
total communication cost:
69894
total computation cost:
607
generateKeys,1;deal,148;verifyMulticast,0;verifyBroadcast,0;agree,458;
total data:
40568
38116
3
total send:
2554
2388
1
total receive:
38014
35728
2
