time to deal
16
time to dealSend
0
time to dealReceive
20109
time to agree
497
time to send multicast complaint
0
# complaints received in multicast
0
time to receive multicast complaint
10021
adjust time to finish multicast
10518
time to wait after receiving all multicast complaints
1482
time to verify multicast complaint
0
# complaints send in broadcast
0
time to broadcast complaint
1
time to broadcastReceive
20101
time to receive relayed complaints from blockchain
30000
# complaints received in broadcast
0
time to verify complaints from blockchain
0
time to compute pk, sk share and pk share
1
total time:
72007
total idle cost:
1482
protocol cost:
70525
total communication cost:
70007
total computation cost:
514
generateKeys,1;deal,16;verifyMulticast,0;verifyBroadcast,0;agree,497;
total data:
38014
35728
2
total send:
0
0
0
total receive:
38014
35728
2
