time to deal
171
time to dealSend
4
time to dealReceive
20430
time to agree
1170
time to send multicast complaint
0
# complaints received in multicast
0
time to receive multicast complaint
10037
adjust time to finish multicast
11207
time to wait after receiving all multicast complaints
793
time to verify multicast complaint
0
# complaints send in broadcast
0
time to broadcast complaint
1
time to broadcastReceive
20117
time to receive relayed complaints from blockchain
30000
# complaints received in broadcast
0
time to verify complaints from blockchain
0
time to compute pk, sk share and pk share
1
total time:
72006
total idle cost:
793
protocol cost:
71213
total communication cost:
69867
total computation cost:
1342
generateKeys,1;deal,171;verifyMulticast,0;verifyBroadcast,0;agree,1170;
total data:
133258
125422
3
total send:
4782
4488
1
total receive:
128476
120934
2
