time to deal
18
time to dealSend
0
time to dealReceive
20633
time to agree
1339
time to send multicast complaint
0
# complaints received in multicast
0
time to receive multicast complaint
10039
adjust time to finish multicast
11378
time to wait after receiving all multicast complaints
622
time to verify multicast complaint
0
time to broadcast complaint
1
time to broadcastReceive
20122
time to receive relayed complaints from blockchain
30000
# complaints received in broadcast
0
time to verify complaints from blockchain
0
time to compute pk, sk share and pk share
1
total time:
72008
total idle cost:
622
protocol cost:
71386
total communication cost:
70022
total computation cost:
1358
generateKeys,1;deal,18;verifyMulticast,0;verifyBroadcast,0;agree,1339;
total data:
128476
120934
2
total send:
0
0
0
total receive:
128476
120934
2
