time to deal
22
time to dealSend
0
time to dealReceive
20524
time to agree
1225
time to send multicast complaint
0
# complaints received in multicast
0
time to receive multicast complaint
10042
adjust time to finish multicast
11267
time to wait after receiving all multicast complaints
733
time to verify multicast complaint
0
# complaints send in broadcast
0
time to broadcast complaint
1
time to broadcastReceive
20100
time to receive relayed complaints from blockchain
30000
# complaints received in broadcast
0
time to verify complaints from blockchain
0
time to compute pk, sk share and pk share
1
total time:
72006
total idle cost:
733
protocol cost:
71273
total communication cost:
70021
total computation cost:
1248
generateKeys,1;deal,22;verifyMulticast,0;verifyBroadcast,0;agree,1225;
total data:
128476
120934
2
total send:
0
0
0
total receive:
128476
120934
2
