time to deal
14
time to dealSend
0
time to dealReceive
20623
time to agree
1225
time to send multicast complaint
0
# complaints received in multicast
0
time to receive multicast complaint
10035
adjust time to finish multicast
11260
time to wait after receiving all multicast complaints
740
time to verify multicast complaint
0
time to broadcast complaint
1
time to broadcastReceive
20120
time to receive relayed complaints from blockchain
30001
# complaints received in broadcast
0
time to verify complaints from blockchain
0
time to compute pk, sk share and pk share
2
total time:
72007
total idle cost:
740
protocol cost:
71267
total communication cost:
70023
total computation cost:
1241
generateKeys,2;deal,14;verifyMulticast,0;verifyBroadcast,0;agree,1225;
total data:
128476
120934
2
total send:
0
0
0
total receive:
128476
120934
2
