time to deal
224
time to dealSend
3
time to dealReceive
20405
time to agree
1165
time to send multicast complaint
0
# complaints received in multicast
0
time to receive multicast complaint
10044
adjust time to finish multicast
11209
time to wait after receiving all multicast complaints
791
time to verify multicast complaint
0
# complaints send in broadcast
0
time to broadcast complaint
2
time to broadcastReceive
20120
time to receive relayed complaints from blockchain
30000
# complaints received in broadcast
0
time to verify complaints from blockchain
0
time to compute pk, sk share and pk share
1
total time:
72006
total idle cost:
791
protocol cost:
71215
total communication cost:
69823
total computation cost:
1390
generateKeys,1;deal,224;verifyMulticast,0;verifyBroadcast,0;agree,1165;
total data:
133251
125415
3
total send:
4775
4481
1
total receive:
128476
120934
2
