time to deal
198
time to dealSend
4
time to dealReceive
20416
time to agree
1109
time to send multicast complaint
0
# complaints received in multicast
0
time to receive multicast complaint
10043
adjust time to finish multicast
11152
time to wait after receiving all multicast complaints
848
time to verify multicast complaint
0
# complaints send in broadcast
0
time to broadcast complaint
1
time to broadcastReceive
20117
time to receive relayed complaints from blockchain
30000
# complaints received in broadcast
0
time to verify complaints from blockchain
0
time to compute pk, sk share and pk share
1
total time:
72010
total idle cost:
848
protocol cost:
71162
total communication cost:
69847
total computation cost:
1308
generateKeys,1;deal,198;verifyMulticast,0;verifyBroadcast,0;agree,1109;
total data:
133249
125413
3
total send:
4773
4479
1
total receive:
128476
120934
2
