time to deal
19
time to dealSend
0
time to dealReceive
20634
time to agree
1274
time to send multicast complaint
0
# complaints received in multicast
0
time to receive multicast complaint
10038
adjust time to finish multicast
11312
time to wait after receiving all multicast complaints
688
time to verify multicast complaint
0
time to broadcast complaint
1
time to broadcastReceive
20124
time to receive relayed complaints from blockchain
30000
# complaints received in broadcast
0
time to verify complaints from blockchain
0
time to compute pk, sk share and pk share
1
total time:
72006
total idle cost:
688
protocol cost:
71318
total communication cost:
70020
total computation cost:
1294
generateKeys,1;deal,19;verifyMulticast,0;verifyBroadcast,0;agree,1274;
total data:
128476
120934
2
total send:
0
0
0
total receive:
128476
120934
2
