time to deal
185
time to dealSend
3
time to dealReceive
20483
time to agree
1122
time to send multicast complaint
0
# complaints received in multicast
0
time to receive multicast complaint
10036
adjust time to finish multicast
11158
time to wait after receiving all multicast complaints
842
time to verify multicast complaint
0
time to broadcast complaint
1
time to broadcastReceive
20125
time to receive relayed complaints from blockchain
30001
# complaints received in broadcast
0
time to verify complaints from blockchain
0
time to compute pk, sk share and pk share
1
total time:
72007
total idle cost:
842
protocol cost:
71165
total communication cost:
69853
total computation cost:
1308
generateKeys,1;deal,185;verifyMulticast,0;verifyBroadcast,0;agree,1122;
total data:
133254
125418
3
total send:
4778
4484
1
total receive:
128476
120934
2
