time to deal
206
time to dealSend
1
time to dealReceive
20492
time to agree
1117
time to send multicast complaint
0
# complaints received in multicast
0
time to receive multicast complaint
10045
adjust time to finish multicast
11162
time to wait after receiving all multicast complaints
838
time to verify multicast complaint
0
time to broadcast complaint
1
time to broadcastReceive
20128
time to receive relayed complaints from blockchain
30000
# complaints received in broadcast
0
time to verify complaints from blockchain
0
time to compute pk, sk share and pk share
1
total time:
72006
total idle cost:
838
protocol cost:
71168
total communication cost:
69840
total computation cost:
1324
generateKeys,1;deal,206;verifyMulticast,0;verifyBroadcast,0;agree,1117;
total data:
133254
125418
3
total send:
4778
4484
1
total receive:
128476
120934
2
