time to deal
201
time to dealSend
5
time to dealReceive
20366
time to agree
1118
time to send multicast complaint
0
# complaints received in multicast
0
time to receive multicast complaint
10049
adjust time to finish multicast
11167
time to wait after receiving all multicast complaints
833
time to verify multicast complaint
0
time to broadcast complaint
1
time to broadcastReceive
20107
time to receive relayed complaints from blockchain
30000
# complaints received in broadcast
0
time to verify complaints from blockchain
0
time to compute pk, sk share and pk share
2
total time:
72008
total idle cost:
833
protocol cost:
71175
total communication cost:
69850
total computation cost:
1321
generateKeys,2;deal,201;verifyMulticast,0;verifyBroadcast,0;agree,1118;
total data:
133247
125411
3
total send:
4771
4477
1
total receive:
128476
120934
2
