time to deal
16
time to dealSend
0
time to dealReceive
20651
time to agree
1209
time to send multicast complaint
0
# complaints received in multicast
0
time to receive multicast complaint
10053
adjust time to finish multicast
11262
time to wait after receiving all multicast complaints
738
time to verify multicast complaint
0
# complaints send in broadcast
0
time to broadcast complaint
1
time to broadcastReceive
20126
time to receive relayed complaints from blockchain
30000
# complaints received in broadcast
0
time to verify complaints from blockchain
0
time to compute pk, sk share and pk share
3
total time:
72007
total idle cost:
738
protocol cost:
71269
total communication cost:
70038
total computation cost:
1228
generateKeys,3;deal,16;verifyMulticast,0;verifyBroadcast,0;agree,1209;
total data:
128476
120934
2
total send:
0
0
0
total receive:
128476
120934
2
