time to deal
16
time to dealSend
0
time to dealReceive
20616
time to agree
1242
time to send multicast complaint
0
# complaints received in multicast
0
time to receive multicast complaint
10042
adjust time to finish multicast
11284
time to wait after receiving all multicast complaints
716
time to verify multicast complaint
0
time to broadcast complaint
1
time to broadcastReceive
20120
time to receive relayed complaints from blockchain
30000
# complaints received in broadcast
0
time to verify complaints from blockchain
0
time to compute pk, sk share and pk share
1
total time:
72006
total idle cost:
716
protocol cost:
71290
total communication cost:
70028
total computation cost:
1259
generateKeys,1;deal,16;verifyMulticast,0;verifyBroadcast,0;agree,1242;
total data:
128476
120934
2
total send:
0
0
0
total receive:
128476
120934
2
