time to deal
191
time to dealSend
3
time to dealReceive
20379
time to agree
1202
time to send multicast complaint
0
# complaints received in multicast
0
time to receive multicast complaint
10038
adjust time to finish multicast
11240
time to wait after receiving all multicast complaints
760
time to verify multicast complaint
0
time to broadcast complaint
1
time to broadcastReceive
20107
time to receive relayed complaints from blockchain
30000
# complaints received in broadcast
0
time to verify complaints from blockchain
0
time to compute pk, sk share and pk share
1
total time:
72007
total idle cost:
760
protocol cost:
71247
total communication cost:
69848
total computation cost:
1394
generateKeys,1;deal,191;verifyMulticast,0;verifyBroadcast,0;agree,1202;
total data:
133253
125417
3
total send:
4777
4483
1
total receive:
128476
120934
2
