time to deal
167
time to dealSend
1
time to dealReceive
20522
time to agree
1198
time to send multicast complaint
0
# complaints received in multicast
0
time to receive multicast complaint
10043
adjust time to finish multicast
11241
time to wait after receiving all multicast complaints
759
time to verify multicast complaint
0
time to broadcast complaint
1
time to broadcastReceive
20127
time to receive relayed complaints from blockchain
30000
# complaints received in broadcast
0
time to verify complaints from blockchain
0
time to compute pk, sk share and pk share
1
total time:
72007
total idle cost:
759
protocol cost:
71248
total communication cost:
69877
total computation cost:
1366
generateKeys,1;deal,167;verifyMulticast,0;verifyBroadcast,0;agree,1198;
total data:
133251
125415
3
total send:
4775
4481
1
total receive:
128476
120934
2
