time to deal
12
time to dealSend
0
time to dealReceive
21667
time to agree
5725
time to send multicast complaint
0
# complaints received in multicast
0
time to receive multicast complaint
10097
adjust time to finish multicast
15822
time to wait after receiving all multicast complaints
-3822
time to verify multicast complaint
0
time to broadcast complaint
2
time to broadcastReceive
16301
time to receive relayed complaints from blockchain
30001
# complaints received in broadcast
0
time to verify complaints from blockchain
0
time to compute pk, sk share and pk share
1
total time:
75829
total idle cost:
0
protocol cost:
75829
total communication cost:
70088
total computation cost:
5738
generateKeys,1;deal,12;verifyMulticast,0;verifyBroadcast,0;agree,5725;
total data:
687998
648216
2
total send:
0
0
0
total receive:
687998
648216
2
