time to deal
461
time to dealSend
8
time to dealReceive
20805
time to agree
5921
time to send multicast complaint
0
# complaints received in multicast
0
time to receive multicast complaint
10083
adjust time to finish multicast
16004
time to wait after receiving all multicast complaints
-4004
time to verify multicast complaint
0
time to broadcast complaint
1
time to broadcastReceive
16097
time to receive relayed complaints from blockchain
30001
# complaints received in broadcast
0
time to verify complaints from blockchain
0
time to compute pk, sk share and pk share
1
total time:
76010
total idle cost:
0
protocol cost:
76010
total communication cost:
69624
total computation cost:
6383
generateKeys,1;deal,461;verifyMulticast,0;verifyBroadcast,0;agree,5921;
total data:
706123
665273
3
total send:
18121
17057
1
total receive:
688002
648216
2
