time to deal
14
time to dealSend
0
time to dealReceive
21947
time to agree
6123
time to send multicast complaint
0
# complaints received in multicast
0
time to receive multicast complaint
10071
adjust time to finish multicast
16194
time to wait after receiving all multicast complaints
-4194
time to verify multicast complaint
0
time to broadcast complaint
1
time to broadcastReceive
15931
time to receive relayed complaints from blockchain
30001
# complaints received in broadcast
0
time to verify complaints from blockchain
0
time to compute pk, sk share and pk share
1
total time:
76199
total idle cost:
0
protocol cost:
76199
total communication cost:
70059
total computation cost:
6138
generateKeys,1;deal,14;verifyMulticast,0;verifyBroadcast,0;agree,6123;
total data:
688002
648216
2
total send:
0
0
0
total receive:
688002
648216
2
