time to deal
12
time to dealSend
0
time to dealReceive
21789
time to agree
5565
time to send multicast complaint
0
# complaints received in multicast
0
time to receive multicast complaint
10075
adjust time to finish multicast
15640
time to wait after receiving all multicast complaints
-3640
time to verify multicast complaint
0
time to broadcast complaint
1
time to broadcastReceive
16484
time to receive relayed complaints from blockchain
30000
# complaints received in broadcast
0
time to verify complaints from blockchain
0
time to compute pk, sk share and pk share
2
total time:
75646
total idle cost:
0
protocol cost:
75646
total communication cost:
70064
total computation cost:
5579
generateKeys,2;deal,12;verifyMulticast,0;verifyBroadcast,0;agree,5565;
total data:
688004
648216
2
total send:
0
0
0
total receive:
688004
648216
2
