time to deal
14
time to dealSend
0
time to dealReceive
21498
time to agree
5738
time to send multicast complaint
0
# complaints received in multicast
0
time to receive multicast complaint
10070
adjust time to finish multicast
15808
time to wait after receiving all multicast complaints
-3808
time to verify multicast complaint
0
time to broadcast complaint
1
time to broadcastReceive
16319
time to receive relayed complaints from blockchain
30000
# complaints received in broadcast
0
time to verify complaints from blockchain
0
time to compute pk, sk share and pk share
2
total time:
75813
total idle cost:
0
protocol cost:
75813
total communication cost:
70057
total computation cost:
5754
generateKeys,2;deal,14;verifyMulticast,0;verifyBroadcast,0;agree,5738;
total data:
688004
648216
2
total send:
0
0
0
total receive:
688004
648216
2
