time to deal
15
time to dealSend
0
time to dealReceive
22050
time to agree
5797
time to send multicast complaint
0
# complaints received in multicast
0
time to receive multicast complaint
10073
adjust time to finish multicast
15870
time to wait after receiving all multicast complaints
-3870
time to verify multicast complaint
0
time to broadcast complaint
1
time to broadcastReceive
16254
time to receive relayed complaints from blockchain
30000
# complaints received in broadcast
0
time to verify complaints from blockchain
0
time to compute pk, sk share and pk share
1
total time:
75874
total idle cost:
0
protocol cost:
75874
total communication cost:
70059
total computation cost:
5813
generateKeys,1;deal,15;verifyMulticast,0;verifyBroadcast,0;agree,5797;
total data:
688004
648216
2
total send:
0
0
0
total receive:
688004
648216
2
