time to deal
21
time to dealSend
0
time to dealReceive
21473
time to agree
5599
time to send multicast complaint
0
# complaints received in multicast
0
time to receive multicast complaint
10093
adjust time to finish multicast
15692
time to wait after receiving all multicast complaints
-3692
time to verify multicast complaint
0
time to broadcast complaint
1
time to broadcastReceive
16432
time to receive relayed complaints from blockchain
30001
# complaints received in broadcast
0
time to verify complaints from blockchain
0
time to compute pk, sk share and pk share
1
total time:
75699
total idle cost:
0
protocol cost:
75699
total communication cost:
70075
total computation cost:
5621
generateKeys,1;deal,21;verifyMulticast,0;verifyBroadcast,0;agree,5599;
total data:
688004
648216
2
total send:
0
0
0
total receive:
688004
648216
2
