time to deal
16
time to dealSend
0
time to dealReceive
21347
time to agree
5535
time to send multicast complaint
0
# complaints received in multicast
0
time to receive multicast complaint
10075
adjust time to finish multicast
15610
time to wait after receiving all multicast complaints
-3610
time to verify multicast complaint
0
# complaints send in broadcast
0
time to broadcast complaint
1
time to broadcastReceive
16494
time to receive relayed complaints from blockchain
30000
# complaints received in broadcast
0
time to verify complaints from blockchain
0
time to compute pk, sk share and pk share
1
total time:
75614
total idle cost:
0
protocol cost:
75614
total communication cost:
70060
total computation cost:
5552
generateKeys,1;deal,16;verifyMulticast,0;verifyBroadcast,0;agree,5535;
total data:
688004
648216
2
total send:
0
0
0
total receive:
688004
648216
2
