time to deal
398
time to dealSend
4
time to dealReceive
20827
time to agree
5586
time to send multicast complaint
0
# complaints received in multicast
0
time to receive multicast complaint
10076
adjust time to finish multicast
15662
time to wait after receiving all multicast complaints
-3662
time to verify multicast complaint
0
# complaints send in broadcast
0
time to broadcast complaint
1
time to broadcastReceive
16458
time to receive relayed complaints from blockchain
30000
# complaints received in broadcast
0
time to verify complaints from blockchain
0
time to compute pk, sk share and pk share
2
total time:
75670
total idle cost:
0
protocol cost:
75670
total communication cost:
69679
total computation cost:
5986
generateKeys,2;deal,398;verifyMulticast,0;verifyBroadcast,0;agree,5586;
total data:
706123
665270
3
total send:
18119
17054
1
total receive:
688004
648216
2
