time to deal
13
time to dealSend
0
time to dealReceive
21893
time to agree
5951
time to send multicast complaint
0
# complaints received in multicast
0
time to receive multicast complaint
10077
adjust time to finish multicast
16028
time to wait after receiving all multicast complaints
-4028
time to verify multicast complaint
0
time to broadcast complaint
1
time to broadcastReceive
16077
time to receive relayed complaints from blockchain
30001
# complaints received in broadcast
0
time to verify complaints from blockchain
0
time to compute pk, sk share and pk share
1
total time:
76033
total idle cost:
0
protocol cost:
76033
total communication cost:
70066
total computation cost:
5965
generateKeys,1;deal,13;verifyMulticast,0;verifyBroadcast,0;agree,5951;
total data:
688004
648216
2
total send:
0
0
0
total receive:
688004
648216
2
