time to deal
393
time to dealSend
6
time to dealReceive
21946
time to agree
5638
time to send multicast complaint
0
# complaints received in multicast
0
time to receive multicast complaint
10076
adjust time to finish multicast
15714
time to wait after receiving all multicast complaints
-3714
time to verify multicast complaint
0
time to broadcast complaint
1
time to broadcastReceive
16398
time to receive relayed complaints from blockchain
30000
# complaints received in broadcast
0
time to verify complaints from blockchain
0
time to compute pk, sk share and pk share
2
total time:
75720
total idle cost:
0
protocol cost:
75720
total communication cost:
69684
total computation cost:
6033
generateKeys,2;deal,393;verifyMulticast,0;verifyBroadcast,0;agree,5638;
total data:
706143
665290
3
total send:
18139
17074
1
total receive:
688004
648216
2
