time to deal
20
time to dealSend
0
time to dealReceive
22706
time to agree
5993
time to send multicast complaint
0
# complaints received in multicast
0
time to receive multicast complaint
10072
adjust time to finish multicast
16065
time to wait after receiving all multicast complaints
-4065
time to verify multicast complaint
0
time to broadcast complaint
1
time to broadcastReceive
16066
time to receive relayed complaints from blockchain
30001
# complaints received in broadcast
0
time to verify complaints from blockchain
0
time to compute pk, sk share and pk share
1
total time:
76071
total idle cost:
0
protocol cost:
76071
total communication cost:
70055
total computation cost:
6014
generateKeys,1;deal,20;verifyMulticast,0;verifyBroadcast,0;agree,5993;
total data:
688004
648216
2
total send:
0
0
0
total receive:
688004
648216
2
