time to deal
14
time to dealSend
0
time to dealReceive
21711
time to agree
5665
time to send multicast complaint
0
# complaints received in multicast
0
time to receive multicast complaint
10068
adjust time to finish multicast
15733
time to wait after receiving all multicast complaints
-3733
time to verify multicast complaint
0
time to broadcast complaint
1
time to broadcastReceive
16393
time to receive relayed complaints from blockchain
30000
# complaints received in broadcast
0
time to verify complaints from blockchain
0
time to compute pk, sk share and pk share
1
total time:
75738
total idle cost:
0
protocol cost:
75738
total communication cost:
70055
total computation cost:
5680
generateKeys,1;deal,14;verifyMulticast,0;verifyBroadcast,0;agree,5665;
total data:
688004
648216
2
total send:
0
0
0
total receive:
688004
648216
2
