time to deal
389
time to dealSend
2
time to dealReceive
22010
time to agree
6222
time to send multicast complaint
0
# complaints received in multicast
0
time to receive multicast complaint
10090
adjust time to finish multicast
16312
time to wait after receiving all multicast complaints
-4312
time to verify multicast complaint
0
time to broadcast complaint
1
time to broadcastReceive
15805
time to receive relayed complaints from blockchain
30001
# complaints received in broadcast
0
time to verify complaints from blockchain
0
time to compute pk, sk share and pk share
2
total time:
76319
total idle cost:
0
protocol cost:
76319
total communication cost:
69703
total computation cost:
6613
generateKeys,2;deal,389;verifyMulticast,0;verifyBroadcast,0;agree,6222;
total data:
706139
665286
3
total send:
18135
17070
1
total receive:
688004
648216
2
