time to deal
13
time to dealSend
0
time to dealReceive
21953
time to agree
5579
time to send multicast complaint
0
# complaints received in multicast
0
time to receive multicast complaint
10079
adjust time to finish multicast
15658
time to wait after receiving all multicast complaints
-3658
time to verify multicast complaint
0
time to broadcast complaint
1
time to broadcastReceive
16448
time to receive relayed complaints from blockchain
30000
# complaints received in broadcast
0
time to verify complaints from blockchain
0
time to compute pk, sk share and pk share
2
total time:
75664
total idle cost:
0
protocol cost:
75664
total communication cost:
70067
total computation cost:
5594
generateKeys,2;deal,13;verifyMulticast,0;verifyBroadcast,0;agree,5579;
total data:
688002
648216
2
total send:
0
0
0
total receive:
688002
648216
2
