time to deal
485
time to dealSend
13
time to dealReceive
21595
time to agree
5367
time to send multicast complaint
0
# complaints received in multicast
0
time to receive multicast complaint
10079
adjust time to finish multicast
15446
time to wait after receiving all multicast complaints
-3446
time to verify multicast complaint
0
time to broadcast complaint
1
time to broadcastReceive
16684
time to receive relayed complaints from blockchain
30000
# complaints received in broadcast
0
time to verify complaints from blockchain
0
time to compute pk, sk share and pk share
1
total time:
75452
total idle cost:
0
protocol cost:
75452
total communication cost:
69596
total computation cost:
5853
generateKeys,1;deal,485;verifyMulticast,0;verifyBroadcast,0;agree,5367;
total data:
706134
665281
3
total send:
18130
17065
1
total receive:
688004
648216
2
