time to deal
18
time to dealSend
0
time to dealReceive
21638
time to agree
5699
time to send multicast complaint
0
# complaints received in multicast
0
time to receive multicast complaint
10078
adjust time to finish multicast
15777
time to wait after receiving all multicast complaints
-3777
time to verify multicast complaint
0
# complaints send in broadcast
0
time to broadcast complaint
1
time to broadcastReceive
16345
time to receive relayed complaints from blockchain
30000
# complaints received in broadcast
0
time to verify complaints from blockchain
0
time to compute pk, sk share and pk share
1
total time:
75783
total idle cost:
0
protocol cost:
75783
total communication cost:
70061
total computation cost:
5718
generateKeys,1;deal,18;verifyMulticast,0;verifyBroadcast,0;agree,5699;
total data:
688004
648216
2
total send:
0
0
0
total receive:
688004
648216
2
