time to deal
12
time to dealSend
0
time to dealReceive
22423
time to agree
5841
time to send multicast complaint
0
# complaints received in multicast
0
time to receive multicast complaint
10081
adjust time to finish multicast
15922
time to wait after receiving all multicast complaints
-3922
time to verify multicast complaint
0
time to broadcast complaint
1
time to broadcastReceive
16199
time to receive relayed complaints from blockchain
30000
# complaints received in broadcast
0
time to verify complaints from blockchain
0
time to compute pk, sk share and pk share
1
total time:
75927
total idle cost:
0
protocol cost:
75927
total communication cost:
70070
total computation cost:
5854
generateKeys,1;deal,12;verifyMulticast,0;verifyBroadcast,0;agree,5841;
total data:
688004
648216
2
total send:
0
0
0
total receive:
688004
648216
2
