time to deal
449
time to dealSend
5
time to dealReceive
21781
time to agree
5594
time to send multicast complaint
0
# complaints received in multicast
0
time to receive multicast complaint
10074
adjust time to finish multicast
15668
time to wait after receiving all multicast complaints
-3668
time to verify multicast complaint
0
time to broadcast complaint
1
time to broadcastReceive
16469
time to receive relayed complaints from blockchain
30000
# complaints received in broadcast
0
time to verify complaints from blockchain
0
time to compute pk, sk share and pk share
1
total time:
75673
total idle cost:
0
protocol cost:
75673
total communication cost:
69626
total computation cost:
6044
generateKeys,1;deal,449;verifyMulticast,0;verifyBroadcast,0;agree,5594;
total data:
706135
665282
3
total send:
18131
17066
1
total receive:
688004
648216
2
