time to deal
14
time to dealSend
0
time to dealReceive
22254
time to agree
5519
time to send multicast complaint
0
# complaints received in multicast
0
time to receive multicast complaint
10071
adjust time to finish multicast
15590
time to wait after receiving all multicast complaints
-3590
time to verify multicast complaint
0
# complaints send in broadcast
0
time to broadcast complaint
1
time to broadcastReceive
16537
time to receive relayed complaints from blockchain
30001
# complaints received in broadcast
0
time to verify complaints from blockchain
0
time to compute pk, sk share and pk share
1
total time:
75596
total idle cost:
0
protocol cost:
75596
total communication cost:
70059
total computation cost:
5534
generateKeys,1;deal,14;verifyMulticast,0;verifyBroadcast,0;agree,5519;
total data:
688002
648216
2
total send:
0
0
0
total receive:
688002
648216
2
