time to deal
19
time to dealSend
0
time to dealReceive
22227
time to agree
5794
time to send multicast complaint
0
# complaints received in multicast
0
time to receive multicast complaint
10073
adjust time to finish multicast
15867
time to wait after receiving all multicast complaints
-3867
time to verify multicast complaint
0
# complaints send in broadcast
0
time to broadcast complaint
1
time to broadcastReceive
16272
time to receive relayed complaints from blockchain
30000
# complaints received in broadcast
0
time to verify complaints from blockchain
0
time to compute pk, sk share and pk share
1
total time:
75871
total idle cost:
0
protocol cost:
75871
total communication cost:
70055
total computation cost:
5814
generateKeys,1;deal,19;verifyMulticast,0;verifyBroadcast,0;agree,5794;
total data:
688002
648216
2
total send:
0
0
0
total receive:
688002
648216
2
