time to deal
415
time to dealSend
7
time to dealReceive
22175
time to agree
5681
time to send multicast complaint
0
# complaints received in multicast
0
time to receive multicast complaint
10078
adjust time to finish multicast
15759
time to wait after receiving all multicast complaints
-3759
time to verify multicast complaint
0
time to broadcast complaint
1
time to broadcastReceive
16376
time to receive relayed complaints from blockchain
30000
# complaints received in broadcast
0
time to verify complaints from blockchain
0
time to compute pk, sk share and pk share
1
total time:
75764
total idle cost:
0
protocol cost:
75764
total communication cost:
69664
total computation cost:
6097
generateKeys,1;deal,415;verifyMulticast,0;verifyBroadcast,0;agree,5681;
total data:
706123
665273
3
total send:
18121
17057
1
total receive:
688002
648216
2
