time to deal
12
time to dealSend
0
time to dealReceive
22599
time to agree
5570
time to send multicast complaint
0
# complaints received in multicast
0
time to receive multicast complaint
10086
adjust time to finish multicast
15656
time to wait after receiving all multicast complaints
-3656
time to verify multicast complaint
0
# complaints send in broadcast
0
time to broadcast complaint
1
time to broadcastReceive
16467
time to receive relayed complaints from blockchain
30000
# complaints received in broadcast
0
time to verify complaints from blockchain
0
time to compute pk, sk share and pk share
1
total time:
75660
total idle cost:
0
protocol cost:
75660
total communication cost:
70075
total computation cost:
5583
generateKeys,1;deal,12;verifyMulticast,0;verifyBroadcast,0;agree,5570;
total data:
688002
648216
2
total send:
0
0
0
total receive:
688002
648216
2
