time to deal
12
time to dealSend
0
time to dealReceive
22800
time to agree
5563
time to send multicast complaint
0
# complaints received in multicast
0
time to receive multicast complaint
10101
adjust time to finish multicast
15664
time to wait after receiving all multicast complaints
-3664
time to verify multicast complaint
0
time to broadcast complaint
1
time to broadcastReceive
16472
time to receive relayed complaints from blockchain
30000
# complaints received in broadcast
0
time to verify complaints from blockchain
0
time to compute pk, sk share and pk share
2
total time:
75669
total idle cost:
0
protocol cost:
75669
total communication cost:
70090
total computation cost:
5577
generateKeys,2;deal,12;verifyMulticast,0;verifyBroadcast,0;agree,5563;
total data:
688002
648216
2
total send:
0
0
0
total receive:
688002
648216
2
