time to deal
443
time to dealSend
10
time to dealReceive
22339
time to agree
5342
time to send multicast complaint
0
# complaints received in multicast
0
time to receive multicast complaint
10076
adjust time to finish multicast
15418
time to wait after receiving all multicast complaints
-3418
time to verify multicast complaint
0
# complaints send in broadcast
0
time to broadcast complaint
1
time to broadcastReceive
16716
time to receive relayed complaints from blockchain
30000
# complaints received in broadcast
0
time to verify complaints from blockchain
0
time to compute pk, sk share and pk share
1
total time:
75424
total idle cost:
0
protocol cost:
75424
total communication cost:
69634
total computation cost:
5786
generateKeys,1;deal,443;verifyMulticast,0;verifyBroadcast,0;agree,5342;
total data:
706129
665279
3
total send:
18127
17063
1
total receive:
688002
648216
2
