time to deal
12
time to dealSend
0
time to dealReceive
22305
time to agree
5739
time to send multicast complaint
0
# complaints received in multicast
0
time to receive multicast complaint
10095
adjust time to finish multicast
15834
time to wait after receiving all multicast complaints
-3834
time to verify multicast complaint
0
time to broadcast complaint
1
time to broadcastReceive
16300
time to receive relayed complaints from blockchain
30000
# complaints received in broadcast
0
time to verify complaints from blockchain
0
time to compute pk, sk share and pk share
2
total time:
75840
total idle cost:
0
protocol cost:
75840
total communication cost:
70084
total computation cost:
5753
generateKeys,2;deal,12;verifyMulticast,0;verifyBroadcast,0;agree,5739;
total data:
688002
648216
2
total send:
0
0
0
total receive:
688002
648216
2
