time to deal
37
time to dealSend
0
time to dealReceive
21225
time to agree
6231
time to send multicast complaint
0
# complaints received in multicast
0
time to receive multicast complaint
10100
adjust time to finish multicast
16331
time to wait after receiving all multicast complaints
-4331
time to verify multicast complaint
0
time to broadcast complaint
2
time to broadcastReceive
15771
time to receive relayed complaints from blockchain
30000
# complaints received in broadcast
0
time to verify complaints from blockchain
0
time to compute pk, sk share and pk share
1
total time:
76336
total idle cost:
0
protocol cost:
76336
total communication cost:
70066
total computation cost:
6269
generateKeys,1;deal,37;verifyMulticast,0;verifyBroadcast,0;agree,6231;
total data:
706100
665268
2
total send:
0
0
0
total receive:
706100
665268
2
