time to deal
14
time to dealSend
0
time to dealReceive
21633
time to agree
5942
time to send multicast complaint
0
# complaints received in multicast
0
time to receive multicast complaint
10078
adjust time to finish multicast
16020
time to wait after receiving all multicast complaints
-4020
time to verify multicast complaint
0
time to broadcast complaint
1
time to broadcastReceive
16084
time to receive relayed complaints from blockchain
30000
# complaints received in broadcast
0
time to verify complaints from blockchain
0
time to compute pk, sk share and pk share
1
total time:
76024
total idle cost:
0
protocol cost:
76024
total communication cost:
70065
total computation cost:
5957
generateKeys,1;deal,14;verifyMulticast,0;verifyBroadcast,0;agree,5942;
total data:
706100
665268
2
total send:
0
0
0
total receive:
706100
665268
2
