time to deal
434
time to dealSend
5
time to dealReceive
22074
time to agree
5945
time to send multicast complaint
0
# complaints received in multicast
0
time to receive multicast complaint
10089
adjust time to finish multicast
16034
time to wait after receiving all multicast complaints
-4034
time to verify multicast complaint
0
# complaints send in broadcast
0
time to broadcast complaint
1
time to broadcastReceive
16106
time to receive relayed complaints from blockchain
30000
# complaints received in broadcast
0
time to verify complaints from blockchain
0
time to compute pk, sk share and pk share
2
total time:
76040
total idle cost:
0
protocol cost:
76040
total communication cost:
69656
total computation cost:
6381
generateKeys,2;deal,434;verifyMulticast,0;verifyBroadcast,0;agree,5945;
total data:
724222
682326
3
total send:
18122
17058
1
total receive:
706100
665268
2
