time to deal
464
time to dealSend
5
time to dealReceive
21696
time to agree
5380
time to send multicast complaint
0
# complaints received in multicast
0
time to receive multicast complaint
10110
adjust time to finish multicast
15490
time to wait after receiving all multicast complaints
-3490
time to verify multicast complaint
0
time to broadcast complaint
1
time to broadcastReceive
16653
time to receive relayed complaints from blockchain
30000
# complaints received in broadcast
0
time to verify complaints from blockchain
0
time to compute pk, sk share and pk share
1
total time:
75496
total idle cost:
0
protocol cost:
75496
total communication cost:
69647
total computation cost:
5845
generateKeys,1;deal,464;verifyMulticast,0;verifyBroadcast,0;agree,5380;
total data:
724219
682320
3
total send:
18117
17052
1
total receive:
706102
665268
2
