time to deal
13
time to dealSend
0
time to dealReceive
21310
time to agree
5761
time to send multicast complaint
0
# complaints received in multicast
0
time to receive multicast complaint
10073
adjust time to finish multicast
15834
time to wait after receiving all multicast complaints
-3834
time to verify multicast complaint
0
time to broadcast complaint
1
time to broadcastReceive
16270
time to receive relayed complaints from blockchain
30000
# complaints received in broadcast
0
time to verify complaints from blockchain
0
time to compute pk, sk share and pk share
1
total time:
75838
total idle cost:
0
protocol cost:
75838
total communication cost:
70061
total computation cost:
5775
generateKeys,1;deal,13;verifyMulticast,0;verifyBroadcast,0;agree,5761;
total data:
706102
665268
2
total send:
0
0
0
total receive:
706102
665268
2
