time to deal
452
time to dealSend
5
time to dealReceive
20978
time to agree
5691
time to send multicast complaint
0
# complaints received in multicast
0
time to receive multicast complaint
10083
adjust time to finish multicast
15774
time to wait after receiving all multicast complaints
-3774
time to verify multicast complaint
0
# complaints send in broadcast
0
time to broadcast complaint
1
time to broadcastReceive
16328
time to receive relayed complaints from blockchain
30000
# complaints received in broadcast
0
time to verify complaints from blockchain
0
time to compute pk, sk share and pk share
1
total time:
75780
total idle cost:
0
protocol cost:
75780
total communication cost:
69632
total computation cost:
6144
generateKeys,1;deal,452;verifyMulticast,0;verifyBroadcast,0;agree,5691;
total data:
724232
682333
3
total send:
18130
17065
1
total receive:
706102
665268
2
