time to deal
19
time to dealSend
0
time to dealReceive
22377
time to agree
5784
time to send multicast complaint
0
# complaints received in multicast
0
time to receive multicast complaint
10085
adjust time to finish multicast
15869
time to wait after receiving all multicast complaints
-3869
time to verify multicast complaint
0
time to broadcast complaint
1
time to broadcastReceive
16278
time to receive relayed complaints from blockchain
30000
# complaints received in broadcast
0
time to verify complaints from blockchain
0
time to compute pk, sk share and pk share
1
total time:
75874
total idle cost:
0
protocol cost:
75874
total communication cost:
70067
total computation cost:
5804
generateKeys,1;deal,19;verifyMulticast,0;verifyBroadcast,0;agree,5784;
total data:
706102
665268
2
total send:
0
0
0
total receive:
706102
665268
2
