time to deal
12
time to dealSend
0
time to dealReceive
22068
time to agree
5959
time to send multicast complaint
0
# complaints received in multicast
0
time to receive multicast complaint
10074
adjust time to finish multicast
16033
time to wait after receiving all multicast complaints
-4033
time to verify multicast complaint
0
time to broadcast complaint
1
time to broadcastReceive
16118
time to receive relayed complaints from blockchain
30000
# complaints received in broadcast
0
time to verify complaints from blockchain
0
time to compute pk, sk share and pk share
1
total time:
76038
total idle cost:
0
protocol cost:
76038
total communication cost:
70064
total computation cost:
5972
generateKeys,1;deal,12;verifyMulticast,0;verifyBroadcast,0;agree,5959;
total data:
706102
665268
2
total send:
0
0
0
total receive:
706102
665268
2
