time to deal
18
time to dealSend
0
time to dealReceive
21863
time to agree
5998
time to send multicast complaint
0
# complaints received in multicast
0
time to receive multicast complaint
10069
adjust time to finish multicast
16067
time to wait after receiving all multicast complaints
-4067
time to verify multicast complaint
0
time to broadcast complaint
1
time to broadcastReceive
16048
time to receive relayed complaints from blockchain
30000
# complaints received in broadcast
0
time to verify complaints from blockchain
0
time to compute pk, sk share and pk share
1
total time:
76072
total idle cost:
0
protocol cost:
76072
total communication cost:
70053
total computation cost:
6017
generateKeys,1;deal,18;verifyMulticast,0;verifyBroadcast,0;agree,5998;
total data:
706102
665268
2
total send:
0
0
0
total receive:
706102
665268
2
