time to deal
18
time to dealSend
0
time to dealReceive
22295
time to agree
5745
time to send multicast complaint
0
# complaints received in multicast
0
time to receive multicast complaint
10072
adjust time to finish multicast
15817
time to wait after receiving all multicast complaints
-3817
time to verify multicast complaint
0
time to broadcast complaint
1
time to broadcastReceive
16323
time to receive relayed complaints from blockchain
30000
# complaints received in broadcast
0
time to verify complaints from blockchain
0
time to compute pk, sk share and pk share
1
total time:
75822
total idle cost:
0
protocol cost:
75822
total communication cost:
70055
total computation cost:
5764
generateKeys,1;deal,18;verifyMulticast,0;verifyBroadcast,0;agree,5745;
total data:
706102
665268
2
total send:
0
0
0
total receive:
706102
665268
2
