time to deal
13
time to dealSend
0
time to dealReceive
22409
time to agree
5828
time to send multicast complaint
0
# complaints received in multicast
0
time to receive multicast complaint
10080
adjust time to finish multicast
15908
time to wait after receiving all multicast complaints
-3908
time to verify multicast complaint
0
time to broadcast complaint
1
time to broadcastReceive
16237
time to receive relayed complaints from blockchain
30001
# complaints received in broadcast
0
time to verify complaints from blockchain
0
time to compute pk, sk share and pk share
1
total time:
75914
total idle cost:
0
protocol cost:
75914
total communication cost:
70069
total computation cost:
5842
generateKeys,1;deal,13;verifyMulticast,0;verifyBroadcast,0;agree,5828;
total data:
706102
665268
2
total send:
0
0
0
total receive:
706102
665268
2
