time to deal
16
time to dealSend
0
time to dealReceive
22095
time to agree
5990
time to send multicast complaint
0
# complaints received in multicast
0
time to receive multicast complaint
10075
adjust time to finish multicast
16065
time to wait after receiving all multicast complaints
-4065
time to verify multicast complaint
0
time to broadcast complaint
1
time to broadcastReceive
16089
time to receive relayed complaints from blockchain
30000
# complaints received in broadcast
0
time to verify complaints from blockchain
0
time to compute pk, sk share and pk share
3
total time:
76072
total idle cost:
0
protocol cost:
76072
total communication cost:
70061
total computation cost:
6009
generateKeys,3;deal,16;verifyMulticast,0;verifyBroadcast,0;agree,5990;
total data:
706102
665268
2
total send:
0
0
0
total receive:
706102
665268
2
