time to deal
17
time to dealSend
0
time to dealReceive
21693
time to agree
5811
time to send multicast complaint
0
# complaints received in multicast
0
time to receive multicast complaint
10075
adjust time to finish multicast
15886
time to wait after receiving all multicast complaints
-3886
time to verify multicast complaint
0
# complaints send in broadcast
0
time to broadcast complaint
1
time to broadcastReceive
16239
time to receive relayed complaints from blockchain
30001
# complaints received in broadcast
0
time to verify complaints from blockchain
0
time to compute pk, sk share and pk share
1
total time:
75892
total idle cost:
0
protocol cost:
75892
total communication cost:
70060
total computation cost:
5829
generateKeys,1;deal,17;verifyMulticast,0;verifyBroadcast,0;agree,5811;
total data:
706102
665268
2
total send:
0
0
0
total receive:
706102
665268
2
