time to deal
15
time to dealSend
0
time to dealReceive
22096
time to agree
6285
time to send multicast complaint
0
# complaints received in multicast
0
time to receive multicast complaint
10086
adjust time to finish multicast
16371
time to wait after receiving all multicast complaints
-4371
time to verify multicast complaint
0
time to broadcast complaint
1
time to broadcastReceive
15782
time to receive relayed complaints from blockchain
30001
# complaints received in broadcast
0
time to verify complaints from blockchain
0
time to compute pk, sk share and pk share
1
total time:
76376
total idle cost:
0
protocol cost:
76376
total communication cost:
70074
total computation cost:
6301
generateKeys,1;deal,15;verifyMulticast,0;verifyBroadcast,0;agree,6285;
total data:
706102
665268
2
total send:
0
0
0
total receive:
706102
665268
2
