time to deal
401
time to dealSend
10
time to dealReceive
21594
time to agree
5639
time to send multicast complaint
0
# complaints received in multicast
0
time to receive multicast complaint
10074
adjust time to finish multicast
15713
time to wait after receiving all multicast complaints
-3713
time to verify multicast complaint
0
time to broadcast complaint
1
time to broadcastReceive
16433
time to receive relayed complaints from blockchain
30000
# complaints received in broadcast
0
time to verify complaints from blockchain
0
time to compute pk, sk share and pk share
2
total time:
75719
total idle cost:
0
protocol cost:
75719
total communication cost:
69674
total computation cost:
6042
generateKeys,2;deal,401;verifyMulticast,0;verifyBroadcast,0;agree,5639;
total data:
724236
682337
3
total send:
18134
17069
1
total receive:
706102
665268
2
