time to deal
23
time to dealSend
0
time to dealReceive
22707
time to agree
5689
time to send multicast complaint
0
# complaints received in multicast
0
time to receive multicast complaint
10083
adjust time to finish multicast
15772
time to wait after receiving all multicast complaints
-3772
time to verify multicast complaint
0
time to broadcast complaint
1
time to broadcastReceive
16384
time to receive relayed complaints from blockchain
30000
# complaints received in broadcast
0
time to verify complaints from blockchain
0
time to compute pk, sk share and pk share
1
total time:
75777
total idle cost:
0
protocol cost:
75777
total communication cost:
70061
total computation cost:
5713
generateKeys,1;deal,23;verifyMulticast,0;verifyBroadcast,0;agree,5689;
total data:
706100
665268
2
total send:
0
0
0
total receive:
706100
665268
2
