time to deal
20
time to dealSend
0
time to dealReceive
24004
time to agree
5959
time to send multicast complaint
0
# complaints received in multicast
0
time to receive multicast complaint
10076
adjust time to finish multicast
16035
time to wait after receiving all multicast complaints
-4035
time to verify multicast complaint
0
time to broadcast complaint
1
time to broadcastReceive
16119
time to receive relayed complaints from blockchain
30000
# complaints received in broadcast
0
time to verify complaints from blockchain
0
time to compute pk, sk share and pk share
2
total time:
76041
total idle cost:
0
protocol cost:
76041
total communication cost:
70058
total computation cost:
5981
generateKeys,2;deal,20;verifyMulticast,0;verifyBroadcast,0;agree,5959;
total data:
706100
665268
2
total send:
0
0
0
total receive:
706100
665268
2
