time to deal
20
time to dealSend
0
time to dealReceive
22495
time to agree
5943
time to send multicast complaint
0
# complaints received in multicast
0
time to receive multicast complaint
10079
adjust time to finish multicast
16022
time to wait after receiving all multicast complaints
-4022
time to verify multicast complaint
0
time to broadcast complaint
1
time to broadcastReceive
16118
time to receive relayed complaints from blockchain
30000
# complaints received in broadcast
0
time to verify complaints from blockchain
0
time to compute pk, sk share and pk share
2
total time:
76028
total idle cost:
0
protocol cost:
76028
total communication cost:
70061
total computation cost:
5965
generateKeys,2;deal,20;verifyMulticast,0;verifyBroadcast,0;agree,5943;
total data:
706100
665268
2
total send:
0
0
0
total receive:
706100
665268
2
