time to deal
411
time to dealSend
11
time to dealReceive
20677
time to agree
4633
time to send multicast complaint
0
# complaints received in multicast
0
time to receive multicast complaint
10062
adjust time to finish multicast
14695
time to wait after receiving all multicast complaints
-2695
time to verify multicast complaint
0
# complaints send in broadcast
0
time to broadcast complaint
0
time to broadcastReceive
17407
time to receive relayed complaints from blockchain
30001
# complaints received in broadcast
0
time to verify complaints from blockchain
0
time to compute pk, sk share and pk share
1
total time:
74701
total idle cost:
0
protocol cost:
74701
total communication cost:
69652
total computation cost:
5045
generateKeys,1;deal,411;verifyMulticast,0;verifyBroadcast,0;agree,4633;
total data:
615609
579989
3
total send:
18144
17080
1
total receive:
597465
562909
2
