time to deal
447
time to dealSend
5
time to dealReceive
20584
time to agree
4602
time to send multicast complaint
0
# complaints received in multicast
0
time to receive multicast complaint
10076
adjust time to finish multicast
14678
time to wait after receiving all multicast complaints
-2678
time to verify multicast complaint
0
time to broadcast complaint
1
time to broadcastReceive
17422
time to receive relayed complaints from blockchain
30000
# complaints received in broadcast
0
time to verify complaints from blockchain
0
time to compute pk, sk share and pk share
1
total time:
74683
total idle cost:
0
protocol cost:
74683
total communication cost:
69630
total computation cost:
5050
generateKeys,1;deal,447;verifyMulticast,0;verifyBroadcast,0;agree,4602;
total data:
615594
579974
3
total send:
18129
17065
1
total receive:
597465
562909
2
