time to deal
21
time to dealSend
0
time to dealReceive
22120
time to agree
4954
time to send multicast complaint
0
# complaints received in multicast
0
time to receive multicast complaint
10070
adjust time to finish multicast
15024
time to wait after receiving all multicast complaints
-3024
time to verify multicast complaint
0
time to broadcast complaint
1
time to broadcastReceive
17106
time to receive relayed complaints from blockchain
30000
# complaints received in broadcast
0
time to verify complaints from blockchain
0
time to compute pk, sk share and pk share
1
total time:
75029
total idle cost:
0
protocol cost:
75029
total communication cost:
70051
total computation cost:
4976
generateKeys,1;deal,21;verifyMulticast,0;verifyBroadcast,0;agree,4954;
total data:
597467
562909
2
total send:
0
0
0
total receive:
597467
562909
2
