time to deal
14
time to dealSend
0
time to dealReceive
21414
time to agree
4984
time to send multicast complaint
0
# complaints received in multicast
0
time to receive multicast complaint
10071
adjust time to finish multicast
15055
time to wait after receiving all multicast complaints
-3055
time to verify multicast complaint
0
# complaints send in broadcast
0
time to broadcast complaint
1
time to broadcastReceive
17046
time to receive relayed complaints from blockchain
30000
# complaints received in broadcast
0
time to verify complaints from blockchain
0
time to compute pk, sk share and pk share
2
total time:
75061
total idle cost:
0
protocol cost:
75061
total communication cost:
70059
total computation cost:
5000
generateKeys,2;deal,14;verifyMulticast,0;verifyBroadcast,0;agree,4984;
total data:
597467
562909
2
total send:
0
0
0
total receive:
597467
562909
2
