time to deal
14
time to dealSend
0
time to dealReceive
21079
time to agree
4958
time to send multicast complaint
0
# complaints received in multicast
0
time to receive multicast complaint
10070
adjust time to finish multicast
15028
time to wait after receiving all multicast complaints
-3028
time to verify multicast complaint
0
time to broadcast complaint
1
time to broadcastReceive
17075
time to receive relayed complaints from blockchain
30000
# complaints received in broadcast
0
time to verify complaints from blockchain
0
time to compute pk, sk share and pk share
1
total time:
75032
total idle cost:
0
protocol cost:
75032
total communication cost:
70057
total computation cost:
4973
generateKeys,1;deal,14;verifyMulticast,0;verifyBroadcast,0;agree,4958;
total data:
597467
562909
2
total send:
0
0
0
total receive:
597467
562909
2
