time to deal
407
time to dealSend
4
time to dealReceive
21327
time to agree
4841
time to send multicast complaint
0
# complaints received in multicast
0
time to receive multicast complaint
10079
adjust time to finish multicast
14920
time to wait after receiving all multicast complaints
-2920
time to verify multicast complaint
0
time to broadcast complaint
1
time to broadcastReceive
17210
time to receive relayed complaints from blockchain
30000
# complaints received in broadcast
0
time to verify complaints from blockchain
0
time to compute pk, sk share and pk share
2
total time:
74927
total idle cost:
0
protocol cost:
74927
total communication cost:
69673
total computation cost:
5250
generateKeys,2;deal,407;verifyMulticast,0;verifyBroadcast,0;agree,4841;
total data:
615582
579959
3
total send:
18115
17050
1
total receive:
597467
562909
2
