time to deal
18
time to dealSend
0
time to dealReceive
22078
time to agree
5102
time to send multicast complaint
0
# complaints received in multicast
0
time to receive multicast complaint
10080
adjust time to finish multicast
15182
time to wait after receiving all multicast complaints
-3182
time to verify multicast complaint
0
time to broadcast complaint
1
time to broadcastReceive
16939
time to receive relayed complaints from blockchain
30000
# complaints received in broadcast
0
time to verify complaints from blockchain
0
time to compute pk, sk share and pk share
1
total time:
75188
total idle cost:
0
protocol cost:
75188
total communication cost:
70064
total computation cost:
5121
generateKeys,1;deal,18;verifyMulticast,0;verifyBroadcast,0;agree,5102;
total data:
597467
562909
2
total send:
0
0
0
total receive:
597467
562909
2
