time to deal
414
time to dealSend
6
time to dealReceive
22255
time to agree
5114
time to send multicast complaint
0
# complaints received in multicast
0
time to receive multicast complaint
10080
adjust time to finish multicast
15194
time to wait after receiving all multicast complaints
-3194
time to verify multicast complaint
0
time to broadcast complaint
0
time to broadcastReceive
16910
time to receive relayed complaints from blockchain
30001
# complaints received in broadcast
0
time to verify complaints from blockchain
0
time to compute pk, sk share and pk share
1
total time:
75200
total idle cost:
0
protocol cost:
75200
total communication cost:
69667
total computation cost:
5529
generateKeys,1;deal,414;verifyMulticast,0;verifyBroadcast,0;agree,5114;
total data:
615593
579970
3
total send:
18126
17061
1
total receive:
597467
562909
2
