time to deal
17
time to dealSend
0
time to dealReceive
22106
time to agree
4901
time to send multicast complaint
0
# complaints received in multicast
0
time to receive multicast complaint
10079
adjust time to finish multicast
14980
time to wait after receiving all multicast complaints
-2980
time to verify multicast complaint
0
time to broadcast complaint
0
time to broadcastReceive
17156
time to receive relayed complaints from blockchain
30000
# complaints received in broadcast
0
time to verify complaints from blockchain
0
time to compute pk, sk share and pk share
1
total time:
74986
total idle cost:
0
protocol cost:
74986
total communication cost:
70062
total computation cost:
4919
generateKeys,1;deal,17;verifyMulticast,0;verifyBroadcast,0;agree,4901;
total data:
597467
562909
2
total send:
0
0
0
total receive:
597467
562909
2
