time to deal
18
time to dealSend
0
time to dealReceive
21338
time to agree
5197
time to send multicast complaint
0
# complaints received in multicast
0
time to receive multicast complaint
10068
adjust time to finish multicast
15265
time to wait after receiving all multicast complaints
-3265
time to verify multicast complaint
0
time to broadcast complaint
1
time to broadcastReceive
16841
time to receive relayed complaints from blockchain
30001
# complaints received in broadcast
0
time to verify complaints from blockchain
0
time to compute pk, sk share and pk share
1
total time:
75271
total idle cost:
0
protocol cost:
75271
total communication cost:
70052
total computation cost:
5216
generateKeys,1;deal,18;verifyMulticast,0;verifyBroadcast,0;agree,5197;
total data:
597467
562909
2
total send:
0
0
0
total receive:
597467
562909
2
