time to deal
14
time to dealSend
0
time to dealReceive
22195
time to agree
4972
time to send multicast complaint
0
# complaints received in multicast
0
time to receive multicast complaint
10073
adjust time to finish multicast
15045
time to wait after receiving all multicast complaints
-3045
time to verify multicast complaint
0
time to broadcast complaint
0
time to broadcastReceive
17087
time to receive relayed complaints from blockchain
30000
# complaints received in broadcast
0
time to verify complaints from blockchain
0
time to compute pk, sk share and pk share
1
total time:
75050
total idle cost:
0
protocol cost:
75050
total communication cost:
70059
total computation cost:
4987
generateKeys,1;deal,14;verifyMulticast,0;verifyBroadcast,0;agree,4972;
total data:
597467
562909
2
total send:
0
0
0
total receive:
597467
562909
2
