time to deal
401
time to dealSend
6
time to dealReceive
21415
time to agree
4758
time to send multicast complaint
0
# complaints received in multicast
0
time to receive multicast complaint
10077
adjust time to finish multicast
14835
time to wait after receiving all multicast complaints
-2835
time to verify multicast complaint
0
time to broadcast complaint
0
time to broadcastReceive
17302
time to receive relayed complaints from blockchain
30000
# complaints received in broadcast
0
time to verify complaints from blockchain
0
time to compute pk, sk share and pk share
2
total time:
74842
total idle cost:
0
protocol cost:
74842
total communication cost:
69676
total computation cost:
5161
generateKeys,2;deal,401;verifyMulticast,0;verifyBroadcast,0;agree,4758;
total data:
615597
579974
3
total send:
18130
17065
1
total receive:
597467
562909
2
