time to deal
393
time to dealSend
5
time to dealReceive
21104
time to agree
4763
time to send multicast complaint
0
# complaints received in multicast
0
time to receive multicast complaint
10099
adjust time to finish multicast
14862
time to wait after receiving all multicast complaints
-2862
time to verify multicast complaint
0
time to broadcast complaint
0
time to broadcastReceive
17241
time to receive relayed complaints from blockchain
30000
# complaints received in broadcast
0
time to verify complaints from blockchain
0
time to compute pk, sk share and pk share
1
total time:
74868
total idle cost:
0
protocol cost:
74868
total communication cost:
69707
total computation cost:
5157
generateKeys,1;deal,393;verifyMulticast,0;verifyBroadcast,0;agree,4763;
total data:
615581
579961
3
total send:
18116
17052
1
total receive:
597465
562909
2
