time to deal
13
time to dealSend
0
time to dealReceive
22064
time to agree
4785
time to send multicast complaint
0
# complaints received in multicast
0
time to receive multicast complaint
10071
adjust time to finish multicast
14856
time to wait after receiving all multicast complaints
-2856
time to verify multicast complaint
0
time to broadcast complaint
0
time to broadcastReceive
17275
time to receive relayed complaints from blockchain
30000
# complaints received in broadcast
0
time to verify complaints from blockchain
0
time to compute pk, sk share and pk share
1
total time:
74862
total idle cost:
0
protocol cost:
74862
total communication cost:
70058
total computation cost:
4799
generateKeys,1;deal,13;verifyMulticast,0;verifyBroadcast,0;agree,4785;
total data:
597465
562909
2
total send:
0
0
0
total receive:
597465
562909
2
