time to deal
14
time to dealSend
0
time to dealReceive
21679
time to agree
5216
time to send multicast complaint
0
# complaints received in multicast
0
time to receive multicast complaint
10105
adjust time to finish multicast
15321
time to wait after receiving all multicast complaints
-3321
time to verify multicast complaint
0
time to broadcast complaint
1
time to broadcastReceive
16798
time to receive relayed complaints from blockchain
30000
# complaints received in broadcast
0
time to verify complaints from blockchain
0
time to compute pk, sk share and pk share
1
total time:
75327
total idle cost:
0
protocol cost:
75327
total communication cost:
70092
total computation cost:
5231
generateKeys,1;deal,14;verifyMulticast,0;verifyBroadcast,0;agree,5216;
total data:
597465
562909
2
total send:
0
0
0
total receive:
597465
562909
2
