time to deal
12
time to dealSend
0
time to dealReceive
22092
time to agree
4949
time to send multicast complaint
0
# complaints received in multicast
0
time to receive multicast complaint
10074
adjust time to finish multicast
15023
time to wait after receiving all multicast complaints
-3023
time to verify multicast complaint
0
time to broadcast complaint
1
time to broadcastReceive
17100
time to receive relayed complaints from blockchain
30000
# complaints received in broadcast
0
time to verify complaints from blockchain
0
time to compute pk, sk share and pk share
1
total time:
75027
total idle cost:
0
protocol cost:
75027
total communication cost:
70063
total computation cost:
4962
generateKeys,1;deal,12;verifyMulticast,0;verifyBroadcast,0;agree,4949;
total data:
597465
562909
2
total send:
0
0
0
total receive:
597465
562909
2
