time to deal
20
time to dealSend
0
time to dealReceive
21952
time to agree
5067
time to send multicast complaint
0
# complaints received in multicast
0
time to receive multicast complaint
10107
adjust time to finish multicast
15174
time to wait after receiving all multicast complaints
-3174
time to verify multicast complaint
0
# complaints send in broadcast
0
time to broadcast complaint
1
time to broadcastReceive
16949
time to receive relayed complaints from blockchain
30000
# complaints received in broadcast
0
time to verify complaints from blockchain
0
time to compute pk, sk share and pk share
2
total time:
75180
total idle cost:
0
protocol cost:
75180
total communication cost:
70088
total computation cost:
5089
generateKeys,2;deal,20;verifyMulticast,0;verifyBroadcast,0;agree,5067;
total data:
597465
562909
2
total send:
0
0
0
total receive:
597465
562909
2
