time to deal
466
time to dealSend
5
time to dealReceive
20906
time to agree
4909
time to send multicast complaint
0
# complaints received in multicast
0
time to receive multicast complaint
10078
adjust time to finish multicast
14987
time to wait after receiving all multicast complaints
-2987
time to verify multicast complaint
0
time to broadcast complaint
1
time to broadcastReceive
17116
time to receive relayed complaints from blockchain
30000
# complaints received in broadcast
0
time to verify complaints from blockchain
0
time to compute pk, sk share and pk share
1
total time:
74993
total idle cost:
0
protocol cost:
74993
total communication cost:
69614
total computation cost:
5376
generateKeys,1;deal,466;verifyMulticast,0;verifyBroadcast,0;agree,4909;
total data:
615582
579962
3
total send:
18117
17053
1
total receive:
597465
562909
2
