time to deal
401
time to dealSend
7
time to dealReceive
21131
time to agree
4774
time to send multicast complaint
0
# complaints received in multicast
0
time to receive multicast complaint
10117
adjust time to finish multicast
14891
time to wait after receiving all multicast complaints
-2891
time to verify multicast complaint
0
time to broadcast complaint
1
time to broadcastReceive
17228
time to receive relayed complaints from blockchain
30000
# complaints received in broadcast
0
time to verify complaints from blockchain
0
time to compute pk, sk share and pk share
1
total time:
74896
total idle cost:
0
protocol cost:
74896
total communication cost:
69717
total computation cost:
5176
generateKeys,1;deal,401;verifyMulticast,0;verifyBroadcast,0;agree,4774;
total data:
615591
579971
3
total send:
18126
17062
1
total receive:
597465
562909
2
