time to deal
24
time to dealSend
0
time to dealReceive
21837
time to agree
4832
time to send multicast complaint
0
# complaints received in multicast
0
time to receive multicast complaint
10071
adjust time to finish multicast
14903
time to wait after receiving all multicast complaints
-2903
time to verify multicast complaint
0
time to broadcast complaint
1
time to broadcastReceive
17221
time to receive relayed complaints from blockchain
30001
# complaints received in broadcast
0
time to verify complaints from blockchain
0
time to compute pk, sk share and pk share
1
total time:
74908
total idle cost:
0
protocol cost:
74908
total communication cost:
70049
total computation cost:
4857
generateKeys,1;deal,24;verifyMulticast,0;verifyBroadcast,0;agree,4832;
total data:
597465
562909
2
total send:
0
0
0
total receive:
597465
562909
2
