time to deal
17
time to dealSend
0
time to dealReceive
21097
time to agree
3135
time to send multicast complaint
58
# complaints received in multicast
2304
time to receive multicast complaint
494
adjust time to finish multicast
3687
time to wait after receiving all multicast complaints
8313
time to verify multicast complaint
2
time to broadcast complaint
1
time to broadcastReceive
20121
time to receive relayed complaints from blockchain
29998
# complaints received in broadcast
504
time to verify complaints from blockchain
52
time to compute pk, sk share and pk share
1
total time:
72059
total idle cost:
8313
protocol cost:
63746
total communication cost:
60534
total computation cost:
3207
generateKeys,1;deal,17;verifyMulticast,2;verifyBroadcast,52;agree,3135;
total data:
893491
816315
256
total send:
267333
242189
127
total receive:
626158
574126
129
