time to deal
286
time to dealSend
1
time to dealReceive
20505
time to agree
2623
time to send multicast complaint
27
# complaints received in multicast
2304
time to receive multicast complaint
1037
adjust time to finish multicast
3687
time to wait after receiving all multicast complaints
8313
time to verify multicast complaint
2
time to broadcast complaint
1
time to broadcastReceive
20110
time to receive relayed complaints from blockchain
29999
# complaints received in broadcast
504
time to verify complaints from blockchain
64
time to compute pk, sk share and pk share
1
total time:
72072
total idle cost:
8313
protocol cost:
63759
total communication cost:
60778
total computation cost:
2976
generateKeys,1;deal,286;verifyMulticast,2;verifyBroadcast,64;agree,2623;
total data:
902972
825245
257
total send:
276816
251121
128
total receive:
626156
574124
129
