time to deal
19
time to dealSend
0
time to dealReceive
21172
time to agree
2849
time to send multicast complaint
97
# complaints received in multicast
2304
time to receive multicast complaint
718
adjust time to finish multicast
3664
time to wait after receiving all multicast complaints
8336
time to verify multicast complaint
2
time to broadcast complaint
1
time to broadcastReceive
20109
time to receive relayed complaints from blockchain
29998
# complaints received in broadcast
504
time to verify complaints from blockchain
61
time to compute pk, sk share and pk share
2
total time:
72069
total idle cost:
8336
protocol cost:
63733
total communication cost:
60796
total computation cost:
2933
generateKeys,2;deal,19;verifyMulticast,2;verifyBroadcast,61;agree,2849;
total data:
893995
816819
256
total send:
267841
242697
127
total receive:
626154
574122
129
