time to deal
274
time to dealSend
4
time to dealReceive
20671
time to agree
3007
time to send multicast complaint
43
# complaints received in multicast
2304
time to receive multicast complaint
644
adjust time to finish multicast
3694
time to wait after receiving all multicast complaints
8306
time to verify multicast complaint
2
# complaints send in broadcast
18
time to broadcast complaint
2
time to broadcastReceive
20124
time to receive relayed complaints from blockchain
29998
# complaints received in broadcast
504
time to verify complaints from blockchain
66
time to compute pk, sk share and pk share
1
total time:
72076
total idle cost:
8306
protocol cost:
63770
total communication cost:
60413
total computation cost:
3350
generateKeys,1;deal,274;verifyMulticast,2;verifyBroadcast,66;agree,3007;
total data:
905132
827190
258
total send:
278975
253065
129
total receive:
626157
574125
129
