time to deal
286
time to dealSend
1
time to dealReceive
20849
time to agree
2780
time to send multicast complaint
51
# complaints received in multicast
2304
time to receive multicast complaint
885
adjust time to finish multicast
3716
time to wait after receiving all multicast complaints
8284
time to verify multicast complaint
2
time to broadcast complaint
1
time to broadcastReceive
20126
time to receive relayed complaints from blockchain
29998
# complaints received in broadcast
504
time to verify complaints from blockchain
65
time to compute pk, sk share and pk share
1
total time:
72072
total idle cost:
8284
protocol cost:
63788
total communication cost:
60649
total computation cost:
3134
generateKeys,1;deal,286;verifyMulticast,2;verifyBroadcast,65;agree,2780;
total data:
903089
825362
257
total send:
276934
251239
128
total receive:
626155
574123
129
