time to deal
16
time to dealSend
0
time to dealReceive
20957
time to agree
2909
time to send multicast complaint
59
# complaints received in multicast
2304
time to receive multicast complaint
729
adjust time to finish multicast
3697
time to wait after receiving all multicast complaints
8303
time to verify multicast complaint
2
time to broadcast complaint
1
time to broadcastReceive
20144
time to receive relayed complaints from blockchain
29998
# complaints received in broadcast
504
time to verify complaints from blockchain
57
time to compute pk, sk share and pk share
2
total time:
72065
total idle cost:
8303
protocol cost:
63762
total communication cost:
60771
total computation cost:
2986
generateKeys,2;deal,16;verifyMulticast,2;verifyBroadcast,57;agree,2909;
total data:
893995
816819
256
total send:
267841
242697
127
total receive:
626154
574122
129
