time to deal
291
time to dealSend
4
time to dealReceive
20712
time to agree
2927
time to send multicast complaint
110
# complaints received in multicast
2304
time to receive multicast complaint
689
adjust time to finish multicast
3726
time to wait after receiving all multicast complaints
8274
time to verify multicast complaint
2
time to broadcast complaint
1
time to broadcastReceive
20149
time to receive relayed complaints from blockchain
29998
# complaints received in broadcast
504
time to verify complaints from blockchain
72
time to compute pk, sk share and pk share
3
total time:
72081
total idle cost:
8274
protocol cost:
63807
total communication cost:
60507
total computation cost:
3295
generateKeys,3;deal,291;verifyMulticast,2;verifyBroadcast,72;agree,2927;
total data:
898430
820703
257
total send:
272270
246575
128
total receive:
626160
574128
129
