time to deal
281
time to dealSend
8
time to dealReceive
20802
time to agree
2827
time to send multicast complaint
51
# complaints received in multicast
2304
time to receive multicast complaint
871
adjust time to finish multicast
3749
time to wait after receiving all multicast complaints
8251
time to verify multicast complaint
2
time to broadcast complaint
1
time to broadcastReceive
20179
time to receive relayed complaints from blockchain
29999
# complaints received in broadcast
504
time to verify complaints from blockchain
63
time to compute pk, sk share and pk share
1
total time:
72071
total idle cost:
8251
protocol cost:
63820
total communication cost:
60641
total computation cost:
3174
generateKeys,1;deal,281;verifyMulticast,2;verifyBroadcast,63;agree,2827;
total data:
898685
820958
257
total send:
272527
246832
128
total receive:
626158
574126
129
