time to deal
18
time to dealSend
0
time to dealReceive
21007
time to agree
3110
time to send multicast complaint
51
# complaints received in multicast
2304
time to receive multicast complaint
589
adjust time to finish multicast
3750
time to wait after receiving all multicast complaints
8250
time to verify multicast complaint
3
# complaints send in broadcast
18
time to broadcast complaint
2
time to broadcastReceive
20155
time to receive relayed complaints from blockchain
29997
# complaints received in broadcast
504
time to verify complaints from blockchain
60
time to compute pk, sk share and pk share
2
total time:
72066
total idle cost:
8250
protocol cost:
63816
total communication cost:
60621
total computation cost:
3193
generateKeys,2;deal,18;verifyMulticast,3;verifyBroadcast,60;agree,3110;
total data:
896286
818895
257
total send:
270132
244773
128
total receive:
626154
574122
129
