time to deal
16
time to dealSend
0
time to dealReceive
21197
time to agree
2945
time to send multicast complaint
101
# complaints received in multicast
2304
time to receive multicast complaint
669
adjust time to finish multicast
3715
time to wait after receiving all multicast complaints
8285
time to verify multicast complaint
2
time to broadcast complaint
1
time to broadcastReceive
20147
time to receive relayed complaints from blockchain
29999
# complaints received in broadcast
504
time to verify complaints from blockchain
66
time to compute pk, sk share and pk share
2
total time:
72075
total idle cost:
8285
protocol cost:
63790
total communication cost:
60755
total computation cost:
3031
generateKeys,2;deal,16;verifyMulticast,2;verifyBroadcast,66;agree,2945;
total data:
893365
816189
256
total send:
267206
242062
127
total receive:
626159
574127
129
