time to deal
16
time to dealSend
0
time to dealReceive
21062
time to agree
3025
time to send multicast complaint
43
# complaints received in multicast
2304
time to receive multicast complaint
673
adjust time to finish multicast
3741
time to wait after receiving all multicast complaints
8259
time to verify multicast complaint
2
time to broadcast complaint
1
time to broadcastReceive
20172
time to receive relayed complaints from blockchain
29999
# complaints received in broadcast
504
time to verify complaints from blockchain
63
time to compute pk, sk share and pk share
2
total time:
72070
total idle cost:
8259
protocol cost:
63811
total communication cost:
60700
total computation cost:
3108
generateKeys,2;deal,16;verifyMulticast,2;verifyBroadcast,63;agree,3025;
total data:
893617
816441
256
total send:
267460
242316
127
total receive:
626157
574125
129
