time to deal
16
time to dealSend
0
time to dealReceive
21080
time to agree
3176
time to send multicast complaint
71
# complaints received in multicast
2304
time to receive multicast complaint
506
adjust time to finish multicast
3753
time to wait after receiving all multicast complaints
8247
time to verify multicast complaint
2
time to broadcast complaint
1
time to broadcastReceive
20120
time to receive relayed complaints from blockchain
29998
# complaints received in broadcast
504
time to verify complaints from blockchain
55
time to compute pk, sk share and pk share
2
total time:
72063
total idle cost:
8247
protocol cost:
63816
total communication cost:
60560
total computation cost:
3251
generateKeys,2;deal,16;verifyMulticast,2;verifyBroadcast,55;agree,3176;
total data:
893743
816567
256
total send:
267587
242443
127
total receive:
626156
574124
129
