time to deal
15
time to dealSend
0
time to dealReceive
21224
time to agree
3108
time to send multicast complaint
97
# complaints received in multicast
2304
time to receive multicast complaint
531
adjust time to finish multicast
3736
time to wait after receiving all multicast complaints
8264
time to verify multicast complaint
2
time to broadcast complaint
1
time to broadcastReceive
20161
time to receive relayed complaints from blockchain
29998
# complaints received in broadcast
504
time to verify complaints from blockchain
85
time to compute pk, sk share and pk share
3
total time:
72094
total idle cost:
8264
protocol cost:
63830
total communication cost:
60612
total computation cost:
3213
generateKeys,3;deal,15;verifyMulticast,2;verifyBroadcast,85;agree,3108;
total data:
893239
816063
256
total send:
267079
241935
127
total receive:
626160
574128
129
