time to deal
16
time to dealSend
0
time to dealReceive
20898
time to agree
2973
time to send multicast complaint
63
# complaints received in multicast
2304
time to receive multicast complaint
650
adjust time to finish multicast
3686
time to wait after receiving all multicast complaints
8314
time to verify multicast complaint
2
time to broadcast complaint
1
time to broadcastReceive
20120
time to receive relayed complaints from blockchain
29998
# complaints received in broadcast
504
time to verify complaints from blockchain
52
time to compute pk, sk share and pk share
1
total time:
72060
total idle cost:
8314
protocol cost:
63746
total communication cost:
60696
total computation cost:
3044
generateKeys,1;deal,16;verifyMulticast,2;verifyBroadcast,52;agree,2973;
total data:
892987
815811
256
total send:
266825
241681
127
total receive:
626162
574130
129
