time to deal
15
time to dealSend
0
time to dealReceive
21012
time to agree
3099
time to send multicast complaint
44
# complaints received in multicast
2304
time to receive multicast complaint
578
adjust time to finish multicast
3721
time to wait after receiving all multicast complaints
8279
time to verify multicast complaint
2
time to broadcast complaint
1
time to broadcastReceive
20154
time to receive relayed complaints from blockchain
29998
# complaints received in broadcast
504
time to verify complaints from blockchain
65
time to compute pk, sk share and pk share
2
total time:
72072
total idle cost:
8279
protocol cost:
63793
total communication cost:
60606
total computation cost:
3183
generateKeys,2;deal,15;verifyMulticast,2;verifyBroadcast,65;agree,3099;
total data:
894121
816945
256
total send:
267968
242824
127
total receive:
626153
574121
129
