time to deal
14
time to dealSend
0
time to dealReceive
21054
time to agree
3052
time to send multicast complaint
42
# complaints received in multicast
2304
time to receive multicast complaint
589
adjust time to finish multicast
3683
time to wait after receiving all multicast complaints
8317
time to verify multicast complaint
2
time to broadcast complaint
1
time to broadcastReceive
20115
time to receive relayed complaints from blockchain
29998
# complaints received in broadcast
504
time to verify complaints from blockchain
55
time to compute pk, sk share and pk share
2
total time:
72063
total idle cost:
8317
protocol cost:
63746
total communication cost:
60617
total computation cost:
3125
generateKeys,2;deal,14;verifyMulticast,2;verifyBroadcast,55;agree,3052;
total data:
893365
816189
256
total send:
267206
242062
127
total receive:
626159
574127
129
