time to deal
281
time to dealSend
1
time to dealReceive
20988
time to agree
2968
time to send multicast complaint
43
# complaints received in multicast
2304
time to receive multicast complaint
740
adjust time to finish multicast
3751
time to wait after receiving all multicast complaints
8249
time to verify multicast complaint
2
time to broadcast complaint
1
time to broadcastReceive
20170
time to receive relayed complaints from blockchain
29998
# complaints received in broadcast
504
time to verify complaints from blockchain
70
time to compute pk, sk share and pk share
2
total time:
72080
total idle cost:
8249
protocol cost:
63831
total communication cost:
60501
total computation cost:
3323
generateKeys,2;deal,281;verifyMulticast,2;verifyBroadcast,70;agree,2968;
total data:
902600
824873
257
total send:
276441
250746
128
total receive:
626159
574127
129
