time to deal
18
time to dealSend
0
time to dealReceive
21223
time to agree
3128
time to send multicast complaint
40
# complaints received in multicast
2304
time to receive multicast complaint
571
adjust time to finish multicast
3739
time to wait after receiving all multicast complaints
8261
time to verify multicast complaint
2
# complaints send in broadcast
18
time to broadcast complaint
3
time to broadcastReceive
20163
time to receive relayed complaints from blockchain
29998
# complaints received in broadcast
504
time to verify complaints from blockchain
61
time to compute pk, sk share and pk share
2
total time:
72068
total idle cost:
8261
protocol cost:
63807
total communication cost:
60594
total computation cost:
3211
generateKeys,2;deal,18;verifyMulticast,2;verifyBroadcast,61;agree,3128;
total data:
895650
818259
257
total send:
269491
244132
128
total receive:
626159
574127
129
