time to deal
25
time to dealSend
0
time to dealReceive
21490
time to agree
3141
time to send multicast complaint
122
# complaints received in multicast
2304
time to receive multicast complaint
489
adjust time to finish multicast
3752
time to wait after receiving all multicast complaints
8248
time to verify multicast complaint
3
time to broadcast complaint
2
time to broadcastReceive
20147
time to receive relayed complaints from blockchain
29997
# complaints received in broadcast
504
time to verify complaints from blockchain
57
time to compute pk, sk share and pk share
2
total time:
72065
total idle cost:
8248
protocol cost:
63817
total communication cost:
60585
total computation cost:
3228
generateKeys,2;deal,25;verifyMulticast,3;verifyBroadcast,57;agree,3141;
total data:
892987
815811
256
total send:
266825
241681
127
total receive:
626162
574130
129
