time to deal
16
time to dealSend
0
time to dealReceive
20898
time to agree
2932
time to send multicast complaint
97
# complaints received in multicast
2304
time to receive multicast complaint
660
adjust time to finish multicast
3689
time to wait after receiving all multicast complaints
8311
time to verify multicast complaint
2
time to broadcast complaint
1
time to broadcastReceive
20120
time to receive relayed complaints from blockchain
29999
# complaints received in broadcast
504
time to verify complaints from blockchain
58
time to compute pk, sk share and pk share
2
total time:
72067
total idle cost:
8311
protocol cost:
63756
total communication cost:
60742
total computation cost:
3010
generateKeys,2;deal,16;verifyMulticast,2;verifyBroadcast,58;agree,2932;
total data:
893491
816315
256
total send:
267333
242189
127
total receive:
626158
574126
129
