time to deal
18
time to dealSend
0
time to dealReceive
21159
time to agree
3183
time to send multicast complaint
111
# complaints received in multicast
2304
time to receive multicast complaint
498
adjust time to finish multicast
3792
time to wait after receiving all multicast complaints
8208
time to verify multicast complaint
2
time to broadcast complaint
1
time to broadcastReceive
20116
time to receive relayed complaints from blockchain
29998
# complaints received in broadcast
504
time to verify complaints from blockchain
61
time to compute pk, sk share and pk share
2
total time:
72068
total idle cost:
8208
protocol cost:
63860
total communication cost:
60590
total computation cost:
3266
generateKeys,2;deal,18;verifyMulticast,2;verifyBroadcast,61;agree,3183;
total data:
893365
816189
256
total send:
267206
242062
127
total receive:
626159
574127
129
