time to deal
14
time to dealSend
0
time to dealReceive
20798
time to agree
2974
time to send multicast complaint
98
# complaints received in multicast
2304
time to receive multicast complaint
601
adjust time to finish multicast
3673
time to wait after receiving all multicast complaints
8327
time to verify multicast complaint
2
time to broadcast complaint
1
time to broadcastReceive
20109
time to receive relayed complaints from blockchain
29998
# complaints received in broadcast
504
time to verify complaints from blockchain
63
time to compute pk, sk share and pk share
1
total time:
72070
total idle cost:
8327
protocol cost:
63743
total communication cost:
60685
total computation cost:
3054
generateKeys,1;deal,14;verifyMulticast,2;verifyBroadcast,63;agree,2974;
total data:
892987
815811
256
total send:
266825
241681
127
total receive:
626162
574130
129
