time to deal
21
time to dealSend
0
time to dealReceive
21289
time to agree
2890
time to send multicast complaint
0
# complaints received in multicast
0
time to receive multicast complaint
10052
adjust time to finish multicast
12942
time to wait after receiving all multicast complaints
-942
time to verify multicast complaint
0
time to broadcast complaint
1
time to broadcastReceive
19203
time to receive relayed complaints from blockchain
30000
# complaints received in broadcast
0
time to verify complaints from blockchain
0
time to compute pk, sk share and pk share
1
total time:
72948
total idle cost:
0
protocol cost:
72948
total communication cost:
70032
total computation cost:
2912
generateKeys,1;deal,21;verifyMulticast,0;verifyBroadcast,0;agree,2890;
total data:
359071
338207
2
total send:
0
0
0
total receive:
359071
338207
2
