time to deal
30
time to dealSend
0
time to dealReceive
21243
time to agree
3088
time to send multicast complaint
0
# complaints received in multicast
0
time to receive multicast complaint
10058
adjust time to finish multicast
13146
time to wait after receiving all multicast complaints
-1146
time to verify multicast complaint
0
time to broadcast complaint
1
time to broadcastReceive
18984
time to receive relayed complaints from blockchain
30000
# complaints received in broadcast
0
time to verify complaints from blockchain
0
time to compute pk, sk share and pk share
2
total time:
73152
total idle cost:
0
protocol cost:
73152
total communication cost:
70029
total computation cost:
3120
generateKeys,2;deal,30;verifyMulticast,0;verifyBroadcast,0;agree,3088;
total data:
359071
338207
2
total send:
0
0
0
total receive:
359071
338207
2
