time to deal
263
time to dealSend
4
time to dealReceive
20945
time to agree
2596
time to send multicast complaint
0
# complaints received in multicast
0
time to receive multicast complaint
10071
adjust time to finish multicast
12667
time to wait after receiving all multicast complaints
-667
time to verify multicast complaint
0
time to broadcast complaint
1
time to broadcastReceive
19456
time to receive relayed complaints from blockchain
30000
# complaints received in broadcast
0
time to verify complaints from blockchain
0
time to compute pk, sk share and pk share
2
total time:
72672
total idle cost:
0
protocol cost:
72672
total communication cost:
69809
total computation cost:
2861
generateKeys,2;deal,263;verifyMulticast,0;verifyBroadcast,0;agree,2596;
total data:
368297
346882
3
total send:
9226
8675
1
total receive:
359071
338207
2
