time to deal
274
time to dealSend
3
time to dealReceive
20932
time to agree
2794
time to send multicast complaint
0
# complaints received in multicast
0
time to receive multicast complaint
10058
adjust time to finish multicast
12852
time to wait after receiving all multicast complaints
-852
time to verify multicast complaint
0
# complaints send in broadcast
0
time to broadcast complaint
1
time to broadcastReceive
19266
time to receive relayed complaints from blockchain
30000
# complaints received in broadcast
0
time to verify complaints from blockchain
0
time to compute pk, sk share and pk share
1
total time:
72859
total idle cost:
0
protocol cost:
72859
total communication cost:
69785
total computation cost:
3069
generateKeys,1;deal,274;verifyMulticast,0;verifyBroadcast,0;agree,2794;
total data:
368299
346884
3
total send:
9228
8677
1
total receive:
359071
338207
2
