time to deal
30
time to dealSend
0
time to dealReceive
21629
time to agree
2974
time to send multicast complaint
0
# complaints received in multicast
0
time to receive multicast complaint
10055
adjust time to finish multicast
13029
time to wait after receiving all multicast complaints
-1029
time to verify multicast complaint
0
time to broadcast complaint
9
time to broadcastReceive
19091
time to receive relayed complaints from blockchain
30000
# complaints received in broadcast
0
time to verify complaints from blockchain
0
time to compute pk, sk share and pk share
1
total time:
73034
total idle cost:
0
protocol cost:
73034
total communication cost:
70034
total computation cost:
3005
generateKeys,1;deal,30;verifyMulticast,0;verifyBroadcast,0;agree,2974;
total data:
359071
338207
2
total send:
0
0
0
total receive:
359071
338207
2
