time to deal
16
time to dealSend
0
time to dealReceive
21677
time to agree
3180
time to send multicast complaint
0
# complaints received in multicast
0
time to receive multicast complaint
10059
adjust time to finish multicast
13239
time to wait after receiving all multicast complaints
-1239
time to verify multicast complaint
0
time to broadcast complaint
1
time to broadcastReceive
18901
time to receive relayed complaints from blockchain
30000
# complaints received in broadcast
0
time to verify complaints from blockchain
0
time to compute pk, sk share and pk share
1
total time:
73244
total idle cost:
0
protocol cost:
73244
total communication cost:
70044
total computation cost:
3197
generateKeys,1;deal,16;verifyMulticast,0;verifyBroadcast,0;agree,3180;
total data:
359071
338207
2
total send:
0
0
0
total receive:
359071
338207
2
