time to deal
290
time to dealSend
4
time to dealReceive
20953
time to agree
2874
time to send multicast complaint
0
# complaints received in multicast
0
time to receive multicast complaint
10055
adjust time to finish multicast
12929
time to wait after receiving all multicast complaints
-929
time to verify multicast complaint
0
time to broadcast complaint
1
time to broadcastReceive
19196
time to receive relayed complaints from blockchain
30000
# complaints received in broadcast
0
time to verify complaints from blockchain
0
time to compute pk, sk share and pk share
1
total time:
72935
total idle cost:
0
protocol cost:
72935
total communication cost:
69766
total computation cost:
3165
generateKeys,1;deal,290;verifyMulticast,0;verifyBroadcast,0;agree,2874;
total data:
368300
346885
3
total send:
9229
8678
1
total receive:
359071
338207
2
