time to deal
17
time to dealSend
0
time to dealReceive
21288
time to agree
2794
time to send multicast complaint
0
# complaints received in multicast
0
time to receive multicast complaint
10050
adjust time to finish multicast
12844
time to wait after receiving all multicast complaints
-844
time to verify multicast complaint
0
# complaints send in broadcast
0
time to broadcast complaint
1
time to broadcastReceive
19301
time to receive relayed complaints from blockchain
30001
# complaints received in broadcast
0
time to verify complaints from blockchain
0
time to compute pk, sk share and pk share
2
total time:
72850
total idle cost:
0
protocol cost:
72850
total communication cost:
70036
total computation cost:
2813
generateKeys,2;deal,17;verifyMulticast,0;verifyBroadcast,0;agree,2794;
total data:
359071
338207
2
total send:
0
0
0
total receive:
359071
338207
2
