time to deal
293
time to dealSend
2
time to dealReceive
20814
time to agree
2686
time to send multicast complaint
0
# complaints received in multicast
0
time to receive multicast complaint
10047
adjust time to finish multicast
12733
time to wait after receiving all multicast complaints
-733
time to verify multicast complaint
0
# complaints send in broadcast
0
time to broadcast complaint
1
time to broadcastReceive
19374
time to receive relayed complaints from blockchain
30000
# complaints received in broadcast
0
time to verify complaints from blockchain
0
time to compute pk, sk share and pk share
1
total time:
72739
total idle cost:
0
protocol cost:
72739
total communication cost:
69755
total computation cost:
2980
generateKeys,1;deal,293;verifyMulticast,0;verifyBroadcast,0;agree,2686;
total data:
368290
346875
3
total send:
9219
8668
1
total receive:
359071
338207
2
