time to deal
288
time to dealSend
2
time to dealReceive
20950
time to agree
2842
time to send multicast complaint
0
# complaints received in multicast
0
time to receive multicast complaint
10055
adjust time to finish multicast
12897
time to wait after receiving all multicast complaints
-897
time to verify multicast complaint
0
time to broadcast complaint
1
time to broadcastReceive
19234
time to receive relayed complaints from blockchain
30001
# complaints received in broadcast
0
time to verify complaints from blockchain
0
time to compute pk, sk share and pk share
2
total time:
72904
total idle cost:
0
protocol cost:
72904
total communication cost:
69769
total computation cost:
3132
generateKeys,2;deal,288;verifyMulticast,0;verifyBroadcast,0;agree,2842;
total data:
368291
346876
3
total send:
9220
8669
1
total receive:
359071
338207
2
