time to deal
14
time to dealSend
0
time to dealReceive
20624
time to agree
1487
time to send multicast complaint
50
# complaints received in multicast
1152
time to receive multicast complaint
431
adjust time to finish multicast
1968
time to wait after receiving all multicast complaints
10032
time to verify multicast complaint
1
# complaints send in broadcast
18
time to broadcast complaint
5
time to broadcastReceive
20351
time to receive relayed complaints from blockchain
29999
# complaints received in broadcast
630
time to verify complaints from blockchain
63
time to compute pk, sk share and pk share
1
total time:
72071
total idle cost:
10032
protocol cost:
62039
total communication cost:
60472
total computation cost:
1566
generateKeys,1;deal,14;verifyMulticast,1;verifyBroadcast,63;agree,1487;
total data:
471572
430064
129
total send:
135217
122531
64
total receive:
336355
307533
65
