time to deal
196
time to dealSend
9
time to dealReceive
20362
time to agree
1456
time to send multicast complaint
66
# complaints received in multicast
1152
time to receive multicast complaint
380
adjust time to finish multicast
1902
time to wait after receiving all multicast complaints
10098
time to verify multicast complaint
1
time to broadcast complaint
1
time to broadcastReceive
20307
time to receive relayed complaints from blockchain
29999
# complaints received in broadcast
630
time to verify complaints from blockchain
65
time to compute pk, sk share and pk share
1
total time:
72076
total idle cost:
10098
protocol cost:
61978
total communication cost:
60251
total computation cost:
1719
generateKeys,1;deal,196;verifyMulticast,1;verifyBroadcast,65;agree,1456;
total data:
471918
430330
129
total send:
135561
122795
64
total receive:
336357
307535
65
