time to deal
193
time to dealSend
12
time to dealReceive
20414
time to agree
1410
time to send multicast complaint
54
# complaints received in multicast
1152
time to receive multicast complaint
457
adjust time to finish multicast
1921
time to wait after receiving all multicast complaints
10079
time to verify multicast complaint
1
# complaints send in broadcast
18
time to broadcast complaint
3
time to broadcastReceive
20327
time to receive relayed complaints from blockchain
29999
# complaints received in broadcast
630
time to verify complaints from blockchain
85
time to compute pk, sk share and pk share
2
total time:
72094
total idle cost:
10079
protocol cost:
62015
total communication cost:
60320
total computation cost:
1691
generateKeys,2;deal,193;verifyMulticast,1;verifyBroadcast,85;agree,1410;
total data:
474459
432657
130
total send:
138106
125126
65
total receive:
336353
307531
65
