time to deal
15
time to dealSend
0
time to dealReceive
20587
time to agree
1548
time to send multicast complaint
50
# complaints received in multicast
1152
time to receive multicast complaint
322
adjust time to finish multicast
1920
time to wait after receiving all multicast complaints
10080
time to verify multicast complaint
1
time to broadcast complaint
1
time to broadcastReceive
20319
time to receive relayed complaints from blockchain
29999
# complaints received in broadcast
630
time to verify complaints from blockchain
63
time to compute pk, sk share and pk share
1
total time:
72071
total idle cost:
10080
protocol cost:
61991
total communication cost:
60357
total computation cost:
1628
generateKeys,1;deal,15;verifyMulticast,1;verifyBroadcast,63;agree,1548;
total data:
468973
427679
128
total send:
132613
120141
63
total receive:
336360
307538
65
