time to deal
14
time to dealSend
0
time to dealReceive
20664
time to agree
1555
time to send multicast complaint
63
# complaints received in multicast
1152
time to receive multicast complaint
354
adjust time to finish multicast
1972
time to wait after receiving all multicast complaints
10028
time to verify multicast complaint
1
time to broadcast complaint
1
time to broadcastReceive
20371
time to receive relayed complaints from blockchain
29999
# complaints received in broadcast
630
time to verify complaints from blockchain
80
time to compute pk, sk share and pk share
2
total time:
72089
total idle cost:
10028
protocol cost:
62061
total communication cost:
60404
total computation cost:
1652
generateKeys,2;deal,14;verifyMulticast,1;verifyBroadcast,80;agree,1555;
total data:
469097
427803
128
total send:
132739
120267
63
total receive:
336358
307536
65
