time to deal
14
time to dealSend
0
time to dealReceive
20632
time to agree
1522
time to send multicast complaint
43
# complaints received in multicast
1152
time to receive multicast complaint
386
adjust time to finish multicast
1951
time to wait after receiving all multicast complaints
10049
time to verify multicast complaint
1
time to broadcast complaint
1
time to broadcastReceive
20353
time to receive relayed complaints from blockchain
29999
# complaints received in broadcast
630
time to verify complaints from blockchain
62
time to compute pk, sk share and pk share
1
total time:
72069
total idle cost:
10049
protocol cost:
62020
total communication cost:
60415
total computation cost:
1600
generateKeys,1;deal,14;verifyMulticast,1;verifyBroadcast,62;agree,1522;
total data:
469159
427865
128
total send:
132802
120330
63
total receive:
336357
307535
65
