time to deal
12
time to dealSend
0
time to dealReceive
21507
time to agree
5929
time to send multicast complaint
185
# complaints received in multicast
4352
time to receive multicast complaint
506
adjust time to finish multicast
6620
time to wait after receiving all multicast complaints
5380
time to verify multicast complaint
4
# complaints send in broadcast
17
time to broadcast complaint
3
time to broadcastReceive
20344
time to receive relayed complaints from blockchain
29996
# complaints received in broadcast
748
time to verify complaints from blockchain
85
time to compute pk, sk share and pk share
1
total time:
72094
total idle cost:
5380
protocol cost:
66714
total communication cost:
60679
total computation cost:
6031
generateKeys,1;deal,12;verifyMulticast,4;verifyBroadcast,85;agree,5929;
total data:
1733466
1584973
513
total send:
508467
460196
256
total receive:
1224999
1124777
257
