time to deal
23
time to dealSend
0
time to dealReceive
21975
time to agree
5865
time to send multicast complaint
73
# complaints received in multicast
4352
time to receive multicast complaint
738
adjust time to finish multicast
6676
time to wait after receiving all multicast complaints
5324
time to verify multicast complaint
4
time to broadcast complaint
1
time to broadcastReceive
20467
time to receive relayed complaints from blockchain
29996
# complaints received in broadcast
748
time to verify complaints from blockchain
80
time to compute pk, sk share and pk share
2
total time:
72087
total idle cost:
5324
protocol cost:
66763
total communication cost:
60786
total computation cost:
5974
generateKeys,2;deal,23;verifyMulticast,4;verifyBroadcast,80;agree,5865;
total data:
1732062
1583774
512
total send:
507066
459000
255
total receive:
1224996
1124774
257
