time to deal
13
time to dealSend
0
time to dealReceive
21357
time to agree
5522
time to send multicast complaint
154
# complaints received in multicast
4352
time to receive multicast complaint
929
adjust time to finish multicast
6605
time to wait after receiving all multicast complaints
5395
time to verify multicast complaint
4
time to broadcast complaint
1
time to broadcastReceive
20354
time to receive relayed complaints from blockchain
29996
# complaints received in broadcast
748
time to verify complaints from blockchain
85
time to compute pk, sk share and pk share
2
total time:
72092
total idle cost:
5395
protocol cost:
66697
total communication cost:
61067
total computation cost:
5626
generateKeys,2;deal,13;verifyMulticast,4;verifyBroadcast,85;agree,5522;
total data:
1732570
1584282
512
total send:
507576
459510
255
total receive:
1224994
1124772
257
