time to deal
404
time to dealSend
6
time to dealReceive
21768
time to agree
5609
time to send multicast complaint
173
# complaints received in multicast
4352
time to receive multicast complaint
886
adjust time to finish multicast
6668
time to wait after receiving all multicast complaints
5332
time to verify multicast complaint
3
time to broadcast complaint
1
time to broadcastReceive
20513
time to receive relayed complaints from blockchain
29997
# complaints received in broadcast
748
time to verify complaints from blockchain
77
time to compute pk, sk share and pk share
2
total time:
72085
total idle cost:
5332
protocol cost:
66753
total communication cost:
60654
total computation cost:
6095
generateKeys,2;deal,404;verifyMulticast,3;verifyBroadcast,77;agree,5609;
total data:
1741612
1592261
513
total send:
516614
467485
256
total receive:
1224998
1124776
257
