time to deal
16
time to dealSend
0
time to dealReceive
21573
time to agree
5981
time to send multicast complaint
149
# complaints received in multicast
4352
time to receive multicast complaint
531
adjust time to finish multicast
6661
time to wait after receiving all multicast complaints
5339
time to verify multicast complaint
5
time to broadcast complaint
1
time to broadcastReceive
20362
time to receive relayed complaints from blockchain
29995
# complaints received in broadcast
748
time to verify complaints from blockchain
85
time to compute pk, sk share and pk share
3
total time:
72094
total idle cost:
5339
protocol cost:
66755
total communication cost:
60661
total computation cost:
6090
generateKeys,3;deal,16;verifyMulticast,5;verifyBroadcast,85;agree,5981;
total data:
1733334
1584536
512
total send:
508085
459765
255
total receive:
1225249
1124771
257
