time to deal
15
time to dealSend
0
time to dealReceive
22044
time to agree
5941
time to send multicast complaint
87
# complaints received in multicast
4352
time to receive multicast complaint
648
adjust time to finish multicast
6676
time to wait after receiving all multicast complaints
5324
time to verify multicast complaint
4
time to broadcast complaint
1
time to broadcastReceive
20366
time to receive relayed complaints from blockchain
29997
# complaints received in broadcast
748
time to verify complaints from blockchain
97
time to compute pk, sk share and pk share
2
total time:
72106
total idle cost:
5324
protocol cost:
66782
total communication cost:
60718
total computation cost:
6059
generateKeys,2;deal,15;verifyMulticast,4;verifyBroadcast,97;agree,5941;
total data:
1734096
1585298
512
total send:
508850
460530
255
total receive:
1225246
1124768
257
