time to deal
21
time to dealSend
0
time to dealReceive
21488
time to agree
5677
time to send multicast complaint
149
# complaints received in multicast
4352
time to receive multicast complaint
791
adjust time to finish multicast
6617
time to wait after receiving all multicast complaints
5383
time to verify multicast complaint
3
time to broadcast complaint
1
time to broadcastReceive
20345
time to receive relayed complaints from blockchain
29997
# complaints received in broadcast
748
time to verify complaints from blockchain
75
time to compute pk, sk share and pk share
1
total time:
72082
total idle cost:
5383
protocol cost:
66699
total communication cost:
60917
total computation cost:
5777
generateKeys,1;deal,21;verifyMulticast,3;verifyBroadcast,75;agree,5677;
total data:
1732062
1583774
512
total send:
507066
459000
255
total receive:
1224996
1124774
257
