time to deal
13
time to dealSend
0
time to dealReceive
21459
time to agree
5632
time to send multicast complaint
63
# complaints received in multicast
4352
time to receive multicast complaint
898
adjust time to finish multicast
6593
time to wait after receiving all multicast complaints
5407
time to verify multicast complaint
3
time to broadcast complaint
1
time to broadcastReceive
20319
time to receive relayed complaints from blockchain
29998
# complaints received in broadcast
748
time to verify complaints from blockchain
79
time to compute pk, sk share and pk share
2
total time:
72087
total idle cost:
5407
protocol cost:
66680
total communication cost:
60947
total computation cost:
5729
generateKeys,2;deal,13;verifyMulticast,3;verifyBroadcast,79;agree,5632;
total data:
1732064
1583266
512
total send:
506810
458490
255
total receive:
1225254
1124776
257
