time to deal
18
time to dealSend
0
time to dealReceive
22101
time to agree
5802
time to send multicast complaint
84
# complaints received in multicast
4352
time to receive multicast complaint
776
adjust time to finish multicast
6662
time to wait after receiving all multicast complaints
5338
time to verify multicast complaint
3
time to broadcast complaint
1
time to broadcastReceive
20482
time to receive relayed complaints from blockchain
29997
# complaints received in broadcast
748
time to verify complaints from blockchain
78
time to compute pk, sk share and pk share
1
total time:
72085
total idle cost:
5338
protocol cost:
66747
total communication cost:
60840
total computation cost:
5902
generateKeys,1;deal,18;verifyMulticast,3;verifyBroadcast,78;agree,5802;
total data:
1733334
1584536
512
total send:
508085
459765
255
total receive:
1225249
1124771
257
