time to deal
13
time to dealSend
0
time to dealReceive
21955
time to agree
5763
time to send multicast complaint
63
# complaints received in multicast
4352
time to receive multicast complaint
812
adjust time to finish multicast
6638
time to wait after receiving all multicast complaints
5362
time to verify multicast complaint
4
time to broadcast complaint
1
time to broadcastReceive
20454
time to receive relayed complaints from blockchain
29996
# complaints received in broadcast
748
time to verify complaints from blockchain
78
time to compute pk, sk share and pk share
2
total time:
72087
total idle cost:
5362
protocol cost:
66725
total communication cost:
60860
total computation cost:
5860
generateKeys,2;deal,13;verifyMulticast,4;verifyBroadcast,78;agree,5763;
total data:
1732572
1583774
512
total send:
507320
459000
255
total receive:
1225252
1124774
257
