time to deal
16
time to dealSend
0
time to dealReceive
22190
time to agree
5957
time to send multicast complaint
58
# complaints received in multicast
4352
time to receive multicast complaint
656
adjust time to finish multicast
6671
time to wait after receiving all multicast complaints
5329
time to verify multicast complaint
4
time to broadcast complaint
1
time to broadcastReceive
20519
time to receive relayed complaints from blockchain
29997
# complaints received in broadcast
748
time to verify complaints from blockchain
95
time to compute pk, sk share and pk share
2
total time:
72103
total idle cost:
5329
protocol cost:
66774
total communication cost:
60696
total computation cost:
6074
generateKeys,2;deal,16;verifyMulticast,4;verifyBroadcast,95;agree,5957;
total data:
1735366
1586568
512
total send:
510125
461805
255
total receive:
1225241
1124763
257
