time to deal
12
time to dealSend
0
time to dealReceive
22118
time to agree
5638
time to send multicast complaint
77
# complaints received in multicast
4352
time to receive multicast complaint
925
adjust time to finish multicast
6640
time to wait after receiving all multicast complaints
5360
time to verify multicast complaint
3
time to broadcast complaint
1
time to broadcastReceive
20434
time to receive relayed complaints from blockchain
29997
# complaints received in broadcast
748
time to verify complaints from blockchain
65
time to compute pk, sk share and pk share
2
total time:
72073
total idle cost:
5360
protocol cost:
66713
total communication cost:
60988
total computation cost:
5720
generateKeys,2;deal,12;verifyMulticast,3;verifyBroadcast,65;agree,5638;
total data:
1732570
1584282
512
total send:
507576
459510
255
total receive:
1224994
1124772
257
