time to deal
13
time to dealSend
0
time to dealReceive
23670
time to agree
5726
time to send multicast complaint
50
# complaints received in multicast
4352
time to receive multicast complaint
924
adjust time to finish multicast
6700
time to wait after receiving all multicast complaints
5300
time to verify multicast complaint
3
# complaints send in broadcast
17
time to broadcast complaint
3
time to broadcastReceive
20494
time to receive relayed complaints from blockchain
29997
# complaints received in broadcast
748
time to verify complaints from blockchain
80
time to compute pk, sk share and pk share
2
total time:
72089
total idle cost:
5300
protocol cost:
66789
total communication cost:
60961
total computation cost:
5824
generateKeys,2;deal,13;verifyMulticast,3;verifyBroadcast,80;agree,5726;
total data:
1733720
1585227
513
total send:
508722
460451
256
total receive:
1224998
1124776
257
