time to deal
14
time to dealSend
0
time to dealReceive
22021
time to agree
6142
time to send multicast complaint
180
# complaints received in multicast
4352
time to receive multicast complaint
446
adjust time to finish multicast
6768
time to wait after receiving all multicast complaints
5232
time to verify multicast complaint
4
time to broadcast complaint
1
time to broadcastReceive
20373
time to receive relayed complaints from blockchain
29996
# complaints received in broadcast
748
time to verify complaints from blockchain
98
time to compute pk, sk share and pk share
2
total time:
72104
total idle cost:
5232
protocol cost:
66872
total communication cost:
60609
total computation cost:
6260
generateKeys,2;deal,14;verifyMulticast,4;verifyBroadcast,98;agree,6142;
total data:
1733332
1585044
512
total send:
508341
460275
255
total receive:
1224991
1124769
257
