time to deal
14
time to dealSend
0
time to dealReceive
22137
time to agree
5723
time to send multicast complaint
64
# complaints received in multicast
4352
time to receive multicast complaint
869
adjust time to finish multicast
6656
time to wait after receiving all multicast complaints
5344
time to verify multicast complaint
4
time to broadcast complaint
1
time to broadcastReceive
20507
time to receive relayed complaints from blockchain
29996
# complaints received in broadcast
748
time to verify complaints from blockchain
91
time to compute pk, sk share and pk share
2
total time:
72099
total idle cost:
5344
protocol cost:
66755
total communication cost:
60916
total computation cost:
5834
generateKeys,2;deal,14;verifyMulticast,4;verifyBroadcast,91;agree,5723;
total data:
1731808
1583520
512
total send:
506811
458745
255
total receive:
1224997
1124775
257
