time to deal
14
time to dealSend
0
time to dealReceive
21637
time to agree
6001
time to send multicast complaint
73
# complaints received in multicast
4352
time to receive multicast complaint
531
adjust time to finish multicast
6605
time to wait after receiving all multicast complaints
5395
time to verify multicast complaint
4
time to broadcast complaint
1
time to broadcastReceive
20327
time to receive relayed complaints from blockchain
29996
# complaints received in broadcast
748
time to verify complaints from blockchain
78
time to compute pk, sk share and pk share
1
total time:
72083
total idle cost:
5395
protocol cost:
66688
total communication cost:
60587
total computation cost:
6098
generateKeys,1;deal,14;verifyMulticast,4;verifyBroadcast,78;agree,6001;
total data:
1732316
1584028
512
total send:
507321
459255
255
total receive:
1224995
1124773
257
