time to deal
12
time to dealSend
0
time to dealReceive
21431
time to agree
5739
time to send multicast complaint
85
# complaints received in multicast
4352
time to receive multicast complaint
811
adjust time to finish multicast
6635
time to wait after receiving all multicast complaints
5365
time to verify multicast complaint
4
time to broadcast complaint
1
time to broadcastReceive
20320
time to receive relayed complaints from blockchain
29996
# complaints received in broadcast
748
time to verify complaints from blockchain
85
time to compute pk, sk share and pk share
2
total time:
72094
total idle cost:
5365
protocol cost:
66729
total communication cost:
60882
total computation cost:
5842
generateKeys,2;deal,12;verifyMulticast,4;verifyBroadcast,85;agree,5739;
total data:
1732570
1584282
512
total send:
507576
459510
255
total receive:
1224994
1124772
257
