time to deal
13
time to dealSend
0
time to dealReceive
21312
time to agree
5626
time to send multicast complaint
64
# complaints received in multicast
4352
time to receive multicast complaint
897
adjust time to finish multicast
6587
time to wait after receiving all multicast complaints
5413
time to verify multicast complaint
4
time to broadcast complaint
1
time to broadcastReceive
20313
time to receive relayed complaints from blockchain
29996
# complaints received in broadcast
748
time to verify complaints from blockchain
93
time to compute pk, sk share and pk share
3
total time:
72101
total idle cost:
5413
protocol cost:
66688
total communication cost:
60945
total computation cost:
5739
generateKeys,3;deal,13;verifyMulticast,4;verifyBroadcast,93;agree,5626;
total data:
1732062
1583774
512
total send:
507066
459000
255
total receive:
1224996
1124774
257
