time to deal
102
time to dealSend
3
time to dealReceive
20017
time to agree
216
time to send multicast complaint
0
# complaints received in multicast
0
time to receive multicast complaint
10017
adjust time to finish multicast
10233
time to wait after receiving all multicast complaints
1767
time to verify multicast complaint
0
time to broadcast complaint
2
time to broadcastReceive
20106
time to receive relayed complaints from blockchain
30000
# complaints received in broadcast
0
time to verify complaints from blockchain
0
time to compute pk, sk share and pk share
1
total time:
72010
total idle cost:
1767
protocol cost:
70243
total communication cost:
69918
total computation cost:
319
generateKeys,1;deal,102;verifyMulticast,0;verifyBroadcast,0;agree,216;
total data:
12797
11972
3
total send:
1440
1338
1
total receive:
11357
10634
2
