time to deal
83
time to dealSend
2
time to dealReceive
20040
time to agree
173
time to send multicast complaint
0
# complaints received in multicast
0
time to receive multicast complaint
10013
adjust time to finish multicast
10186
time to wait after receiving all multicast complaints
1814
time to verify multicast complaint
0
time to broadcast complaint
2
time to broadcastReceive
20108
time to receive relayed complaints from blockchain
30001
# complaints received in broadcast
0
time to verify complaints from blockchain
0
time to compute pk, sk share and pk share
1
total time:
72007
total idle cost:
1814
protocol cost:
70193
total communication cost:
69933
total computation cost:
257
generateKeys,1;deal,83;verifyMulticast,0;verifyBroadcast,0;agree,173;
total data:
12797
11972
3
total send:
1440
1338
1
total receive:
11357
10634
2
