time to deal
16
time to dealSend
0
time to dealReceive
20124
time to agree
342
time to send multicast complaint
15
# complaints received in multicast
96
time to receive multicast complaint
102
adjust time to finish multicast
459
time to wait after receiving all multicast complaints
11541
time to verify multicast complaint
0
time to broadcast complaint
1
time to broadcastReceive
20116
time to receive relayed complaints from blockchain
30000
# complaints received in broadcast
54
time to verify complaints from blockchain
16
time to compute pk, sk share and pk share
1
total time:
72024
total idle cost:
11541
protocol cost:
60483
total communication cost:
60102
total computation cost:
375
generateKeys,1;deal,16;verifyMulticast,0;verifyBroadcast,16;agree,342;
total data:
42950
38862
32
total send:
10768
9600
15
total receive:
32182
29262
17
