time to deal
20
time to dealSend
0
time to dealReceive
20108
time to agree
321
time to send multicast complaint
24
# complaints received in multicast
96
time to receive multicast complaint
110
adjust time to finish multicast
455
time to wait after receiving all multicast complaints
11545
time to verify multicast complaint
0
# complaints send in broadcast
6
time to broadcast complaint
2
time to broadcastReceive
20105
time to receive relayed complaints from blockchain
30001
# complaints received in broadcast
54
time to verify complaints from blockchain
25
time to compute pk, sk share and pk share
1
total time:
72032
total idle cost:
11545
protocol cost:
60487
total communication cost:
60117
total computation cost:
367
generateKeys,1;deal,20;verifyMulticast,0;verifyBroadcast,25;agree,321;
total data:
43758
39576
33
total send:
11570
10308
16
total receive:
32188
29268
17
