time to deal
145
time to dealSend
4
time to dealReceive
20027
time to agree
415
time to send multicast complaint
22
# complaints received in multicast
288
time to receive multicast complaint
337
adjust time to finish multicast
774
time to wait after receiving all multicast complaints
11226
time to verify multicast complaint
0
# complaints send in broadcast
9
time to broadcast complaint
3
time to broadcastReceive
20137
time to receive relayed complaints from blockchain
30000
# complaints received in broadcast
198
time to verify complaints from blockchain
50
time to compute pk, sk share and pk share
1
total time:
72057
total idle cost:
11226
protocol cost:
60831
total communication cost:
60218
total computation cost:
611
generateKeys,1;deal,145;verifyMulticast,0;verifyBroadcast,50;agree,415;
total data:
126328
114576
66
total send:
35643
32007
33
total receive:
90685
82569
33
