time to deal
125
time to dealSend
3
time to dealReceive
20041
time to agree
520
time to send multicast complaint
27
# complaints received in multicast
288
time to receive multicast complaint
218
adjust time to finish multicast
765
time to wait after receiving all multicast complaints
11235
time to verify multicast complaint
0
# complaints send in broadcast
9
time to broadcast complaint
4
time to broadcastReceive
20122
time to receive relayed complaints from blockchain
30000
# complaints received in broadcast
198
time to verify complaints from blockchain
48
time to compute pk, sk share and pk share
1
total time:
72055
total idle cost:
11235
protocol cost:
60820
total communication cost:
60124
total computation cost:
694
generateKeys,1;deal,125;verifyMulticast,0;verifyBroadcast,48;agree,520;
total data:
127422
115670
66
total send:
36740
33104
33
total receive:
90682
82566
33
