time to deal
15
time to dealSend
0
time to dealReceive
20150
time to agree
526
time to send multicast complaint
51
# complaints received in multicast
288
time to receive multicast complaint
195
adjust time to finish multicast
772
time to wait after receiving all multicast complaints
11228
time to verify multicast complaint
0
time to broadcast complaint
1
time to broadcastReceive
20139
time to receive relayed complaints from blockchain
30001
# complaints received in broadcast
198
time to verify complaints from blockchain
39
time to compute pk, sk share and pk share
1
total time:
72048
total idle cost:
11228
protocol cost:
60820
total communication cost:
60234
total computation cost:
581
generateKeys,1;deal,15;verifyMulticast,0;verifyBroadcast,39;agree,526;
total data:
123573
112111
64
total send:
32889
29543
31
total receive:
90684
82568
33
