time to deal
15
time to dealSend
0
time to dealReceive
20155
time to agree
534
time to send multicast complaint
46
# complaints received in multicast
288
time to receive multicast complaint
177
adjust time to finish multicast
757
time to wait after receiving all multicast complaints
11243
time to verify multicast complaint
0
# complaints send in broadcast
9
time to broadcast complaint
2
time to broadcastReceive
20123
time to receive relayed complaints from blockchain
30000
# complaints received in broadcast
198
time to verify complaints from blockchain
43
time to compute pk, sk share and pk share
1
total time:
72050
total idle cost:
11243
protocol cost:
60807
total communication cost:
60210
total computation cost:
593
generateKeys,1;deal,15;verifyMulticast,0;verifyBroadcast,43;agree,534;
total data:
124784
113198
65
total send:
34099
30629
32
total receive:
90685
82569
33
