time to deal
18
time to dealSend
0
time to dealReceive
20400
time to agree
1256
time to send multicast complaint
57
# complaints received in multicast
1024
time to receive multicast complaint
343
adjust time to finish multicast
1656
time to wait after receiving all multicast complaints
10344
time to verify multicast complaint
1
time to broadcast complaint
1
time to broadcastReceive
20448
time to receive relayed complaints from blockchain
29999
# complaints received in broadcast
528
time to verify complaints from blockchain
89
time to compute pk, sk share and pk share
2
total time:
72102
total idle cost:
10344
protocol cost:
61758
total communication cost:
60382
total computation cost:
1366
generateKeys,2;deal,18;verifyMulticast,1;verifyBroadcast,89;agree,1256;
total data:
398550
362774
128
total send:
118186
106974
63
total receive:
280364
255800
65
