time to deal
159
time to dealSend
3
time to dealReceive
20253
time to agree
1147
time to send multicast complaint
38
# complaints received in multicast
1024
time to receive multicast complaint
443
adjust time to finish multicast
1628
time to wait after receiving all multicast complaints
10372
time to verify multicast complaint
1
# complaints send in broadcast
16
time to broadcast complaint
2
time to broadcastReceive
20349
time to receive relayed complaints from blockchain
30000
# complaints received in broadcast
528
time to verify complaints from blockchain
61
time to compute pk, sk share and pk share
2
total time:
72069
total idle cost:
10372
protocol cost:
61697
total communication cost:
60324
total computation cost:
1370
generateKeys,2;deal,159;verifyMulticast,1;verifyBroadcast,61;agree,1147;
total data:
403554
367290
130
total send:
123193
111493
65
total receive:
280361
255797
65
