time to deal
182
time to dealSend
3
time to dealReceive
20234
time to agree
1099
time to send multicast complaint
47
# complaints received in multicast
1024
time to receive multicast complaint
464
adjust time to finish multicast
1610
time to wait after receiving all multicast complaints
10390
time to verify multicast complaint
1
time to broadcast complaint
2
time to broadcastReceive
20351
time to receive relayed complaints from blockchain
29999
# complaints received in broadcast
528
time to verify complaints from blockchain
71
time to compute pk, sk share and pk share
1
total time:
72082
total idle cost:
10390
protocol cost:
61692
total communication cost:
60330
total computation cost:
1354
generateKeys,1;deal,182;verifyMulticast,1;verifyBroadcast,71;agree,1099;
total data:
401062
364992
129
total send:
120694
109188
64
total receive:
280368
255804
65
