time to deal
15
time to dealSend
0
time to dealReceive
20694
time to agree
1268
time to send multicast complaint
103
# complaints received in multicast
1024
time to receive multicast complaint
275
adjust time to finish multicast
1646
time to wait after receiving all multicast complaints
10354
time to verify multicast complaint
1
time to broadcast complaint
1
time to broadcastReceive
20349
time to receive relayed complaints from blockchain
29999
# complaints received in broadcast
528
time to verify complaints from blockchain
80
time to compute pk, sk share and pk share
1
total time:
72088
total idle cost:
10354
protocol cost:
61734
total communication cost:
60364
total computation cost:
1365
generateKeys,1;deal,15;verifyMulticast,1;verifyBroadcast,80;agree,1268;
total data:
398674
362898
128
total send:
118312
107100
63
total receive:
280362
255798
65
