time to deal
185
time to dealSend
2
time to dealReceive
20384
time to agree
1096
time to send multicast complaint
45
# complaints received in multicast
1024
time to receive multicast complaint
425
adjust time to finish multicast
1566
time to wait after receiving all multicast complaints
10434
time to verify multicast complaint
1
# complaints send in broadcast
16
time to broadcast complaint
2
time to broadcastReceive
20327
time to receive relayed complaints from blockchain
29999
# complaints received in broadcast
528
time to verify complaints from blockchain
56
time to compute pk, sk share and pk share
1
total time:
72063
total idle cost:
10434
protocol cost:
61629
total communication cost:
60286
total computation cost:
1339
generateKeys,1;deal,185;verifyMulticast,1;verifyBroadcast,56;agree,1096;
total data:
405138
368874
130
total send:
124770
113070
65
total receive:
280368
255804
65
