time to deal
17
time to dealSend
0
time to dealReceive
20562
time to agree
1358
time to send multicast complaint
60
# complaints received in multicast
1024
time to receive multicast complaint
173
adjust time to finish multicast
1591
time to wait after receiving all multicast complaints
10409
time to verify multicast complaint
1
time to broadcast complaint
1
time to broadcastReceive
20431
time to receive relayed complaints from blockchain
29999
# complaints received in broadcast
528
time to verify complaints from blockchain
79
time to compute pk, sk share and pk share
4
total time:
72092
total idle cost:
10409
protocol cost:
61683
total communication cost:
60216
total computation cost:
1459
generateKeys,4;deal,17;verifyMulticast,1;verifyBroadcast,79;agree,1358;
total data:
398550
362774
128
total send:
118186
106974
63
total receive:
280364
255800
65
