time to deal
18
time to dealSend
0
time to dealReceive
20439
time to agree
1204
time to send multicast complaint
39
# complaints received in multicast
1024
time to receive multicast complaint
365
adjust time to finish multicast
1608
time to wait after receiving all multicast complaints
10392
time to verify multicast complaint
1
# complaints send in broadcast
16
time to broadcast complaint
3
time to broadcastReceive
20371
time to receive relayed complaints from blockchain
29999
# complaints received in broadcast
528
time to verify complaints from blockchain
80
time to compute pk, sk share and pk share
2
total time:
72089
total idle cost:
10392
protocol cost:
61697
total communication cost:
60388
total computation cost:
1305
generateKeys,2;deal,18;verifyMulticast,1;verifyBroadcast,80;agree,1204;
total data:
400228
364258
129
total send:
119858
108452
64
total receive:
280370
255806
65
