blockchain took # ms to receive the first packet dealBlockchainRelay
265
time to capture dealBlockchain
20011
time to send dealBlockchain
169
time to relay in blockchain
20180
time to sync with multicast + agree
blockchain took # ms to receive the first packet broadcastBlockchainRelay
108
time to capture broadcastBlockchainRelay
20008
time to send broadcastBlockchainRelay
71
time to relay broadcast complaints from blockchain
20080
total time:
72001
total data:
10585125
9716265
188
total send:
10421308
9566784
128
total receive:
163817
149481
60
