time to deal
464
time to dealSend
5
time to dealReceive
21559
time to agree
4396
time to send multicast complaint
0
# complaints received in multicast
0
time to receive multicast complaint
10084
adjust time to finish multicast
14480
time to wait after receiving all multicast complaints
-2480
time to verify multicast complaint
0
time to broadcast complaint
1
time to broadcastReceive
17653
time to receive relayed complaints from blockchain
30001
# complaints received in broadcast
0
time to verify complaints from blockchain
0
time to compute pk, sk share and pk share
1
total time:
74487
total idle cost:
0
protocol cost:
74487
total communication cost:
69622
total computation cost:
4861
generateKeys,1;deal,464;verifyMulticast,0;verifyBroadcast,0;agree,4396;
total data:
506986
477642
3
total send:
18105
17041
1
total receive:
488881
460601
2
