time to deal
18
time to dealSend
0
time to dealReceive
21445
time to agree
4283
time to send multicast complaint
0
# complaints received in multicast
0
time to receive multicast complaint
10076
adjust time to finish multicast
14359
time to wait after receiving all multicast complaints
-2359
time to verify multicast complaint
0
time to broadcast complaint
1
time to broadcastReceive
17759
time to receive relayed complaints from blockchain
30000
# complaints received in broadcast
0
time to verify complaints from blockchain
0
time to compute pk, sk share and pk share
1
total time:
74364
total idle cost:
0
protocol cost:
74364
total communication cost:
70059
total computation cost:
4302
generateKeys,1;deal,18;verifyMulticast,0;verifyBroadcast,0;agree,4283;
total data:
488881
460601
2
total send:
0
0
0
total receive:
488881
460601
2
