time to deal
409
time to dealSend
4
time to dealReceive
20971
time to agree
4221
time to send multicast complaint
0
# complaints received in multicast
0
time to receive multicast complaint
10079
adjust time to finish multicast
14300
time to wait after receiving all multicast complaints
-2300
time to verify multicast complaint
0
time to broadcast complaint
1
time to broadcastReceive
17814
time to receive relayed complaints from blockchain
30000
# complaints received in broadcast
0
time to verify complaints from blockchain
0
time to compute pk, sk share and pk share
1
total time:
74306
total idle cost:
0
protocol cost:
74306
total communication cost:
69671
total computation cost:
4631
generateKeys,1;deal,409;verifyMulticast,0;verifyBroadcast,0;agree,4221;
total data:
507007
477663
3
total send:
18126
17062
1
total receive:
488881
460601
2
