time to deal
20
time to dealSend
0
time to dealReceive
21533
time to agree
4540
time to send multicast complaint
0
# complaints received in multicast
0
time to receive multicast complaint
10083
adjust time to finish multicast
14623
time to wait after receiving all multicast complaints
-2623
time to verify multicast complaint
0
time to broadcast complaint
1
time to broadcastReceive
17503
time to receive relayed complaints from blockchain
30000
# complaints received in broadcast
0
time to verify complaints from blockchain
0
time to compute pk, sk share and pk share
1
total time:
74628
total idle cost:
0
protocol cost:
74628
total communication cost:
70064
total computation cost:
4561
generateKeys,1;deal,20;verifyMulticast,0;verifyBroadcast,0;agree,4540;
total data:
488883
460601
2
total send:
0
0
0
total receive:
488883
460601
2
