time to deal
13
time to dealSend
0
time to dealReceive
21923
time to agree
4159
time to send multicast complaint
0
# complaints received in multicast
0
time to receive multicast complaint
10082
adjust time to finish multicast
14241
time to wait after receiving all multicast complaints
-2241
time to verify multicast complaint
0
time to broadcast complaint
1
time to broadcastReceive
17883
time to receive relayed complaints from blockchain
30001
# complaints received in broadcast
0
time to verify complaints from blockchain
0
time to compute pk, sk share and pk share
1
total time:
74247
total idle cost:
0
protocol cost:
74247
total communication cost:
70071
total computation cost:
4173
generateKeys,1;deal,13;verifyMulticast,0;verifyBroadcast,0;agree,4159;
total data:
488883
460601
2
total send:
0
0
0
total receive:
488883
460601
2
