time to deal
429
time to dealSend
7
time to dealReceive
20613
time to agree
4047
time to send multicast complaint
0
# complaints received in multicast
0
time to receive multicast complaint
10088
adjust time to finish multicast
14135
time to wait after receiving all multicast complaints
-2135
time to verify multicast complaint
0
time to broadcast complaint
1
time to broadcastReceive
17965
time to receive relayed complaints from blockchain
30000
# complaints received in broadcast
0
time to verify complaints from blockchain
0
time to compute pk, sk share and pk share
1
total time:
74141
total idle cost:
0
protocol cost:
74141
total communication cost:
69660
total computation cost:
4477
generateKeys,1;deal,429;verifyMulticast,0;verifyBroadcast,0;agree,4047;
total data:
507008
477661
3
total send:
18125
17060
1
total receive:
488883
460601
2
