time to deal
13
time to dealSend
0
time to dealReceive
21486
time to agree
4077
time to send multicast complaint
0
# complaints received in multicast
0
time to receive multicast complaint
10086
adjust time to finish multicast
14163
time to wait after receiving all multicast complaints
-2163
time to verify multicast complaint
0
time to broadcast complaint
2
time to broadcastReceive
17948
time to receive relayed complaints from blockchain
30000
# complaints received in broadcast
0
time to verify complaints from blockchain
0
time to compute pk, sk share and pk share
1
total time:
74169
total idle cost:
0
protocol cost:
74169
total communication cost:
70075
total computation cost:
4091
generateKeys,1;deal,13;verifyMulticast,0;verifyBroadcast,0;agree,4077;
total data:
488883
460601
2
total send:
0
0
0
total receive:
488883
460601
2
