time to deal
16
time to dealSend
0
time to dealReceive
21681
time to agree
4102
time to send multicast complaint
0
# complaints received in multicast
0
time to receive multicast complaint
10079
adjust time to finish multicast
14181
time to wait after receiving all multicast complaints
-2181
time to verify multicast complaint
0
time to broadcast complaint
1
time to broadcastReceive
17932
time to receive relayed complaints from blockchain
30000
# complaints received in broadcast
0
time to verify complaints from blockchain
0
time to compute pk, sk share and pk share
2
total time:
74187
total idle cost:
0
protocol cost:
74187
total communication cost:
70064
total computation cost:
4120
generateKeys,2;deal,16;verifyMulticast,0;verifyBroadcast,0;agree,4102;
total data:
488881
460601
2
total send:
0
0
0
total receive:
488881
460601
2
