time to deal
13
time to dealSend
0
time to dealReceive
21226
time to agree
4323
time to send multicast complaint
0
# complaints received in multicast
0
time to receive multicast complaint
10084
adjust time to finish multicast
14407
time to wait after receiving all multicast complaints
-2407
time to verify multicast complaint
0
time to broadcast complaint
1
time to broadcastReceive
17707
time to receive relayed complaints from blockchain
30000
# complaints received in broadcast
0
time to verify complaints from blockchain
0
time to compute pk, sk share and pk share
1
total time:
74412
total idle cost:
0
protocol cost:
74412
total communication cost:
70072
total computation cost:
4337
generateKeys,1;deal,13;verifyMulticast,0;verifyBroadcast,0;agree,4323;
total data:
488883
460601
2
total send:
0
0
0
total receive:
488883
460601
2
