time to deal
14
time to dealSend
0
time to dealReceive
21419
time to agree
4274
time to send multicast complaint
0
# complaints received in multicast
0
time to receive multicast complaint
10076
adjust time to finish multicast
14350
time to wait after receiving all multicast complaints
-2350
time to verify multicast complaint
0
time to broadcast complaint
1
time to broadcastReceive
17766
time to receive relayed complaints from blockchain
30000
# complaints received in broadcast
0
time to verify complaints from blockchain
0
time to compute pk, sk share and pk share
1
total time:
74355
total idle cost:
0
protocol cost:
74355
total communication cost:
70063
total computation cost:
4289
generateKeys,1;deal,14;verifyMulticast,0;verifyBroadcast,0;agree,4274;
total data:
488883
460601
2
total send:
0
0
0
total receive:
488883
460601
2
