time to deal
19
time to dealSend
0
time to dealReceive
21562
time to agree
4709
time to send multicast complaint
0
# complaints received in multicast
0
time to receive multicast complaint
10089
adjust time to finish multicast
14798
time to wait after receiving all multicast complaints
-2798
time to verify multicast complaint
0
time to broadcast complaint
1
time to broadcastReceive
17316
time to receive relayed complaints from blockchain
30001
# complaints received in broadcast
0
time to verify complaints from blockchain
0
time to compute pk, sk share and pk share
2
total time:
74804
total idle cost:
0
protocol cost:
74804
total communication cost:
70073
total computation cost:
4730
generateKeys,2;deal,19;verifyMulticast,0;verifyBroadcast,0;agree,4709;
total data:
488883
460601
2
total send:
0
0
0
total receive:
488883
460601
2
