blockchain took # ms to receive the first packet dealBlockchainRelay
477
time to capture dealBlockchain
20014
time to send dealBlockchain
684
time to relay in blockchain
20700
time to sync with multicast + agree
blockchain took # ms to receive the first packet broadcastBlockchainRelay
20000
time to capture broadcastBlockchainRelay
20000
time to send broadcastBlockchainRelay
37
time to relay broadcast complaints from blockchain
20037
total time:
72001
total data:
125643133
118374457
539
total send:
125153788
117913856
512
total receive:
489345
460601
27
