time to deal
15
time to dealSend
0
time to dealReceive
21201
time to agree
4126
time to send multicast complaint
0
# complaints received in multicast
0
time to receive multicast complaint
10094
adjust time to finish multicast
14220
time to wait after receiving all multicast complaints
-2220
time to verify multicast complaint
0
time to broadcast complaint
1
time to broadcastReceive
17894
time to receive relayed complaints from blockchain
30000
# complaints received in broadcast
0
time to verify complaints from blockchain
0
time to compute pk, sk share and pk share
2
total time:
74226
total idle cost:
0
protocol cost:
74226
total communication cost:
70080
total computation cost:
4143
generateKeys,2;deal,15;verifyMulticast,0;verifyBroadcast,0;agree,4126;
total data:
488881
460601
2
total send:
0
0
0
total receive:
488881
460601
2
