time to deal
21
time to dealSend
0
time to dealReceive
21423
time to agree
4291
time to send multicast complaint
0
# complaints received in multicast
0
time to receive multicast complaint
10074
adjust time to finish multicast
14365
time to wait after receiving all multicast complaints
-2365
time to verify multicast complaint
0
time to broadcast complaint
1
time to broadcastReceive
17758
time to receive relayed complaints from blockchain
30000
# complaints received in broadcast
0
time to verify complaints from blockchain
0
time to compute pk, sk share and pk share
1
total time:
74371
total idle cost:
0
protocol cost:
74371
total communication cost:
70054
total computation cost:
4313
generateKeys,1;deal,21;verifyMulticast,0;verifyBroadcast,0;agree,4291;
total data:
488881
460601
2
total send:
0
0
0
total receive:
488881
460601
2
