time to deal
12
time to dealSend
0
time to dealReceive
22006
time to agree
4205
time to send multicast complaint
0
# complaints received in multicast
0
time to receive multicast complaint
10079
adjust time to finish multicast
14284
time to wait after receiving all multicast complaints
-2284
time to verify multicast complaint
0
time to broadcast complaint
1
time to broadcastReceive
17848
time to receive relayed complaints from blockchain
30000
# complaints received in broadcast
0
time to verify complaints from blockchain
0
time to compute pk, sk share and pk share
1
total time:
74289
total idle cost:
0
protocol cost:
74289
total communication cost:
70068
total computation cost:
4218
generateKeys,1;deal,12;verifyMulticast,0;verifyBroadcast,0;agree,4205;
total data:
488881
460601
2
total send:
0
0
0
total receive:
488881
460601
2
