time to deal
19
time to dealSend
0
time to dealReceive
21776
time to agree
4554
time to send multicast complaint
0
# complaints received in multicast
0
time to receive multicast complaint
10075
adjust time to finish multicast
14629
time to wait after receiving all multicast complaints
-2629
time to verify multicast complaint
0
time to broadcast complaint
1
time to broadcastReceive
17500
time to receive relayed complaints from blockchain
30000
# complaints received in broadcast
0
time to verify complaints from blockchain
0
time to compute pk, sk share and pk share
1
total time:
74634
total idle cost:
0
protocol cost:
74634
total communication cost:
70057
total computation cost:
4574
generateKeys,1;deal,19;verifyMulticast,0;verifyBroadcast,0;agree,4554;
total data:
488881
460601
2
total send:
0
0
0
total receive:
488881
460601
2
