time to deal
20
time to dealSend
0
time to dealReceive
21909
time to agree
4249
time to send multicast complaint
0
# complaints received in multicast
0
time to receive multicast complaint
10114
adjust time to finish multicast
14363
time to wait after receiving all multicast complaints
-2363
time to verify multicast complaint
0
# complaints send in broadcast
0
time to broadcast complaint
1
time to broadcastReceive
17761
time to receive relayed complaints from blockchain
30000
# complaints received in broadcast
0
time to verify complaints from blockchain
0
time to compute pk, sk share and pk share
2
total time:
74370
total idle cost:
0
protocol cost:
74370
total communication cost:
70096
total computation cost:
4271
generateKeys,2;deal,20;verifyMulticast,0;verifyBroadcast,0;agree,4249;
total data:
488881
460601
2
total send:
0
0
0
total receive:
488881
460601
2
