time to deal
14
time to dealSend
0
time to dealReceive
21879
time to agree
4049
time to send multicast complaint
0
# complaints received in multicast
0
time to receive multicast complaint
10075
adjust time to finish multicast
14124
time to wait after receiving all multicast complaints
-2124
time to verify multicast complaint
0
time to broadcast complaint
1
time to broadcastReceive
18000
time to receive relayed complaints from blockchain
30000
# complaints received in broadcast
0
time to verify complaints from blockchain
0
time to compute pk, sk share and pk share
1
total time:
74128
total idle cost:
0
protocol cost:
74128
total communication cost:
70062
total computation cost:
4064
generateKeys,1;deal,14;verifyMulticast,0;verifyBroadcast,0;agree,4049;
total data:
488881
460601
2
total send:
0
0
0
total receive:
488881
460601
2
