time to deal
42
time to dealSend
0
time to dealReceive
20945
time to agree
4359
time to send multicast complaint
0
# complaints received in multicast
0
time to receive multicast complaint
10084
adjust time to finish multicast
14443
time to wait after receiving all multicast complaints
-2443
time to verify multicast complaint
0
time to broadcast complaint
1
time to broadcastReceive
17656
time to receive relayed complaints from blockchain
30000
# complaints received in broadcast
0
time to verify complaints from blockchain
0
time to compute pk, sk share and pk share
1
total time:
74450
total idle cost:
0
protocol cost:
74450
total communication cost:
70044
total computation cost:
4402
generateKeys,1;deal,42;verifyMulticast,0;verifyBroadcast,0;agree,4359;
total data:
488881
460601
2
total send:
0
0
0
total receive:
488881
460601
2
