time to deal
167
time to dealSend
3
time to dealReceive
20563
time to agree
1395
time to send multicast complaint
54
# complaints received in multicast
1152
time to receive multicast complaint
475
adjust time to finish multicast
1924
time to wait after receiving all multicast complaints
10076
time to verify multicast complaint
1
# complaints send in broadcast
18
time to broadcast complaint
3
time to broadcastReceive
20366
time to receive relayed complaints from blockchain
29999
# complaints received in broadcast
612
time to verify complaints from blockchain
63
time to compute pk, sk share and pk share
1
total time:
72072
total idle cost:
10076
protocol cost:
61996
total communication cost:
60364
total computation cost:
1627
generateKeys,1;deal,167;verifyMulticast,1;verifyBroadcast,63;agree,1395;
total data:
476820
434936
130
total send:
138043
125063
65
total receive:
338777
309873
65
