time to deal
18
time to dealSend
0
time to dealReceive
20640
time to agree
1575
time to send multicast complaint
49
# complaints received in multicast
1152
time to receive multicast complaint
348
adjust time to finish multicast
1972
time to wait after receiving all multicast complaints
10028
time to verify multicast complaint
1
time to broadcast complaint
1
time to broadcastReceive
20355
time to receive relayed complaints from blockchain
29999
# complaints received in broadcast
612
time to verify complaints from blockchain
63
time to compute pk, sk share and pk share
1
total time:
72072
total idle cost:
10028
protocol cost:
62044
total communication cost:
60379
total computation cost:
1658
generateKeys,1;deal,18;verifyMulticast,1;verifyBroadcast,63;agree,1575;
total data:
471024
429648
128
total send:
132235
119763
63
total receive:
338789
309885
65
