time to deal
20
time to dealSend
0
time to dealReceive
20684
time to agree
1563
time to send multicast complaint
80
# complaints received in multicast
1152
time to receive multicast complaint
337
adjust time to finish multicast
1980
time to wait after receiving all multicast complaints
10020
time to verify multicast complaint
1
# complaints send in broadcast
18
time to broadcast complaint
3
time to broadcastReceive
20366
time to receive relayed complaints from blockchain
30000
# complaints received in broadcast
612
time to verify complaints from blockchain
75
time to compute pk, sk share and pk share
1
total time:
72083
total idle cost:
10020
protocol cost:
62063
total communication cost:
60400
total computation cost:
1660
generateKeys,1;deal,20;verifyMulticast,1;verifyBroadcast,75;agree,1563;
total data:
473933
432343
129
total send:
135154
122468
64
total receive:
338779
309875
65
