time to deal
443
time to dealSend
2
time to dealReceive
22230
time to agree
6902
time to send multicast complaint
0
# complaints received in multicast
0
time to receive multicast complaint
10116
adjust time to finish multicast
17018
time to wait after receiving all multicast complaints
-5018
time to verify multicast complaint
0
time to broadcast complaint
1
time to broadcastReceive
15113
time to receive relayed complaints from blockchain
30000
# complaints received in broadcast
0
time to verify complaints from blockchain
0
time to compute pk, sk share and pk share
1
total time:
77024
total idle cost:
0
protocol cost:
77024
total communication cost:
69674
total computation cost:
7346
generateKeys,1;deal,443;verifyMulticast,0;verifyBroadcast,0;agree,6902;
total data:
905233
852877
3
total send:
18125
17061
1
total receive:
887108
835816
2
