time to deal
13
time to dealSend
0
time to dealReceive
21748
time to agree
6674
time to send multicast complaint
0
# complaints received in multicast
0
time to receive multicast complaint
10074
adjust time to finish multicast
16748
time to wait after receiving all multicast complaints
-4748
time to verify multicast complaint
0
time to broadcast complaint
1
time to broadcastReceive
15358
time to receive relayed complaints from blockchain
30000
# complaints received in broadcast
0
time to verify complaints from blockchain
0
time to compute pk, sk share and pk share
1
total time:
76754
total idle cost:
0
protocol cost:
76754
total communication cost:
70063
total computation cost:
6688
generateKeys,1;deal,13;verifyMulticast,0;verifyBroadcast,0;agree,6674;
total data:
887108
835816
2
total send:
0
0
0
total receive:
887108
835816
2
