time to deal
369
time to dealSend
6
time to dealReceive
21706
time to agree
6470
time to send multicast complaint
0
# complaints received in multicast
0
time to receive multicast complaint
10093
adjust time to finish multicast
16563
time to wait after receiving all multicast complaints
-4563
time to verify multicast complaint
0
time to broadcast complaint
1
time to broadcastReceive
15558
time to receive relayed complaints from blockchain
30000
# complaints received in broadcast
0
time to verify complaints from blockchain
0
time to compute pk, sk share and pk share
1
total time:
76568
total idle cost:
0
protocol cost:
76568
total communication cost:
69725
total computation cost:
6840
generateKeys,1;deal,369;verifyMulticast,0;verifyBroadcast,0;agree,6470;
total data:
905232
852873
3
total send:
18122
17057
1
total receive:
887110
835816
2
