time to deal
14
time to dealSend
0
time to dealReceive
22466
time to agree
6676
time to send multicast complaint
0
# complaints received in multicast
0
time to receive multicast complaint
10098
adjust time to finish multicast
16774
time to wait after receiving all multicast complaints
-4774
time to verify multicast complaint
0
time to broadcast complaint
1
time to broadcastReceive
15358
time to receive relayed complaints from blockchain
30000
# complaints received in broadcast
0
time to verify complaints from blockchain
0
time to compute pk, sk share and pk share
1
total time:
76779
total idle cost:
0
protocol cost:
76779
total communication cost:
70085
total computation cost:
6691
generateKeys,1;deal,14;verifyMulticast,0;verifyBroadcast,0;agree,6676;
total data:
887108
835816
2
total send:
0
0
0
total receive:
887108
835816
2
