time to deal
14
time to dealSend
0
time to dealReceive
21478
time to agree
6714
time to send multicast complaint
0
# complaints received in multicast
0
time to receive multicast complaint
10085
adjust time to finish multicast
16799
time to wait after receiving all multicast complaints
-4799
time to verify multicast complaint
0
# complaints send in broadcast
0
time to broadcast complaint
1
time to broadcastReceive
15308
time to receive relayed complaints from blockchain
30000
# complaints received in broadcast
0
time to verify complaints from blockchain
0
time to compute pk, sk share and pk share
1
total time:
76805
total idle cost:
0
protocol cost:
76805
total communication cost:
70072
total computation cost:
6729
generateKeys,1;deal,14;verifyMulticast,0;verifyBroadcast,0;agree,6714;
total data:
887110
835816
2
total send:
0
0
0
total receive:
887110
835816
2
