time to deal
364
time to dealSend
2
time to dealReceive
21859
time to agree
6481
time to send multicast complaint
0
# complaints received in multicast
0
time to receive multicast complaint
10079
adjust time to finish multicast
16560
time to wait after receiving all multicast complaints
-4560
time to verify multicast complaint
0
# complaints send in broadcast
0
time to broadcast complaint
1
time to broadcastReceive
15577
time to receive relayed complaints from blockchain
30000
# complaints received in broadcast
0
time to verify complaints from blockchain
0
time to compute pk, sk share and pk share
1
total time:
76565
total idle cost:
0
protocol cost:
76565
total communication cost:
69716
total computation cost:
6846
generateKeys,1;deal,364;verifyMulticast,0;verifyBroadcast,0;agree,6481;
total data:
905240
852881
3
total send:
18130
17065
1
total receive:
887110
835816
2
