time to deal
17
time to dealSend
0
time to dealReceive
22668
time to agree
7142
time to send multicast complaint
0
# complaints received in multicast
0
time to receive multicast complaint
10079
adjust time to finish multicast
17221
time to wait after receiving all multicast complaints
-5221
time to verify multicast complaint
0
time to broadcast complaint
1
time to broadcastReceive
14918
time to receive relayed complaints from blockchain
30000
# complaints received in broadcast
0
time to verify complaints from blockchain
0
time to compute pk, sk share and pk share
2
total time:
77226
total idle cost:
0
protocol cost:
77226
total communication cost:
70063
total computation cost:
7161
generateKeys,2;deal,17;verifyMulticast,0;verifyBroadcast,0;agree,7142;
total data:
887108
835816
2
total send:
0
0
0
total receive:
887108
835816
2
