time to deal
473
time to dealSend
6
time to dealReceive
22107
time to agree
6543
time to send multicast complaint
0
# complaints received in multicast
0
time to receive multicast complaint
10080
adjust time to finish multicast
16623
time to wait after receiving all multicast complaints
-4623
time to verify multicast complaint
0
time to broadcast complaint
1
time to broadcastReceive
15497
time to receive relayed complaints from blockchain
30000
# complaints received in broadcast
0
time to verify complaints from blockchain
0
time to compute pk, sk share and pk share
1
total time:
76629
total idle cost:
0
protocol cost:
76629
total communication cost:
69609
total computation cost:
7017
generateKeys,1;deal,473;verifyMulticast,0;verifyBroadcast,0;agree,6543;
total data:
905221
852862
3
total send:
18111
17046
1
total receive:
887110
835816
2
