time to deal
14
time to dealSend
0
time to dealReceive
22207
time to agree
6812
time to send multicast complaint
0
# complaints received in multicast
0
time to receive multicast complaint
10098
adjust time to finish multicast
16910
time to wait after receiving all multicast complaints
-4910
time to verify multicast complaint
0
time to broadcast complaint
1
time to broadcastReceive
15228
time to receive relayed complaints from blockchain
30001
# complaints received in broadcast
0
time to verify complaints from blockchain
0
time to compute pk, sk share and pk share
2
total time:
76916
total idle cost:
0
protocol cost:
76916
total communication cost:
70086
total computation cost:
6828
generateKeys,2;deal,14;verifyMulticast,0;verifyBroadcast,0;agree,6812;
total data:
887108
835816
2
total send:
0
0
0
total receive:
887108
835816
2
