time to deal
444
time to dealSend
11
time to dealReceive
21695
time to agree
6686
time to send multicast complaint
0
# complaints received in multicast
0
time to receive multicast complaint
10069
adjust time to finish multicast
16755
time to wait after receiving all multicast complaints
-4755
time to verify multicast complaint
0
time to broadcast complaint
1
time to broadcastReceive
15364
time to receive relayed complaints from blockchain
30000
# complaints received in broadcast
0
time to verify complaints from blockchain
0
time to compute pk, sk share and pk share
1
total time:
76761
total idle cost:
0
protocol cost:
76761
total communication cost:
69626
total computation cost:
7131
generateKeys,1;deal,444;verifyMulticast,0;verifyBroadcast,0;agree,6686;
total data:
905226
852870
3
total send:
18118
17054
1
total receive:
887108
835816
2
