time to deal
14
time to dealSend
0
time to dealReceive
22496
time to agree
6503
time to send multicast complaint
0
# complaints received in multicast
0
time to receive multicast complaint
10076
adjust time to finish multicast
16579
time to wait after receiving all multicast complaints
-4579
time to verify multicast complaint
0
# complaints send in broadcast
0
time to broadcast complaint
1
time to broadcastReceive
15542
time to receive relayed complaints from blockchain
30000
# complaints received in broadcast
0
time to verify complaints from blockchain
0
time to compute pk, sk share and pk share
2
total time:
76584
total idle cost:
0
protocol cost:
76584
total communication cost:
70063
total computation cost:
6519
generateKeys,2;deal,14;verifyMulticast,0;verifyBroadcast,0;agree,6503;
total data:
887110
835816
2
total send:
0
0
0
total receive:
887110
835816
2
