time to deal
385
time to dealSend
5
time to dealReceive
21737
time to agree
6446
time to send multicast complaint
0
# complaints received in multicast
0
time to receive multicast complaint
10074
adjust time to finish multicast
16520
time to wait after receiving all multicast complaints
-4520
time to verify multicast complaint
0
time to broadcast complaint
1
time to broadcastReceive
15600
time to receive relayed complaints from blockchain
30000
# complaints received in broadcast
0
time to verify complaints from blockchain
0
time to compute pk, sk share and pk share
1
total time:
76526
total idle cost:
0
protocol cost:
76526
total communication cost:
69691
total computation cost:
6832
generateKeys,1;deal,385;verifyMulticast,0;verifyBroadcast,0;agree,6446;
total data:
905220
852861
3
total send:
18110
17045
1
total receive:
887110
835816
2
