time to deal
377
time to dealSend
11
time to dealReceive
22308
time to agree
6746
time to send multicast complaint
0
# complaints received in multicast
0
time to receive multicast complaint
10083
adjust time to finish multicast
16829
time to wait after receiving all multicast complaints
-4829
time to verify multicast complaint
0
time to broadcast complaint
1
time to broadcastReceive
15301
time to receive relayed complaints from blockchain
30000
# complaints received in broadcast
0
time to verify complaints from blockchain
0
time to compute pk, sk share and pk share
1
total time:
76834
total idle cost:
0
protocol cost:
76834
total communication cost:
69707
total computation cost:
7124
generateKeys,1;deal,377;verifyMulticast,0;verifyBroadcast,0;agree,6746;
total data:
905230
852871
3
total send:
18120
17055
1
total receive:
887110
835816
2
