time to deal
16
time to dealSend
0
time to dealReceive
23513
time to agree
7107
time to send multicast complaint
0
# complaints received in multicast
0
time to receive multicast complaint
10080
adjust time to finish multicast
17187
time to wait after receiving all multicast complaints
-5187
time to verify multicast complaint
0
time to broadcast complaint
1
time to broadcastReceive
14943
time to receive relayed complaints from blockchain
30000
# complaints received in broadcast
0
time to verify complaints from blockchain
0
time to compute pk, sk share and pk share
2
total time:
77192
total idle cost:
0
protocol cost:
77192
total communication cost:
70065
total computation cost:
7125
generateKeys,2;deal,16;verifyMulticast,0;verifyBroadcast,0;agree,7107;
total data:
887110
835816
2
total send:
0
0
0
total receive:
887110
835816
2
