time to deal
440
time to dealSend
6
time to dealReceive
22744
time to agree
6907
time to send multicast complaint
0
# complaints received in multicast
0
time to receive multicast complaint
10074
adjust time to finish multicast
16981
time to wait after receiving all multicast complaints
-4981
time to verify multicast complaint
0
time to broadcast complaint
1
time to broadcastReceive
15155
time to receive relayed complaints from blockchain
30000
# complaints received in broadcast
0
time to verify complaints from blockchain
0
time to compute pk, sk share and pk share
1
total time:
76987
total idle cost:
0
protocol cost:
76987
total communication cost:
69635
total computation cost:
7348
generateKeys,1;deal,440;verifyMulticast,0;verifyBroadcast,0;agree,6907;
total data:
905244
852885
3
total send:
18134
17069
1
total receive:
887110
835816
2
