time to deal
15
time to dealSend
0
time to dealReceive
23139
time to agree
6967
time to send multicast complaint
0
# complaints received in multicast
0
time to receive multicast complaint
10079
adjust time to finish multicast
17046
time to wait after receiving all multicast complaints
-5046
time to verify multicast complaint
0
time to broadcast complaint
1
time to broadcastReceive
15092
time to receive relayed complaints from blockchain
30001
# complaints received in broadcast
0
time to verify complaints from blockchain
0
time to compute pk, sk share and pk share
2
total time:
77051
total idle cost:
0
protocol cost:
77051
total communication cost:
70066
total computation cost:
6984
generateKeys,2;deal,15;verifyMulticast,0;verifyBroadcast,0;agree,6967;
total data:
887110
835816
2
total send:
0
0
0
total receive:
887110
835816
2
