time to deal
338
time to dealSend
10
time to dealReceive
21372
time to agree
6594
time to send multicast complaint
0
# complaints received in multicast
0
time to receive multicast complaint
10084
adjust time to finish multicast
16678
time to wait after receiving all multicast complaints
-4678
time to verify multicast complaint
0
time to broadcast complaint
1
time to broadcastReceive
15442
time to receive relayed complaints from blockchain
30001
# complaints received in broadcast
0
time to verify complaints from blockchain
0
time to compute pk, sk share and pk share
2
total time:
76684
total idle cost:
0
protocol cost:
76684
total communication cost:
69748
total computation cost:
6934
generateKeys,2;deal,338;verifyMulticast,0;verifyBroadcast,0;agree,6594;
total data:
905238
852879
3
total send:
18128
17063
1
total receive:
887110
835816
2
