time to deal
12
time to dealSend
0
time to dealReceive
23194
time to agree
6598
time to send multicast complaint
0
# complaints received in multicast
0
time to receive multicast complaint
10071
adjust time to finish multicast
16669
time to wait after receiving all multicast complaints
-4669
time to verify multicast complaint
0
# complaints send in broadcast
0
time to broadcast complaint
1
time to broadcastReceive
15454
time to receive relayed complaints from blockchain
30001
# complaints received in broadcast
0
time to verify complaints from blockchain
0
time to compute pk, sk share and pk share
1
total time:
76674
total idle cost:
0
protocol cost:
76674
total communication cost:
70061
total computation cost:
6611
generateKeys,1;deal,12;verifyMulticast,0;verifyBroadcast,0;agree,6598;
total data:
887110
835816
2
total send:
0
0
0
total receive:
887110
835816
2
