time to deal
379
time to dealSend
2
time to dealReceive
23002
time to agree
6646
time to send multicast complaint
0
# complaints received in multicast
0
time to receive multicast complaint
10070
adjust time to finish multicast
16716
time to wait after receiving all multicast complaints
-4716
time to verify multicast complaint
0
time to broadcast complaint
1
time to broadcastReceive
15422
time to receive relayed complaints from blockchain
30001
# complaints received in broadcast
0
time to verify complaints from blockchain
0
time to compute pk, sk share and pk share
2
total time:
76721
total idle cost:
0
protocol cost:
76721
total communication cost:
69693
total computation cost:
7027
generateKeys,2;deal,379;verifyMulticast,0;verifyBroadcast,0;agree,6646;
total data:
905230
852874
3
total send:
18122
17058
1
total receive:
887108
835816
2
