time to deal
14
time to dealSend
0
time to dealReceive
24166
time to agree
6877
time to send multicast complaint
0
# complaints received in multicast
0
time to receive multicast complaint
10088
adjust time to finish multicast
16965
time to wait after receiving all multicast complaints
-4965
time to verify multicast complaint
0
# complaints send in broadcast
0
time to broadcast complaint
1
time to broadcastReceive
15173
time to receive relayed complaints from blockchain
30001
# complaints received in broadcast
0
time to verify complaints from blockchain
0
time to compute pk, sk share and pk share
2
total time:
76972
total idle cost:
0
protocol cost:
76972
total communication cost:
70076
total computation cost:
6893
generateKeys,2;deal,14;verifyMulticast,0;verifyBroadcast,0;agree,6877;
total data:
887108
835816
2
total send:
0
0
0
total receive:
887108
835816
2
