time to deal
25
time to dealSend
0
time to dealReceive
21756
time to agree
6681
time to send multicast complaint
0
# complaints received in multicast
0
time to receive multicast complaint
10073
adjust time to finish multicast
16754
time to wait after receiving all multicast complaints
-4754
time to verify multicast complaint
0
time to broadcast complaint
1
time to broadcastReceive
15373
time to receive relayed complaints from blockchain
30000
# complaints received in broadcast
0
time to verify complaints from blockchain
0
time to compute pk, sk share and pk share
1
total time:
76759
total idle cost:
0
protocol cost:
76759
total communication cost:
70049
total computation cost:
6707
generateKeys,1;deal,25;verifyMulticast,0;verifyBroadcast,0;agree,6681;
total data:
887108
835816
2
total send:
0
0
0
total receive:
887108
835816
2
