time to deal
201
time to dealSend
5
time to dealReceive
20619
time to agree
1387
time to send multicast complaint
0
# complaints received in multicast
0
time to receive multicast complaint
10035
adjust time to finish multicast
11422
time to wait after receiving all multicast complaints
578
time to verify multicast complaint
0
# complaints send in broadcast
0
time to broadcast complaint
1
time to broadcastReceive
20111
time to receive relayed complaints from blockchain
30001
# complaints received in broadcast
0
time to verify complaints from blockchain
0
time to compute pk, sk share and pk share
1
total time:
72008
total idle cost:
578
protocol cost:
71430
total communication cost:
69836
total computation cost:
1589
generateKeys,1;deal,201;verifyMulticast,0;verifyBroadcast,0;agree,1387;
total data:
166610
156828
3
total send:
4786
4492
1
total receive:
161824
152336
2
