time to deal
15
time to dealSend
0
time to dealReceive
20596
time to agree
1498
time to send multicast complaint
0
# complaints received in multicast
0
time to receive multicast complaint
10053
adjust time to finish multicast
11551
time to wait after receiving all multicast complaints
449
time to verify multicast complaint
0
# complaints send in broadcast
0
time to broadcast complaint
1
time to broadcastReceive
20112
time to receive relayed complaints from blockchain
30000
# complaints received in broadcast
0
time to verify complaints from blockchain
0
time to compute pk, sk share and pk share
2
total time:
72006
total idle cost:
449
protocol cost:
71557
total communication cost:
70039
total computation cost:
1515
generateKeys,2;deal,15;verifyMulticast,0;verifyBroadcast,0;agree,1498;
total data:
161824
152336
2
total send:
0
0
0
total receive:
161824
152336
2
