time to deal
14
time to dealSend
0
time to dealReceive
20694
time to agree
1435
time to send multicast complaint
0
# complaints received in multicast
0
time to receive multicast complaint
10031
adjust time to finish multicast
11466
time to wait after receiving all multicast complaints
534
time to verify multicast complaint
0
# complaints send in broadcast
0
time to broadcast complaint
1
time to broadcastReceive
20116
time to receive relayed complaints from blockchain
30001
# complaints received in broadcast
0
time to verify complaints from blockchain
0
time to compute pk, sk share and pk share
1
total time:
72008
total idle cost:
534
protocol cost:
71474
total communication cost:
70019
total computation cost:
1450
generateKeys,1;deal,14;verifyMulticast,0;verifyBroadcast,0;agree,1435;
total data:
161824
152336
2
total send:
0
0
0
total receive:
161824
152336
2
