time to deal
19
time to dealSend
0
time to dealReceive
20887
time to agree
1493
time to send multicast complaint
0
# complaints received in multicast
0
time to receive multicast complaint
10038
adjust time to finish multicast
11531
time to wait after receiving all multicast complaints
469
time to verify multicast complaint
0
time to broadcast complaint
2
time to broadcastReceive
20118
time to receive relayed complaints from blockchain
30000
# complaints received in broadcast
0
time to verify complaints from blockchain
0
time to compute pk, sk share and pk share
2
total time:
72006
total idle cost:
469
protocol cost:
71537
total communication cost:
70021
total computation cost:
1514
generateKeys,2;deal,19;verifyMulticast,0;verifyBroadcast,0;agree,1493;
total data:
161824
152336
2
total send:
0
0
0
total receive:
161824
152336
2
