time to deal
16
time to dealSend
0
time to dealReceive
20689
time to agree
1560
time to send multicast complaint
0
# complaints received in multicast
0
time to receive multicast complaint
10032
adjust time to finish multicast
11592
time to wait after receiving all multicast complaints
408
time to verify multicast complaint
0
time to broadcast complaint
1
time to broadcastReceive
20116
time to receive relayed complaints from blockchain
30000
# complaints received in broadcast
0
time to verify complaints from blockchain
0
time to compute pk, sk share and pk share
1
total time:
72007
total idle cost:
408
protocol cost:
71599
total communication cost:
70018
total computation cost:
1577
generateKeys,1;deal,16;verifyMulticast,0;verifyBroadcast,0;agree,1560;
total data:
161824
152336
2
total send:
0
0
0
total receive:
161824
152336
2
