time to deal
15
time to dealSend
0
time to dealReceive
20797
time to agree
1506
time to send multicast complaint
0
# complaints received in multicast
0
time to receive multicast complaint
10043
adjust time to finish multicast
11549
time to wait after receiving all multicast complaints
451
time to verify multicast complaint
0
time to broadcast complaint
1
time to broadcastReceive
20113
time to receive relayed complaints from blockchain
30000
# complaints received in broadcast
0
time to verify complaints from blockchain
0
time to compute pk, sk share and pk share
1
total time:
72006
total idle cost:
451
protocol cost:
71555
total communication cost:
70029
total computation cost:
1522
generateKeys,1;deal,15;verifyMulticast,0;verifyBroadcast,0;agree,1506;
total data:
161824
152336
2
total send:
0
0
0
total receive:
161824
152336
2
