blockchain took # ms to receive the first packet dealBlockchainRelay
261
time to capture dealBlockchain
20015
time to send dealBlockchain
180
time to relay in blockchain
20195
time to sync with multicast + agree
blockchain took # ms to receive the first packet broadcastBlockchainRelay
20000
time to capture broadcastBlockchainRelay
20000
time to send broadcastBlockchainRelay
17
time to relay broadcast complaints from blockchain
20018
total time:
72002
total data:
10519062
9901840
162
total send:
10356732
9749504
128
total receive:
162330
152336
34
